#
# A fatal error has been detected by the Java Runtime Environment:
#
#  EXCEPTION_ACCESS_VIOLATION (0xc0000005) at pc=0x00007ffcd1406918, pid=13952, tid=14108
#
# JRE version: Java(TM) SE Runtime Environment (21.0.5+9) (build 21.0.5+9-LTS-239)
# Java VM: Java HotSpot(TM) 64-Bit Server VM (21.0.5+9-LTS-239, mixed mode, sharing, tiered, compressed oops, compressed class ptrs, g1 gc, windows-amd64)
# Problematic frame:
# C  [jdwp.dll+0x26918]
#
# No core dump will be written. Minidumps are not enabled by default on client versions of Windows
#
# If you would like to submit a bug report, please visit:
#   https://bugreport.java.com/bugreport/crash.jsp
# The crash happened outside the Java Virtual Machine in native code.
# See problematic frame for where to report the bug.
#

---------------  S U M M A R Y ------------

Command Line: -Ddebugger.agent.enable.coroutines=true -Djava.library.path=./libs/natives/windows -Dkotlinx.coroutines.debug.enable.creation.stack.trace=false -Dkotlinx.coroutines.debug.enable.flows.stack.trace=true -Dkotlinx.coroutines.debug.enable.mutable.state.flows.stack.trace=true -Dsun.java2d.d3d=false -agentlib:jdwp=transport=dt_socket,server=n,suspend=y,address=127.0.0.1:53384 -javaagent:C:\Users\hamid\AppData\Local\JetBrains\IdeaIC2024.3\captureAgent\debugger-agent.jar -Xmx10000m -Dfile.encoding=UTF-8 -Duser.country=GB -Duser.language=en -Duser.variant Main

Host: Intel(R) Core(TM) i7-10700K CPU @ 3.80GHz, 16 cores, 15G,  Windows 11 , 64 bit Build 22621 (10.0.22621.3958)
Time: Thu Apr 24 20:50:33 2025 Arab Standard Time elapsed time: 1.143765 seconds (0d 0h 0m 1s)

---------------  T H R E A D  ---------------

Current thread (0x00000176413ee9f0):  JavaThread "main"             [_thread_in_native, id=14108, stack(0x000000521d200000,0x000000521d300000) (1024K)]

Stack: [0x000000521d200000,0x000000521d300000],  sp=0x000000521d2feba8,  free space=1018k
Native frames: (J=compiled Java code, j=interpreted, Vv=VM code, C=native code)
C  [jdwp.dll+0x26918]

Java frames: (J=compiled Java code, j=interpreted, Vv=VM code)
j  org.lwjgl.opengl.GL11.glGetIntegerv(I[I)V+2
j  jade.Window.init()V+168
j  jade.Window.run(Ljade/Scene;)V+15
j  Main.main([Ljava/lang/String;)V+12
v  ~StubRoutines::call_stub 0x0000017652e4100d

siginfo: EXCEPTION_ACCESS_VIOLATION (0xc0000005), reading address 0xffffffffffffffff


Registers:
RAX=0x0000017671fa39b0, RBX=0x000001766778bf90, RCX=0x00000176413eeda8, RDX=0x000001766778bf90
RSP=0x000000521d2feba8, RBP=0x0000000000000002, RSI=0x000000521d2fec50, RDI=0x00000176413eeda8
R8 =0x0000000000010002, R9 =0x0000000000000000, R10=0x00007ffce6320000, R11=0x000000521d2feb78
R12=0x0000000000000007, R13=0x000001766778bf90, R14=0x00007ffcd1410400, R15=0x0000000000000000
RIP=0x00007ffcd1406918, EFLAGS=0x0000000000010206


Register to memory mapping:

RAX=0x0000017671fa39b0 points into unknown readable memory: 0x0000000000000000 | 00 00 00 00 00 00 00 00
RBX=0x000001766778bf90 points into unknown readable memory: 0x000000059d8000a8 | a8 00 80 9d 05 00 00 00
RCX=0x00000176413eeda8 points into unknown readable memory: 0x0000017671fa39b0 | b0 39 fa 71 76 01 00 00
RDX=0x000001766778bf90 points into unknown readable memory: 0x000000059d8000a8 | a8 00 80 9d 05 00 00 00
RSP=0x000000521d2feba8 is pointing into the stack for thread: 0x00000176413ee9f0
RBP=0x0000000000000002 is an unknown value
RSI=0x000000521d2fec50 is pointing into the stack for thread: 0x00000176413ee9f0
RDI=0x00000176413eeda8 points into unknown readable memory: 0x0000017671fa39b0 | b0 39 fa 71 76 01 00 00
R8 =0x0000000000010002 is an unknown value
R9 =0x0 is null
R10=0x00007ffce6320000 VCRUNTIME140.dll
R11=0x000000521d2feb78 is pointing into the stack for thread: 0x00000176413ee9f0
R12=0x0000000000000007 is an unknown value
R13=0x000001766778bf90 points into unknown readable memory: 0x000000059d8000a8 | a8 00 80 9d 05 00 00 00
R14=0x00007ffcd1410400 jdwp.dll
R15=0x0 is null

Top of Stack: (sp=0x000000521d2feba8)
0x000000521d2feba8:   00007ffcd13f61bf 000001766778bf90
0x000000521d2febb8:   000000521d2fec50 0000000000000000
0x000000521d2febc8:   0000000000000000 000001766f42cbb8
0x000000521d2febd8:   0000000000000020 00000176413d9cf0
0x000000521d2febe8:   00007ffcd1410428 00000176413eefc0
0x000000521d2febf8:   00007ffcd13f283f 000001766778bf90
0x000000521d2fec08:   0000000000000002 00000176413eeda8
0x000000521d2fec18:   000001766778bf98 000001766a6e0730
0x000000521d2fec28:   00007ffc5ec558e5 000001766a7684d8
0x000000521d2fec38:   000001766a6e0730 0000000000000000
0x000000521d2fec48:   00007ffc5f0ee7e0 0000000000000007
0x000000521d2fec58:   000001766778bf90 0000000000000000
0x000000521d2fec68:   000001766778bf98 0000000000000000
0x000000521d2fec78:   0000000000000000 0000000000000000
0x000000521d2fec88:   0000000000000000 0000000000000000
0x000000521d2fec98:   0000000000000000 0000000000000000
0x000000521d2feca8:   00000176413eefc0 00000176010946e0
0x000000521d2fecb8:   00007ffc5ef48cb7 000001766778bf98
0x000000521d2fecc8:   000001766a851500 00000176413ee9f0
0x000000521d2fecd8:   00000000000003d8 0000000000000000
0x000000521d2fece8:   00000176413f3430 000000521d2fee60
0x000000521d2fecf8:   0000000000000005 00000176413ef438
0x000000521d2fed08:   00007ffc5ec53982 000098244bd8df9c
0x000000521d2fed18:   0000017600613ea0 00000176413e0180
0x000000521d2fed28:   00000176413ef050 00000176413ef060
0x000000521d2fed38:   00000176413ef438 00000000000003d8
0x000000521d2fed48:   00000176413ee9f0 00000176413ee9f0
0x000000521d2fed58:   00000176413e0340 00000176413ef440
0x000000521d2fed68:   00000176413ef468 00000176413ef528
0x000000521d2fed78:   00000000000000d8 000000521d2fed90
0x000000521d2fed88:   00007ffc5f059ca3 00000176413ee9f0
0x000000521d2fed98:   00000176413e0340 00000176413ef440 

Instructions: (pc=0x00007ffcd1406918)
0x00007ffcd1406818:   05 e3 08 01 00 48 8b 03 48 8b d7 4d 8b 40 30 48
0x00007ffcd1406828:   8b cb 48 8b 5c 24 30 48 83 c4 20 5f 48 ff a0 00
0x00007ffcd1406838:   01 00 00 cc 48 89 5c 24 08 57 48 83 ec 20 48 8b
0x00007ffcd1406848:   f9 e8 f2 ea ff ff 4c 8b 05 ab 08 01 00 48 8b d8
0x00007ffcd1406858:   41 f6 80 10 02 00 00 02 74 33 41 b8 20 06 00 00
0x00007ffcd1406868:   48 8d 15 19 c4 00 00 48 8d 0d 8e 5b 00 00 e8 d9
0x00007ffcd1406878:   48 ff ff 48 8d 15 56 9a 00 00 48 8d 0d 8f 5b 00
0x00007ffcd1406888:   00 e8 6e 49 ff ff 4c 8b 05 6b 08 01 00 48 8b 03
0x00007ffcd1406898:   48 8b d7 4d 8b 40 38 48 8b cb 48 8b 5c 24 30 48
0x00007ffcd14068a8:   83 c4 20 5f 48 ff a0 00 01 00 00 cc 48 89 5c 24
0x00007ffcd14068b8:   08 57 48 83 ec 20 48 8b f9 e8 7a ea ff ff 48 8b
0x00007ffcd14068c8:   15 33 08 01 00 48 8b d8 f6 82 10 02 00 00 02 74
0x00007ffcd14068d8:   2c 41 b8 12 06 00 00 48 8d 15 a2 c3 00 00 48 8d
0x00007ffcd14068e8:   0d 17 5b 00 00 e8 62 48 ff ff 48 8d 15 f7 6b 00
0x00007ffcd14068f8:   00 48 8d 0d 18 5b 00 00 e8 f7 48 ff ff 48 8b 03
0x00007ffcd1406908:   48 8b d7 48 8b cb 48 8b 5c 24 30 48 83 c4 20 5f
0x00007ffcd1406918:   48 ff a0 50 07 00 00 cc 48 89 5c 24 08 48 89 74
0x00007ffcd1406928:   24 10 48 89 7c 24 18 41 56 48 83 ec 20 4c 63 f2
0x00007ffcd1406938:   49 8b d8 48 8b d1 41 8b f9 48 8b cb 4d 8d 46 ff
0x00007ffcd1406948:   ff 15 22 59 00 00 85 c0 75 3c 41 0f be 44 1e ff
0x00007ffcd1406958:   3b c7 75 32 49 03 de eb 10 0f be c8 ff 15 f6 58
0x00007ffcd1406968:   00 00 85 c0 74 09 48 ff c3 8a 03 84 c0 75 ea 80
0x00007ffcd1406978:   3b 3b 74 12 8b d7 48 8b cb e8 2c 4b 00 00 48 85
0x00007ffcd1406988:   c0 0f 94 c0 eb 02 32 c0 48 8b 5c 24 30 48 8b 74
0x00007ffcd1406998:   24 38 48 8b 7c 24 40 48 83 c4 20 41 5e c3 cc cc
0x00007ffcd14069a8:   0f b6 d1 83 fa 1e 0f 87 83 00 00 00 74 7b 83 fa
0x00007ffcd14069b8:   07 77 41 74 39 83 ea 01 74 2e 83 ea 01 74 23 83
0x00007ffcd14069c8:   ea 01 74 18 83 ea 01 74 0d 83 fa 02 0f 85 8a 00
0x00007ffcd14069d8:   00 00 8d 42 03 c3 b8 04 00 00 00 c3 b8 03 00 00
0x00007ffcd14069e8:   00 c3 b8 02 00 00 00 c3 b8 01 00 00 00 c3 b8 06
0x00007ffcd14069f8:   00 00 00 c3 b8 08 00 00 00 2b d0 74 26 83 ea 01
0x00007ffcd1406a08:   0f 84 88 00 00 00 83 ea 01 74 12 b8 0a 00 00 00 


Stack slot to memory mapping:

stack at sp + 0 slots: 0x00007ffcd13f61bf jdwp.dll
stack at sp + 1 slots: 0x000001766778bf90 points into unknown readable memory: 0x000000059d8000a8 | a8 00 80 9d 05 00 00 00
stack at sp + 2 slots: 0x000000521d2fec50 is pointing into the stack for thread: 0x00000176413ee9f0
stack at sp + 3 slots: 0x0 is null
stack at sp + 4 slots: 0x0 is null
stack at sp + 5 slots: 0x000001766f42cbb8 points into unknown readable memory: 0x00000176413d9c80 | 80 9c 3d 41 76 01 00 00
stack at sp + 6 slots: 0x0000000000000020 is an unknown value
stack at sp + 7 slots: 0x00000176413d9cf0 points into unknown readable memory: 0x8000001200000001 | 01 00 00 00 12 00 00 80


---------------  P R O C E S S  ---------------

Threads class SMR info:
_java_thread_list=0x00000176715f4f70, length=18, elements={
0x00000176413ee9f0, 0x00000176677a05c0, 0x00000176677a14d0, 0x00000176677a3260,
0x00000176677a4110, 0x00000176677a6dd0, 0x00000176677aacd0, 0x00000176677ade70,
0x00000176677b8920, 0x000001766a7a5460, 0x000001766a7aae80, 0x000001766a7abc20,
0x000001766a7ac2f0, 0x000001766a8d3d70, 0x000001766a8d4e40, 0x000001766a8d88f0,
0x000001766aa17670, 0x000001766a7a9a10
}

Java Threads: ( => current thread )
=>0x00000176413ee9f0 JavaThread "main"                              [_thread_in_native, id=14108, stack(0x000000521d200000,0x000000521d300000) (1024K)]
  0x00000176677a05c0 JavaThread "Reference Handler"          daemon [_thread_blocked, id=23032, stack(0x000000521da00000,0x000000521db00000) (1024K)]
  0x00000176677a14d0 JavaThread "Finalizer"                  daemon [_thread_blocked, id=19008, stack(0x000000521db00000,0x000000521dc00000) (1024K)]
  0x00000176677a3260 JavaThread "Signal Dispatcher"          daemon [_thread_blocked, id=10804, stack(0x000000521dc00000,0x000000521dd00000) (1024K)]
  0x00000176677a4110 JavaThread "Attach Listener"            daemon [_thread_blocked, id=27576, stack(0x000000521dd00000,0x000000521de00000) (1024K)]
  0x00000176677a6dd0 JavaThread "Service Thread"             daemon [_thread_blocked, id=1500, stack(0x000000521de00000,0x000000521df00000) (1024K)]
  0x00000176677aacd0 JavaThread "Monitor Deflation Thread"   daemon [_thread_blocked, id=13392, stack(0x000000521df00000,0x000000521e000000) (1024K)]
  0x00000176677ade70 JavaThread "C2 CompilerThread0"         daemon [_thread_blocked, id=6064, stack(0x000000521e000000,0x000000521e100000) (1024K)]
  0x00000176677b8920 JavaThread "C1 CompilerThread0"         daemon [_thread_blocked, id=19908, stack(0x000000521e100000,0x000000521e200000) (1024K)]
  0x000001766a7a5460 JavaThread "Common-Cleaner"             daemon [_thread_blocked, id=4476, stack(0x000000521e200000,0x000000521e300000) (1024K)]
  0x000001766a7aae80 JavaThread "C1 CompilerThread1"         daemon [_thread_blocked, id=3404, stack(0x000000521e300000,0x000000521e400000) (1024K)]
  0x000001766a7abc20 JavaThread "C1 CompilerThread2"         daemon [_thread_blocked, id=18560, stack(0x000000521e400000,0x000000521e500000) (1024K)]
  0x000001766a7ac2f0 JavaThread "C1 CompilerThread3"         daemon [_thread_blocked, id=21196, stack(0x000000521e500000,0x000000521e600000) (1024K)]
  0x000001766a8d3d70 JavaThread "JDWP Transport Listener: dt_socket" daemon [_thread_blocked, id=20264, stack(0x000000521e700000,0x000000521e800000) (1024K)]
  0x000001766a8d4e40 JavaThread "JDWP Event Helper Thread"   daemon [_thread_blocked, id=20840, stack(0x000000521e800000,0x000000521e900000) (1024K)]
  0x000001766a8d88f0 JavaThread "JDWP Command Reader"        daemon [_thread_in_native, id=18988, stack(0x000000521e900000,0x000000521ea00000) (1024K)]
  0x000001766aa17670 JavaThread "Notification Thread"        daemon [_thread_blocked, id=7576, stack(0x000000521ea00000,0x000000521eb00000) (1024K)]
  0x000001766a7a9a10 JavaThread "C2 CompilerThread1"         daemon [_thread_blocked, id=16848, stack(0x000000521e600000,0x000000521e700000) (1024K)]
Total: 18

Other Threads:
  0x0000017667788840 VMThread "VM Thread"                           [id=13640, stack(0x000000521d900000,0x000000521da00000) (1024K)]
  0x0000017667778220 WatcherThread "VM Periodic Task Thread"        [id=16952, stack(0x000000521d800000,0x000000521d900000) (1024K)]
  0x00000176675f7be0 WorkerThread "GC Thread#0"                     [id=12720, stack(0x000000521d300000,0x000000521d400000) (1024K)]
  0x000001767176f210 WorkerThread "GC Thread#1"                     [id=8240, stack(0x000000521f200000,0x000000521f300000) (1024K)]
  0x000001767179f8b0 WorkerThread "GC Thread#2"                     [id=7364, stack(0x000000521f300000,0x000000521f400000) (1024K)]
  0x0000017671844fd0 WorkerThread "GC Thread#3"                     [id=4948, stack(0x000000521f400000,0x000000521f500000) (1024K)]
  0x0000017671888820 WorkerThread "GC Thread#4"                     [id=9192, stack(0x000000521f500000,0x000000521f600000) (1024K)]
  0x0000017671887260 WorkerThread "GC Thread#5"                     [id=4692, stack(0x000000521f600000,0x000000521f700000) (1024K)]
  0x0000017671888480 WorkerThread "GC Thread#6"                     [id=3336, stack(0x000000521f700000,0x000000521f800000) (1024K)]
  0x0000017671886ec0 WorkerThread "GC Thread#7"                     [id=18400, stack(0x000000521f800000,0x000000521f900000) (1024K)]
  0x0000017671887d40 WorkerThread "GC Thread#8"                     [id=12240, stack(0x000000521f900000,0x000000521fa00000) (1024K)]
  0x00000176718879a0 WorkerThread "GC Thread#9"                     [id=22724, stack(0x000000521fa00000,0x000000521fb00000) (1024K)]
  0x0000017671887600 WorkerThread "GC Thread#10"                    [id=7408, stack(0x000000521fb00000,0x000000521fc00000) (1024K)]
  0x00000176718880e0 WorkerThread "GC Thread#11"                    [id=8432, stack(0x000000521fc00000,0x000000521fd00000) (1024K)]
  0x00000176718ef6b0 WorkerThread "GC Thread#12"                    [id=12296, stack(0x000000521fd00000,0x000000521fe00000) (1024K)]
  0x00000176435f7e60 ConcurrentGCThread "G1 Main Marker"            [id=16164, stack(0x000000521d400000,0x000000521d500000) (1024K)]
  0x00000176435f8f10 WorkerThread "G1 Conc#0"                       [id=10840, stack(0x000000521d500000,0x000000521d600000) (1024K)]
  0x000001764362ac20 ConcurrentGCThread "G1 Refine#0"               [id=13448, stack(0x000000521d600000,0x000000521d700000) (1024K)]
  0x000001764362b790 ConcurrentGCThread "G1 Service"                [id=5376, stack(0x000000521d700000,0x000000521d800000) (1024K)]
Total: 19

Threads with active compile tasks:
Total: 0

VM state: not at safepoint (normal execution)

VM Mutex/Monitor currently owned by a thread: None

Heap address: 0x000000058f000000, size: 10000 MB, Compressed Oops mode: Zero based, Oop shift amount: 3

CDS archive(s) mapped at: [0x0000017600000000-0x0000017600c90000-0x0000017600c90000), size 13172736, SharedBaseAddress: 0x0000017600000000, ArchiveRelocationMode: 1.
Compressed class space mapped at: 0x0000017601000000-0x0000017641000000, reserved size: 1073741824
Narrow klass base: 0x0000017600000000, Narrow klass shift: 0, Narrow klass range: 0x100000000

GC Precious Log:
 CardTable entry size: 512
 Card Set container configuration: InlinePtr #cards 4 size 8 Array Of Cards #cards 64 size 144 Howl #buckets 8 coarsen threshold 14745 Howl Bitmap #cards 2048 size 272 coarsen threshold 1843 Card regions per heap region 1 cards per card region 16384
 CPUs: 16 total, 16 available
 Memory: 16303M
 Large Page Support: Disabled
 NUMA Support: Disabled
 Compressed Oops: Enabled (Zero based)
 Heap Region Size: 8M
 Heap Min Capacity: 8M
 Heap Initial Capacity: 256M
 Heap Max Capacity: 10000M
 Pre-touch: Disabled
 Parallel Workers: 13
 Concurrent Workers: 3
 Concurrent Refinement Workers: 13
 Periodic GC: Disabled

Heap:
 garbage-first heap   total 262144K, used 2643K [0x000000058f000000, 0x0000000800000000)
  region size 8192K, 2 young (16384K), 1 survivors (8192K)
 Metaspace       used 8749K, committed 8896K, reserved 1114112K
  class space    used 535K, committed 640K, reserved 1048576K

Heap Regions: E=young(eden), S=young(survivor), O=old, HS=humongous(starts), HC=humongous(continues), CS=collection set, F=free, TAMS=top-at-mark-start, PB=parsable bottom
|   0|0x000000058f000000, 0x000000058f000000, 0x000000058f800000|  0%| F|  |TAMS 0x000000058f000000| PB 0x000000058f000000| Untracked 
|   1|0x000000058f800000, 0x000000058f800000, 0x0000000590000000|  0%| F|  |TAMS 0x000000058f800000| PB 0x000000058f800000| Untracked 
|   2|0x0000000590000000, 0x0000000590000000, 0x0000000590800000|  0%| F|  |TAMS 0x0000000590000000| PB 0x0000000590000000| Untracked 
|   3|0x0000000590800000, 0x0000000590800000, 0x0000000591000000|  0%| F|  |TAMS 0x0000000590800000| PB 0x0000000590800000| Untracked 
|   4|0x0000000591000000, 0x0000000591000000, 0x0000000591800000|  0%| F|  |TAMS 0x0000000591000000| PB 0x0000000591000000| Untracked 
|   5|0x0000000591800000, 0x0000000591800000, 0x0000000592000000|  0%| F|  |TAMS 0x0000000591800000| PB 0x0000000591800000| Untracked 
|   6|0x0000000592000000, 0x0000000592000000, 0x0000000592800000|  0%| F|  |TAMS 0x0000000592000000| PB 0x0000000592000000| Untracked 
|   7|0x0000000592800000, 0x0000000592800000, 0x0000000593000000|  0%| F|  |TAMS 0x0000000592800000| PB 0x0000000592800000| Untracked 
|   8|0x0000000593000000, 0x0000000593000000, 0x0000000593800000|  0%| F|  |TAMS 0x0000000593000000| PB 0x0000000593000000| Untracked 
|   9|0x0000000593800000, 0x0000000593800000, 0x0000000594000000|  0%| F|  |TAMS 0x0000000593800000| PB 0x0000000593800000| Untracked 
|  10|0x0000000594000000, 0x0000000594000000, 0x0000000594800000|  0%| F|  |TAMS 0x0000000594000000| PB 0x0000000594000000| Untracked 
|  11|0x0000000594800000, 0x0000000594800000, 0x0000000595000000|  0%| F|  |TAMS 0x0000000594800000| PB 0x0000000594800000| Untracked 
|  12|0x0000000595000000, 0x0000000595000000, 0x0000000595800000|  0%| F|  |TAMS 0x0000000595000000| PB 0x0000000595000000| Untracked 
|  13|0x0000000595800000, 0x0000000595800000, 0x0000000596000000|  0%| F|  |TAMS 0x0000000595800000| PB 0x0000000595800000| Untracked 
|  14|0x0000000596000000, 0x0000000596000000, 0x0000000596800000|  0%| F|  |TAMS 0x0000000596000000| PB 0x0000000596000000| Untracked 
|  15|0x0000000596800000, 0x0000000596800000, 0x0000000597000000|  0%| F|  |TAMS 0x0000000596800000| PB 0x0000000596800000| Untracked 
|  16|0x0000000597000000, 0x0000000597000000, 0x0000000597800000|  0%| F|  |TAMS 0x0000000597000000| PB 0x0000000597000000| Untracked 
|  17|0x0000000597800000, 0x0000000597800000, 0x0000000598000000|  0%| F|  |TAMS 0x0000000597800000| PB 0x0000000597800000| Untracked 
|  18|0x0000000598000000, 0x0000000598000000, 0x0000000598800000|  0%| F|  |TAMS 0x0000000598000000| PB 0x0000000598000000| Untracked 
|  19|0x0000000598800000, 0x0000000598800000, 0x0000000599000000|  0%| F|  |TAMS 0x0000000598800000| PB 0x0000000598800000| Untracked 
|  20|0x0000000599000000, 0x0000000599000000, 0x0000000599800000|  0%| F|  |TAMS 0x0000000599000000| PB 0x0000000599000000| Untracked 
|  21|0x0000000599800000, 0x0000000599800000, 0x000000059a000000|  0%| F|  |TAMS 0x0000000599800000| PB 0x0000000599800000| Untracked 
|  22|0x000000059a000000, 0x000000059a000000, 0x000000059a800000|  0%| F|  |TAMS 0x000000059a000000| PB 0x000000059a000000| Untracked 
|  23|0x000000059a800000, 0x000000059a800000, 0x000000059b000000|  0%| F|  |TAMS 0x000000059a800000| PB 0x000000059a800000| Untracked 
|  24|0x000000059b000000, 0x000000059b000000, 0x000000059b800000|  0%| F|  |TAMS 0x000000059b000000| PB 0x000000059b000000| Untracked 
|  25|0x000000059b800000, 0x000000059b800000, 0x000000059c000000|  0%| F|  |TAMS 0x000000059b800000| PB 0x000000059b800000| Untracked 
|  26|0x000000059c000000, 0x000000059c000000, 0x000000059c800000|  0%| F|  |TAMS 0x000000059c000000| PB 0x000000059c000000| Untracked 
|  27|0x000000059c800000, 0x000000059c800000, 0x000000059d000000|  0%| F|  |TAMS 0x000000059c800000| PB 0x000000059c800000| Untracked 
|  28|0x000000059d000000, 0x000000059d000000, 0x000000059d800000|  0%| F|  |TAMS 0x000000059d000000| PB 0x000000059d000000| Untracked 
|  29|0x000000059d800000, 0x000000059da94ee0, 0x000000059e000000| 32%| S|CS|TAMS 0x000000059d800000| PB 0x000000059d800000| Complete 
|  30|0x000000059e000000, 0x000000059e000000, 0x000000059e800000|  0%| F|  |TAMS 0x000000059e000000| PB 0x000000059e000000| Untracked 
|  31|0x000000059e800000, 0x000000059eefc168, 0x000000059f000000| 87%| E|  |TAMS 0x000000059e800000| PB 0x000000059e800000| Complete 

Card table byte_map: [0x000001765c600000,0x000001765d990000] _byte_map_base: 0x0000017659988000

Marking Bits: (CMBitMap*) 0x00000176675f82e0
 Bits: [0x000001765d990000, 0x00000176675d0000)

Polling page: 0x0000017642d30000

Metaspace:

Usage:
  Non-class:      8.02 MB used.
      Class:    535.92 KB used.
       Both:      8.54 MB used.

Virtual space:
  Non-class space:       64.00 MB reserved,       8.06 MB ( 13%) committed,  1 nodes.
      Class space:        1.00 GB reserved,     640.00 KB ( <1%) committed,  1 nodes.
             Both:        1.06 GB reserved,       8.69 MB ( <1%) committed. 

Chunk freelists:
   Non-Class:  7.62 MB
       Class:  15.40 MB
        Both:  23.03 MB

MaxMetaspaceSize: unlimited
CompressedClassSpaceSize: 1.00 GB
Initial GC threshold: 21.00 MB
Current GC threshold: 21.00 MB
CDS: on
 - commit_granule_bytes: 65536.
 - commit_granule_words: 8192.
 - virtual_space_node_default_size: 8388608.
 - enlarge_chunks_in_place: 1.
 - use_allocation_guard: 0.


Internal statistics:

num_allocs_failed_limit: 0.
num_arena_births: 96.
num_arena_deaths: 0.
num_vsnodes_births: 2.
num_vsnodes_deaths: 0.
num_space_committed: 137.
num_space_uncommitted: 0.
num_chunks_returned_to_freelist: 0.
num_chunks_taken_from_freelist: 252.
num_chunk_merges: 0.
num_chunk_splits: 190.
num_chunks_enlarged: 148.
num_inconsistent_stats: 0.

CodeHeap 'non-profiled nmethods': size=119168Kb used=364Kb max_used=364Kb free=118804Kb
 bounds [0x0000017653590000, 0x0000017653800000, 0x000001765a9f0000]
CodeHeap 'profiled nmethods': size=119104Kb used=2127Kb max_used=2127Kb free=116976Kb
 bounds [0x000001764b9f0000, 0x000001764bc60000, 0x0000017652e40000]
CodeHeap 'non-nmethods': size=7488Kb used=3793Kb max_used=3824Kb free=3694Kb
 bounds [0x0000017652e40000, 0x0000017653210000, 0x0000017653590000]
 total_blobs=2194 nmethods=1171 adapters=925
 compilation: enabled
              stopped_count=0, restarted_count=0
 full_count=0

Compilation events (20 events):
Event: 1.112 Thread 0x00000176677ade70 1163       4       java.lang.invoke.LambdaForm::prepare (108 bytes)
Event: 1.112 Thread 0x00000176677ade70 nmethod 1163 0x00000176535e2590 code [0x00000176535e2720, 0x00000176535e2830]
Event: 1.113 Thread 0x000001766a7a9a10 nmethod 1162 0x00000176535e2910 code [0x00000176535e2ac0, 0x00000176535e2ec0]
Event: 1.114 Thread 0x00000176677ade70 1164   !   4       java.lang.ref.NativeReferenceQueue::poll (28 bytes)
Event: 1.115 Thread 0x000001766a7a9a10 1165       4       java.lang.invoke.MethodType::hashCode (53 bytes)
Event: 1.115 Thread 0x00000176677ade70 nmethod 1164 0x00000176535e3110 code [0x00000176535e32a0, 0x00000176535e35c8]
Event: 1.116 Thread 0x00000176677ade70 1166       4       java.lang.ref.SoftReference::get (29 bytes)
Event: 1.116 Thread 0x00000176677ade70 nmethod 1166 0x00000176535e3710 code [0x00000176535e38a0, 0x00000176535e39c0]
Event: 1.116 Thread 0x000001766a7a9a10 nmethod 1165 0x00000176535e3a90 code [0x00000176535e3c40, 0x00000176535e3ea0]
Event: 1.117 Thread 0x00000176677ade70 1167       4       java.util.ImmutableCollections$List12::get (35 bytes)
Event: 1.117 Thread 0x000001766a7a9a10 1168       4       java.lang.invoke.MethodType::makeImpl (109 bytes)
Event: 1.118 Thread 0x00000176677ade70 nmethod 1167 0x00000176535e4090 code [0x00000176535e4220, 0x00000176535e4358]
Event: 1.118 Thread 0x00000176677ade70 1169       4       java.lang.invoke.BoundMethodHandle::<init> (32 bytes)
Event: 1.120 Thread 0x00000176677ade70 nmethod 1169 0x00000176535e4490 code [0x00000176535e4640, 0x00000176535e4ab8]
Event: 1.120 Thread 0x00000176677ade70 1170       4       java.lang.invoke.MethodType::equals (56 bytes)
Event: 1.122 Thread 0x00000176677ade70 nmethod 1170 0x00000176535e4d10 code [0x00000176535e4ec0, 0x00000176535e52b0]
Event: 1.124 Thread 0x00000176677ade70 1171       4       java.lang.invoke.MethodType$ConcurrentWeakInternSet::get (47 bytes)
Event: 1.130 Thread 0x00000176677ade70 nmethod 1171 0x00000176535e5610 code [0x00000176535e5840, 0x00000176535e65c8]
Event: 1.130 Thread 0x00000176677ade70 1172   !   4       java.lang.invoke.MemberName::getFieldType (176 bytes)
Event: 1.131 Thread 0x00000176677ade70 nmethod 1172 0x00000176535e6c90 code [0x00000176535e6e20, 0x00000176535e6f30]

GC Heap History (2 events):
Event: 0.979 GC heap before
{Heap before GC invocations=0 (full 0):
 garbage-first heap   total 262144K, used 16384K [0x000000058f000000, 0x0000000800000000)
  region size 8192K, 2 young (16384K), 0 survivors (0K)
 Metaspace       used 6982K, committed 7232K, reserved 1114112K
  class space    used 461K, committed 576K, reserved 1048576K
}
Event: 0.982 GC heap after
{Heap after GC invocations=1 (full 0):
 garbage-first heap   total 262144K, used 2643K [0x000000058f000000, 0x0000000800000000)
  region size 8192K, 1 young (8192K), 1 survivors (8192K)
 Metaspace       used 6982K, committed 7232K, reserved 1114112K
  class space    used 461K, committed 576K, reserved 1048576K
}

Dll operation events (10 events):
Event: 0.155 Loaded shared library C:\Program Files\Java\jdk-21\bin\java.dll
Event: 0.156 Loaded shared library C:\Program Files\Java\jdk-21\bin\zip.dll
Event: 0.176 Loaded shared library C:\Program Files\Java\jdk-21\bin\jsvml.dll
Event: 0.231 Loaded shared library C:\Program Files\Java\jdk-21\bin\instrument.dll
Event: 0.264 Loaded shared library C:\Program Files\Java\jdk-21\bin\net.dll
Event: 0.264 Loaded shared library C:\Program Files\Java\jdk-21\bin\nio.dll
Event: 0.269 Loaded shared library C:\Program Files\Java\jdk-21\bin\zip.dll
Event: 0.296 Loaded shared library C:\Program Files\Java\jdk-21\bin\jimage.dll
Event: 0.342 Loaded shared library C:\Users\hamid\AppData\Local\Temp\lwjglhamid\3.2.3-build-13\lwjgl.dll
Event: 0.709 Loaded shared library C:\Users\hamid\AppData\Local\Temp\lwjglhamid\3.2.3-build-13\lwjgl_opengl.dll

Deoptimization events (20 events):
Event: 0.300 Thread 0x00000176413ee9f0 Uncommon trap: trap_request=0xffffff45 fr.pc=0x00000176535afd7c relative=0x000000000000007c
Event: 0.300 Thread 0x00000176413ee9f0 Uncommon trap: reason=unstable_if action=reinterpret pc=0x00000176535afd7c method=java.io.WinNTFileSystem.isSlash(C)Z @ 9 c2
Event: 0.300 Thread 0x00000176413ee9f0 DEOPT PACKING pc=0x00000176535afd7c sp=0x000000521d2fe4c0
Event: 0.300 Thread 0x00000176413ee9f0 DEOPT UNPACKING pc=0x0000017652e946a2 sp=0x000000521d2fe458 mode 2
Event: 0.330 Thread 0x00000176413ee9f0 DEOPT PACKING pc=0x000001764ba541e3 sp=0x000000521d2fb900
Event: 0.330 Thread 0x00000176413ee9f0 DEOPT UNPACKING pc=0x0000017652e94e42 sp=0x000000521d2faee0 mode 0
Event: 0.842 Thread 0x00000176413ee9f0 Uncommon trap: trap_request=0xffffff3d fr.pc=0x00000176535cfc70 relative=0x0000000000000dd0
Event: 0.842 Thread 0x00000176413ee9f0 Uncommon trap: reason=unstable_fused_if action=reinterpret pc=0x00000176535cfc70 method=java.util.HashMap.resize()[Ljava/util/HashMap$Node; @ 31 c2
Event: 0.842 Thread 0x00000176413ee9f0 DEOPT PACKING pc=0x00000176535cfc70 sp=0x000000521d2fe060
Event: 0.842 Thread 0x00000176413ee9f0 DEOPT UNPACKING pc=0x0000017652e946a2 sp=0x000000521d2fdff8 mode 2
Event: 0.850 Thread 0x00000176413ee9f0 Uncommon trap: trap_request=0xffffff45 fr.pc=0x0000017653592170 relative=0x0000000000000070
Event: 0.850 Thread 0x00000176413ee9f0 Uncommon trap: reason=unstable_if action=reinterpret pc=0x0000017653592170 method=java.lang.String.isLatin1()Z @ 10 c2
Event: 0.850 Thread 0x00000176413ee9f0 DEOPT PACKING pc=0x0000017653592170 sp=0x000000521d2fec70
Event: 0.850 Thread 0x00000176413ee9f0 DEOPT UNPACKING pc=0x0000017652e946a2 sp=0x000000521d2fec10 mode 2
Event: 0.852 Thread 0x00000176413ee9f0 Uncommon trap: trap_request=0xffffff54 fr.pc=0x00000176535d0c7c relative=0x000000000000007c
Event: 0.852 Thread 0x00000176413ee9f0 Uncommon trap: reason=speculate_null_assert action=make_not_entrant pc=0x00000176535d0c7c method=sun.misc.Unsafe.putLong(Ljava/lang/Object;JJ)V @ 7 c2
Event: 0.852 Thread 0x00000176413ee9f0 DEOPT PACKING pc=0x00000176535d0c7c sp=0x000000521d2ff2d0
Event: 0.852 Thread 0x00000176413ee9f0 DEOPT UNPACKING pc=0x0000017652e946a2 sp=0x000000521d2ff268 mode 2
Event: 1.029 Thread 0x00000176413ee9f0 DEOPT PACKING pc=0x000001764ba689e3 sp=0x000000521d2fde40
Event: 1.029 Thread 0x00000176413ee9f0 DEOPT UNPACKING pc=0x0000017652e94e42 sp=0x000000521d2fd2a0 mode 0

Classes loaded (20 events):
Event: 1.091 Loading class org/lwjgl/opengl/NVVertexBufferUnifiedMemory
Event: 1.091 Loading class org/lwjgl/opengl/NVVertexBufferUnifiedMemory done
Event: 1.091 Loading class org/lwjgl/opengl/NVViewportSwizzle
Event: 1.091 Loading class org/lwjgl/opengl/NVViewportSwizzle done
Event: 1.092 Loading class org/lwjgl/opengl/NVXConditionalRender
Event: 1.092 Loading class org/lwjgl/opengl/NVXConditionalRender done
Event: 1.092 Loading class org/lwjgl/opengl/NVXGpuMulticast2
Event: 1.092 Loading class org/lwjgl/opengl/NVXGpuMulticast2 done
Event: 1.093 Loading class org/lwjgl/opengl/NVXProgressFence
Event: 1.093 Loading class org/lwjgl/opengl/NVXProgressFence done
Event: 1.093 Loading class org/lwjgl/opengl/OVRMultiview
Event: 1.093 Loading class org/lwjgl/opengl/OVRMultiview done
Event: 1.094 Loading class jdk/internal/reflect/MethodHandleLongFieldAccessorImpl
Event: 1.094 Loading class jdk/internal/reflect/MethodHandleLongFieldAccessorImpl done
Event: 1.095 Loading class org/lwjgl/system/CheckIntrinsics
Event: 1.095 Loading class org/lwjgl/system/CheckIntrinsics done
Event: 1.139 Loading class org/lwjgl/system/MultiReleaseMemCopy
Event: 1.139 Loading class org/lwjgl/system/MultiReleaseMemCopy done
Event: 1.139 Loading class org/lwjgl/opengl/GL11C
Event: 1.139 Loading class org/lwjgl/opengl/GL11C done

Classes unloaded (0 events):
No events

Classes redefined (1 events):
Event: 0.246 Thread 0x0000017667788840 redefined class name=java.lang.Throwable, count=1

Internal exceptions (20 events):
Event: 0.324 Thread 0x00000176413ee9f0 Exception <a 'java/lang/NoSuchMethodError'{0x000000059efd5fd8}: 'java.lang.Object java.lang.invoke.DirectMethodHandle$Holder.invokeStatic(java.lang.Object, java.lang.Object, int)'> (0x000000059efd5fd8) 
thrown [s\open\src\hotspot\share\interpreter\linkResolver.cpp, line 773]
Event: 0.325 Thread 0x00000176413ee9f0 Exception <a 'java/lang/NoSuchMethodError'{0x000000059efe1478}: 'void java.lang.invoke.DelegatingMethodHandle$Holder.delegate(java.lang.Object, java.lang.Object, int, java.lang.Object)'> (0x000000059efe1478) 
thrown [s\open\src\hotspot\share\interpreter\linkResolver.cpp, line 773]
Event: 0.325 Thread 0x00000176413ee9f0 Exception <a 'java/lang/NoSuchMethodError'{0x000000059efe5138}: 'int java.lang.invoke.DirectMethodHandle$Holder.invokeSpecial(java.lang.Object, java.lang.Object, java.lang.Object)'> (0x000000059efe5138) 
thrown [s\open\src\hotspot\share\interpreter\linkResolver.cpp, line 773]
Event: 0.328 Thread 0x00000176413ee9f0 Exception <a 'java/lang/NoSuchMethodError'{0x000000059e001470}: 'void java.lang.System.loadLibrary(java.lang.String, java.lang.Class)'> (0x000000059e001470) 
thrown [s\open\src\hotspot\share\interpreter\linkResolver.cpp, line 773]
Event: 0.345 Thread 0x00000176413ee9f0 Exception <a 'sun/nio/fs/WindowsException'{0x000000059e06dfd0}> (0x000000059e06dfd0) 
thrown [s\open\src\hotspot\share\prims\jni.cpp, line 520]
Event: 0.346 Thread 0x00000176413ee9f0 Exception <a 'sun/nio/fs/WindowsException'{0x000000059e06f620}> (0x000000059e06f620) 
thrown [s\open\src\hotspot\share\prims\jni.cpp, line 520]
Event: 0.365 Thread 0x00000176413ee9f0 Exception <a 'sun/nio/fs/WindowsException'{0x000000059e164600}> (0x000000059e164600) 
thrown [s\open\src\hotspot\share\prims\jni.cpp, line 520]
Event: 0.365 Thread 0x00000176413ee9f0 Exception <a 'sun/nio/fs/WindowsException'{0x000000059e164990}> (0x000000059e164990) 
thrown [s\open\src\hotspot\share\prims\jni.cpp, line 520]
Event: 0.369 Thread 0x00000176413ee9f0 Exception <a 'java/lang/NoSuchMethodError'{0x000000059e17adf0}: 'int java.lang.invoke.Invokers$Holder.invokeExact_MT(java.lang.Object, java.lang.Object)'> (0x000000059e17adf0) 
thrown [s\open\src\hotspot\share\interpreter\linkResolver.cpp, line 773]
Event: 0.666 Thread 0x00000176413ee9f0 Exception <a 'java/lang/NoSuchMethodError'{0x000000059e1d5048}: 'void java.lang.invoke.DirectMethodHandle$Holder.invokeStaticInit(java.lang.Object, long, double, double)'> (0x000000059e1d5048) 
thrown [s\open\src\hotspot\share\interpreter\linkResolver.cpp, line 773]
Event: 0.669 Thread 0x00000176413ee9f0 Exception <a 'java/lang/NoSuchMethodError'{0x000000059e1e4030}: 'void java.lang.invoke.DirectMethodHandle$Holder.invokeStaticInit(java.lang.Object, long, int, int, int)'> (0x000000059e1e4030) 
thrown [s\open\src\hotspot\share\interpreter\linkResolver.cpp, line 773]
Event: 0.672 Thread 0x00000176413ee9f0 Exception <a 'java/lang/NoSuchMethodError'{0x000000059e1fc898}: 'void java.lang.invoke.DirectMethodHandle$Holder.invokeStaticInit(java.lang.Object, long, int, int, int, int)'> (0x000000059e1fc898) 
thrown [s\open\src\hotspot\share\interpreter\linkResolver.cpp, line 773]
Event: 0.704 Thread 0x00000176413ee9f0 Exception <a 'java/lang/NoSuchMethodError'{0x000000059e226910}: 'void java.lang.System.load(java.lang.String, java.lang.Class)'> (0x000000059e226910) 
thrown [s\open\src\hotspot\share\interpreter\linkResolver.cpp, line 773]
Event: 0.704 Thread 0x00000176413ee9f0 Exception <a 'java/lang/NoSuchMethodError'{0x000000059e229448}: 'void java.lang.System.loadLibrary(java.lang.String, java.lang.Class)'> (0x000000059e229448) 
thrown [s\open\src\hotspot\share\interpreter\linkResolver.cpp, line 773]
Event: 0.708 Thread 0x00000176413ee9f0 Exception <a 'sun/nio/fs/WindowsException'{0x000000059e238d28}> (0x000000059e238d28) 
thrown [s\open\src\hotspot\share\prims\jni.cpp, line 520]
Event: 0.708 Thread 0x00000176413ee9f0 Exception <a 'sun/nio/fs/WindowsException'{0x000000059e2390f8}> (0x000000059e2390f8) 
thrown [s\open\src\hotspot\share\prims\jni.cpp, line 520]
Event: 0.710 Thread 0x00000176413ee9f0 Exception <a 'sun/nio/fs/WindowsException'{0x000000059e240768}> (0x000000059e240768) 
thrown [s\open\src\hotspot\share\prims\jni.cpp, line 520]
Event: 0.710 Thread 0x00000176413ee9f0 Exception <a 'sun/nio/fs/WindowsException'{0x000000059e240a70}> (0x000000059e240a70) 
thrown [s\open\src\hotspot\share\prims\jni.cpp, line 520]
Event: 1.094 Thread 0x00000176413ee9f0 Exception <a 'java/lang/NoSuchMethodError'{0x000000059ecdb480}: 'long java.lang.invoke.DelegatingMethodHandle$Holder.reinvoke_L(java.lang.Object, java.lang.Object)'> (0x000000059ecdb480) 
thrown [s\open\src\hotspot\share\interpreter\linkResolver.cpp, line 773]
Event: 1.095 Thread 0x00000176413ee9f0 Exception <a 'java/lang/NoSuchMethodError'{0x000000059ece1848}: 'long java.lang.invoke.Invokers$Holder.invokeExact_MT(java.lang.Object, java.lang.Object, java.lang.Object)'> (0x000000059ece1848) 
thrown [s\open\src\hotspot\share\interpreter\linkResolver.cpp, line 773]

ZGC Phase Switch (0 events):
No events

VM Operations (14 events):
Event: 0.209 Executing VM operation: HandshakeAllThreads (Deoptimize)
Event: 0.209 Executing VM operation: HandshakeAllThreads (Deoptimize) done
Event: 0.229 Executing VM operation: ChangeBreakpoints
Event: 0.229 Executing VM operation: ChangeBreakpoints done
Event: 0.229 Executing VM operation: ChangeBreakpoints
Event: 0.229 Executing VM operation: ChangeBreakpoints done
Event: 0.246 Executing VM operation: RedefineClasses
Event: 0.247 Executing VM operation: RedefineClasses done
Event: 0.247 Executing VM operation: get/set locals
Event: 0.247 Executing VM operation: get/set locals done
Event: 0.300 Executing VM operation: HandshakeAllThreads (Deoptimize)
Event: 0.300 Executing VM operation: HandshakeAllThreads (Deoptimize) done
Event: 0.979 Executing VM operation: G1CollectForAllocation (G1 Evacuation Pause)
Event: 0.982 Executing VM operation: G1CollectForAllocation (G1 Evacuation Pause) done

Events (20 events):
Event: 0.165 Thread 0x00000176413ee9f0 Thread added: 0x00000176413ee9f0
Event: 0.174 Thread 0x00000176677a05c0 Thread added: 0x00000176677a05c0
Event: 0.175 Thread 0x00000176677a14d0 Thread added: 0x00000176677a14d0
Event: 0.175 Thread 0x00000176677a3260 Thread added: 0x00000176677a3260
Event: 0.175 Thread 0x00000176677a4110 Thread added: 0x00000176677a4110
Event: 0.175 Thread 0x00000176677a6dd0 Thread added: 0x00000176677a6dd0
Event: 0.175 Thread 0x00000176677aacd0 Thread added: 0x00000176677aacd0
Event: 0.175 Thread 0x00000176677ade70 Thread added: 0x00000176677ade70
Event: 0.175 Thread 0x00000176677b8920 Thread added: 0x00000176677b8920
Event: 0.205 Thread 0x000001766a7a5460 Thread added: 0x000001766a7a5460
Event: 0.209 Thread 0x000001766a7aae80 Thread added: 0x000001766a7aae80
Event: 0.210 Thread 0x000001766a7abc20 Thread added: 0x000001766a7abc20
Event: 0.211 Thread 0x000001766a7ac2f0 Thread added: 0x000001766a7ac2f0
Event: 0.214 Thread 0x000001766a7a9a10 Thread added: 0x000001766a7a9a10
Event: 0.220 Thread 0x000001766a8d3d70 Thread added: 0x000001766a8d3d70
Event: 0.220 Thread 0x000001766a8d4e40 Thread added: 0x000001766a8d4e40
Event: 0.220 Thread 0x000001766a8d88f0 Thread added: 0x000001766a8d88f0
Event: 0.250 Thread 0x000001766aa17670 Thread added: 0x000001766aa17670
Event: 0.666 Thread 0x000001766a7a9a10 Thread exited: 0x000001766a7a9a10
Event: 0.840 Thread 0x000001766a7a9a10 Thread added: 0x000001766a7a9a10


Dynamic libraries:
0x00007ff7c2200000 - 0x00007ff7c2210000 	C:\Program Files\Java\jdk-21\bin\java.exe
0x00007ffd03bb0000 - 0x00007ffd03dc7000 	C:\WINDOWS\SYSTEM32\ntdll.dll
0x00007ffce6390000 - 0x00007ffce63aa000 	C:\Program Files\Avast Software\Avast\aswhook.dll
0x00007ffd02c00000 - 0x00007ffd02cc4000 	C:\WINDOWS\System32\KERNEL32.DLL
0x00007ffd01360000 - 0x00007ffd01717000 	C:\WINDOWS\System32\KERNELBASE.dll
0x00007ffd01190000 - 0x00007ffd012a1000 	C:\WINDOWS\System32\ucrtbase.dll
0x00007ffce6320000 - 0x00007ffce633b000 	C:\Program Files\Java\jdk-21\bin\VCRUNTIME140.dll
0x00007ffcfac50000 - 0x00007ffcfac69000 	C:\Program Files\Java\jdk-21\bin\jli.dll
0x00007ffd01b90000 - 0x00007ffd01c42000 	C:\WINDOWS\System32\ADVAPI32.dll
0x00007ffd01940000 - 0x00007ffd019e7000 	C:\WINDOWS\System32\msvcrt.dll
0x00007ffd02970000 - 0x00007ffd02a18000 	C:\WINDOWS\System32\sechost.dll
0x00007ffd01840000 - 0x00007ffd01868000 	C:\WINDOWS\System32\bcrypt.dll
0x00007ffd02670000 - 0x00007ffd02784000 	C:\WINDOWS\System32\RPCRT4.dll
0x00007ffd02330000 - 0x00007ffd024df000 	C:\WINDOWS\System32\USER32.dll
0x00007ffd012b0000 - 0x00007ffd012d6000 	C:\WINDOWS\System32\win32u.dll
0x00007ffcef3b0000 - 0x00007ffcef643000 	C:\WINDOWS\WinSxS\amd64_microsoft.windows.common-controls_6595b64144ccf1df_6.0.22621.3672_none_2713b9d173822955\COMCTL32.dll
0x00007ffd01b50000 - 0x00007ffd01b79000 	C:\WINDOWS\System32\GDI32.dll
0x00007ffd01720000 - 0x00007ffd01838000 	C:\WINDOWS\System32\gdi32full.dll
0x00007ffd010f0000 - 0x00007ffd0118a000 	C:\WINDOWS\System32\msvcp_win.dll
0x00007ffcfdca0000 - 0x00007ffcfdcaa000 	C:\WINDOWS\SYSTEM32\VERSION.dll
0x00007ffd02a20000 - 0x00007ffd02a51000 	C:\WINDOWS\System32\IMM32.DLL
0x00007ffcf8a20000 - 0x00007ffcf8a2c000 	C:\Program Files\Java\jdk-21\bin\vcruntime140_1.dll
0x00007ffcc3d50000 - 0x00007ffcc3dde000 	C:\Program Files\Java\jdk-21\bin\msvcp140.dll
0x00007ffc5e9c0000 - 0x00007ffc5f6d8000 	C:\Program Files\Java\jdk-21\bin\server\jvm.dll
0x00007ffd01ad0000 - 0x00007ffd01b41000 	C:\WINDOWS\System32\WS2_32.dll
0x00007ffd00930000 - 0x00007ffd0097d000 	C:\WINDOWS\SYSTEM32\POWRPROF.dll
0x00007ffcf66d0000 - 0x00007ffcf6704000 	C:\WINDOWS\SYSTEM32\WINMM.dll
0x00007ffd007f0000 - 0x00007ffd00803000 	C:\WINDOWS\SYSTEM32\UMPDC.dll
0x00007ffcffed0000 - 0x00007ffcffee8000 	C:\WINDOWS\SYSTEM32\kernel.appcore.dll
0x00007ffce6b40000 - 0x00007ffce6b4a000 	C:\Program Files\Java\jdk-21\bin\jimage.dll
0x00007ffcf8b40000 - 0x00007ffcf8d72000 	C:\WINDOWS\SYSTEM32\DBGHELP.DLL
0x00007ffd01fa0000 - 0x00007ffd0232e000 	C:\WINDOWS\System32\combase.dll
0x00007ffd019f0000 - 0x00007ffd01ac7000 	C:\WINDOWS\System32\OLEAUT32.dll
0x00007ffcf8aa0000 - 0x00007ffcf8ad2000 	C:\WINDOWS\SYSTEM32\dbgcore.DLL
0x00007ffd012e0000 - 0x00007ffd0135b000 	C:\WINDOWS\System32\bcryptPrimitives.dll
0x00007ffcd13e0000 - 0x00007ffcd141c000 	C:\Program Files\Java\jdk-21\bin\jdwp.dll
0x00007ffcd9ad0000 - 0x00007ffcd9adf000 	C:\Program Files\Java\jdk-21\bin\instrument.dll
0x00007ffcd47b0000 - 0x00007ffcd47cf000 	C:\Program Files\Java\jdk-21\bin\java.dll
0x00007ffcd4460000 - 0x00007ffcd4478000 	C:\Program Files\Java\jdk-21\bin\zip.dll
0x00007ffd03300000 - 0x00007ffd03b69000 	C:\WINDOWS\System32\SHELL32.dll
0x00007ffcfede0000 - 0x00007ffcff6df000 	C:\WINDOWS\SYSTEM32\windows.storage.dll
0x00007ffcfeca0000 - 0x00007ffcfeddf000 	C:\WINDOWS\SYSTEM32\wintypes.dll
0x00007ffd01e10000 - 0x00007ffd01f09000 	C:\WINDOWS\System32\SHCORE.dll
0x00007ffd01da0000 - 0x00007ffd01dfe000 	C:\WINDOWS\System32\shlwapi.dll
0x00007ffd00df0000 - 0x00007ffd00e17000 	C:\WINDOWS\SYSTEM32\profapi.dll
0x00007ffcc3c70000 - 0x00007ffcc3d47000 	C:\Program Files\Java\jdk-21\bin\jsvml.dll
0x00007ffcdf1e0000 - 0x00007ffcdf1ec000 	C:\Program Files\Java\jdk-21\bin\dt_socket.dll
0x00007ffcff940000 - 0x00007ffcff96d000 	C:\WINDOWS\SYSTEM32\IPHLPAPI.DLL
0x00007ffd00330000 - 0x00007ffd00399000 	C:\WINDOWS\system32\mswsock.dll
0x00007ffcd8940000 - 0x00007ffcd8950000 	C:\Program Files\Java\jdk-21\bin\net.dll
0x00007ffcfaf70000 - 0x00007ffcfb0a6000 	C:\WINDOWS\SYSTEM32\WINHTTP.dll
0x00007ffcd11a0000 - 0x00007ffcd11b6000 	C:\Program Files\Java\jdk-21\bin\nio.dll
0x00007ffc912a0000 - 0x00007ffc91304000 	C:\Users\hamid\AppData\Local\Temp\lwjglhamid\3.2.3-build-13\lwjgl.dll
0x00007ffc91230000 - 0x00007ffc91292000 	C:\Users\hamid\AppData\Local\Temp\lwjglhamid\3.2.3-build-13\glfw.dll
0x00007ffcfe3c0000 - 0x00007ffcfe471000 	C:\WINDOWS\system32\uxtheme.dll
0x00007ffcd2c10000 - 0x00007ffcd2c56000 	C:\WINDOWS\SYSTEM32\dinput8.dll
0x00007ffce8af0000 - 0x00007ffce8b01000 	C:\WINDOWS\SYSTEM32\xinput1_4.dll
0x00007ffd00bb0000 - 0x00007ffd00bfe000 	C:\WINDOWS\SYSTEM32\cfgmgr32.dll
0x00007ffd00b80000 - 0x00007ffd00bac000 	C:\WINDOWS\SYSTEM32\DEVOBJ.dll
0x00007ffcfe720000 - 0x00007ffcfe74b000 	C:\WINDOWS\SYSTEM32\dwmapi.dll
0x00007ffcd4ce0000 - 0x00007ffcd4ef3000 	C:\WINDOWS\SYSTEM32\inputhost.dll
0x00007ffcfd870000 - 0x00007ffcfd9a3000 	C:\WINDOWS\SYSTEM32\CoreMessaging.dll
0x00007ffd00660000 - 0x00007ffd0066c000 	C:\WINDOWS\SYSTEM32\CRYPTBASE.DLL
0x00007ffd024f0000 - 0x00007ffd02650000 	C:\WINDOWS\System32\MSCTF.dll
0x00007ffcff6e0000 - 0x00007ffcff6ee000 	C:\WINDOWS\SYSTEM32\HID.DLL
0x00007ffd02cd0000 - 0x00007ffd03144000 	C:\WINDOWS\System32\SETUPAPI.DLL
0x00007ffd01870000 - 0x00007ffd018dc000 	C:\WINDOWS\System32\WINTRUST.dll
0x00007ffd00f80000 - 0x00007ffd010e6000 	C:\WINDOWS\System32\CRYPT32.dll
0x00007ffd00b60000 - 0x00007ffd00b72000 	C:\WINDOWS\SYSTEM32\MSASN1.dll
0x00007ffc55e80000 - 0x00007ffc55f80000 	C:\WINDOWS\SYSTEM32\opengl32.dll
0x00007ffcd7f90000 - 0x00007ffcd7fbd000 	C:\WINDOWS\SYSTEM32\GLU32.dll
0x00007ffcfe4d0000 - 0x00007ffcfe507000 	C:\WINDOWS\SYSTEM32\dxcore.dll
0x00007ffd02a60000 - 0x00007ffd02b10000 	C:\WINDOWS\System32\clbcatq.dll
0x00007ffc97400000 - 0x00007ffc99bee000 	C:\WINDOWS\System32\DriverStore\FileRepository\nv_dispui.inf_amd64_6016a2508c864b42\nvoglv64.dll
0x00007ffd03150000 - 0x00007ffd032f5000 	C:\WINDOWS\System32\ole32.dll
0x00007ffcffc90000 - 0x00007ffcffca4000 	C:\WINDOWS\SYSTEM32\WTSAPI32.dll
0x00007ffcf9740000 - 0x00007ffcf9772000 	C:\WINDOWS\SYSTEM32\cryptnet.dll
0x00007ffd005b0000 - 0x00007ffd005f9000 	C:\WINDOWS\SYSTEM32\wldp.dll
0x00007ffcf95c0000 - 0x00007ffcf9722000 	C:\WINDOWS\SYSTEM32\drvstore.dll
0x00007ffcfffe0000 - 0x00007ffd00014000 	C:\WINDOWS\SYSTEM32\ntmarta.dll
0x00007ffd02650000 - 0x00007ffd0266f000 	C:\WINDOWS\System32\imagehlp.dll
0x00007ffd006f0000 - 0x00007ffd0070b000 	C:\WINDOWS\SYSTEM32\CRYPTSP.dll
0x00007ffcffe30000 - 0x00007ffcffe65000 	C:\WINDOWS\system32\rsaenh.dll
0x00007ffcea610000 - 0x00007ffceddab000 	C:\WINDOWS\System32\DriverStore\FileRepository\nv_dispui.inf_amd64_6016a2508c864b42\nvgpucomp64.dll
0x00007ffc92850000 - 0x00007ffc92b56000 	C:\WINDOWS\system32\nvspcap64.dll
0x00007ffd00680000 - 0x00007ffd006e6000 	C:\WINDOWS\SYSTEM32\WINSTA.dll
0x00007ffcd82b0000 - 0x00007ffcd83f3000 	C:\WINDOWS\SYSTEM32\textinputframework.dll
0x00007ffcf7950000 - 0x00007ffcf7cbd000 	C:\WINDOWS\SYSTEM32\CoreUIComponents.dll
0x00007ffc915f0000 - 0x00007ffc91649000 	C:\Users\hamid\AppData\Local\Temp\lwjglhamid\3.2.3-build-13\lwjgl_opengl.dll

dbghelp: loaded successfully - version: 4.0.5 - missing functions: none
symbol engine: initialized successfully - sym options: 0x614 - pdb path: .;C:\Program Files\Java\jdk-21\bin;C:\WINDOWS\SYSTEM32;C:\Program Files\Avast Software\Avast;C:\WINDOWS\WinSxS\amd64_microsoft.windows.common-controls_6595b64144ccf1df_6.0.22621.3672_none_2713b9d173822955;C:\Program Files\Java\jdk-21\bin\server;C:\Users\hamid\AppData\Local\Temp\lwjglhamid\3.2.3-build-13;C:\WINDOWS\System32\DriverStore\FileRepository\nv_dispui.inf_amd64_6016a2508c864b42

VM Arguments:
jvm_args: -Ddebugger.agent.enable.coroutines=true -Djava.library.path=./libs/natives/windows -Dkotlinx.coroutines.debug.enable.creation.stack.trace=false -Dkotlinx.coroutines.debug.enable.flows.stack.trace=true -Dkotlinx.coroutines.debug.enable.mutable.state.flows.stack.trace=true -Dsun.java2d.d3d=false -agentlib:jdwp=transport=dt_socket,server=n,suspend=y,address=127.0.0.1:53384 -javaagent:C:\Users\hamid\AppData\Local\JetBrains\IdeaIC2024.3\captureAgent\debugger-agent.jar -Xmx10000m -Dfile.encoding=UTF-8 -Duser.country=GB -Duser.language=en -Duser.variant 
java_command: Main
java_class_path (initial): C:\Users\hamid\eclipse-workspace\Snake\build\classes\java\main;C:\Users\hamid\eclipse-workspace\Snake\build\resources\main;C:\Users\hamid\eclipse-workspace\Snake\libs\freetype-jni.jar;C:\Users\hamid\.gradle\caches\modules-2\files-2.1\com.fasterxml.jackson.core\jackson-annotations\2.13.4\858c6cc78e1f08a885b1613e1d817c829df70a6e\jackson-annotations-2.13.4.jar;C:\Users\hamid\.gradle\caches\modules-2\files-2.1\com.fasterxml.jackson.core\jackson-core\2.13.4\cf934c681294b97ef6d80082faeefbe1edadf56\jackson-core-2.13.4.jar;C:\Users\hamid\.gradle\caches\modules-2\files-2.1\com.fasterxml.jackson.core\jackson-databind\2.13.4.2\325c06bdfeb628cfb80ebaaf1a26cc1eb558a585\jackson-databind-2.13.4.2.jar;C:\Users\hamid\.gradle\caches\modules-2\files-2.1\io.github.spair\imgui-java-app\1.81.0\37a0be053a63da53c3628b3d6186ccbd380f7106\imgui-java-app-1.81.0.jar;C:\Users\hamid\.gradle\caches\modules-2\files-2.1\io.github.spair\imgui-java-lwjgl3\1.81.0\6c92680fc6e9951532445ecc35b44f2d4cd82d76\imgui-java-lwjgl3-1.81.0.jar;C:\Users\hamid\.gradle\caches\modules-2\files-2.1\org.lwjgl\lwjgl-assimp\3.2.3\f62aa07a20afbdd3097efc296c4841e0d29700eb\lwjgl-assimp-3.2.3.jar;C:\Users\hamid\.gradle\caches\modules-2\files-2.1\org.lwjgl\lwjgl-assimp\3.2.3\4e60aeb75f0343c4a9ede4ef8b6b32ca702a00a3\lwjgl-assimp-3.2.3-natives-windows.jar;C:\Users\hamid\.gradle\caches\modules-2\files-2.1\org.lwjgl\lwjgl-glfw\3.2.3\5e520d5c290c8b012545a8d34fa5db5ab051ea53\lwjgl-glfw-3.2.3.jar;C:\Users\hamid\.gradle\caches\modules-2\files-2.1\org.lwjgl\lwjgl-glfw\3.2.3\b4d8a3477cdc2edcf7a5f1e822926be846223f54\lwjgl-glfw-3.2.3-natives-windows.jar;C:\Users\hamid\.gradle\caches\modules-2\files-2.1\org.lwjgl\lwjgl-glfw\3.2.3\62b044d9b0a057444bef2ab70b9afc288ec09dba\lwjgl-glfw-3.2.3-natives-linux.jar;C:\Users\hamid\.gradle\caches\modules-2\files-2.1\org.lwjgl\lwjgl-glfw\3.2.3\58661272eacb9116336c88b4aadccf1f17c09b\lwjgl-glfw-3.2.3-natives-macos.jar;C:\Users\hamid\.gradle\caches\modules-2\files-2.1\org.lwjgl\lwjgl-nfd\3.2.3\c44fee1043c022cf6614a28872d44cf114ca7737\lwjgl-nfd-3.2.3.jar;C:\Users\hamid\.gradle\caches\modules-2\files-2.1\org.lwjgl\lwjgl-nfd\3.2.3\32782f5f5c57769efb82af864e70b819c77bc891\lwjgl-nfd-3.2.3-natives-windows.jar;C:\Users\hamid\.gradle\caches\modules-2\files-2.1\org.lwjgl\lwjgl-openal\3.2.3\106742e805803ab9eab8e343f0fb31a3d263903c\lwjgl-openal-3.2.3.jar;C:\Users\hamid\.gradle\caches\modules-2\files-2.1\org.lwjgl\lwjgl-openal\3.2.3\ec898e8ce11b5886f4f532a1536283ef2817758d\lwjgl-openal-3.2.3-natives-windows.jar;C:\Users\hamid\.gradle\caches\modules-2\files-2.1\org.lwjgl\lwjgl-opengl\3.2.3\bdd534a323d0c8f54969b95e424b6ac8984f7d6e\lwjgl-opengl-3.2.3.jar;C:\Users\hamid\.gradle\caches\modules-2\files-2.1\org.lwjgl\lwjgl-opengl\3.2.3\e81cfc73ec8708e5e791ed770e4ec3edfc1bbab1\lwjgl-opengl-3.2.3-natives-windows.jar;C:\Users\hamid\.gradle\caches\modules-2\files-2.1\org.lwjgl\lwjgl-opengl\3.2.3\7f14db5da9aa7951efe88993f519d7d38ad6e46b\lwjgl-opengl-3.2.3-natives-linux.jar;C:\Users\hamid\.gradle\caches\modules-2\files-2.1\org.lwjgl\lwjgl-opengl\3.2.3\efa3326c11336d3e74c9c8aeceb2420328d28e6b\lwjgl-opengl-3.2.3-natives-macos.jar;C:\Users\hamid\.gradle\caches\modules-2\files-2.1\org.lwjgl\lwjgl-stb\3.2.3\40eccaa4fa86fc815f2e17946a392fb5fdcc286a\lwjgl-stb-3.2.3.jar;C:\Users\hamid\.gradle\caches\modules-2\files-2.1\org.lwjgl\lwjgl-stb\3.2.3\817b21ec286f0ba3dcedb56a3bd275e6a9345be9\lwjgl-stb-3.2.3-natives-windows.jar;C:\Users\hamid\.gradle\caches\modules-2\files-2.1\org.lwjgl\lwjgl\3.2.3\17a59ba0fe8d474ec9dbe0d5db40d2cfe59c4c08\lwjgl-3.2.3.jar;C:\Users\hamid\.gradle\caches\modules-2\files-2.1\org.lwjgl\lwjgl\3.2.3\27f32cd35349684745951e04388e8e00d681cdcd\lwjgl-3.2.3-natives-windows.jar;C:\Users\hamid\.gradle\caches\modules-2\files-2.1\org.lwjgl\lwjgl\3.2.3\3d9d36c93446c7a1c90bc7aec8fa89c7988bf82b\lwjgl-3.2.3-natives-linux.jar;C:\Users\hamid\.gradle\caches\modules-2\files-2.1\org.lwjgl\lwjgl\3.2.3\35f506c5d368017a3cc5590da3d6d3a0760fb606\lwjgl-3.2.3-natives-macos.jar;C:\Users\hamid\.gradle\caches\modules-2\files-2.1\org.joml\joml\1.9.23\2fe75c084b2c8b82dbf7106f46b9cdc444785acf\joml-1.9.23.jar;C:\Users\hamid\.gradle\caches\modules-2\files-2.1\io.github.spair\imgui-java-binding\1.81.0\aa24c1101600b47d2f562ad3c8987b14e79e5d0d\imgui-java-binding-1.81.0.jar
Launcher Type: SUN_STANDARD

[Global flags]
     intx CICompilerCount                          = 12                                        {product} {ergonomic}
     uint ConcGCThreads                            = 3                                         {product} {ergonomic}
     uint G1ConcRefinementThreads                  = 13                                        {product} {ergonomic}
   size_t G1HeapRegionSize                         = 8388608                                   {product} {ergonomic}
    uintx GCDrainStackTargetSize                   = 64                                        {product} {ergonomic}
   size_t InitialHeapSize                          = 268435456                                 {product} {ergonomic}
   size_t MarkStackSize                            = 4194304                                   {product} {ergonomic}
   size_t MaxHeapSize                              = 10485760000                               {product} {command line}
   size_t MaxNewSize                               = 6291456000                                {product} {ergonomic}
   size_t MinHeapDeltaBytes                        = 8388608                                   {product} {ergonomic}
   size_t MinHeapSize                              = 8388608                                   {product} {ergonomic}
    uintx NonNMethodCodeHeapSize                   = 7602480                                {pd product} {ergonomic}
    uintx NonProfiledCodeHeapSize                  = 122027880                              {pd product} {ergonomic}
    uintx ProfiledCodeHeapSize                     = 122027880                              {pd product} {ergonomic}
    uintx ReservedCodeCacheSize                    = 251658240                              {pd product} {ergonomic}
     bool SegmentedCodeCache                       = true                                      {product} {ergonomic}
   size_t SoftMaxHeapSize                          = 10485760000                            {manageable} {ergonomic}
     bool UseCompressedOops                        = true                           {product lp64_product} {ergonomic}
     bool UseG1GC                                  = true                                      {product} {ergonomic}
     bool UseLargePagesIndividualAllocation        = false                                  {pd product} {ergonomic}

Logging:
Log output configuration:
 #0: stdout all=warning uptime,level,tags foldmultilines=false
 #1: stderr all=off uptime,level,tags foldmultilines=false

Environment Variables:
JAVA_HOME=C:\Users\hamid\Java\graalvm-jdk-21.0.5+9.1
PATH=C:\Program Files\NVIDIA GPU Computing Toolkit\CUDA\v12.8\bin;C:\Program Files\NVIDIA GPU Computing Toolkit\CUDA\v12.8\libnvvp;C:\Users\hamid\Java\graalvm-jdk-21.0.5+9.1\bin;C:\Program Files\Common Files\Oracle\Java\javapath;C:\ProgramData\Oracle\Java\javapath;C:\Program Files (x86)\Common Files\Oracle\Java\java8path;C:\Program Files (x86)\Common Files\Intel\Shared Libraries\redist\intel64_win\compiler;C:\WINDOWS\system32;C:\WINDOWS;C:\WINDOWS\System32\Wbem;C:\WINDOWS\System32\WindowsPowerShell\v1.0\;C:\WINDOWS\System32\OpenSSH\;C:\Program Files (x86)\NVIDIA Corporation\PhysX\Common;C:\WINDOWS\system32;C:\WINDOWS;C:\WINDOWS\System32\Wbem;C:\WINDOWS\System32\WindowsPowerShell\v1.0\;C:\WINDOWS\System32\OpenSSH\;C:\Program Files\Microsoft SQL Server\150\Tools\Binn\;C:\Program Files\nodejs\;C:\Users\hamid\AppData\Local\Programs\Python\Python310\Scripts\;C:\ProgramData\chocolatey\bin;C:\Program Files\Java\jdk-1.21;C:\Users\hamid\AppData\Local\Microsoft\WindowsApps;C:\Users\hamid\AppData\Local\Microsoft\WindowsApps;C:\Users\hamid\AppData\Local\Programs\Microsoft VS Code\bin;C:\Users\hamid\;C:\Program Files\playit_gg\bin\;C:\Program Files\Git\cmd;C:\Program Files\dotnet\;C:\Program Files\CMake\bin;C:\GL\GLEWbin\bin\Release\Win32;C:\Maven-3.9.9\bin;C:\Program Files (x86)\Microsoft SQL Server\90\Tools\binn\;C:\Program Files\anaconda\Scripts;C:\Program Files\NVIDIA Corporation\Nsight Compute 2025.1.1\;C:\Program Files\NVIDIA Corporation\NVIDIA App\NvDLISR;C:\Users\hamid\.cargo\bin;C:\Users\hamid\AppData\Local\Microsoft\WindowsApps;C:\Users\hamid\AppData\Local\Microsoft\WindowsApps;C:\Users\hamid\AppData\Local\Programs\Microsoft VS Code\bin;C:\Users\hamid\AppData\Roaming\npm;C:\Users\hamid\AppData\Local\GitHubDesktop\bin;C:\MinGW\bin;C:\Users\hamid\OneDrive\Documents\Work\Java programs\jadnt158g;C:\Program Files\JetBrains\IntelliJ IDEA Community Edition 2024.3.1.1\bin;;C:\Users\hamid\OneDrive\Documents\Work\premake5;C:\Users\hamid\.dotnet\tools;C:\Program Files (x86)\Jar2Exe Wizard\;C:\Users\hamid\Downloads\emsdk\upstream\emscripten;C:\Users\hamid\AppData\Local\Programs\Python\Python310;
USERNAME=hamid
OS=Windows_NT
PROCESSOR_IDENTIFIER=Intel64 Family 6 Model 165 Stepping 5, GenuineIntel
TMP=C:\Users\hamid\AppData\Local\Temp
TEMP=C:\Users\hamid\AppData\Local\Temp




Periodic native trim disabled

---------------  S Y S T E M  ---------------

OS:
 Windows 11 , 64 bit Build 22621 (10.0.22621.3958)
OS uptime: 3 days 10:35 hours
Hyper-V role detected

CPU: total 16 (initial active 16) (8 cores per cpu, 2 threads per core) family 6 model 165 stepping 5 microcode 0xe0, cx8, cmov, fxsr, ht, mmx, 3dnowpref, sse, sse2, sse3, ssse3, sse4.1, sse4.2, popcnt, lzcnt, tsc, tscinvbit, avx, avx2, aes, erms, clmul, bmi1, bmi2, adx, fma, vzeroupper, clflush, clflushopt, hv, rdtscp, f16c
Processor Information for all 16 processors :
  Max Mhz: 3801, Current Mhz: 3801, Mhz Limit: 3801

Memory: 4k page, system-wide physical 16303M (3540M free)
TotalPageFile size 24134M (AvailPageFile size 4265M)
current process WorkingSet (physical memory assigned to process): 138M, peak: 139M
current process commit charge ("private bytes"): 540M, peak: 541M

vm_info: Java HotSpot(TM) 64-Bit Server VM (21.0.5+9-LTS-239) for windows-amd64 JRE (21.0.5+9-LTS-239), built on 2024-09-30T05:17:38Z by "mach5one" with MS VC++ 17.6 (VS2022)

END.
