#
# A fatal error has been detected by the Java Runtime Environment:
#
#  EXCEPTION_ACCESS_VIOLATION (0xc0000005) at pc=0x0000000000000000, pid=10964, tid=15552
#
# JRE version: Java(TM) SE Runtime Environment (21.0.5+9) (build 21.0.5+9-LTS-239)
# Java VM: Java HotSpot(TM) 64-Bit Server VM (21.0.5+9-LTS-239, mixed mode, sharing, tiered, compressed oops, compressed class ptrs, g1 gc, windows-amd64)
# Problematic frame:
# C  [jdwp.dll+0x161bf]
#
# No core dump will be written. Minidumps are not enabled by default on client versions of Windows
#
# If you would like to submit a bug report, please visit:
#   https://bugreport.java.com/bugreport/crash.jsp
# The crash happened outside the Java Virtual Machine in native code.
# See problematic frame for where to report the bug.
#

---------------  S U M M A R Y ------------

Command Line: -Ddebugger.agent.enable.coroutines=true -Dkotlinx.coroutines.debug.enable.creation.stack.trace=false -Dkotlinx.coroutines.debug.enable.flows.stack.trace=true -Dkotlinx.coroutines.debug.enable.mutable.state.flows.stack.trace=true -agentlib:jdwp=transport=dt_socket,server=n,suspend=y,address=127.0.0.1:53747 -javaagent:C:\Users\hamid\AppData\Local\JetBrains\IdeaIC2024.3\captureAgent\debugger-agent.jar -Dfile.encoding=UTF-8 -Duser.country=GB -Duser.language=en -Duser.variant Main

Host: Intel(R) Core(TM) i7-10700K CPU @ 3.80GHz, 16 cores, 15G,  Windows 11 , 64 bit Build 22621 (10.0.22621.3958)
Time: Mon Feb 17 09:14:10 2025 Arab Standard Time elapsed time: 1.731047 seconds (0d 0h 0m 1s)

---------------  T H R E A D  ---------------

Current thread (0x00000212f3efcfe0):  JavaThread "main"             [_thread_in_native, id=15552, stack(0x000000ab0fd00000,0x000000ab0fe00000) (1024K)]

Stack: [0x000000ab0fd00000,0x000000ab0fe00000],  sp=0x000000ab0fdfe910,  free space=1018k
Native frames: (J=compiled Java code, j=interpreted, Vv=VM code, C=native code)

Java frames: (J=compiled Java code, j=interpreted, Vv=VM code)
j  org.lwjgl.opengl.GL11.glGetIntegerv(I[I)V+2
j  jade.Window.init()V+168
j  jade.Window.run(Ljade/Scene;)V+15
j  Main.main([Ljava/lang/String;)V+10
v  ~StubRoutines::call_stub 0x000002128745100d

siginfo: EXCEPTION_ACCESS_VIOLATION (0xc0000005), data execution prevention violation at address 0x0000000000000000


Registers:
RAX=0x00000212e09fb6f0, RBX=0x00000212d70100a0, RCX=0x00000212f3efd398, RDX=0x00000212d70100a0
RSP=0x000000ab0fdfe908, RBP=0x0000000000000002, RSI=0x000000ab0fdfe9b0, RDI=0x00000212f3efd398
R8 =0x0000000000010002, R9 =0x0000000000000000, R10=0x00007ff800ed0000, R11=0x000000ab0fdfe8d8
R12=0x0000000000000007, R13=0x00000212d70100a0, R14=0x00007fffc2fe0400, R15=0x0000000000000000
RIP=0x0000000000000000, EFLAGS=0x0000000000010206


Register to memory mapping:

RAX=0x00000212e09fb6f0 points into unknown readable memory: 0x0000000000000000 | 00 00 00 00 00 00 00 00
RBX=0x00000212d70100a0 points into unknown readable memory: 0x000000070fc45540 | 40 55 c4 0f 07 00 00 00
RCX=0x00000212f3efd398 points into unknown readable memory: 0x00000212e09fb6f0 | f0 b6 9f e0 12 02 00 00
RDX=0x00000212d70100a0 points into unknown readable memory: 0x000000070fc45540 | 40 55 c4 0f 07 00 00 00
RSP=0x000000ab0fdfe908 is pointing into the stack for thread: 0x00000212f3efcfe0
RBP=0x0000000000000002 is an unknown value
RSI=0x000000ab0fdfe9b0 is pointing into the stack for thread: 0x00000212f3efcfe0
RDI=0x00000212f3efd398 points into unknown readable memory: 0x00000212e09fb6f0 | f0 b6 9f e0 12 02 00 00
R8 =0x0000000000010002 is an unknown value
R9 =0x0 is null
R10=0x00007ff800ed0000 VCRUNTIME140.dll
R11=0x000000ab0fdfe8d8 is pointing into the stack for thread: 0x00000212f3efcfe0
R12=0x0000000000000007 is an unknown value
R13=0x00000212d70100a0 points into unknown readable memory: 0x000000070fc45540 | 40 55 c4 0f 07 00 00 00
R14=0x00007fffc2fe0400 jdwp.dll
R15=0x0 is null

Top of Stack: (sp=0x000000ab0fdfe908)
0x000000ab0fdfe908:   00007fffc2fc61bf 00000212d70100a0
0x000000ab0fdfe918:   000000ab0fdfe9b0 0000000000000000
0x000000ab0fdfe928:   0000000000000000 00000212d73f9c98
0x000000ab0fdfe938:   0000000000000020 00000212f3ee45f0
0x000000ab0fdfe948:   00007fffc2fe0428 00000212f3efd5b0
0x000000ab0fdfe958:   00007fffc2fc283f 00000212d70100a0
0x000000ab0fdfe968:   0000000000000002 00000212f3efd398
0x000000ab0fdfe978:   00000212d70100a8 00000212d7089ab0
0x000000ab0fdfe988:   00007fffbe7758e5 00000212d7020708
0x000000ab0fdfe998:   00000212d7089ab0 0000000000000000
0x000000ab0fdfe9a8:   00007fffbec0e7e0 0000000000000007
0x000000ab0fdfe9b8:   00000212d70100a0 0000000000000000
0x000000ab0fdfe9c8:   00000212d70100a8 0000000000000000
0x000000ab0fdfe9d8:   0000000000000000 0000000000000000
0x000000ab0fdfe9e8:   0000000000000000 0000000000000000
0x000000ab0fdfe9f8:   0000000000000000 0000000000000000
0x000000ab0fdfea08:   00000212f3efd5b0 0000021297094ad0
0x000000ab0fdfea18:   00007fffbea68cb7 00000212d70100a8
0x000000ab0fdfea28:   00000212d71a0ec0 00000212f3efcfe0
0x000000ab0fdfea38:   00000000000003d8 0000000000000000
0x000000ab0fdfea48:   00000212f3fbb9f0 000000ab0fdfebc0
0x000000ab0fdfea58:   0000000000000005 00000212f62e9c18
0x000000ab0fdfea68:   00007fffbe773982 00006be9c644731b
0x000000ab0fdfea78:   0000021296613ea0 00000212f3ee8380
0x000000ab0fdfea88:   00000212f62e9830 00000212f62e9840
0x000000ab0fdfea98:   00000212f62e9c18 00000000000003d8
0x000000ab0fdfeaa8:   00000212f3efcfe0 00000212f3efcfe0
0x000000ab0fdfeab8:   00000212f3ee7f80 00000212f3efd640
0x000000ab0fdfeac8:   00000212f3efd668 00000212f3efd728
0x000000ab0fdfead8:   00000000000000d8 000000ab0fdfeaf0
0x000000ab0fdfeae8:   00007fffbeb79ca3 00000212f3efcfe0
0x000000ab0fdfeaf8:   00000212f3ee7f80 00000212f3efd640 

Instructions: (pc=0x00007fffc2fc61bf)
0x00007fffc2fc60bf:   2c 41 b8 61 02 00 00 48 8d 0d cb 6e 01 00 48 8b
0x00007fffc2fc60cf:   d3 e8 7f 50 00 00 41 8b cc e8 33 a0 ff ff 48 8b
0x00007fffc2fc60df:   d0 48 8d 0d 89 a4 01 00 e8 10 51 00 00 4c 8b 4e
0x00007fffc2fc60ef:   28 48 8d 0d 91 a4 01 00 4c 8b 46 20 48 8b 56 08
0x00007fffc2fc60ff:   e8 4c 0d 01 00 48 8b 05 f5 0f 02 00 f6 80 10 02
0x00007fffc2fc610f:   00 00 02 74 28 41 b8 6a 02 00 00 48 8d 0d e3 62
0x00007fffc2fc611f:   01 00 48 8b d3 e8 2b 50 00 00 48 8d 15 c8 63 01
0x00007fffc2fc612f:   00 48 8d 0d e1 62 01 00 e8 c0 50 00 00 48 8b 07
0x00007fffc2fc613f:   48 8b cf ff 50 78 48 8b 0d b4 0f 02 00 4c 8b f8
0x00007fffc2fc614f:   f6 81 10 02 00 00 02 74 28 41 b8 6b 02 00 00 48
0x00007fffc2fc615f:   8d 0d 9f 62 01 00 48 8b d3 e8 e7 4f 00 00 48 8d
0x00007fffc2fc616f:   15 bc 63 01 00 48 8d 0d 9d 62 01 00 e8 7c 50 00
0x00007fffc2fc617f:   00 48 8b 07 48 8b cf ff 90 88 00 00 00 83 3d 29
0x00007fffc2fc618f:   0b 02 00 00 76 0c e8 ce 5b ff ff 83 25 1b 0b 02
0x00007fffc2fc619f:   00 00 48 8b 5e 08 48 85 db 74 4b 48 8b 05 4f 0f
0x00007fffc2fc61af:   02 00 80 78 13 00 74 0b 48 8b cb e8 f5 06 01 00
0x00007fffc2fc61bf:   88 46 10 4d 8b c7 48 8b d6 41 8a ce e8 08 a1 00
0x00007fffc2fc61cf:   00 48 8b e8 48 85 c0 75 25 48 8b cb e8 c0 44 00
0x00007fffc2fc61df:   00 84 c0 0f 84 ea 00 00 00 48 8b d3 41 8a ce e8
0x00007fffc2fc61ef:   ad 13 00 00 eb e3 e8 0e 0e 00 00 48 8b e8 4c 8b
0x00007fffc2fc61ff:   cd 44 88 74 24 20 45 8b c4 48 8b d6 48 8b cf e8
0x00007fffc2fc620f:   e1 00 00 00 83 3e 14 75 0b 48 8b 05 e1 0e 02 00
0x00007fffc2fc621f:   c6 40 10 01 48 85 db 75 08 48 8b cd e8 0c 53 ff
0x00007fffc2fc622f:   ff 48 8b 05 c9 0e 02 00 4d 85 ff 74 43 f6 80 10
0x00007fffc2fc623f:   02 00 00 02 74 2c 41 b8 b3 02 00 00 48 8d 15 d6
0x00007fffc2fc624f:   a1 01 00 48 8d 0d ab 61 01 00 e8 f6 4e 00 00 48
0x00007fffc2fc625f:   8d 15 1b 7d 01 00 48 8d 0d ac 61 01 00 e8 8b 4f
0x00007fffc2fc626f:   00 00 48 8b 07 49 8b d7 48 8b cf ff 50 68 eb 41
0x00007fffc2fc627f:   f6 80 10 02 00 00 02 74 2c 41 b8 b5 02 00 00 48
0x00007fffc2fc628f:   8d 15 93 a1 01 00 48 8d 0d 68 61 01 00 e8 b3 4e
0x00007fffc2fc629f:   00 00 48 8d 15 88 62 01 00 48 8d 0d 69 61 01 00
0x00007fffc2fc62af:   e8 48 4f 00 00 48 8b 07 48 8b cf ff 90 88 00 00 


Stack slot to memory mapping:

stack at sp + 0 slots: 0x00000212d70100a0 points into unknown readable memory: 0x000000070fc45540 | 40 55 c4 0f 07 00 00 00
stack at sp + 1 slots: 0x000000ab0fdfe9b0 is pointing into the stack for thread: 0x00000212f3efcfe0
stack at sp + 2 slots: 0x0 is null
stack at sp + 3 slots: 0x0 is null
stack at sp + 4 slots: 0x00000212d73f9c98 points into unknown readable memory: 0x00000212f3ee4580 | 80 45 ee f3 12 02 00 00
stack at sp + 5 slots: 0x0000000000000020 is an unknown value
stack at sp + 6 slots: 0x00000212f3ee45f0 points into unknown readable memory: 0x8000001200000001 | 01 00 00 00 12 00 00 80
stack at sp + 7 slots: 0x00007fffc2fe0428 jdwp.dll


---------------  P R O C E S S  ---------------

Threads class SMR info:
_java_thread_list=0x00000212e0c5e1e0, length=19, elements={
0x00000212f3efcfe0, 0x00000212d7028220, 0x00000212d7028e70, 0x00000212d702bf10,
0x00000212d702eec0, 0x00000212d7031f30, 0x00000212d7035fb0, 0x00000212d70432b0,
0x00000212d704bba0, 0x00000212d714dce0, 0x00000212d7159770, 0x00000212d71560f0,
0x00000212d722dfe0, 0x00000212d722e870, 0x00000212d734df60, 0x00000212d7338cc0,
0x00000212d7157560, 0x00000212d7158300, 0x00000212d71590a0
}

Java Threads: ( => current thread )
=>0x00000212f3efcfe0 JavaThread "main"                              [_thread_in_native, id=15552, stack(0x000000ab0fd00000,0x000000ab0fe00000) (1024K)]
  0x00000212d7028220 JavaThread "Reference Handler"          daemon [_thread_blocked, id=24008, stack(0x000000ab10500000,0x000000ab10600000) (1024K)]
  0x00000212d7028e70 JavaThread "Finalizer"                  daemon [_thread_blocked, id=23664, stack(0x000000ab10600000,0x000000ab10700000) (1024K)]
  0x00000212d702bf10 JavaThread "Signal Dispatcher"          daemon [_thread_blocked, id=2388, stack(0x000000ab10700000,0x000000ab10800000) (1024K)]
  0x00000212d702eec0 JavaThread "Attach Listener"            daemon [_thread_blocked, id=15048, stack(0x000000ab10800000,0x000000ab10900000) (1024K)]
  0x00000212d7031f30 JavaThread "Service Thread"             daemon [_thread_blocked, id=19276, stack(0x000000ab10900000,0x000000ab10a00000) (1024K)]
  0x00000212d7035fb0 JavaThread "Monitor Deflation Thread"   daemon [_thread_blocked, id=13480, stack(0x000000ab10a00000,0x000000ab10b00000) (1024K)]
  0x00000212d70432b0 JavaThread "C2 CompilerThread0"         daemon [_thread_blocked, id=21720, stack(0x000000ab10b00000,0x000000ab10c00000) (1024K)]
  0x00000212d704bba0 JavaThread "C1 CompilerThread0"         daemon [_thread_blocked, id=21704, stack(0x000000ab10c00000,0x000000ab10d00000) (1024K)]
  0x00000212d714dce0 JavaThread "Common-Cleaner"             daemon [_thread_blocked, id=20356, stack(0x000000ab10d00000,0x000000ab10e00000) (1024K)]
  0x00000212d7159770 JavaThread "C1 CompilerThread1"         daemon [_thread_blocked, id=17448, stack(0x000000ab10e00000,0x000000ab10f00000) (1024K)]
  0x00000212d71560f0 JavaThread "C1 CompilerThread2"         daemon [_thread_blocked, id=9900, stack(0x000000ab10f00000,0x000000ab11000000) (1024K)]
  0x00000212d722dfe0 JavaThread "JDWP Transport Listener: dt_socket" daemon [_thread_blocked, id=14012, stack(0x000000ab11000000,0x000000ab11100000) (1024K)]
  0x00000212d722e870 JavaThread "JDWP Event Helper Thread"   daemon [_thread_blocked, id=18384, stack(0x000000ab11100000,0x000000ab11200000) (1024K)]
  0x00000212d734df60 JavaThread "JDWP Command Reader"        daemon [_thread_in_native, id=15164, stack(0x000000ab11200000,0x000000ab11300000) (1024K)]
  0x00000212d7338cc0 JavaThread "Notification Thread"        daemon [_thread_blocked, id=13656, stack(0x000000ab11300000,0x000000ab11400000) (1024K)]
  0x00000212d7157560 JavaThread "C1 CompilerThread3"         daemon [_thread_blocked, id=15768, stack(0x000000ab11400000,0x000000ab11500000) (1024K)]
  0x00000212d7158300 JavaThread "C2 CompilerThread1"         daemon [_thread_blocked, id=14064, stack(0x000000ab12800000,0x000000ab12900000) (1024K)]
  0x00000212d71590a0 JavaThread "C2 CompilerThread2"         daemon [_thread_blocked, id=21480, stack(0x000000ab12900000,0x000000ab12a00000) (1024K)]
Total: 19

Other Threads:
  0x00000212d700fad0 VMThread "VM Thread"                           [id=11760, stack(0x000000ab10400000,0x000000ab10500000) (1024K)]
  0x00000212931a9a30 WatcherThread "VM Periodic Task Thread"        [id=25196, stack(0x000000ab10300000,0x000000ab10400000) (1024K)]
  0x00000212f63560b0 WorkerThread "GC Thread#0"                     [id=17788, stack(0x000000ab0fe00000,0x000000ab0ff00000) (1024K)]
  0x00000212e03ca300 WorkerThread "GC Thread#1"                     [id=24488, stack(0x000000ab11c00000,0x000000ab11d00000) (1024K)]
  0x00000212e03d43c0 WorkerThread "GC Thread#2"                     [id=8504, stack(0x000000ab11d00000,0x000000ab11e00000) (1024K)]
  0x00000212e07a09e0 WorkerThread "GC Thread#3"                     [id=24324, stack(0x000000ab11e00000,0x000000ab11f00000) (1024K)]
  0x00000212e01ff440 WorkerThread "GC Thread#4"                     [id=11936, stack(0x000000ab11f00000,0x000000ab12000000) (1024K)]
  0x00000212e09c3a70 WorkerThread "GC Thread#5"                     [id=22376, stack(0x000000ab12000000,0x000000ab12100000) (1024K)]
  0x00000212e09c41b0 WorkerThread "GC Thread#6"                     [id=21588, stack(0x000000ab12100000,0x000000ab12200000) (1024K)]
  0x00000212e09c3e10 WorkerThread "GC Thread#7"                     [id=23868, stack(0x000000ab12200000,0x000000ab12300000) (1024K)]
  0x00000212e09c2850 WorkerThread "GC Thread#8"                     [id=2568, stack(0x000000ab12300000,0x000000ab12400000) (1024K)]
  0x00000212e09c2bf0 WorkerThread "GC Thread#9"                     [id=25448, stack(0x000000ab12400000,0x000000ab12500000) (1024K)]
  0x00000212e09c2f90 WorkerThread "GC Thread#10"                    [id=25296, stack(0x000000ab12500000,0x000000ab12600000) (1024K)]
  0x00000212e09c3330 WorkerThread "GC Thread#11"                    [id=22020, stack(0x000000ab12600000,0x000000ab12700000) (1024K)]
  0x00000212e09c36d0 WorkerThread "GC Thread#12"                    [id=7740, stack(0x000000ab12700000,0x000000ab12800000) (1024K)]
  0x00000212f6363210 ConcurrentGCThread "G1 Main Marker"            [id=14472, stack(0x000000ab0ff00000,0x000000ab10000000) (1024K)]
  0x0000021292ff27b0 WorkerThread "G1 Conc#0"                       [id=13736, stack(0x000000ab10000000,0x000000ab10100000) (1024K)]
  0x0000021293069150 ConcurrentGCThread "G1 Refine#0"               [id=3204, stack(0x000000ab10100000,0x000000ab10200000) (1024K)]
  0x0000021293069b60 ConcurrentGCThread "G1 Service"                [id=25392, stack(0x000000ab10200000,0x000000ab10300000) (1024K)]
Total: 19

Threads with active compile tasks:
Total: 0

VM state: not at safepoint (normal execution)

VM Mutex/Monitor currently owned by a thread: None

Heap address: 0x0000000701400000, size: 4076 MB, Compressed Oops mode: Zero based, Oop shift amount: 3

CDS archive(s) mapped at: [0x0000021296000000-0x0000021296c90000-0x0000021296c90000), size 13172736, SharedBaseAddress: 0x0000021296000000, ArchiveRelocationMode: 1.
Compressed class space mapped at: 0x0000021297000000-0x00000212d7000000, reserved size: 1073741824
Narrow klass base: 0x0000021296000000, Narrow klass shift: 0, Narrow klass range: 0x100000000

GC Precious Log:
 CardTable entry size: 512
 Card Set container configuration: InlinePtr #cards 4 size 8 Array Of Cards #cards 16 size 48 Howl #buckets 8 coarsen threshold 3686 Howl Bitmap #cards 512 size 80 coarsen threshold 460 Card regions per heap region 1 cards per card region 4096
 CPUs: 16 total, 16 available
 Memory: 16303M
 Large Page Support: Disabled
 NUMA Support: Disabled
 Compressed Oops: Enabled (Zero based)
 Heap Region Size: 2M
 Heap Min Capacity: 8M
 Heap Initial Capacity: 256M
 Heap Max Capacity: 4076M
 Pre-touch: Disabled
 Parallel Workers: 13
 Concurrent Workers: 3
 Concurrent Refinement Workers: 13
 Periodic GC: Disabled

Heap:
 garbage-first heap   total 262144K, used 3157K [0x0000000701400000, 0x0000000800000000)
  region size 2048K, 3 young (6144K), 2 survivors (4096K)
 Metaspace       used 8762K, committed 9024K, reserved 1114112K
  class space    used 536K, committed 640K, reserved 1048576K

Heap Regions: E=young(eden), S=young(survivor), O=old, HS=humongous(starts), HC=humongous(continues), CS=collection set, F=free, TAMS=top-at-mark-start, PB=parsable bottom
|   0|0x0000000701400000, 0x0000000701400000, 0x0000000701600000|  0%| F|  |TAMS 0x0000000701400000| PB 0x0000000701400000| Untracked 
|   1|0x0000000701600000, 0x0000000701600000, 0x0000000701800000|  0%| F|  |TAMS 0x0000000701600000| PB 0x0000000701600000| Untracked 
|   2|0x0000000701800000, 0x0000000701800000, 0x0000000701a00000|  0%| F|  |TAMS 0x0000000701800000| PB 0x0000000701800000| Untracked 
|   3|0x0000000701a00000, 0x0000000701a00000, 0x0000000701c00000|  0%| F|  |TAMS 0x0000000701a00000| PB 0x0000000701a00000| Untracked 
|   4|0x0000000701c00000, 0x0000000701c00000, 0x0000000701e00000|  0%| F|  |TAMS 0x0000000701c00000| PB 0x0000000701c00000| Untracked 
|   5|0x0000000701e00000, 0x0000000701e00000, 0x0000000702000000|  0%| F|  |TAMS 0x0000000701e00000| PB 0x0000000701e00000| Untracked 
|   6|0x0000000702000000, 0x0000000702000000, 0x0000000702200000|  0%| F|  |TAMS 0x0000000702000000| PB 0x0000000702000000| Untracked 
|   7|0x0000000702200000, 0x0000000702200000, 0x0000000702400000|  0%| F|  |TAMS 0x0000000702200000| PB 0x0000000702200000| Untracked 
|   8|0x0000000702400000, 0x0000000702400000, 0x0000000702600000|  0%| F|  |TAMS 0x0000000702400000| PB 0x0000000702400000| Untracked 
|   9|0x0000000702600000, 0x0000000702600000, 0x0000000702800000|  0%| F|  |TAMS 0x0000000702600000| PB 0x0000000702600000| Untracked 
|  10|0x0000000702800000, 0x0000000702800000, 0x0000000702a00000|  0%| F|  |TAMS 0x0000000702800000| PB 0x0000000702800000| Untracked 
|  11|0x0000000702a00000, 0x0000000702a00000, 0x0000000702c00000|  0%| F|  |TAMS 0x0000000702a00000| PB 0x0000000702a00000| Untracked 
|  12|0x0000000702c00000, 0x0000000702c00000, 0x0000000702e00000|  0%| F|  |TAMS 0x0000000702c00000| PB 0x0000000702c00000| Untracked 
|  13|0x0000000702e00000, 0x0000000702e00000, 0x0000000703000000|  0%| F|  |TAMS 0x0000000702e00000| PB 0x0000000702e00000| Untracked 
|  14|0x0000000703000000, 0x0000000703000000, 0x0000000703200000|  0%| F|  |TAMS 0x0000000703000000| PB 0x0000000703000000| Untracked 
|  15|0x0000000703200000, 0x0000000703200000, 0x0000000703400000|  0%| F|  |TAMS 0x0000000703200000| PB 0x0000000703200000| Untracked 
|  16|0x0000000703400000, 0x0000000703400000, 0x0000000703600000|  0%| F|  |TAMS 0x0000000703400000| PB 0x0000000703400000| Untracked 
|  17|0x0000000703600000, 0x0000000703600000, 0x0000000703800000|  0%| F|  |TAMS 0x0000000703600000| PB 0x0000000703600000| Untracked 
|  18|0x0000000703800000, 0x0000000703800000, 0x0000000703a00000|  0%| F|  |TAMS 0x0000000703800000| PB 0x0000000703800000| Untracked 
|  19|0x0000000703a00000, 0x0000000703a00000, 0x0000000703c00000|  0%| F|  |TAMS 0x0000000703a00000| PB 0x0000000703a00000| Untracked 
|  20|0x0000000703c00000, 0x0000000703c00000, 0x0000000703e00000|  0%| F|  |TAMS 0x0000000703c00000| PB 0x0000000703c00000| Untracked 
|  21|0x0000000703e00000, 0x0000000703e00000, 0x0000000704000000|  0%| F|  |TAMS 0x0000000703e00000| PB 0x0000000703e00000| Untracked 
|  22|0x0000000704000000, 0x0000000704000000, 0x0000000704200000|  0%| F|  |TAMS 0x0000000704000000| PB 0x0000000704000000| Untracked 
|  23|0x0000000704200000, 0x0000000704200000, 0x0000000704400000|  0%| F|  |TAMS 0x0000000704200000| PB 0x0000000704200000| Untracked 
|  24|0x0000000704400000, 0x0000000704400000, 0x0000000704600000|  0%| F|  |TAMS 0x0000000704400000| PB 0x0000000704400000| Untracked 
|  25|0x0000000704600000, 0x0000000704600000, 0x0000000704800000|  0%| F|  |TAMS 0x0000000704600000| PB 0x0000000704600000| Untracked 
|  26|0x0000000704800000, 0x0000000704800000, 0x0000000704a00000|  0%| F|  |TAMS 0x0000000704800000| PB 0x0000000704800000| Untracked 
|  27|0x0000000704a00000, 0x0000000704a00000, 0x0000000704c00000|  0%| F|  |TAMS 0x0000000704a00000| PB 0x0000000704a00000| Untracked 
|  28|0x0000000704c00000, 0x0000000704c00000, 0x0000000704e00000|  0%| F|  |TAMS 0x0000000704c00000| PB 0x0000000704c00000| Untracked 
|  29|0x0000000704e00000, 0x0000000704e00000, 0x0000000705000000|  0%| F|  |TAMS 0x0000000704e00000| PB 0x0000000704e00000| Untracked 
|  30|0x0000000705000000, 0x0000000705000000, 0x0000000705200000|  0%| F|  |TAMS 0x0000000705000000| PB 0x0000000705000000| Untracked 
|  31|0x0000000705200000, 0x0000000705200000, 0x0000000705400000|  0%| F|  |TAMS 0x0000000705200000| PB 0x0000000705200000| Untracked 
|  32|0x0000000705400000, 0x0000000705400000, 0x0000000705600000|  0%| F|  |TAMS 0x0000000705400000| PB 0x0000000705400000| Untracked 
|  33|0x0000000705600000, 0x0000000705600000, 0x0000000705800000|  0%| F|  |TAMS 0x0000000705600000| PB 0x0000000705600000| Untracked 
|  34|0x0000000705800000, 0x0000000705800000, 0x0000000705a00000|  0%| F|  |TAMS 0x0000000705800000| PB 0x0000000705800000| Untracked 
|  35|0x0000000705a00000, 0x0000000705a00000, 0x0000000705c00000|  0%| F|  |TAMS 0x0000000705a00000| PB 0x0000000705a00000| Untracked 
|  36|0x0000000705c00000, 0x0000000705c00000, 0x0000000705e00000|  0%| F|  |TAMS 0x0000000705c00000| PB 0x0000000705c00000| Untracked 
|  37|0x0000000705e00000, 0x0000000705e00000, 0x0000000706000000|  0%| F|  |TAMS 0x0000000705e00000| PB 0x0000000705e00000| Untracked 
|  38|0x0000000706000000, 0x0000000706000000, 0x0000000706200000|  0%| F|  |TAMS 0x0000000706000000| PB 0x0000000706000000| Untracked 
|  39|0x0000000706200000, 0x0000000706200000, 0x0000000706400000|  0%| F|  |TAMS 0x0000000706200000| PB 0x0000000706200000| Untracked 
|  40|0x0000000706400000, 0x0000000706400000, 0x0000000706600000|  0%| F|  |TAMS 0x0000000706400000| PB 0x0000000706400000| Untracked 
|  41|0x0000000706600000, 0x0000000706600000, 0x0000000706800000|  0%| F|  |TAMS 0x0000000706600000| PB 0x0000000706600000| Untracked 
|  42|0x0000000706800000, 0x0000000706800000, 0x0000000706a00000|  0%| F|  |TAMS 0x0000000706800000| PB 0x0000000706800000| Untracked 
|  43|0x0000000706a00000, 0x0000000706a00000, 0x0000000706c00000|  0%| F|  |TAMS 0x0000000706a00000| PB 0x0000000706a00000| Untracked 
|  44|0x0000000706c00000, 0x0000000706c00000, 0x0000000706e00000|  0%| F|  |TAMS 0x0000000706c00000| PB 0x0000000706c00000| Untracked 
|  45|0x0000000706e00000, 0x0000000706e00000, 0x0000000707000000|  0%| F|  |TAMS 0x0000000706e00000| PB 0x0000000706e00000| Untracked 
|  46|0x0000000707000000, 0x0000000707000000, 0x0000000707200000|  0%| F|  |TAMS 0x0000000707000000| PB 0x0000000707000000| Untracked 
|  47|0x0000000707200000, 0x0000000707200000, 0x0000000707400000|  0%| F|  |TAMS 0x0000000707200000| PB 0x0000000707200000| Untracked 
|  48|0x0000000707400000, 0x0000000707400000, 0x0000000707600000|  0%| F|  |TAMS 0x0000000707400000| PB 0x0000000707400000| Untracked 
|  49|0x0000000707600000, 0x0000000707600000, 0x0000000707800000|  0%| F|  |TAMS 0x0000000707600000| PB 0x0000000707600000| Untracked 
|  50|0x0000000707800000, 0x0000000707800000, 0x0000000707a00000|  0%| F|  |TAMS 0x0000000707800000| PB 0x0000000707800000| Untracked 
|  51|0x0000000707a00000, 0x0000000707a00000, 0x0000000707c00000|  0%| F|  |TAMS 0x0000000707a00000| PB 0x0000000707a00000| Untracked 
|  52|0x0000000707c00000, 0x0000000707c00000, 0x0000000707e00000|  0%| F|  |TAMS 0x0000000707c00000| PB 0x0000000707c00000| Untracked 
|  53|0x0000000707e00000, 0x0000000707e00000, 0x0000000708000000|  0%| F|  |TAMS 0x0000000707e00000| PB 0x0000000707e00000| Untracked 
|  54|0x0000000708000000, 0x0000000708000000, 0x0000000708200000|  0%| F|  |TAMS 0x0000000708000000| PB 0x0000000708000000| Untracked 
|  55|0x0000000708200000, 0x0000000708200000, 0x0000000708400000|  0%| F|  |TAMS 0x0000000708200000| PB 0x0000000708200000| Untracked 
|  56|0x0000000708400000, 0x0000000708400000, 0x0000000708600000|  0%| F|  |TAMS 0x0000000708400000| PB 0x0000000708400000| Untracked 
|  57|0x0000000708600000, 0x0000000708600000, 0x0000000708800000|  0%| F|  |TAMS 0x0000000708600000| PB 0x0000000708600000| Untracked 
|  58|0x0000000708800000, 0x0000000708800000, 0x0000000708a00000|  0%| F|  |TAMS 0x0000000708800000| PB 0x0000000708800000| Untracked 
|  59|0x0000000708a00000, 0x0000000708a00000, 0x0000000708c00000|  0%| F|  |TAMS 0x0000000708a00000| PB 0x0000000708a00000| Untracked 
|  60|0x0000000708c00000, 0x0000000708c00000, 0x0000000708e00000|  0%| F|  |TAMS 0x0000000708c00000| PB 0x0000000708c00000| Untracked 
|  61|0x0000000708e00000, 0x0000000708e00000, 0x0000000709000000|  0%| F|  |TAMS 0x0000000708e00000| PB 0x0000000708e00000| Untracked 
|  62|0x0000000709000000, 0x0000000709000000, 0x0000000709200000|  0%| F|  |TAMS 0x0000000709000000| PB 0x0000000709000000| Untracked 
|  63|0x0000000709200000, 0x0000000709200000, 0x0000000709400000|  0%| F|  |TAMS 0x0000000709200000| PB 0x0000000709200000| Untracked 
|  64|0x0000000709400000, 0x0000000709400000, 0x0000000709600000|  0%| F|  |TAMS 0x0000000709400000| PB 0x0000000709400000| Untracked 
|  65|0x0000000709600000, 0x0000000709600000, 0x0000000709800000|  0%| F|  |TAMS 0x0000000709600000| PB 0x0000000709600000| Untracked 
|  66|0x0000000709800000, 0x0000000709800000, 0x0000000709a00000|  0%| F|  |TAMS 0x0000000709800000| PB 0x0000000709800000| Untracked 
|  67|0x0000000709a00000, 0x0000000709a00000, 0x0000000709c00000|  0%| F|  |TAMS 0x0000000709a00000| PB 0x0000000709a00000| Untracked 
|  68|0x0000000709c00000, 0x0000000709c00000, 0x0000000709e00000|  0%| F|  |TAMS 0x0000000709c00000| PB 0x0000000709c00000| Untracked 
|  69|0x0000000709e00000, 0x0000000709e00000, 0x000000070a000000|  0%| F|  |TAMS 0x0000000709e00000| PB 0x0000000709e00000| Untracked 
|  70|0x000000070a000000, 0x000000070a000000, 0x000000070a200000|  0%| F|  |TAMS 0x000000070a000000| PB 0x000000070a000000| Untracked 
|  71|0x000000070a200000, 0x000000070a200000, 0x000000070a400000|  0%| F|  |TAMS 0x000000070a200000| PB 0x000000070a200000| Untracked 
|  72|0x000000070a400000, 0x000000070a400000, 0x000000070a600000|  0%| F|  |TAMS 0x000000070a400000| PB 0x000000070a400000| Untracked 
|  73|0x000000070a600000, 0x000000070a600000, 0x000000070a800000|  0%| F|  |TAMS 0x000000070a600000| PB 0x000000070a600000| Untracked 
|  74|0x000000070a800000, 0x000000070a800000, 0x000000070aa00000|  0%| F|  |TAMS 0x000000070a800000| PB 0x000000070a800000| Untracked 
|  75|0x000000070aa00000, 0x000000070aa00000, 0x000000070ac00000|  0%| F|  |TAMS 0x000000070aa00000| PB 0x000000070aa00000| Untracked 
|  76|0x000000070ac00000, 0x000000070ac00000, 0x000000070ae00000|  0%| F|  |TAMS 0x000000070ac00000| PB 0x000000070ac00000| Untracked 
|  77|0x000000070ae00000, 0x000000070ae00000, 0x000000070b000000|  0%| F|  |TAMS 0x000000070ae00000| PB 0x000000070ae00000| Untracked 
|  78|0x000000070b000000, 0x000000070b000000, 0x000000070b200000|  0%| F|  |TAMS 0x000000070b000000| PB 0x000000070b000000| Untracked 
|  79|0x000000070b200000, 0x000000070b200000, 0x000000070b400000|  0%| F|  |TAMS 0x000000070b200000| PB 0x000000070b200000| Untracked 
|  80|0x000000070b400000, 0x000000070b400000, 0x000000070b600000|  0%| F|  |TAMS 0x000000070b400000| PB 0x000000070b400000| Untracked 
|  81|0x000000070b600000, 0x000000070b600000, 0x000000070b800000|  0%| F|  |TAMS 0x000000070b600000| PB 0x000000070b600000| Untracked 
|  82|0x000000070b800000, 0x000000070b800000, 0x000000070ba00000|  0%| F|  |TAMS 0x000000070b800000| PB 0x000000070b800000| Untracked 
|  83|0x000000070ba00000, 0x000000070ba00000, 0x000000070bc00000|  0%| F|  |TAMS 0x000000070ba00000| PB 0x000000070ba00000| Untracked 
|  84|0x000000070bc00000, 0x000000070bc00000, 0x000000070be00000|  0%| F|  |TAMS 0x000000070bc00000| PB 0x000000070bc00000| Untracked 
|  85|0x000000070be00000, 0x000000070be00000, 0x000000070c000000|  0%| F|  |TAMS 0x000000070be00000| PB 0x000000070be00000| Untracked 
|  86|0x000000070c000000, 0x000000070c000000, 0x000000070c200000|  0%| F|  |TAMS 0x000000070c000000| PB 0x000000070c000000| Untracked 
|  87|0x000000070c200000, 0x000000070c200000, 0x000000070c400000|  0%| F|  |TAMS 0x000000070c200000| PB 0x000000070c200000| Untracked 
|  88|0x000000070c400000, 0x000000070c400000, 0x000000070c600000|  0%| F|  |TAMS 0x000000070c400000| PB 0x000000070c400000| Untracked 
|  89|0x000000070c600000, 0x000000070c600000, 0x000000070c800000|  0%| F|  |TAMS 0x000000070c600000| PB 0x000000070c600000| Untracked 
|  90|0x000000070c800000, 0x000000070c800000, 0x000000070ca00000|  0%| F|  |TAMS 0x000000070c800000| PB 0x000000070c800000| Untracked 
|  91|0x000000070ca00000, 0x000000070ca00000, 0x000000070cc00000|  0%| F|  |TAMS 0x000000070ca00000| PB 0x000000070ca00000| Untracked 
|  92|0x000000070cc00000, 0x000000070cc00000, 0x000000070ce00000|  0%| F|  |TAMS 0x000000070cc00000| PB 0x000000070cc00000| Untracked 
|  93|0x000000070ce00000, 0x000000070ce00000, 0x000000070d000000|  0%| F|  |TAMS 0x000000070ce00000| PB 0x000000070ce00000| Untracked 
|  94|0x000000070d000000, 0x000000070d000000, 0x000000070d200000|  0%| F|  |TAMS 0x000000070d000000| PB 0x000000070d000000| Untracked 
|  95|0x000000070d200000, 0x000000070d200000, 0x000000070d400000|  0%| F|  |TAMS 0x000000070d200000| PB 0x000000070d200000| Untracked 
|  96|0x000000070d400000, 0x000000070d400000, 0x000000070d600000|  0%| F|  |TAMS 0x000000070d400000| PB 0x000000070d400000| Untracked 
|  97|0x000000070d600000, 0x000000070d600000, 0x000000070d800000|  0%| F|  |TAMS 0x000000070d600000| PB 0x000000070d600000| Untracked 
|  98|0x000000070d800000, 0x000000070d800000, 0x000000070da00000|  0%| F|  |TAMS 0x000000070d800000| PB 0x000000070d800000| Untracked 
|  99|0x000000070da00000, 0x000000070da00000, 0x000000070dc00000|  0%| F|  |TAMS 0x000000070da00000| PB 0x000000070da00000| Untracked 
| 100|0x000000070dc00000, 0x000000070dc00000, 0x000000070de00000|  0%| F|  |TAMS 0x000000070dc00000| PB 0x000000070dc00000| Untracked 
| 101|0x000000070de00000, 0x000000070de00000, 0x000000070e000000|  0%| F|  |TAMS 0x000000070de00000| PB 0x000000070de00000| Untracked 
| 102|0x000000070e000000, 0x000000070e000000, 0x000000070e200000|  0%| F|  |TAMS 0x000000070e000000| PB 0x000000070e000000| Untracked 
| 103|0x000000070e200000, 0x000000070e200000, 0x000000070e400000|  0%| F|  |TAMS 0x000000070e200000| PB 0x000000070e200000| Untracked 
| 104|0x000000070e400000, 0x000000070e400000, 0x000000070e600000|  0%| F|  |TAMS 0x000000070e400000| PB 0x000000070e400000| Untracked 
| 105|0x000000070e600000, 0x000000070e600000, 0x000000070e800000|  0%| F|  |TAMS 0x000000070e600000| PB 0x000000070e600000| Untracked 
| 106|0x000000070e800000, 0x000000070e800000, 0x000000070ea00000|  0%| F|  |TAMS 0x000000070e800000| PB 0x000000070e800000| Untracked 
| 107|0x000000070ea00000, 0x000000070ea00000, 0x000000070ec00000|  0%| F|  |TAMS 0x000000070ea00000| PB 0x000000070ea00000| Untracked 
| 108|0x000000070ec00000, 0x000000070ec00000, 0x000000070ee00000|  0%| F|  |TAMS 0x000000070ec00000| PB 0x000000070ec00000| Untracked 
| 109|0x000000070ee00000, 0x000000070ee00000, 0x000000070f000000|  0%| F|  |TAMS 0x000000070ee00000| PB 0x000000070ee00000| Untracked 
| 110|0x000000070f000000, 0x000000070f000000, 0x000000070f200000|  0%| F|  |TAMS 0x000000070f000000| PB 0x000000070f000000| Untracked 
| 111|0x000000070f200000, 0x000000070f200000, 0x000000070f400000|  0%| F|  |TAMS 0x000000070f200000| PB 0x000000070f200000| Untracked 
| 112|0x000000070f400000, 0x000000070f400000, 0x000000070f600000|  0%| F|  |TAMS 0x000000070f400000| PB 0x000000070f400000| Untracked 
| 113|0x000000070f600000, 0x000000070f600000, 0x000000070f800000|  0%| F|  |TAMS 0x000000070f600000| PB 0x000000070f600000| Untracked 
| 114|0x000000070f800000, 0x000000070f800000, 0x000000070fa00000|  0%| F|  |TAMS 0x000000070f800000| PB 0x000000070f800000| Untracked 
| 115|0x000000070fa00000, 0x000000070fb15500, 0x000000070fc00000| 54%| S|CS|TAMS 0x000000070fa00000| PB 0x000000070fa00000| Complete 
| 116|0x000000070fc00000, 0x000000070fe00000, 0x000000070fe00000|100%| S|CS|TAMS 0x000000070fc00000| PB 0x000000070fc00000| Complete 
| 117|0x000000070fe00000, 0x000000070fe00000, 0x0000000710000000|  0%| F|  |TAMS 0x000000070fe00000| PB 0x000000070fe00000| Untracked 
| 118|0x0000000710000000, 0x0000000710000000, 0x0000000710200000|  0%| F|  |TAMS 0x0000000710000000| PB 0x0000000710000000| Untracked 
| 119|0x0000000710200000, 0x0000000710200000, 0x0000000710400000|  0%| F|  |TAMS 0x0000000710200000| PB 0x0000000710200000| Untracked 
| 120|0x0000000710400000, 0x0000000710400000, 0x0000000710600000|  0%| F|  |TAMS 0x0000000710400000| PB 0x0000000710400000| Untracked 
| 121|0x0000000710600000, 0x0000000710600000, 0x0000000710800000|  0%| F|  |TAMS 0x0000000710600000| PB 0x0000000710600000| Untracked 
| 122|0x0000000710800000, 0x0000000710800000, 0x0000000710a00000|  0%| F|  |TAMS 0x0000000710800000| PB 0x0000000710800000| Untracked 
| 123|0x0000000710a00000, 0x0000000710a00000, 0x0000000710c00000|  0%| F|  |TAMS 0x0000000710a00000| PB 0x0000000710a00000| Untracked 
| 124|0x0000000710c00000, 0x0000000710c00000, 0x0000000710e00000|  0%| F|  |TAMS 0x0000000710c00000| PB 0x0000000710c00000| Untracked 
| 125|0x0000000710e00000, 0x0000000710e00000, 0x0000000711000000|  0%| F|  |TAMS 0x0000000710e00000| PB 0x0000000710e00000| Untracked 
| 126|0x0000000711000000, 0x0000000711000000, 0x0000000711200000|  0%| F|  |TAMS 0x0000000711000000| PB 0x0000000711000000| Untracked 
| 127|0x0000000711200000, 0x000000071135a580, 0x0000000711400000| 67%| E|  |TAMS 0x0000000711200000| PB 0x0000000711200000| Complete 

Card table byte_map: [0x00000212ff7e0000,0x00000212fffe0000] _byte_map_base: 0x00000212fbfd6000

Marking Bits: (CMBitMap*) 0x00000212f63567b0
 Bits: [0x000002128f000000, 0x0000021292fb0000)

Polling page: 0x00000212f4200000

Metaspace:

Usage:
  Non-class:      8.03 MB used.
      Class:    536.91 KB used.
       Both:      8.56 MB used.

Virtual space:
  Non-class space:       64.00 MB reserved,       8.19 MB ( 13%) committed,  1 nodes.
      Class space:        1.00 GB reserved,     640.00 KB ( <1%) committed,  1 nodes.
             Both:        1.06 GB reserved,       8.81 MB ( <1%) committed. 

Chunk freelists:
   Non-Class:  7.61 MB
       Class:  15.40 MB
        Both:  23.01 MB

MaxMetaspaceSize: unlimited
CompressedClassSpaceSize: 1.00 GB
Initial GC threshold: 21.00 MB
Current GC threshold: 21.00 MB
CDS: on
 - commit_granule_bytes: 65536.
 - commit_granule_words: 8192.
 - virtual_space_node_default_size: 8388608.
 - enlarge_chunks_in_place: 1.
 - use_allocation_guard: 0.


Internal statistics:

num_allocs_failed_limit: 0.
num_arena_births: 96.
num_arena_deaths: 0.
num_vsnodes_births: 2.
num_vsnodes_deaths: 0.
num_space_committed: 139.
num_space_uncommitted: 0.
num_chunks_returned_to_freelist: 0.
num_chunks_taken_from_freelist: 253.
num_chunk_merges: 0.
num_chunk_splits: 188.
num_chunks_enlarged: 150.
num_inconsistent_stats: 0.

CodeHeap 'non-profiled nmethods': size=119168Kb used=355Kb max_used=355Kb free=118812Kb
 bounds [0x0000021287ba0000, 0x0000021287e10000, 0x000002128f000000]
CodeHeap 'profiled nmethods': size=119104Kb used=2081Kb max_used=2081Kb free=117022Kb
 bounds [0x0000021280000000, 0x0000021280270000, 0x0000021287450000]
CodeHeap 'non-nmethods': size=7488Kb used=3792Kb max_used=3821Kb free=3695Kb
 bounds [0x0000021287450000, 0x0000021287810000, 0x0000021287ba0000]
 total_blobs=2181 nmethods=1158 adapters=925
 compilation: enabled
              stopped_count=0, restarted_count=0
 full_count=0

Compilation events (20 events):
Event: 1.688 Thread 0x00000212d70432b0 nmethod 1142 0x0000021287bef790 code [0x0000021287bef920, 0x0000021287befa68]
Event: 1.691 Thread 0x00000212d70432b0 1143       4       java.lang.invoke.MethodHandle::<init> (37 bytes)
Event: 1.693 Thread 0x00000212d70432b0 nmethod 1143 0x0000021287befb90 code [0x0000021287befd40, 0x0000021287bf0140]
Event: 1.694 Thread 0x00000212d70432b0 1144       4       java.lang.invoke.MethodType::hashCode (53 bytes)
Event: 1.695 Thread 0x00000212d70432b0 nmethod 1144 0x0000021287bf0390 code [0x0000021287bf0540, 0x0000021287bf07a0]
Event: 1.695 Thread 0x00000212d70432b0 1145   !   4       java.lang.ref.NativeReferenceQueue::poll (28 bytes)
Event: 1.695 Thread 0x00000212d70432b0 nmethod 1145 0x0000021287bf0990 code [0x0000021287bf0b00, 0x0000021287bf0bb0]
Event: 1.697 Thread 0x00000212d70432b0 1146       4       java.lang.invoke.MethodType::makeImpl (109 bytes)
Event: 1.701 Thread 0x00000212d704bba0 1148       1       java.util.concurrent.locks.AbstractOwnableSynchronizer::setExclusiveOwnerThread (6 bytes)
Event: 1.701 Thread 0x00000212d7157560 1149       1       java.util.concurrent.locks.AbstractOwnableSynchronizer::getExclusiveOwnerThread (5 bytes)
Event: 1.701 Thread 0x00000212d7159770 1150       1       java.util.concurrent.locks.AbstractQueuedSynchronizer::getState (5 bytes)
Event: 1.701 Thread 0x00000212d71560f0 1151       1       java.util.concurrent.locks.AbstractQueuedSynchronizer::setState (6 bytes)
Event: 1.701 Thread 0x00000212d704bba0 nmethod 1148 0x0000021287bf0c90 code [0x0000021287bf0e20, 0x0000021287bf0f38]
Event: 1.701 Thread 0x00000212d7157560 nmethod 1149 0x0000021287bf0f90 code [0x0000021287bf1120, 0x0000021287bf11f0]
Event: 1.701 Thread 0x00000212d7159770 nmethod 1150 0x0000021287bf1290 code [0x0000021287bf1420, 0x0000021287bf14e8]
Event: 1.701 Thread 0x00000212d71560f0 nmethod 1151 0x0000021287bf1590 code [0x0000021287bf1720, 0x0000021287bf17f0]
Event: 1.701 Thread 0x00000212d71560f0 1152   !   3       java.lang.ref.NativeReferenceQueue::poll (28 bytes)
Event: 1.701 Thread 0x00000212d71560f0 nmethod 1152 0x0000021280206f90 code [0x0000021280207160, 0x00000212802074d8]
Event: 1.701 Thread 0x00000212d71560f0 1153       3       java.util.concurrent.ConcurrentHashMap::get (162 bytes)
Event: 1.702 Thread 0x00000212d71560f0 nmethod 1153 0x0000021280207610 code [0x0000021280207860, 0x0000021280208348]

GC Heap History (2 events):
Event: 1.698 GC heap before
{Heap before GC invocations=0 (full 0):
 garbage-first heap   total 262144K, used 20480K [0x0000000701400000, 0x0000000800000000)
  region size 2048K, 11 young (22528K), 0 survivors (0K)
 Metaspace       used 8691K, committed 8896K, reserved 1114112K
  class space    used 535K, committed 640K, reserved 1048576K
}
Event: 1.701 GC heap after
{Heap after GC invocations=1 (full 0):
 garbage-first heap   total 262144K, used 3157K [0x0000000701400000, 0x0000000800000000)
  region size 2048K, 2 young (4096K), 2 survivors (4096K)
 Metaspace       used 8691K, committed 8896K, reserved 1114112K
  class space    used 535K, committed 640K, reserved 1048576K
}

Dll operation events (10 events):
Event: 0.217 Loaded shared library C:\Program Files\Java\jdk-21\bin\java.dll
Event: 0.219 Loaded shared library C:\Program Files\Java\jdk-21\bin\zip.dll
Event: 0.252 Loaded shared library C:\Program Files\Java\jdk-21\bin\jsvml.dll
Event: 0.584 Loaded shared library C:\Program Files\Java\jdk-21\bin\instrument.dll
Event: 0.661 Loaded shared library C:\Program Files\Java\jdk-21\bin\net.dll
Event: 0.662 Loaded shared library C:\Program Files\Java\jdk-21\bin\nio.dll
Event: 0.674 Loaded shared library C:\Program Files\Java\jdk-21\bin\zip.dll
Event: 0.708 Loaded shared library C:\Program Files\Java\jdk-21\bin\jimage.dll
Event: 0.791 Loaded shared library C:\Users\hamid\AppData\Local\Temp\lwjglhamid\3.2.3-build-13\lwjgl.dll
Event: 1.201 Loaded shared library C:\Users\hamid\AppData\Local\Temp\lwjglhamid\3.2.3-build-13\lwjgl_opengl.dll

Deoptimization events (20 events):
Event: 0.716 Thread 0x00000212f3efcfe0 DEOPT PACKING pc=0x0000021287bbe9fc sp=0x000000ab0fdfe220
Event: 0.716 Thread 0x00000212f3efcfe0 DEOPT UNPACKING pc=0x00000212874a46a2 sp=0x000000ab0fdfe1b8 mode 2
Event: 1.360 Thread 0x00000212f3efcfe0 Uncommon trap: trap_request=0xffffff3d fr.pc=0x0000021287bddcc8 relative=0x0000000000000da8
Event: 1.360 Thread 0x00000212f3efcfe0 Uncommon trap: reason=unstable_fused_if action=reinterpret pc=0x0000021287bddcc8 method=java.util.HashMap.resize()[Ljava/util/HashMap$Node; @ 31 c2
Event: 1.360 Thread 0x00000212f3efcfe0 DEOPT PACKING pc=0x0000021287bddcc8 sp=0x000000ab0fdfde00
Event: 1.360 Thread 0x00000212f3efcfe0 DEOPT UNPACKING pc=0x00000212874a46a2 sp=0x000000ab0fdfdd98 mode 2
Event: 1.374 Thread 0x00000212f3efcfe0 Uncommon trap: trap_request=0xffffff54 fr.pc=0x0000021287bdfa7c relative=0x000000000000007c
Event: 1.374 Thread 0x00000212f3efcfe0 Uncommon trap: reason=speculate_null_assert action=make_not_entrant pc=0x0000021287bdfa7c method=sun.misc.Unsafe.putLong(Ljava/lang/Object;JJ)V @ 7 c2
Event: 1.374 Thread 0x00000212f3efcfe0 DEOPT PACKING pc=0x0000021287bdfa7c sp=0x000000ab0fdff030
Event: 1.374 Thread 0x00000212f3efcfe0 DEOPT UNPACKING pc=0x00000212874a46a2 sp=0x000000ab0fdfefc8 mode 2
Event: 1.594 Thread 0x00000212f3efcfe0 DEOPT PACKING pc=0x0000021280092ee3 sp=0x000000ab0fdfdc20
Event: 1.594 Thread 0x00000212f3efcfe0 DEOPT UNPACKING pc=0x00000212874a4e42 sp=0x000000ab0fdfd080 mode 0
Event: 1.701 Thread 0x00000212f3efcfe0 Uncommon trap: trap_request=0xffffff45 fr.pc=0x0000021287beed5c relative=0x000000000000031c
Event: 1.701 Thread 0x00000212f3efcfe0 Uncommon trap: reason=unstable_if action=reinterpret pc=0x0000021287beed5c method=java.util.concurrent.ConcurrentHashMap.get(Ljava/lang/Object;)Ljava/lang/Object; @ 76 c2
Event: 1.701 Thread 0x00000212f3efcfe0 DEOPT PACKING pc=0x0000021287beed5c sp=0x000000ab0fdfe8d0
Event: 1.701 Thread 0x00000212f3efcfe0 DEOPT UNPACKING pc=0x00000212874a46a2 sp=0x000000ab0fdfe858 mode 2
Event: 1.701 Thread 0x00000212f3efcfe0 Uncommon trap: trap_request=0xffffff45 fr.pc=0x0000021287bf0b70 relative=0x0000000000000070
Event: 1.701 Thread 0x00000212f3efcfe0 Uncommon trap: reason=unstable_if action=reinterpret pc=0x0000021287bf0b70 method=java.lang.ref.ReferenceQueue.headIsNull()Z @ 4 c2
Event: 1.701 Thread 0x00000212f3efcfe0 DEOPT PACKING pc=0x0000021287bf0b70 sp=0x000000ab0fdfe900
Event: 1.701 Thread 0x00000212f3efcfe0 DEOPT UNPACKING pc=0x00000212874a46a2 sp=0x000000ab0fdfe828 mode 2

Classes loaded (20 events):
Event: 1.661 Loading class org/lwjgl/opengl/NVVertexBufferUnifiedMemory
Event: 1.661 Loading class org/lwjgl/opengl/NVVertexBufferUnifiedMemory done
Event: 1.663 Loading class org/lwjgl/opengl/NVViewportSwizzle
Event: 1.663 Loading class org/lwjgl/opengl/NVViewportSwizzle done
Event: 1.663 Loading class org/lwjgl/opengl/NVXConditionalRender
Event: 1.663 Loading class org/lwjgl/opengl/NVXConditionalRender done
Event: 1.664 Loading class org/lwjgl/opengl/NVXGpuMulticast2
Event: 1.664 Loading class org/lwjgl/opengl/NVXGpuMulticast2 done
Event: 1.665 Loading class org/lwjgl/opengl/NVXProgressFence
Event: 1.665 Loading class org/lwjgl/opengl/NVXProgressFence done
Event: 1.666 Loading class org/lwjgl/opengl/OVRMultiview
Event: 1.666 Loading class org/lwjgl/opengl/OVRMultiview done
Event: 1.667 Loading class jdk/internal/reflect/MethodHandleLongFieldAccessorImpl
Event: 1.667 Loading class jdk/internal/reflect/MethodHandleLongFieldAccessorImpl done
Event: 1.669 Loading class org/lwjgl/system/CheckIntrinsics
Event: 1.669 Loading class org/lwjgl/system/CheckIntrinsics done
Event: 1.723 Loading class org/lwjgl/system/MultiReleaseMemCopy
Event: 1.723 Loading class org/lwjgl/system/MultiReleaseMemCopy done
Event: 1.723 Loading class org/lwjgl/opengl/GL11C
Event: 1.723 Loading class org/lwjgl/opengl/GL11C done

Classes unloaded (0 events):
No events

Classes redefined (1 events):
Event: 0.606 Thread 0x00000212d700fad0 redefined class name=java.lang.Throwable, count=1

Internal exceptions (20 events):
Event: 0.762 Thread 0x00000212f3efcfe0 Exception <a 'java/lang/NoSuchMethodError'{0x0000000710d76820}: 'java.lang.Object java.lang.invoke.DirectMethodHandle$Holder.invokeStatic(java.lang.Object, java.lang.Object, int)'> (0x0000000710d76820) 
thrown [s\open\src\hotspot\share\interpreter\linkResolver.cpp, line 773]
Event: 0.763 Thread 0x00000212f3efcfe0 Exception <a 'java/lang/NoSuchMethodError'{0x0000000710d81cc0}: 'void java.lang.invoke.DelegatingMethodHandle$Holder.delegate(java.lang.Object, java.lang.Object, int, java.lang.Object)'> (0x0000000710d81cc0) 
thrown [s\open\src\hotspot\share\interpreter\linkResolver.cpp, line 773]
Event: 0.764 Thread 0x00000212f3efcfe0 Exception <a 'java/lang/NoSuchMethodError'{0x0000000710d85980}: 'int java.lang.invoke.DirectMethodHandle$Holder.invokeSpecial(java.lang.Object, java.lang.Object, java.lang.Object)'> (0x0000000710d85980) 
thrown [s\open\src\hotspot\share\interpreter\linkResolver.cpp, line 773]
Event: 0.769 Thread 0x00000212f3efcfe0 Exception <a 'java/lang/NoSuchMethodError'{0x0000000710da1810}: 'void java.lang.System.loadLibrary(java.lang.String, java.lang.Class)'> (0x0000000710da1810) 
thrown [s\open\src\hotspot\share\interpreter\linkResolver.cpp, line 773]
Event: 0.795 Thread 0x00000212f3efcfe0 Exception <a 'sun/nio/fs/WindowsException'{0x0000000710a0e7b0}> (0x0000000710a0e7b0) 
thrown [s\open\src\hotspot\share\prims\jni.cpp, line 520]
Event: 0.796 Thread 0x00000212f3efcfe0 Exception <a 'sun/nio/fs/WindowsException'{0x0000000710a0fe00}> (0x0000000710a0fe00) 
thrown [s\open\src\hotspot\share\prims\jni.cpp, line 520]
Event: 0.829 Thread 0x00000212f3efcfe0 Exception <a 'sun/nio/fs/WindowsException'{0x0000000710b06540}> (0x0000000710b06540) 
thrown [s\open\src\hotspot\share\prims\jni.cpp, line 520]
Event: 0.829 Thread 0x00000212f3efcfe0 Exception <a 'sun/nio/fs/WindowsException'{0x0000000710b068d0}> (0x0000000710b068d0) 
thrown [s\open\src\hotspot\share\prims\jni.cpp, line 520]
Event: 0.834 Thread 0x00000212f3efcfe0 Exception <a 'java/lang/NoSuchMethodError'{0x0000000710b1c230}: 'int java.lang.invoke.Invokers$Holder.invokeExact_MT(java.lang.Object, java.lang.Object)'> (0x0000000710b1c230) 
thrown [s\open\src\hotspot\share\interpreter\linkResolver.cpp, line 773]
Event: 1.175 Thread 0x00000212f3efcfe0 Exception <a 'java/lang/NoSuchMethodError'{0x0000000710b75cb0}: 'void java.lang.invoke.DirectMethodHandle$Holder.invokeStaticInit(java.lang.Object, long, double, double)'> (0x0000000710b75cb0) 
thrown [s\open\src\hotspot\share\interpreter\linkResolver.cpp, line 773]
Event: 1.178 Thread 0x00000212f3efcfe0 Exception <a 'java/lang/NoSuchMethodError'{0x0000000710b84720}: 'void java.lang.invoke.DirectMethodHandle$Holder.invokeStaticInit(java.lang.Object, long, int, int, int)'> (0x0000000710b84720) 
thrown [s\open\src\hotspot\share\interpreter\linkResolver.cpp, line 773]
Event: 1.182 Thread 0x00000212f3efcfe0 Exception <a 'java/lang/NoSuchMethodError'{0x0000000710b9bdc8}: 'void java.lang.invoke.DirectMethodHandle$Holder.invokeStaticInit(java.lang.Object, long, int, int, int, int)'> (0x0000000710b9bdc8) 
thrown [s\open\src\hotspot\share\interpreter\linkResolver.cpp, line 773]
Event: 1.194 Thread 0x00000212f3efcfe0 Exception <a 'java/lang/NoSuchMethodError'{0x0000000710bc5040}: 'void java.lang.System.load(java.lang.String, java.lang.Class)'> (0x0000000710bc5040) 
thrown [s\open\src\hotspot\share\interpreter\linkResolver.cpp, line 773]
Event: 1.194 Thread 0x00000212f3efcfe0 Exception <a 'java/lang/NoSuchMethodError'{0x0000000710bc7b78}: 'void java.lang.System.loadLibrary(java.lang.String, java.lang.Class)'> (0x0000000710bc7b78) 
thrown [s\open\src\hotspot\share\interpreter\linkResolver.cpp, line 773]
Event: 1.200 Thread 0x00000212f3efcfe0 Exception <a 'sun/nio/fs/WindowsException'{0x0000000710bd74b0}> (0x0000000710bd74b0) 
thrown [s\open\src\hotspot\share\prims\jni.cpp, line 520]
Event: 1.200 Thread 0x00000212f3efcfe0 Exception <a 'sun/nio/fs/WindowsException'{0x0000000710bd7880}> (0x0000000710bd7880) 
thrown [s\open\src\hotspot\share\prims\jni.cpp, line 520]
Event: 1.203 Thread 0x00000212f3efcfe0 Exception <a 'sun/nio/fs/WindowsException'{0x0000000710bdeb68}> (0x0000000710bdeb68) 
thrown [s\open\src\hotspot\share\prims\jni.cpp, line 520]
Event: 1.203 Thread 0x00000212f3efcfe0 Exception <a 'sun/nio/fs/WindowsException'{0x0000000710bdee70}> (0x0000000710bdee70) 
thrown [s\open\src\hotspot\share\prims\jni.cpp, line 520]
Event: 1.668 Thread 0x00000212f3efcfe0 Exception <a 'java/lang/NoSuchMethodError'{0x000000070fe66288}: 'long java.lang.invoke.DelegatingMethodHandle$Holder.reinvoke_L(java.lang.Object, java.lang.Object)'> (0x000000070fe66288) 
thrown [s\open\src\hotspot\share\interpreter\linkResolver.cpp, line 773]
Event: 1.668 Thread 0x00000212f3efcfe0 Exception <a 'java/lang/NoSuchMethodError'{0x000000070fe6c650}: 'long java.lang.invoke.Invokers$Holder.invokeExact_MT(java.lang.Object, java.lang.Object, java.lang.Object)'> (0x000000070fe6c650) 
thrown [s\open\src\hotspot\share\interpreter\linkResolver.cpp, line 773]

ZGC Phase Switch (0 events):
No events

VM Operations (14 events):
Event: 0.301 Executing VM operation: HandshakeAllThreads (Deoptimize)
Event: 0.301 Executing VM operation: HandshakeAllThreads (Deoptimize) done
Event: 0.579 Executing VM operation: ChangeBreakpoints
Event: 0.579 Executing VM operation: ChangeBreakpoints done
Event: 0.582 Executing VM operation: ChangeBreakpoints
Event: 0.582 Executing VM operation: ChangeBreakpoints done
Event: 0.606 Executing VM operation: RedefineClasses
Event: 0.607 Executing VM operation: RedefineClasses done
Event: 0.615 Executing VM operation: get/set locals
Event: 0.615 Executing VM operation: get/set locals done
Event: 1.617 Executing VM operation: Cleanup
Event: 1.617 Executing VM operation: Cleanup done
Event: 1.698 Executing VM operation: G1CollectForAllocation (G1 Evacuation Pause)
Event: 1.701 Executing VM operation: G1CollectForAllocation (G1 Evacuation Pause) done

Events (20 events):
Event: 0.249 Thread 0x00000212d7028220 Thread added: 0x00000212d7028220
Event: 0.250 Thread 0x00000212d7028e70 Thread added: 0x00000212d7028e70
Event: 0.250 Thread 0x00000212d702bf10 Thread added: 0x00000212d702bf10
Event: 0.250 Thread 0x00000212d702eec0 Thread added: 0x00000212d702eec0
Event: 0.250 Thread 0x00000212d7031f30 Thread added: 0x00000212d7031f30
Event: 0.250 Thread 0x00000212d7035fb0 Thread added: 0x00000212d7035fb0
Event: 0.250 Thread 0x00000212d70432b0 Thread added: 0x00000212d70432b0
Event: 0.250 Thread 0x00000212d704bba0 Thread added: 0x00000212d704bba0
Event: 0.294 Thread 0x00000212d714dce0 Thread added: 0x00000212d714dce0
Event: 0.301 Thread 0x00000212d7159770 Thread added: 0x00000212d7159770
Event: 0.301 Thread 0x00000212d71560f0 Thread added: 0x00000212d71560f0
Event: 0.327 Thread 0x00000212d722dfe0 Thread added: 0x00000212d722dfe0
Event: 0.328 Thread 0x00000212d722e870 Thread added: 0x00000212d722e870
Event: 0.328 Thread 0x00000212d734df60 Thread added: 0x00000212d734df60
Event: 0.623 Thread 0x00000212d7338cc0 Thread added: 0x00000212d7338cc0
Event: 0.692 Thread 0x00000212d7157560 Thread added: 0x00000212d7157560
Event: 1.175 Thread 0x00000212d7157560 Thread exited: 0x00000212d7157560
Event: 1.358 Thread 0x00000212d7157c30 Thread added: 0x00000212d7157c30
Event: 1.511 Thread 0x00000212d7157c30 Thread exited: 0x00000212d7157c30
Event: 1.672 Thread 0x00000212d7157560 Thread added: 0x00000212d7157560


Dynamic libraries:
0x00007ff678e00000 - 0x00007ff678e10000 	C:\Program Files\Java\jdk-21\bin\java.exe
0x00007ff83b6d0000 - 0x00007ff83b8e7000 	C:\WINDOWS\SYSTEM32\ntdll.dll
0x00007ff8070c0000 - 0x00007ff8070da000 	C:\Program Files\Avast Software\Avast\aswhook.dll
0x00007ff839a50000 - 0x00007ff839b14000 	C:\WINDOWS\System32\KERNEL32.DLL
0x00007ff838bb0000 - 0x00007ff838f67000 	C:\WINDOWS\System32\KERNELBASE.dll
0x00007ff839030000 - 0x00007ff839141000 	C:\WINDOWS\System32\ucrtbase.dll
0x00007ff814f80000 - 0x00007ff814f99000 	C:\Program Files\Java\jdk-21\bin\jli.dll
0x00007ff800ed0000 - 0x00007ff800eeb000 	C:\Program Files\Java\jdk-21\bin\VCRUNTIME140.dll
0x00007ff83a400000 - 0x00007ff83a4b2000 	C:\WINDOWS\System32\ADVAPI32.dll
0x00007ff83a010000 - 0x00007ff83a0b7000 	C:\WINDOWS\System32\msvcrt.dll
0x00007ff83a590000 - 0x00007ff83a638000 	C:\WINDOWS\System32\sechost.dll
0x00007ff839150000 - 0x00007ff839178000 	C:\WINDOWS\System32\bcrypt.dll
0x00007ff83a0c0000 - 0x00007ff83a1d4000 	C:\WINDOWS\System32\RPCRT4.dll
0x00007ff83a240000 - 0x00007ff83a3ef000 	C:\WINDOWS\System32\USER32.dll
0x00007ff8389e0000 - 0x00007ff838a06000 	C:\WINDOWS\System32\win32u.dll
0x00007ff822b20000 - 0x00007ff822db3000 	C:\WINDOWS\WinSxS\amd64_microsoft.windows.common-controls_6595b64144ccf1df_6.0.22621.3672_none_2713b9d173822955\COMCTL32.dll
0x00007ff83b4a0000 - 0x00007ff83b4c9000 	C:\WINDOWS\System32\GDI32.dll
0x00007ff838a90000 - 0x00007ff838ba8000 	C:\WINDOWS\System32\gdi32full.dll
0x00007ff839360000 - 0x00007ff8393fa000 	C:\WINDOWS\System32\msvcp_win.dll
0x00007ff832cd0000 - 0x00007ff832cda000 	C:\WINDOWS\SYSTEM32\VERSION.dll
0x00007ff83a4c0000 - 0x00007ff83a4f1000 	C:\WINDOWS\System32\IMM32.DLL
0x00007ff81da40000 - 0x00007ff81da4c000 	C:\Program Files\Java\jdk-21\bin\vcruntime140_1.dll
0x00007fffbfa50000 - 0x00007fffbfade000 	C:\Program Files\Java\jdk-21\bin\msvcp140.dll
0x00007fffbe4e0000 - 0x00007fffbf1f8000 	C:\Program Files\Java\jdk-21\bin\server\jvm.dll
0x00007ff83aa60000 - 0x00007ff83aad1000 	C:\WINDOWS\System32\WS2_32.dll
0x00007ff838630000 - 0x00007ff83867d000 	C:\WINDOWS\SYSTEM32\POWRPROF.dll
0x00007ff82eb10000 - 0x00007ff82eb44000 	C:\WINDOWS\SYSTEM32\WINMM.dll
0x00007ff838430000 - 0x00007ff838443000 	C:\WINDOWS\SYSTEM32\UMPDC.dll
0x00007ff8379f0000 - 0x00007ff837a08000 	C:\WINDOWS\SYSTEM32\kernel.appcore.dll
0x00007ff818af0000 - 0x00007ff818afa000 	C:\Program Files\Java\jdk-21\bin\jimage.dll
0x00007ff831370000 - 0x00007ff8315a2000 	C:\WINDOWS\SYSTEM32\DBGHELP.DLL
0x00007ff83a6c0000 - 0x00007ff83aa4e000 	C:\WINDOWS\System32\combase.dll
0x00007ff83b350000 - 0x00007ff83b427000 	C:\WINDOWS\System32\OLEAUT32.dll
0x00007ff831330000 - 0x00007ff831362000 	C:\WINDOWS\SYSTEM32\dbgcore.DLL
0x00007ff838a10000 - 0x00007ff838a8b000 	C:\WINDOWS\System32\bcryptPrimitives.dll
0x00007fffc2fb0000 - 0x00007fffc2fec000 	C:\Program Files\Java\jdk-21\bin\jdwp.dll
0x00007ff816040000 - 0x00007ff81604f000 	C:\Program Files\Java\jdk-21\bin\instrument.dll
0x00007fffe3e10000 - 0x00007fffe3e2f000 	C:\Program Files\Java\jdk-21\bin\java.dll
0x00007fffdf3d0000 - 0x00007fffdf3e8000 	C:\Program Files\Java\jdk-21\bin\zip.dll
0x00007ff83aae0000 - 0x00007ff83b349000 	C:\WINDOWS\System32\SHELL32.dll
0x00007ff836900000 - 0x00007ff8371ff000 	C:\WINDOWS\SYSTEM32\windows.storage.dll
0x00007ff8367c0000 - 0x00007ff8368ff000 	C:\WINDOWS\SYSTEM32\wintypes.dll
0x00007ff839740000 - 0x00007ff839839000 	C:\WINDOWS\System32\SHCORE.dll
0x00007ff83b440000 - 0x00007ff83b49e000 	C:\WINDOWS\System32\shlwapi.dll
0x00007ff838910000 - 0x00007ff838937000 	C:\WINDOWS\SYSTEM32\profapi.dll
0x00007fffbf970000 - 0x00007fffbfa47000 	C:\Program Files\Java\jdk-21\bin\jsvml.dll
0x00007ff827ac0000 - 0x00007ff827acc000 	C:\Program Files\Java\jdk-21\bin\dt_socket.dll
0x00007ff837460000 - 0x00007ff83748d000 	C:\WINDOWS\SYSTEM32\IPHLPAPI.DLL
0x00007ff837e50000 - 0x00007ff837eb9000 	C:\WINDOWS\system32\mswsock.dll
0x00007ff815620000 - 0x00007ff815630000 	C:\Program Files\Java\jdk-21\bin\net.dll
0x00007ff835490000 - 0x00007ff8355c6000 	C:\WINDOWS\SYSTEM32\WINHTTP.dll
0x00007fffd5190000 - 0x00007fffd51a6000 	C:\Program Files\Java\jdk-21\bin\nio.dll
0x00007fffbca30000 - 0x00007fffbca94000 	C:\Users\hamid\AppData\Local\Temp\lwjglhamid\3.2.3-build-13\lwjgl.dll
0x00007fffbc9c0000 - 0x00007fffbca22000 	C:\Users\hamid\AppData\Local\Temp\lwjglhamid\3.2.3-build-13\glfw.dll
0x00007ff835ed0000 - 0x00007ff835f81000 	C:\WINDOWS\system32\uxtheme.dll
0x00007fffbc970000 - 0x00007fffbc9b6000 	C:\WINDOWS\SYSTEM32\dinput8.dll
0x00007fffe4500000 - 0x00007fffe4511000 	C:\WINDOWS\SYSTEM32\xinput1_4.dll
0x00007ff8386d0000 - 0x00007ff83871e000 	C:\WINDOWS\SYSTEM32\cfgmgr32.dll
0x00007ff8386a0000 - 0x00007ff8386cc000 	C:\WINDOWS\SYSTEM32\DEVOBJ.dll
0x00007ff836240000 - 0x00007ff83626b000 	C:\WINDOWS\SYSTEM32\dwmapi.dll
0x00007ff81dc80000 - 0x00007ff81de93000 	C:\WINDOWS\SYSTEM32\inputhost.dll
0x00007ff834b00000 - 0x00007ff834c33000 	C:\WINDOWS\SYSTEM32\CoreMessaging.dll
0x00007ff8395e0000 - 0x00007ff839740000 	C:\WINDOWS\System32\MSCTF.dll
0x00007ff838180000 - 0x00007ff83818c000 	C:\WINDOWS\SYSTEM32\CRYPTBASE.DLL
0x00007ff837200000 - 0x00007ff83720e000 	C:\WINDOWS\SYSTEM32\HID.DLL
0x00007ff839b90000 - 0x00007ff83a004000 	C:\WINDOWS\System32\SETUPAPI.DLL
0x00007ff8392f0000 - 0x00007ff83935c000 	C:\WINDOWS\System32\WINTRUST.dll
0x00007ff839180000 - 0x00007ff8392e6000 	C:\WINDOWS\System32\CRYPT32.dll
0x00007ff838680000 - 0x00007ff838692000 	C:\WINDOWS\SYSTEM32\MSASN1.dll
0x00007ff814940000 - 0x00007ff814a40000 	C:\WINDOWS\SYSTEM32\opengl32.dll
0x00007ff81f260000 - 0x00007ff81f28d000 	C:\WINDOWS\SYSTEM32\GLU32.dll
0x00007ff835ff0000 - 0x00007ff836027000 	C:\WINDOWS\SYSTEM32\dxcore.dll
0x00007ff839400000 - 0x00007ff8394b0000 	C:\WINDOWS\System32\clbcatq.dll
0x00007fffdfb40000 - 0x00007fffe2128000 	C:\WINDOWS\System32\DriverStore\FileRepository\nv_dispig.inf_amd64_0afec3f2050014a0\nvoglv64.dll
0x00007ff8398a0000 - 0x00007ff839a45000 	C:\WINDOWS\System32\ole32.dll
0x00007ff8377b0000 - 0x00007ff8377c4000 	C:\WINDOWS\SYSTEM32\WTSAPI32.dll
0x00007ff832c20000 - 0x00007ff832c52000 	C:\WINDOWS\SYSTEM32\cryptnet.dll
0x00007ff8380d0000 - 0x00007ff838119000 	C:\WINDOWS\SYSTEM32\wldp.dll
0x00007ff8327a0000 - 0x00007ff832902000 	C:\WINDOWS\SYSTEM32\drvstore.dll
0x00007ff837b00000 - 0x00007ff837b34000 	C:\WINDOWS\SYSTEM32\ntmarta.dll
0x00007ff839b70000 - 0x00007ff839b8f000 	C:\WINDOWS\System32\imagehlp.dll
0x00007ff8381a0000 - 0x00007ff8381bb000 	C:\WINDOWS\SYSTEM32\CRYPTSP.dll
0x00007ff837950000 - 0x00007ff837985000 	C:\WINDOWS\system32\rsaenh.dll
0x00007ff828300000 - 0x00007ff82a2ee000 	C:\WINDOWS\System32\DriverStore\FileRepository\nv_dispig.inf_amd64_0afec3f2050014a0\nvgpucomp64.dll
0x00007fffd3cc0000 - 0x00007fffd3f91000 	C:\WINDOWS\system32\nvspcap64.dll
0x00007ff8381e0000 - 0x00007ff838246000 	C:\WINDOWS\SYSTEM32\WINSTA.dll
0x00007ff81db00000 - 0x00007ff81dc43000 	C:\WINDOWS\SYSTEM32\textinputframework.dll
0x00007fffbc910000 - 0x00007fffbc969000 	C:\Users\hamid\AppData\Local\Temp\lwjglhamid\3.2.3-build-13\lwjgl_opengl.dll

dbghelp: loaded successfully - version: 4.0.5 - missing functions: none
symbol engine: initialized successfully - sym options: 0x614 - pdb path: .;C:\Program Files\Java\jdk-21\bin;C:\WINDOWS\SYSTEM32;C:\Program Files\Avast Software\Avast;C:\WINDOWS\WinSxS\amd64_microsoft.windows.common-controls_6595b64144ccf1df_6.0.22621.3672_none_2713b9d173822955;C:\Program Files\Java\jdk-21\bin\server;C:\Users\hamid\AppData\Local\Temp\lwjglhamid\3.2.3-build-13;C:\WINDOWS\System32\DriverStore\FileRepository\nv_dispig.inf_amd64_0afec3f2050014a0

VM Arguments:
jvm_args: -Ddebugger.agent.enable.coroutines=true -Dkotlinx.coroutines.debug.enable.creation.stack.trace=false -Dkotlinx.coroutines.debug.enable.flows.stack.trace=true -Dkotlinx.coroutines.debug.enable.mutable.state.flows.stack.trace=true -agentlib:jdwp=transport=dt_socket,server=n,suspend=y,address=127.0.0.1:53747 -javaagent:C:\Users\hamid\AppData\Local\JetBrains\IdeaIC2024.3\captureAgent\debugger-agent.jar -Dfile.encoding=UTF-8 -Duser.country=GB -Duser.language=en -Duser.variant 
java_command: Main
java_class_path (initial): C:\Users\hamid\eclipse-workspace\Snake\build\classes\java\main;C:\Users\hamid\eclipse-workspace\Snake\build\resources\main;C:\Users\hamid\.gradle\caches\modules-2\files-2.1\com.google.code.gson\gson\2.8.9\8a432c1d6825781e21a02db2e2c33c5fde2833b9\gson-2.8.9.jar;C:\Users\hamid\.gradle\caches\modules-2\files-2.1\io.github.spair\imgui-java-app\1.81.0\37a0be053a63da53c3628b3d6186ccbd380f7106\imgui-java-app-1.81.0.jar;C:\Users\hamid\.gradle\caches\modules-2\files-2.1\io.github.spair\imgui-java-lwjgl3\1.81.0\6c92680fc6e9951532445ecc35b44f2d4cd82d76\imgui-java-lwjgl3-1.81.0.jar;C:\Users\hamid\.gradle\caches\modules-2\files-2.1\org.lwjgl\lwjgl-assimp\3.2.3\f62aa07a20afbdd3097efc296c4841e0d29700eb\lwjgl-assimp-3.2.3.jar;C:\Users\hamid\.gradle\caches\modules-2\files-2.1\org.lwjgl\lwjgl-assimp\3.2.3\4e60aeb75f0343c4a9ede4ef8b6b32ca702a00a3\lwjgl-assimp-3.2.3-natives-windows.jar;C:\Users\hamid\.gradle\caches\modules-2\files-2.1\org.lwjgl\lwjgl-glfw\3.2.3\5e520d5c290c8b012545a8d34fa5db5ab051ea53\lwjgl-glfw-3.2.3.jar;C:\Users\hamid\.gradle\caches\modules-2\files-2.1\org.lwjgl\lwjgl-glfw\3.2.3\b4d8a3477cdc2edcf7a5f1e822926be846223f54\lwjgl-glfw-3.2.3-natives-windows.jar;C:\Users\hamid\.gradle\caches\modules-2\files-2.1\org.lwjgl\lwjgl-glfw\3.2.3\62b044d9b0a057444bef2ab70b9afc288ec09dba\lwjgl-glfw-3.2.3-natives-linux.jar;C:\Users\hamid\.gradle\caches\modules-2\files-2.1\org.lwjgl\lwjgl-glfw\3.2.3\58661272eacb9116336c88b4aadccf1f17c09b\lwjgl-glfw-3.2.3-natives-macos.jar;C:\Users\hamid\.gradle\caches\modules-2\files-2.1\org.lwjgl\lwjgl-nfd\3.2.3\c44fee1043c022cf6614a28872d44cf114ca7737\lwjgl-nfd-3.2.3.jar;C:\Users\hamid\.gradle\caches\modules-2\files-2.1\org.lwjgl\lwjgl-nfd\3.2.3\32782f5f5c57769efb82af864e70b819c77bc891\lwjgl-nfd-3.2.3-natives-windows.jar;C:\Users\hamid\.gradle\caches\modules-2\files-2.1\org.lwjgl\lwjgl-openal\3.2.3\106742e805803ab9eab8e343f0fb31a3d263903c\lwjgl-openal-3.2.3.jar;C:\Users\hamid\.gradle\caches\modules-2\files-2.1\org.lwjgl\lwjgl-openal\3.2.3\ec898e8ce11b5886f4f532a1536283ef2817758d\lwjgl-openal-3.2.3-natives-windows.jar;C:\Users\hamid\.gradle\caches\modules-2\files-2.1\org.lwjgl\lwjgl-opengl\3.2.3\bdd534a323d0c8f54969b95e424b6ac8984f7d6e\lwjgl-opengl-3.2.3.jar;C:\Users\hamid\.gradle\caches\modules-2\files-2.1\org.lwjgl\lwjgl-opengl\3.2.3\e81cfc73ec8708e5e791ed770e4ec3edfc1bbab1\lwjgl-opengl-3.2.3-natives-windows.jar;C:\Users\hamid\.gradle\caches\modules-2\files-2.1\org.lwjgl\lwjgl-opengl\3.2.3\7f14db5da9aa7951efe88993f519d7d38ad6e46b\lwjgl-opengl-3.2.3-natives-linux.jar;C:\Users\hamid\.gradle\caches\modules-2\files-2.1\org.lwjgl\lwjgl-opengl\3.2.3\efa3326c11336d3e74c9c8aeceb2420328d28e6b\lwjgl-opengl-3.2.3-natives-macos.jar;C:\Users\hamid\.gradle\caches\modules-2\files-2.1\org.lwjgl\lwjgl-stb\3.2.3\40eccaa4fa86fc815f2e17946a392fb5fdcc286a\lwjgl-stb-3.2.3.jar;C:\Users\hamid\.gradle\caches\modules-2\files-2.1\org.lwjgl\lwjgl-stb\3.2.3\817b21ec286f0ba3dcedb56a3bd275e6a9345be9\lwjgl-stb-3.2.3-natives-windows.jar;C:\Users\hamid\.gradle\caches\modules-2\files-2.1\org.lwjgl\lwjgl\3.2.3\17a59ba0fe8d474ec9dbe0d5db40d2cfe59c4c08\lwjgl-3.2.3.jar;C:\Users\hamid\.gradle\caches\modules-2\files-2.1\org.lwjgl\lwjgl\3.2.3\27f32cd35349684745951e04388e8e00d681cdcd\lwjgl-3.2.3-natives-windows.jar;C:\Users\hamid\.gradle\caches\modules-2\files-2.1\org.lwjgl\lwjgl\3.2.3\3d9d36c93446c7a1c90bc7aec8fa89c7988bf82b\lwjgl-3.2.3-natives-linux.jar;C:\Users\hamid\.gradle\caches\modules-2\files-2.1\org.lwjgl\lwjgl\3.2.3\35f506c5d368017a3cc5590da3d6d3a0760fb606\lwjgl-3.2.3-natives-macos.jar;C:\Users\hamid\.gradle\caches\modules-2\files-2.1\org.joml\joml\1.9.23\2fe75c084b2c8b82dbf7106f46b9cdc444785acf\joml-1.9.23.jar;C:\Users\hamid\.gradle\caches\modules-2\files-2.1\io.github.spair\imgui-java-binding\1.81.0\aa24c1101600b47d2f562ad3c8987b14e79e5d0d\imgui-java-binding-1.81.0.jar
Launcher Type: SUN_STANDARD

[Global flags]
     intx CICompilerCount                          = 12                                        {product} {ergonomic}
     uint ConcGCThreads                            = 3                                         {product} {ergonomic}
     uint G1ConcRefinementThreads                  = 13                                        {product} {ergonomic}
   size_t G1HeapRegionSize                         = 2097152                                   {product} {ergonomic}
    uintx GCDrainStackTargetSize                   = 64                                        {product} {ergonomic}
   size_t InitialHeapSize                          = 268435456                                 {product} {ergonomic}
   size_t MarkStackSize                            = 4194304                                   {product} {ergonomic}
   size_t MaxHeapSize                              = 4273995776                                {product} {ergonomic}
   size_t MaxNewSize                               = 2562719744                                {product} {ergonomic}
   size_t MinHeapDeltaBytes                        = 2097152                                   {product} {ergonomic}
   size_t MinHeapSize                              = 8388608                                   {product} {ergonomic}
    uintx NonNMethodCodeHeapSize                   = 7602480                                {pd product} {ergonomic}
    uintx NonProfiledCodeHeapSize                  = 122027880                              {pd product} {ergonomic}
    uintx ProfiledCodeHeapSize                     = 122027880                              {pd product} {ergonomic}
    uintx ReservedCodeCacheSize                    = 251658240                              {pd product} {ergonomic}
     bool SegmentedCodeCache                       = true                                      {product} {ergonomic}
   size_t SoftMaxHeapSize                          = 4273995776                             {manageable} {ergonomic}
     bool UseCompressedOops                        = true                           {product lp64_product} {ergonomic}
     bool UseG1GC                                  = true                                      {product} {ergonomic}
     bool UseLargePagesIndividualAllocation        = false                                  {pd product} {ergonomic}

Logging:
Log output configuration:
 #0: stdout all=warning uptime,level,tags foldmultilines=false
 #1: stderr all=off uptime,level,tags foldmultilines=false

Environment Variables:
JAVA_HOME=C:\Users\hamid\Java\graalvm-jdk-21.0.5+9.1
PATH=C:\Users\hamid\Java\graalvm-jdk-21.0.5+9.1\bin;C:\Program Files\Common Files\Oracle\Java\javapath;C:\ProgramData\Oracle\Java\javapath;C:\Program Files (x86)\Common Files\Oracle\Java\java8path;C:\Program Files (x86)\Common Files\Intel\Shared Libraries\redist\intel64_win\compiler;C:\WINDOWS\system32;C:\WINDOWS;C:\WINDOWS\System32\Wbem;C:\WINDOWS\System32\WindowsPowerShell\v1.0\;C:\WINDOWS\System32\OpenSSH\;C:\Program Files (x86)\NVIDIA Corporation\PhysX\Common;C:\WINDOWS\system32;C:\WINDOWS;C:\WINDOWS\System32\Wbem;C:\WINDOWS\System32\WindowsPowerShell\v1.0\;C:\WINDOWS\System32\OpenSSH\;C:\Program Files\NVIDIA Corporation\NVIDIA NvDLISR;C:\Program Files\Microsoft SQL Server\150\Tools\Binn\;C:\Program Files\nodejs\;C:\Users\hamid\AppData\Local\Programs\Python\Python310\Scripts\;C:\ProgramData\chocolatey\bin;C:\Program Files\Java\jdk-1.21;C:\Users\hamid\AppData\Local\Microsoft\WindowsApps;C:\Users\hamid\AppData\Local\Microsoft\WindowsApps;C:\Users\hamid\AppData\Local\Programs\Microsoft VS Code\bin;C:\Users\hamid\;C:\Program Files\playit_gg\bin\;C:\Program Files\Git\cmd;C:\Program Files\dotnet\;C:\Program Files\CMake\bin;C:\Program Files (x86)\Windows Kits\10\Windows Performance Toolkit\;C:\GL\GLEWbin\bin\Release\Win32;C:\Users\hamid\.cargo\bin;C:\Users\hamid\AppData\Local\Microsoft\WindowsApps;C:\Users\hamid\AppData\Local\Microsoft\WindowsApps;C:\Users\hamid\AppData\Local\Programs\Microsoft VS Code\bin;C:\Users\hamid\AppData\Roaming\npm;C:\Users\hamid\AppData\Local\GitHubDesktop\bin;C:\MinGW\bin;C:\Users\hamid\OneDrive\Documents\Work\Java programs\jadnt158g;C:\Program Files\JetBrains\IntelliJ IDEA Community Edition 2024.3.1.1\bin;;C:\Program Files\JetBrains\CLion 2024.3.1.1\bin;;C:\Users\hamid\OneDrive\Documents\Work\premake5;C:\Users\hamid\Downloads\NoodleScript;C:\Users\hamid\.dotnet\tools;C:\Program Files (x86)\Jar2Exe Wizard\
USERNAME=hamid
OS=Windows_NT
PROCESSOR_IDENTIFIER=Intel64 Family 6 Model 165 Stepping 5, GenuineIntel
TMP=C:\Users\hamid\AppData\Local\Temp
TEMP=C:\Users\hamid\AppData\Local\Temp




Periodic native trim disabled

---------------  S Y S T E M  ---------------

OS:
 Windows 11 , 64 bit Build 22621 (10.0.22621.3958)
OS uptime: 3 days 14:55 hours
Hyper-V role detected

CPU: total 16 (initial active 16) (8 cores per cpu, 2 threads per core) family 6 model 165 stepping 5 microcode 0xe0, cx8, cmov, fxsr, ht, mmx, 3dnowpref, sse, sse2, sse3, ssse3, sse4.1, sse4.2, popcnt, lzcnt, tsc, tscinvbit, avx, avx2, aes, erms, clmul, bmi1, bmi2, adx, fma, vzeroupper, clflush, clflushopt, hv, rdtscp, f16c
Processor Information for all 16 processors :
  Max Mhz: 3801, Current Mhz: 3801, Mhz Limit: 3801

Memory: 4k page, system-wide physical 16303M (5420M free)
TotalPageFile size 18735M (AvailPageFile size 6445M)
current process WorkingSet (physical memory assigned to process): 138M, peak: 139M
current process commit charge ("private bytes"): 538M, peak: 539M

vm_info: Java HotSpot(TM) 64-Bit Server VM (21.0.5+9-LTS-239) for windows-amd64 JRE (21.0.5+9-LTS-239), built on 2024-09-30T05:17:38Z by "mach5one" with MS VC++ 17.6 (VS2022)

END.
