#
# A fatal error has been detected by the Java Runtime Environment:
#
#  EXCEPTION_ACCESS_VIOLATION (0xc0000005) at pc=0x00007ff831796918, pid=25408, tid=12448
#
# JRE version: Java(TM) SE Runtime Environment (21.0.5+9) (build 21.0.5+9-LTS-239)
# Java VM: Java HotSpot(TM) 64-Bit Server VM (21.0.5+9-LTS-239, mixed mode, sharing, tiered, compressed oops, compressed class ptrs, g1 gc, windows-amd64)
# Problematic frame:
# C  [jdwp.dll+0x26918]
#
# No core dump will be written. Minidumps are not enabled by default on client versions of Windows
#
# If you would like to submit a bug report, please visit:
#   https://bugreport.java.com/bugreport/crash.jsp
# The crash happened outside the Java Virtual Machine in native code.
# See problematic frame for where to report the bug.
#

---------------  S U M M A R Y ------------

Command Line: -Ddebugger.agent.enable.coroutines=true -Dkotlinx.coroutines.debug.enable.creation.stack.trace=false -Dkotlinx.coroutines.debug.enable.flows.stack.trace=true -Dkotlinx.coroutines.debug.enable.mutable.state.flows.stack.trace=true -agentlib:jdwp=transport=dt_socket,server=n,suspend=y,address=127.0.0.1:54080 -javaagent:C:\Users\hamid\AppData\Local\JetBrains\IdeaIC2024.3\captureAgent\debugger-agent.jar -Dfile.encoding=UTF-8 -Duser.country=GB -Duser.language=en -Duser.variant Main -Xlint

Host: Intel(R) Core(TM) i7-10700K CPU @ 3.80GHz, 16 cores, 15G,  Windows 11 , 64 bit Build 22621 (10.0.22621.3958)
Time: Mon Feb 17 09:45:54 2025 Arab Standard Time elapsed time: 1.124241 seconds (0d 0h 0m 1s)

---------------  T H R E A D  ---------------

Current thread (0x000001e18ffcd0a0):  JavaThread "main"             [_thread_in_native, id=12448, stack(0x00000089b1700000,0x00000089b1800000) (1024K)]

Stack: [0x00000089b1700000,0x00000089b1800000],  sp=0x00000089b17fe9d8,  free space=1018k
Native frames: (J=compiled Java code, j=interpreted, Vv=VM code, C=native code)
C  [jdwp.dll+0x26918]

Java frames: (J=compiled Java code, j=interpreted, Vv=VM code)
j  org.lwjgl.opengl.GL11.glGetIntegerv(I[I)V+2
j  jade.Window.init()V+168
j  jade.Window.run(Ljade/Scene;)V+15
j  Main.main([Ljava/lang/String;)V+10
v  ~StubRoutines::call_stub 0x000001e1a1ae100d

siginfo: EXCEPTION_ACCESS_VIOLATION (0xc0000005), reading address 0xffffffffffffffff


Registers:
RAX=0x000001e1fc2d4f30, RBX=0x000001e1b1e48a40, RCX=0x000001e18ffcd458, RDX=0x000001e1b1e48a40
RSP=0x00000089b17fe9d8, RBP=0x0000000000000002, RSI=0x00000089b17fea80, RDI=0x000001e18ffcd458
R8 =0x0000000000010002, R9 =0x0000000000000000, R10=0x00007ff800ed0000, R11=0x00000089b17fe9a8
R12=0x0000000000000007, R13=0x000001e1b1e48a40, R14=0x00007ff8317a0400, R15=0x0000000000000000
RIP=0x00007ff831796918, EFLAGS=0x0000000000010202


Register to memory mapping:

RAX=0x000001e1fc2d4f30 points into unknown readable memory: 0x0000000000000000 | 00 00 00 00 00 00 00 00
RBX=0x000001e1b1e48a40 points into unknown readable memory: 0x000000070fc45540 | 40 55 c4 0f 07 00 00 00
RCX=0x000001e18ffcd458 points into unknown readable memory: 0x000001e1fc2d4f30 | 30 4f 2d fc e1 01 00 00
RDX=0x000001e1b1e48a40 points into unknown readable memory: 0x000000070fc45540 | 40 55 c4 0f 07 00 00 00
RSP=0x00000089b17fe9d8 is pointing into the stack for thread: 0x000001e18ffcd0a0
RBP=0x0000000000000002 is an unknown value
RSI=0x00000089b17fea80 is pointing into the stack for thread: 0x000001e18ffcd0a0
RDI=0x000001e18ffcd458 points into unknown readable memory: 0x000001e1fc2d4f30 | 30 4f 2d fc e1 01 00 00
R8 =0x0000000000010002 is an unknown value
R9 =0x0 is null
R10=0x00007ff800ed0000 VCRUNTIME140.dll
R11=0x00000089b17fe9a8 is pointing into the stack for thread: 0x000001e18ffcd0a0
R12=0x0000000000000007 is an unknown value
R13=0x000001e1b1e48a40 points into unknown readable memory: 0x000000070fc45540 | 40 55 c4 0f 07 00 00 00
R14=0x00007ff8317a0400 jdwp.dll
R15=0x0 is null

Top of Stack: (sp=0x00000089b17fe9d8)
0x00000089b17fe9d8:   00007ff8317861bf 000001e1b1e48a40
0x00000089b17fe9e8:   00000089b17fea80 0000000000000000
0x00000089b17fe9f8:   0000000000000000 000001e1f74fe4a8
0x00000089b17fea08:   0000000000000020 000001e18ffa3840
0x00000089b17fea18:   00007ff8317a0428 000001e18ffcd670
0x00000089b17fea28:   00007ff83178283f 000001e1b1e48a40
0x00000089b17fea38:   0000000000000002 000001e18ffcd458
0x00000089b17fea48:   000001e1b1e48a48 000001e1f7150100
0x00000089b17fea58:   00007fffbe7758e5 000001e1f71e4768
0x00000089b17fea68:   000001e1f7150100 0000000000000000
0x00000089b17fea78:   00007fffbec0e7e0 0000000000000007
0x00000089b17fea88:   000001e1b1e48a40 0000000000000000
0x00000089b17fea98:   000001e1b1e48a48 0000000000000000
0x00000089b17feaa8:   0000000000000000 0000000000000000
0x00000089b17feab8:   0000000000000000 0000000000000000
0x00000089b17feac8:   0000000000000000 0000000000000000
0x00000089b17fead8:   000001e18ffcd670 000001e1b3094cc8
0x00000089b17feae8:   00007fffbea68cb7 000001e1b1e48a48
0x00000089b17feaf8:   000001e1f7294f60 000001e18ffcd0a0
0x00000089b17feb08:   00000000000003d8 0000000000000000
0x00000089b17feb18:   000001e192216600 00000089b17fec90
0x00000089b17feb28:   0000000000000005 000001e192218b08
0x00000089b17feb38:   00007fffbe773982 00008ce70ffdffd3
0x00000089b17feb48:   000001e1b2613ea0 000001e18ffb7e50
0x00000089b17feb58:   000001e192218720 000001e192218730
0x00000089b17feb68:   000001e192218b08 00000000000003d8
0x00000089b17feb78:   000001e18ffcd0a0 000001e18ffcd0a0
0x00000089b17feb88:   000001e18ffb7f10 000001e192218b10
0x00000089b17feb98:   000001e192218b38 000001e192218bf8
0x00000089b17feba8:   00000000000000d8 00000089b17febc0
0x00000089b17febb8:   00007fffbeb79ca3 000001e18ffcd0a0
0x00000089b17febc8:   000001e18ffb7f10 000001e192218b10 

Instructions: (pc=0x00007ff831796918)
0x00007ff831796818:   05 e3 08 01 00 48 8b 03 48 8b d7 4d 8b 40 30 48
0x00007ff831796828:   8b cb 48 8b 5c 24 30 48 83 c4 20 5f 48 ff a0 00
0x00007ff831796838:   01 00 00 cc 48 89 5c 24 08 57 48 83 ec 20 48 8b
0x00007ff831796848:   f9 e8 f2 ea ff ff 4c 8b 05 ab 08 01 00 48 8b d8
0x00007ff831796858:   41 f6 80 10 02 00 00 02 74 33 41 b8 20 06 00 00
0x00007ff831796868:   48 8d 15 19 c4 00 00 48 8d 0d 8e 5b 00 00 e8 d9
0x00007ff831796878:   48 ff ff 48 8d 15 56 9a 00 00 48 8d 0d 8f 5b 00
0x00007ff831796888:   00 e8 6e 49 ff ff 4c 8b 05 6b 08 01 00 48 8b 03
0x00007ff831796898:   48 8b d7 4d 8b 40 38 48 8b cb 48 8b 5c 24 30 48
0x00007ff8317968a8:   83 c4 20 5f 48 ff a0 00 01 00 00 cc 48 89 5c 24
0x00007ff8317968b8:   08 57 48 83 ec 20 48 8b f9 e8 7a ea ff ff 48 8b
0x00007ff8317968c8:   15 33 08 01 00 48 8b d8 f6 82 10 02 00 00 02 74
0x00007ff8317968d8:   2c 41 b8 12 06 00 00 48 8d 15 a2 c3 00 00 48 8d
0x00007ff8317968e8:   0d 17 5b 00 00 e8 62 48 ff ff 48 8d 15 f7 6b 00
0x00007ff8317968f8:   00 48 8d 0d 18 5b 00 00 e8 f7 48 ff ff 48 8b 03
0x00007ff831796908:   48 8b d7 48 8b cb 48 8b 5c 24 30 48 83 c4 20 5f
0x00007ff831796918:   48 ff a0 50 07 00 00 cc 48 89 5c 24 08 48 89 74
0x00007ff831796928:   24 10 48 89 7c 24 18 41 56 48 83 ec 20 4c 63 f2
0x00007ff831796938:   49 8b d8 48 8b d1 41 8b f9 48 8b cb 4d 8d 46 ff
0x00007ff831796948:   ff 15 22 59 00 00 85 c0 75 3c 41 0f be 44 1e ff
0x00007ff831796958:   3b c7 75 32 49 03 de eb 10 0f be c8 ff 15 f6 58
0x00007ff831796968:   00 00 85 c0 74 09 48 ff c3 8a 03 84 c0 75 ea 80
0x00007ff831796978:   3b 3b 74 12 8b d7 48 8b cb e8 2c 4b 00 00 48 85
0x00007ff831796988:   c0 0f 94 c0 eb 02 32 c0 48 8b 5c 24 30 48 8b 74
0x00007ff831796998:   24 38 48 8b 7c 24 40 48 83 c4 20 41 5e c3 cc cc
0x00007ff8317969a8:   0f b6 d1 83 fa 1e 0f 87 83 00 00 00 74 7b 83 fa
0x00007ff8317969b8:   07 77 41 74 39 83 ea 01 74 2e 83 ea 01 74 23 83
0x00007ff8317969c8:   ea 01 74 18 83 ea 01 74 0d 83 fa 02 0f 85 8a 00
0x00007ff8317969d8:   00 00 8d 42 03 c3 b8 04 00 00 00 c3 b8 03 00 00
0x00007ff8317969e8:   00 c3 b8 02 00 00 00 c3 b8 01 00 00 00 c3 b8 06
0x00007ff8317969f8:   00 00 00 c3 b8 08 00 00 00 2b d0 74 26 83 ea 01
0x00007ff831796a08:   0f 84 88 00 00 00 83 ea 01 74 12 b8 0a 00 00 00 


Stack slot to memory mapping:

stack at sp + 0 slots: 0x00007ff8317861bf jdwp.dll
stack at sp + 1 slots: 0x000001e1b1e48a40 points into unknown readable memory: 0x000000070fc45540 | 40 55 c4 0f 07 00 00 00
stack at sp + 2 slots: 0x00000089b17fea80 is pointing into the stack for thread: 0x000001e18ffcd0a0
stack at sp + 3 slots: 0x0 is null
stack at sp + 4 slots: 0x0 is null
stack at sp + 5 slots: 0x000001e1f74fe4a8 points into unknown readable memory: 0x000001e18ffa37d0 | d0 37 fa 8f e1 01 00 00
stack at sp + 6 slots: 0x0000000000000020 is an unknown value
stack at sp + 7 slots: 0x000001e18ffa3840 points into unknown readable memory: 0x8000001200000001 | 01 00 00 00 12 00 00 80


---------------  P R O C E S S  ---------------

Threads class SMR info:
_java_thread_list=0x000001e1fc86e3c0, length=19, elements={
0x000001e18ffcd0a0, 0x000001e1b1e621b0, 0x000001e1b1e63190, 0x000001e1b1e69180,
0x000001e1b1e6c230, 0x000001e1b1e69e30, 0x000001e1b1e77ba0, 0x000001e1b1e7d200,
0x000001e1b1e7e0a0, 0x000001e1f71cf390, 0x000001e1b1e75ad0, 0x000001e1f7270fe0,
0x000001e1f72ec720, 0x000001e1f72eee70, 0x000001e1f72ef4f0, 0x000001e1b1e767f0,
0x000001e1fc54db40, 0x000001e1fc8d2d80, 0x000001e1fc8d3420
}

Java Threads: ( => current thread )
=>0x000001e18ffcd0a0 JavaThread "main"                              [_thread_in_native, id=12448, stack(0x00000089b1700000,0x00000089b1800000) (1024K)]
  0x000001e1b1e621b0 JavaThread "Reference Handler"          daemon [_thread_blocked, id=5588, stack(0x00000089b1f00000,0x00000089b2000000) (1024K)]
  0x000001e1b1e63190 JavaThread "Finalizer"                  daemon [_thread_blocked, id=24376, stack(0x00000089b2000000,0x00000089b2100000) (1024K)]
  0x000001e1b1e69180 JavaThread "Signal Dispatcher"          daemon [_thread_blocked, id=20852, stack(0x00000089b2100000,0x00000089b2200000) (1024K)]
  0x000001e1b1e6c230 JavaThread "Attach Listener"            daemon [_thread_blocked, id=19296, stack(0x00000089b2200000,0x00000089b2300000) (1024K)]
  0x000001e1b1e69e30 JavaThread "Service Thread"             daemon [_thread_blocked, id=14500, stack(0x00000089b2300000,0x00000089b2400000) (1024K)]
  0x000001e1b1e77ba0 JavaThread "Monitor Deflation Thread"   daemon [_thread_blocked, id=2424, stack(0x00000089b2400000,0x00000089b2500000) (1024K)]
  0x000001e1b1e7d200 JavaThread "C2 CompilerThread0"         daemon [_thread_blocked, id=25588, stack(0x00000089b2500000,0x00000089b2600000) (1024K)]
  0x000001e1b1e7e0a0 JavaThread "C1 CompilerThread0"         daemon [_thread_blocked, id=1872, stack(0x00000089b2600000,0x00000089b2700000) (1024K)]
  0x000001e1f71cf390 JavaThread "C1 CompilerThread1"         daemon [_thread_blocked, id=7748, stack(0x00000089b2700000,0x00000089b2800000) (1024K)]
  0x000001e1b1e75ad0 JavaThread "Common-Cleaner"             daemon [_thread_blocked, id=18656, stack(0x00000089b2800000,0x00000089b2900000) (1024K)]
  0x000001e1f7270fe0 JavaThread "C1 CompilerThread2"         daemon [_thread_blocked, id=23424, stack(0x00000089b2900000,0x00000089b2a00000) (1024K)]
  0x000001e1f72ec720 JavaThread "JDWP Transport Listener: dt_socket" daemon [_thread_blocked, id=16340, stack(0x00000089b2b00000,0x00000089b2c00000) (1024K)]
  0x000001e1f72eee70 JavaThread "JDWP Event Helper Thread"   daemon [_thread_blocked, id=20132, stack(0x00000089b2c00000,0x00000089b2d00000) (1024K)]
  0x000001e1f72ef4f0 JavaThread "JDWP Command Reader"        daemon [_thread_in_native, id=2808, stack(0x00000089b2d00000,0x00000089b2e00000) (1024K)]
  0x000001e1b1e767f0 JavaThread "Notification Thread"        daemon [_thread_blocked, id=10352, stack(0x00000089b2e00000,0x00000089b2f00000) (1024K)]
  0x000001e1fc54db40 JavaThread "C1 CompilerThread3"         daemon [_thread_blocked, id=21876, stack(0x00000089b2a00000,0x00000089b2b00000) (1024K)]
  0x000001e1fc8d2d80 JavaThread "C2 CompilerThread1"         daemon [_thread_blocked, id=22672, stack(0x00000089b4200000,0x00000089b4300000) (1024K)]
  0x000001e1fc8d3420 JavaThread "C2 CompilerThread2"         daemon [_thread_blocked, id=18724, stack(0x00000089b4300000,0x00000089b4400000) (1024K)]
Total: 19

Other Threads:
  0x000001e1b1e47230 VMThread "VM Thread"                           [id=3976, stack(0x00000089b1e00000,0x00000089b1f00000) (1024K)]
  0x000001e1b1e38b90 WatcherThread "VM Periodic Task Thread"        [id=1972, stack(0x00000089b1d00000,0x00000089b1e00000) (1024K)]
  0x000001e192283ff0 WorkerThread "GC Thread#0"                     [id=24904, stack(0x00000089b1800000,0x00000089b1900000) (1024K)]
  0x000001e1fc22e240 WorkerThread "GC Thread#1"                     [id=22240, stack(0x00000089b3600000,0x00000089b3700000) (1024K)]
  0x000001e1fc603ed0 WorkerThread "GC Thread#2"                     [id=13224, stack(0x00000089b3700000,0x00000089b3800000) (1024K)]
  0x000001e1fc553510 WorkerThread "GC Thread#3"                     [id=9076, stack(0x00000089b3800000,0x00000089b3900000) (1024K)]
  0x000001e1fc5538b0 WorkerThread "GC Thread#4"                     [id=8228, stack(0x00000089b3900000,0x00000089b3a00000) (1024K)]
  0x000001e1fc88a430 WorkerThread "GC Thread#5"                     [id=21532, stack(0x00000089b3a00000,0x00000089b3b00000) (1024K)]
  0x000001e1fc8d4320 WorkerThread "GC Thread#6"                     [id=10932, stack(0x00000089b3b00000,0x00000089b3c00000) (1024K)]
  0x000001e1fc8d46c0 WorkerThread "GC Thread#7"                     [id=17112, stack(0x00000089b3c00000,0x00000089b3d00000) (1024K)]
  0x000001e1fc8d1a20 WorkerThread "GC Thread#8"                     [id=22916, stack(0x00000089b3d00000,0x00000089b3e00000) (1024K)]
  0x000001e1fc8d21d0 WorkerThread "GC Thread#9"                     [id=25104, stack(0x00000089b3e00000,0x00000089b3f00000) (1024K)]
  0x000001e1fc8d7920 WorkerThread "GC Thread#10"                    [id=20900, stack(0x00000089b3f00000,0x00000089b4000000) (1024K)]
  0x000001e1fc8dbd20 WorkerThread "GC Thread#11"                    [id=12620, stack(0x00000089b4000000,0x00000089b4100000) (1024K)]
  0x000001e1fc8dc0c0 WorkerThread "GC Thread#12"                    [id=15476, stack(0x00000089b4100000,0x00000089b4200000) (1024K)]
  0x000001e192295110 ConcurrentGCThread "G1 Main Marker"            [id=11760, stack(0x00000089b1900000,0x00000089b1a00000) (1024K)]
  0x000001e192295c10 WorkerThread "G1 Conc#0"                       [id=1500, stack(0x00000089b1a00000,0x00000089b1b00000) (1024K)]
  0x000001e1b1cfb790 ConcurrentGCThread "G1 Refine#0"               [id=22392, stack(0x00000089b1b00000,0x00000089b1c00000) (1024K)]
  0x000001e1b1cfc300 ConcurrentGCThread "G1 Service"                [id=21148, stack(0x00000089b1c00000,0x00000089b1d00000) (1024K)]
Total: 19

Threads with active compile tasks:
Total: 0

VM state: not at safepoint (normal execution)

VM Mutex/Monitor currently owned by a thread: None

Heap address: 0x0000000701400000, size: 4076 MB, Compressed Oops mode: Zero based, Oop shift amount: 3

CDS archive(s) mapped at: [0x000001e1b2000000-0x000001e1b2c90000-0x000001e1b2c90000), size 13172736, SharedBaseAddress: 0x000001e1b2000000, ArchiveRelocationMode: 1.
Compressed class space mapped at: 0x000001e1b3000000-0x000001e1f3000000, reserved size: 1073741824
Narrow klass base: 0x000001e1b2000000, Narrow klass shift: 0, Narrow klass range: 0x100000000

GC Precious Log:
 CardTable entry size: 512
 Card Set container configuration: InlinePtr #cards 4 size 8 Array Of Cards #cards 16 size 48 Howl #buckets 8 coarsen threshold 3686 Howl Bitmap #cards 512 size 80 coarsen threshold 460 Card regions per heap region 1 cards per card region 4096
 CPUs: 16 total, 16 available
 Memory: 16303M
 Large Page Support: Disabled
 NUMA Support: Disabled
 Compressed Oops: Enabled (Zero based)
 Heap Region Size: 2M
 Heap Min Capacity: 8M
 Heap Initial Capacity: 256M
 Heap Max Capacity: 4076M
 Pre-touch: Disabled
 Parallel Workers: 13
 Concurrent Workers: 3
 Concurrent Refinement Workers: 13
 Periodic GC: Disabled

Heap:
 garbage-first heap   total 262144K, used 3157K [0x0000000701400000, 0x0000000800000000)
  region size 2048K, 3 young (6144K), 2 survivors (4096K)
 Metaspace       used 8753K, committed 8960K, reserved 1114112K
  class space    used 537K, committed 640K, reserved 1048576K

Heap Regions: E=young(eden), S=young(survivor), O=old, HS=humongous(starts), HC=humongous(continues), CS=collection set, F=free, TAMS=top-at-mark-start, PB=parsable bottom
|   0|0x0000000701400000, 0x0000000701400000, 0x0000000701600000|  0%| F|  |TAMS 0x0000000701400000| PB 0x0000000701400000| Untracked 
|   1|0x0000000701600000, 0x0000000701600000, 0x0000000701800000|  0%| F|  |TAMS 0x0000000701600000| PB 0x0000000701600000| Untracked 
|   2|0x0000000701800000, 0x0000000701800000, 0x0000000701a00000|  0%| F|  |TAMS 0x0000000701800000| PB 0x0000000701800000| Untracked 
|   3|0x0000000701a00000, 0x0000000701a00000, 0x0000000701c00000|  0%| F|  |TAMS 0x0000000701a00000| PB 0x0000000701a00000| Untracked 
|   4|0x0000000701c00000, 0x0000000701c00000, 0x0000000701e00000|  0%| F|  |TAMS 0x0000000701c00000| PB 0x0000000701c00000| Untracked 
|   5|0x0000000701e00000, 0x0000000701e00000, 0x0000000702000000|  0%| F|  |TAMS 0x0000000701e00000| PB 0x0000000701e00000| Untracked 
|   6|0x0000000702000000, 0x0000000702000000, 0x0000000702200000|  0%| F|  |TAMS 0x0000000702000000| PB 0x0000000702000000| Untracked 
|   7|0x0000000702200000, 0x0000000702200000, 0x0000000702400000|  0%| F|  |TAMS 0x0000000702200000| PB 0x0000000702200000| Untracked 
|   8|0x0000000702400000, 0x0000000702400000, 0x0000000702600000|  0%| F|  |TAMS 0x0000000702400000| PB 0x0000000702400000| Untracked 
|   9|0x0000000702600000, 0x0000000702600000, 0x0000000702800000|  0%| F|  |TAMS 0x0000000702600000| PB 0x0000000702600000| Untracked 
|  10|0x0000000702800000, 0x0000000702800000, 0x0000000702a00000|  0%| F|  |TAMS 0x0000000702800000| PB 0x0000000702800000| Untracked 
|  11|0x0000000702a00000, 0x0000000702a00000, 0x0000000702c00000|  0%| F|  |TAMS 0x0000000702a00000| PB 0x0000000702a00000| Untracked 
|  12|0x0000000702c00000, 0x0000000702c00000, 0x0000000702e00000|  0%| F|  |TAMS 0x0000000702c00000| PB 0x0000000702c00000| Untracked 
|  13|0x0000000702e00000, 0x0000000702e00000, 0x0000000703000000|  0%| F|  |TAMS 0x0000000702e00000| PB 0x0000000702e00000| Untracked 
|  14|0x0000000703000000, 0x0000000703000000, 0x0000000703200000|  0%| F|  |TAMS 0x0000000703000000| PB 0x0000000703000000| Untracked 
|  15|0x0000000703200000, 0x0000000703200000, 0x0000000703400000|  0%| F|  |TAMS 0x0000000703200000| PB 0x0000000703200000| Untracked 
|  16|0x0000000703400000, 0x0000000703400000, 0x0000000703600000|  0%| F|  |TAMS 0x0000000703400000| PB 0x0000000703400000| Untracked 
|  17|0x0000000703600000, 0x0000000703600000, 0x0000000703800000|  0%| F|  |TAMS 0x0000000703600000| PB 0x0000000703600000| Untracked 
|  18|0x0000000703800000, 0x0000000703800000, 0x0000000703a00000|  0%| F|  |TAMS 0x0000000703800000| PB 0x0000000703800000| Untracked 
|  19|0x0000000703a00000, 0x0000000703a00000, 0x0000000703c00000|  0%| F|  |TAMS 0x0000000703a00000| PB 0x0000000703a00000| Untracked 
|  20|0x0000000703c00000, 0x0000000703c00000, 0x0000000703e00000|  0%| F|  |TAMS 0x0000000703c00000| PB 0x0000000703c00000| Untracked 
|  21|0x0000000703e00000, 0x0000000703e00000, 0x0000000704000000|  0%| F|  |TAMS 0x0000000703e00000| PB 0x0000000703e00000| Untracked 
|  22|0x0000000704000000, 0x0000000704000000, 0x0000000704200000|  0%| F|  |TAMS 0x0000000704000000| PB 0x0000000704000000| Untracked 
|  23|0x0000000704200000, 0x0000000704200000, 0x0000000704400000|  0%| F|  |TAMS 0x0000000704200000| PB 0x0000000704200000| Untracked 
|  24|0x0000000704400000, 0x0000000704400000, 0x0000000704600000|  0%| F|  |TAMS 0x0000000704400000| PB 0x0000000704400000| Untracked 
|  25|0x0000000704600000, 0x0000000704600000, 0x0000000704800000|  0%| F|  |TAMS 0x0000000704600000| PB 0x0000000704600000| Untracked 
|  26|0x0000000704800000, 0x0000000704800000, 0x0000000704a00000|  0%| F|  |TAMS 0x0000000704800000| PB 0x0000000704800000| Untracked 
|  27|0x0000000704a00000, 0x0000000704a00000, 0x0000000704c00000|  0%| F|  |TAMS 0x0000000704a00000| PB 0x0000000704a00000| Untracked 
|  28|0x0000000704c00000, 0x0000000704c00000, 0x0000000704e00000|  0%| F|  |TAMS 0x0000000704c00000| PB 0x0000000704c00000| Untracked 
|  29|0x0000000704e00000, 0x0000000704e00000, 0x0000000705000000|  0%| F|  |TAMS 0x0000000704e00000| PB 0x0000000704e00000| Untracked 
|  30|0x0000000705000000, 0x0000000705000000, 0x0000000705200000|  0%| F|  |TAMS 0x0000000705000000| PB 0x0000000705000000| Untracked 
|  31|0x0000000705200000, 0x0000000705200000, 0x0000000705400000|  0%| F|  |TAMS 0x0000000705200000| PB 0x0000000705200000| Untracked 
|  32|0x0000000705400000, 0x0000000705400000, 0x0000000705600000|  0%| F|  |TAMS 0x0000000705400000| PB 0x0000000705400000| Untracked 
|  33|0x0000000705600000, 0x0000000705600000, 0x0000000705800000|  0%| F|  |TAMS 0x0000000705600000| PB 0x0000000705600000| Untracked 
|  34|0x0000000705800000, 0x0000000705800000, 0x0000000705a00000|  0%| F|  |TAMS 0x0000000705800000| PB 0x0000000705800000| Untracked 
|  35|0x0000000705a00000, 0x0000000705a00000, 0x0000000705c00000|  0%| F|  |TAMS 0x0000000705a00000| PB 0x0000000705a00000| Untracked 
|  36|0x0000000705c00000, 0x0000000705c00000, 0x0000000705e00000|  0%| F|  |TAMS 0x0000000705c00000| PB 0x0000000705c00000| Untracked 
|  37|0x0000000705e00000, 0x0000000705e00000, 0x0000000706000000|  0%| F|  |TAMS 0x0000000705e00000| PB 0x0000000705e00000| Untracked 
|  38|0x0000000706000000, 0x0000000706000000, 0x0000000706200000|  0%| F|  |TAMS 0x0000000706000000| PB 0x0000000706000000| Untracked 
|  39|0x0000000706200000, 0x0000000706200000, 0x0000000706400000|  0%| F|  |TAMS 0x0000000706200000| PB 0x0000000706200000| Untracked 
|  40|0x0000000706400000, 0x0000000706400000, 0x0000000706600000|  0%| F|  |TAMS 0x0000000706400000| PB 0x0000000706400000| Untracked 
|  41|0x0000000706600000, 0x0000000706600000, 0x0000000706800000|  0%| F|  |TAMS 0x0000000706600000| PB 0x0000000706600000| Untracked 
|  42|0x0000000706800000, 0x0000000706800000, 0x0000000706a00000|  0%| F|  |TAMS 0x0000000706800000| PB 0x0000000706800000| Untracked 
|  43|0x0000000706a00000, 0x0000000706a00000, 0x0000000706c00000|  0%| F|  |TAMS 0x0000000706a00000| PB 0x0000000706a00000| Untracked 
|  44|0x0000000706c00000, 0x0000000706c00000, 0x0000000706e00000|  0%| F|  |TAMS 0x0000000706c00000| PB 0x0000000706c00000| Untracked 
|  45|0x0000000706e00000, 0x0000000706e00000, 0x0000000707000000|  0%| F|  |TAMS 0x0000000706e00000| PB 0x0000000706e00000| Untracked 
|  46|0x0000000707000000, 0x0000000707000000, 0x0000000707200000|  0%| F|  |TAMS 0x0000000707000000| PB 0x0000000707000000| Untracked 
|  47|0x0000000707200000, 0x0000000707200000, 0x0000000707400000|  0%| F|  |TAMS 0x0000000707200000| PB 0x0000000707200000| Untracked 
|  48|0x0000000707400000, 0x0000000707400000, 0x0000000707600000|  0%| F|  |TAMS 0x0000000707400000| PB 0x0000000707400000| Untracked 
|  49|0x0000000707600000, 0x0000000707600000, 0x0000000707800000|  0%| F|  |TAMS 0x0000000707600000| PB 0x0000000707600000| Untracked 
|  50|0x0000000707800000, 0x0000000707800000, 0x0000000707a00000|  0%| F|  |TAMS 0x0000000707800000| PB 0x0000000707800000| Untracked 
|  51|0x0000000707a00000, 0x0000000707a00000, 0x0000000707c00000|  0%| F|  |TAMS 0x0000000707a00000| PB 0x0000000707a00000| Untracked 
|  52|0x0000000707c00000, 0x0000000707c00000, 0x0000000707e00000|  0%| F|  |TAMS 0x0000000707c00000| PB 0x0000000707c00000| Untracked 
|  53|0x0000000707e00000, 0x0000000707e00000, 0x0000000708000000|  0%| F|  |TAMS 0x0000000707e00000| PB 0x0000000707e00000| Untracked 
|  54|0x0000000708000000, 0x0000000708000000, 0x0000000708200000|  0%| F|  |TAMS 0x0000000708000000| PB 0x0000000708000000| Untracked 
|  55|0x0000000708200000, 0x0000000708200000, 0x0000000708400000|  0%| F|  |TAMS 0x0000000708200000| PB 0x0000000708200000| Untracked 
|  56|0x0000000708400000, 0x0000000708400000, 0x0000000708600000|  0%| F|  |TAMS 0x0000000708400000| PB 0x0000000708400000| Untracked 
|  57|0x0000000708600000, 0x0000000708600000, 0x0000000708800000|  0%| F|  |TAMS 0x0000000708600000| PB 0x0000000708600000| Untracked 
|  58|0x0000000708800000, 0x0000000708800000, 0x0000000708a00000|  0%| F|  |TAMS 0x0000000708800000| PB 0x0000000708800000| Untracked 
|  59|0x0000000708a00000, 0x0000000708a00000, 0x0000000708c00000|  0%| F|  |TAMS 0x0000000708a00000| PB 0x0000000708a00000| Untracked 
|  60|0x0000000708c00000, 0x0000000708c00000, 0x0000000708e00000|  0%| F|  |TAMS 0x0000000708c00000| PB 0x0000000708c00000| Untracked 
|  61|0x0000000708e00000, 0x0000000708e00000, 0x0000000709000000|  0%| F|  |TAMS 0x0000000708e00000| PB 0x0000000708e00000| Untracked 
|  62|0x0000000709000000, 0x0000000709000000, 0x0000000709200000|  0%| F|  |TAMS 0x0000000709000000| PB 0x0000000709000000| Untracked 
|  63|0x0000000709200000, 0x0000000709200000, 0x0000000709400000|  0%| F|  |TAMS 0x0000000709200000| PB 0x0000000709200000| Untracked 
|  64|0x0000000709400000, 0x0000000709400000, 0x0000000709600000|  0%| F|  |TAMS 0x0000000709400000| PB 0x0000000709400000| Untracked 
|  65|0x0000000709600000, 0x0000000709600000, 0x0000000709800000|  0%| F|  |TAMS 0x0000000709600000| PB 0x0000000709600000| Untracked 
|  66|0x0000000709800000, 0x0000000709800000, 0x0000000709a00000|  0%| F|  |TAMS 0x0000000709800000| PB 0x0000000709800000| Untracked 
|  67|0x0000000709a00000, 0x0000000709a00000, 0x0000000709c00000|  0%| F|  |TAMS 0x0000000709a00000| PB 0x0000000709a00000| Untracked 
|  68|0x0000000709c00000, 0x0000000709c00000, 0x0000000709e00000|  0%| F|  |TAMS 0x0000000709c00000| PB 0x0000000709c00000| Untracked 
|  69|0x0000000709e00000, 0x0000000709e00000, 0x000000070a000000|  0%| F|  |TAMS 0x0000000709e00000| PB 0x0000000709e00000| Untracked 
|  70|0x000000070a000000, 0x000000070a000000, 0x000000070a200000|  0%| F|  |TAMS 0x000000070a000000| PB 0x000000070a000000| Untracked 
|  71|0x000000070a200000, 0x000000070a200000, 0x000000070a400000|  0%| F|  |TAMS 0x000000070a200000| PB 0x000000070a200000| Untracked 
|  72|0x000000070a400000, 0x000000070a400000, 0x000000070a600000|  0%| F|  |TAMS 0x000000070a400000| PB 0x000000070a400000| Untracked 
|  73|0x000000070a600000, 0x000000070a600000, 0x000000070a800000|  0%| F|  |TAMS 0x000000070a600000| PB 0x000000070a600000| Untracked 
|  74|0x000000070a800000, 0x000000070a800000, 0x000000070aa00000|  0%| F|  |TAMS 0x000000070a800000| PB 0x000000070a800000| Untracked 
|  75|0x000000070aa00000, 0x000000070aa00000, 0x000000070ac00000|  0%| F|  |TAMS 0x000000070aa00000| PB 0x000000070aa00000| Untracked 
|  76|0x000000070ac00000, 0x000000070ac00000, 0x000000070ae00000|  0%| F|  |TAMS 0x000000070ac00000| PB 0x000000070ac00000| Untracked 
|  77|0x000000070ae00000, 0x000000070ae00000, 0x000000070b000000|  0%| F|  |TAMS 0x000000070ae00000| PB 0x000000070ae00000| Untracked 
|  78|0x000000070b000000, 0x000000070b000000, 0x000000070b200000|  0%| F|  |TAMS 0x000000070b000000| PB 0x000000070b000000| Untracked 
|  79|0x000000070b200000, 0x000000070b200000, 0x000000070b400000|  0%| F|  |TAMS 0x000000070b200000| PB 0x000000070b200000| Untracked 
|  80|0x000000070b400000, 0x000000070b400000, 0x000000070b600000|  0%| F|  |TAMS 0x000000070b400000| PB 0x000000070b400000| Untracked 
|  81|0x000000070b600000, 0x000000070b600000, 0x000000070b800000|  0%| F|  |TAMS 0x000000070b600000| PB 0x000000070b600000| Untracked 
|  82|0x000000070b800000, 0x000000070b800000, 0x000000070ba00000|  0%| F|  |TAMS 0x000000070b800000| PB 0x000000070b800000| Untracked 
|  83|0x000000070ba00000, 0x000000070ba00000, 0x000000070bc00000|  0%| F|  |TAMS 0x000000070ba00000| PB 0x000000070ba00000| Untracked 
|  84|0x000000070bc00000, 0x000000070bc00000, 0x000000070be00000|  0%| F|  |TAMS 0x000000070bc00000| PB 0x000000070bc00000| Untracked 
|  85|0x000000070be00000, 0x000000070be00000, 0x000000070c000000|  0%| F|  |TAMS 0x000000070be00000| PB 0x000000070be00000| Untracked 
|  86|0x000000070c000000, 0x000000070c000000, 0x000000070c200000|  0%| F|  |TAMS 0x000000070c000000| PB 0x000000070c000000| Untracked 
|  87|0x000000070c200000, 0x000000070c200000, 0x000000070c400000|  0%| F|  |TAMS 0x000000070c200000| PB 0x000000070c200000| Untracked 
|  88|0x000000070c400000, 0x000000070c400000, 0x000000070c600000|  0%| F|  |TAMS 0x000000070c400000| PB 0x000000070c400000| Untracked 
|  89|0x000000070c600000, 0x000000070c600000, 0x000000070c800000|  0%| F|  |TAMS 0x000000070c600000| PB 0x000000070c600000| Untracked 
|  90|0x000000070c800000, 0x000000070c800000, 0x000000070ca00000|  0%| F|  |TAMS 0x000000070c800000| PB 0x000000070c800000| Untracked 
|  91|0x000000070ca00000, 0x000000070ca00000, 0x000000070cc00000|  0%| F|  |TAMS 0x000000070ca00000| PB 0x000000070ca00000| Untracked 
|  92|0x000000070cc00000, 0x000000070cc00000, 0x000000070ce00000|  0%| F|  |TAMS 0x000000070cc00000| PB 0x000000070cc00000| Untracked 
|  93|0x000000070ce00000, 0x000000070ce00000, 0x000000070d000000|  0%| F|  |TAMS 0x000000070ce00000| PB 0x000000070ce00000| Untracked 
|  94|0x000000070d000000, 0x000000070d000000, 0x000000070d200000|  0%| F|  |TAMS 0x000000070d000000| PB 0x000000070d000000| Untracked 
|  95|0x000000070d200000, 0x000000070d200000, 0x000000070d400000|  0%| F|  |TAMS 0x000000070d200000| PB 0x000000070d200000| Untracked 
|  96|0x000000070d400000, 0x000000070d400000, 0x000000070d600000|  0%| F|  |TAMS 0x000000070d400000| PB 0x000000070d400000| Untracked 
|  97|0x000000070d600000, 0x000000070d600000, 0x000000070d800000|  0%| F|  |TAMS 0x000000070d600000| PB 0x000000070d600000| Untracked 
|  98|0x000000070d800000, 0x000000070d800000, 0x000000070da00000|  0%| F|  |TAMS 0x000000070d800000| PB 0x000000070d800000| Untracked 
|  99|0x000000070da00000, 0x000000070da00000, 0x000000070dc00000|  0%| F|  |TAMS 0x000000070da00000| PB 0x000000070da00000| Untracked 
| 100|0x000000070dc00000, 0x000000070dc00000, 0x000000070de00000|  0%| F|  |TAMS 0x000000070dc00000| PB 0x000000070dc00000| Untracked 
| 101|0x000000070de00000, 0x000000070de00000, 0x000000070e000000|  0%| F|  |TAMS 0x000000070de00000| PB 0x000000070de00000| Untracked 
| 102|0x000000070e000000, 0x000000070e000000, 0x000000070e200000|  0%| F|  |TAMS 0x000000070e000000| PB 0x000000070e000000| Untracked 
| 103|0x000000070e200000, 0x000000070e200000, 0x000000070e400000|  0%| F|  |TAMS 0x000000070e200000| PB 0x000000070e200000| Untracked 
| 104|0x000000070e400000, 0x000000070e400000, 0x000000070e600000|  0%| F|  |TAMS 0x000000070e400000| PB 0x000000070e400000| Untracked 
| 105|0x000000070e600000, 0x000000070e600000, 0x000000070e800000|  0%| F|  |TAMS 0x000000070e600000| PB 0x000000070e600000| Untracked 
| 106|0x000000070e800000, 0x000000070e800000, 0x000000070ea00000|  0%| F|  |TAMS 0x000000070e800000| PB 0x000000070e800000| Untracked 
| 107|0x000000070ea00000, 0x000000070ea00000, 0x000000070ec00000|  0%| F|  |TAMS 0x000000070ea00000| PB 0x000000070ea00000| Untracked 
| 108|0x000000070ec00000, 0x000000070ec00000, 0x000000070ee00000|  0%| F|  |TAMS 0x000000070ec00000| PB 0x000000070ec00000| Untracked 
| 109|0x000000070ee00000, 0x000000070ee00000, 0x000000070f000000|  0%| F|  |TAMS 0x000000070ee00000| PB 0x000000070ee00000| Untracked 
| 110|0x000000070f000000, 0x000000070f000000, 0x000000070f200000|  0%| F|  |TAMS 0x000000070f000000| PB 0x000000070f000000| Untracked 
| 111|0x000000070f200000, 0x000000070f200000, 0x000000070f400000|  0%| F|  |TAMS 0x000000070f200000| PB 0x000000070f200000| Untracked 
| 112|0x000000070f400000, 0x000000070f400000, 0x000000070f600000|  0%| F|  |TAMS 0x000000070f400000| PB 0x000000070f400000| Untracked 
| 113|0x000000070f600000, 0x000000070f600000, 0x000000070f800000|  0%| F|  |TAMS 0x000000070f600000| PB 0x000000070f600000| Untracked 
| 114|0x000000070f800000, 0x000000070f800000, 0x000000070fa00000|  0%| F|  |TAMS 0x000000070f800000| PB 0x000000070f800000| Untracked 
| 115|0x000000070fa00000, 0x000000070fb15500, 0x000000070fc00000| 54%| S|CS|TAMS 0x000000070fa00000| PB 0x000000070fa00000| Complete 
| 116|0x000000070fc00000, 0x000000070fe00000, 0x000000070fe00000|100%| S|CS|TAMS 0x000000070fc00000| PB 0x000000070fc00000| Complete 
| 117|0x000000070fe00000, 0x000000070fe00000, 0x0000000710000000|  0%| F|  |TAMS 0x000000070fe00000| PB 0x000000070fe00000| Untracked 
| 118|0x0000000710000000, 0x0000000710000000, 0x0000000710200000|  0%| F|  |TAMS 0x0000000710000000| PB 0x0000000710000000| Untracked 
| 119|0x0000000710200000, 0x0000000710200000, 0x0000000710400000|  0%| F|  |TAMS 0x0000000710200000| PB 0x0000000710200000| Untracked 
| 120|0x0000000710400000, 0x0000000710400000, 0x0000000710600000|  0%| F|  |TAMS 0x0000000710400000| PB 0x0000000710400000| Untracked 
| 121|0x0000000710600000, 0x0000000710600000, 0x0000000710800000|  0%| F|  |TAMS 0x0000000710600000| PB 0x0000000710600000| Untracked 
| 122|0x0000000710800000, 0x0000000710800000, 0x0000000710a00000|  0%| F|  |TAMS 0x0000000710800000| PB 0x0000000710800000| Untracked 
| 123|0x0000000710a00000, 0x0000000710a00000, 0x0000000710c00000|  0%| F|  |TAMS 0x0000000710a00000| PB 0x0000000710a00000| Untracked 
| 124|0x0000000710c00000, 0x0000000710c00000, 0x0000000710e00000|  0%| F|  |TAMS 0x0000000710c00000| PB 0x0000000710c00000| Untracked 
| 125|0x0000000710e00000, 0x0000000710e00000, 0x0000000711000000|  0%| F|  |TAMS 0x0000000710e00000| PB 0x0000000710e00000| Untracked 
| 126|0x0000000711000000, 0x0000000711000000, 0x0000000711200000|  0%| F|  |TAMS 0x0000000711000000| PB 0x0000000711000000| Untracked 
| 127|0x0000000711200000, 0x000000071132c300, 0x0000000711400000| 58%| E|  |TAMS 0x0000000711200000| PB 0x0000000711200000| Complete 

Card table byte_map: [0x000001e1aa720000,0x000001e1aaf20000] _byte_map_base: 0x000001e1a6f16000

Marking Bits: (CMBitMap*) 0x000001e1922846f0
 Bits: [0x000001e1aaf20000, 0x000001e1aeed0000)

Polling page: 0x000001e1919d0000

Metaspace:

Usage:
  Non-class:      8.02 MB used.
      Class:    537.40 KB used.
       Both:      8.55 MB used.

Virtual space:
  Non-class space:       64.00 MB reserved,       8.12 MB ( 13%) committed,  1 nodes.
      Class space:        1.00 GB reserved,     640.00 KB ( <1%) committed,  1 nodes.
             Both:        1.06 GB reserved,       8.75 MB ( <1%) committed. 

Chunk freelists:
   Non-Class:  7.61 MB
       Class:  15.40 MB
        Both:  23.01 MB

MaxMetaspaceSize: unlimited
CompressedClassSpaceSize: 1.00 GB
Initial GC threshold: 21.00 MB
Current GC threshold: 21.00 MB
CDS: on
 - commit_granule_bytes: 65536.
 - commit_granule_words: 8192.
 - virtual_space_node_default_size: 8388608.
 - enlarge_chunks_in_place: 1.
 - use_allocation_guard: 0.


Internal statistics:

num_allocs_failed_limit: 0.
num_arena_births: 96.
num_arena_deaths: 0.
num_vsnodes_births: 2.
num_vsnodes_deaths: 0.
num_space_committed: 138.
num_space_uncommitted: 0.
num_chunks_returned_to_freelist: 0.
num_chunks_taken_from_freelist: 254.
num_chunk_merges: 0.
num_chunk_splits: 190.
num_chunks_enlarged: 148.
num_inconsistent_stats: 0.

CodeHeap 'non-profiled nmethods': size=119168Kb used=358Kb max_used=358Kb free=118809Kb
 bounds [0x000001e1a2230000, 0x000001e1a24a0000, 0x000001e1a9690000]
CodeHeap 'profiled nmethods': size=119104Kb used=2076Kb max_used=2076Kb free=117027Kb
 bounds [0x000001e19a690000, 0x000001e19a900000, 0x000001e1a1ae0000]
CodeHeap 'non-nmethods': size=7488Kb used=3794Kb max_used=3823Kb free=3693Kb
 bounds [0x000001e1a1ae0000, 0x000001e1a1eb0000, 0x000001e1a2230000]
 total_blobs=2186 nmethods=1163 adapters=925
 compilation: enabled
              stopped_count=0, restarted_count=0
 full_count=0

Compilation events (20 events):
Event: 1.091 Thread 0x000001e1b1e7d200 1149       4       java.lang.invoke.MethodType::hashCode (53 bytes)
Event: 1.092 Thread 0x000001e1b1e7d200 nmethod 1149 0x000001e1a2281010 code [0x000001e1a22811c0, 0x000001e1a2281420]
Event: 1.092 Thread 0x000001e1b1e7d200 1150   !   4       java.lang.ref.NativeReferenceQueue::poll (28 bytes)
Event: 1.093 Thread 0x000001e1b1e7d200 nmethod 1150 0x000001e1a2281610 code [0x000001e1a2281780, 0x000001e1a2281830]
Event: 1.094 Thread 0x000001e1b1e7d200 1151       4       java.lang.invoke.MethodType::makeImpl (109 bytes)
Event: 1.097 Thread 0x000001e1f71cf390 1153       1       java.util.concurrent.locks.AbstractOwnableSynchronizer::setExclusiveOwnerThread (6 bytes)
Event: 1.097 Thread 0x000001e1fc54db40 1154       1       java.util.concurrent.locks.AbstractOwnableSynchronizer::getExclusiveOwnerThread (5 bytes)
Event: 1.097 Thread 0x000001e1b1e7e0a0 1155       1       java.util.concurrent.locks.AbstractQueuedSynchronizer::getState (5 bytes)
Event: 1.098 Thread 0x000001e1f71cf390 nmethod 1153 0x000001e1a2281910 code [0x000001e1a2281aa0, 0x000001e1a2281bb8]
Event: 1.098 Thread 0x000001e1f7270fe0 1156       1       java.util.concurrent.locks.AbstractQueuedSynchronizer::setState (6 bytes)
Event: 1.098 Thread 0x000001e1fc54db40 nmethod 1154 0x000001e1a2281c10 code [0x000001e1a2281da0, 0x000001e1a2281e70]
Event: 1.098 Thread 0x000001e1b1e7e0a0 nmethod 1155 0x000001e1a2281f10 code [0x000001e1a22820a0, 0x000001e1a2282168]
Event: 1.098 Thread 0x000001e1f71cf390 1157   !   3       java.lang.ref.NativeReferenceQueue::poll (28 bytes)
Event: 1.098 Thread 0x000001e1f7270fe0 nmethod 1156 0x000001e1a2282210 code [0x000001e1a22823a0, 0x000001e1a2282470]
Event: 1.098 Thread 0x000001e1f71cf390 nmethod 1157 0x000001e19a895990 code [0x000001e19a895b60, 0x000001e19a895ed8]
Event: 1.098 Thread 0x000001e1f71cf390 1158       3       java.util.concurrent.ConcurrentHashMap::get (162 bytes)
Event: 1.099 Thread 0x000001e1f71cf390 nmethod 1158 0x000001e19a896010 code [0x000001e19a896260, 0x000001e19a896d48]
Event: 1.120 Thread 0x000001e1b1e7d200 nmethod 1151 0x000001e1a2282510 code [0x000001e1a22828a0, 0x000001e1a2284d88]
Event: 1.120 Thread 0x000001e1b1e7d200 1163       4       java.util.Arrays::equals (57 bytes)
Event: 1.120 Thread 0x000001e1fc8d2d80 1159       4       java.lang.ref.SoftReference::get (29 bytes)

GC Heap History (2 events):
Event: 1.095 GC heap before
{Heap before GC invocations=0 (full 0):
 garbage-first heap   total 262144K, used 20480K [0x0000000701400000, 0x0000000800000000)
  region size 2048K, 11 young (22528K), 0 survivors (0K)
 Metaspace       used 8685K, committed 8896K, reserved 1114112K
  class space    used 536K, committed 640K, reserved 1048576K
}
Event: 1.097 GC heap after
{Heap after GC invocations=1 (full 0):
 garbage-first heap   total 262144K, used 3157K [0x0000000701400000, 0x0000000800000000)
  region size 2048K, 2 young (4096K), 2 survivors (4096K)
 Metaspace       used 8685K, committed 8896K, reserved 1114112K
  class space    used 536K, committed 640K, reserved 1048576K
}

Dll operation events (10 events):
Event: 0.138 Loaded shared library C:\Program Files\Java\jdk-21\bin\java.dll
Event: 0.139 Loaded shared library C:\Program Files\Java\jdk-21\bin\zip.dll
Event: 0.160 Loaded shared library C:\Program Files\Java\jdk-21\bin\jsvml.dll
Event: 0.212 Loaded shared library C:\Program Files\Java\jdk-21\bin\instrument.dll
Event: 0.250 Loaded shared library C:\Program Files\Java\jdk-21\bin\net.dll
Event: 0.250 Loaded shared library C:\Program Files\Java\jdk-21\bin\nio.dll
Event: 0.255 Loaded shared library C:\Program Files\Java\jdk-21\bin\zip.dll
Event: 0.276 Loaded shared library C:\Program Files\Java\jdk-21\bin\jimage.dll
Event: 0.323 Loaded shared library C:\Users\hamid\AppData\Local\Temp\lwjglhamid\3.2.3-build-13\lwjgl.dll
Event: 0.694 Loaded shared library C:\Users\hamid\AppData\Local\Temp\lwjglhamid\3.2.3-build-13\lwjgl_opengl.dll

Deoptimization events (20 events):
Event: 0.829 Thread 0x000001e18ffcd0a0 DEOPT PACKING pc=0x000001e1a226ed48 sp=0x00000089b17fde90
Event: 0.829 Thread 0x000001e18ffcd0a0 DEOPT UNPACKING pc=0x000001e1a1b346a2 sp=0x00000089b17fde28 mode 2
Event: 0.836 Thread 0x000001e18ffcd0a0 Uncommon trap: trap_request=0xffffff45 fr.pc=0x000001e1a223f4f0 relative=0x0000000000000070
Event: 0.836 Thread 0x000001e18ffcd0a0 Uncommon trap: reason=unstable_if action=reinterpret pc=0x000001e1a223f4f0 method=java.lang.String.isLatin1()Z @ 10 c2
Event: 0.836 Thread 0x000001e18ffcd0a0 DEOPT PACKING pc=0x000001e1a223f4f0 sp=0x00000089b17feaa0
Event: 0.836 Thread 0x000001e18ffcd0a0 DEOPT UNPACKING pc=0x000001e1a1b346a2 sp=0x00000089b17fea40 mode 2
Event: 0.837 Thread 0x000001e18ffcd0a0 Uncommon trap: trap_request=0xffffff54 fr.pc=0x000001e1a226fd7c relative=0x000000000000007c
Event: 0.837 Thread 0x000001e18ffcd0a0 Uncommon trap: reason=speculate_null_assert action=make_not_entrant pc=0x000001e1a226fd7c method=sun.misc.Unsafe.putLong(Ljava/lang/Object;JJ)V @ 7 c2
Event: 0.837 Thread 0x000001e18ffcd0a0 DEOPT PACKING pc=0x000001e1a226fd7c sp=0x00000089b17ff100
Event: 0.837 Thread 0x000001e18ffcd0a0 DEOPT UNPACKING pc=0x000001e1a1b346a2 sp=0x00000089b17ff098 mode 2
Event: 1.005 Thread 0x000001e18ffcd0a0 DEOPT PACKING pc=0x000001e19a7092e3 sp=0x00000089b17fdce0
Event: 1.005 Thread 0x000001e18ffcd0a0 DEOPT UNPACKING pc=0x000001e1a1b34e42 sp=0x00000089b17fd140 mode 0
Event: 1.097 Thread 0x000001e18ffcd0a0 Uncommon trap: trap_request=0xffffff45 fr.pc=0x000001e1a227f9dc relative=0x000000000000031c
Event: 1.097 Thread 0x000001e18ffcd0a0 Uncommon trap: reason=unstable_if action=reinterpret pc=0x000001e1a227f9dc method=java.util.concurrent.ConcurrentHashMap.get(Ljava/lang/Object;)Ljava/lang/Object; @ 76 c2
Event: 1.097 Thread 0x000001e18ffcd0a0 DEOPT PACKING pc=0x000001e1a227f9dc sp=0x00000089b17fe9a0
Event: 1.097 Thread 0x000001e18ffcd0a0 DEOPT UNPACKING pc=0x000001e1a1b346a2 sp=0x00000089b17fe928 mode 2
Event: 1.097 Thread 0x000001e18ffcd0a0 Uncommon trap: trap_request=0xffffff45 fr.pc=0x000001e1a22817f0 relative=0x0000000000000070
Event: 1.097 Thread 0x000001e18ffcd0a0 Uncommon trap: reason=unstable_if action=reinterpret pc=0x000001e1a22817f0 method=java.lang.ref.ReferenceQueue.headIsNull()Z @ 4 c2
Event: 1.097 Thread 0x000001e18ffcd0a0 DEOPT PACKING pc=0x000001e1a22817f0 sp=0x00000089b17fe9d0
Event: 1.097 Thread 0x000001e18ffcd0a0 DEOPT UNPACKING pc=0x000001e1a1b346a2 sp=0x00000089b17fe8f8 mode 2

Classes loaded (20 events):
Event: 1.065 Loading class org/lwjgl/opengl/NVVertexBufferUnifiedMemory
Event: 1.065 Loading class org/lwjgl/opengl/NVVertexBufferUnifiedMemory done
Event: 1.066 Loading class org/lwjgl/opengl/NVViewportSwizzle
Event: 1.066 Loading class org/lwjgl/opengl/NVViewportSwizzle done
Event: 1.067 Loading class org/lwjgl/opengl/NVXConditionalRender
Event: 1.067 Loading class org/lwjgl/opengl/NVXConditionalRender done
Event: 1.067 Loading class org/lwjgl/opengl/NVXGpuMulticast2
Event: 1.067 Loading class org/lwjgl/opengl/NVXGpuMulticast2 done
Event: 1.068 Loading class org/lwjgl/opengl/NVXProgressFence
Event: 1.068 Loading class org/lwjgl/opengl/NVXProgressFence done
Event: 1.068 Loading class org/lwjgl/opengl/OVRMultiview
Event: 1.068 Loading class org/lwjgl/opengl/OVRMultiview done
Event: 1.069 Loading class jdk/internal/reflect/MethodHandleLongFieldAccessorImpl
Event: 1.070 Loading class jdk/internal/reflect/MethodHandleLongFieldAccessorImpl done
Event: 1.070 Loading class org/lwjgl/system/CheckIntrinsics
Event: 1.070 Loading class org/lwjgl/system/CheckIntrinsics done
Event: 1.119 Loading class org/lwjgl/system/MultiReleaseMemCopy
Event: 1.119 Loading class org/lwjgl/system/MultiReleaseMemCopy done
Event: 1.119 Loading class org/lwjgl/opengl/GL11C
Event: 1.119 Loading class org/lwjgl/opengl/GL11C done

Classes unloaded (0 events):
No events

Classes redefined (1 events):
Event: 0.228 Thread 0x000001e1b1e47230 redefined class name=java.lang.Throwable, count=1

Internal exceptions (20 events):
Event: 0.305 Thread 0x000001e18ffcd0a0 Exception <a 'java/lang/NoSuchMethodError'{0x0000000710d783d8}: 'java.lang.Object java.lang.invoke.DirectMethodHandle$Holder.invokeStatic(java.lang.Object, java.lang.Object, int)'> (0x0000000710d783d8) 
thrown [s\open\src\hotspot\share\interpreter\linkResolver.cpp, line 773]
Event: 0.306 Thread 0x000001e18ffcd0a0 Exception <a 'java/lang/NoSuchMethodError'{0x0000000710d83878}: 'void java.lang.invoke.DelegatingMethodHandle$Holder.delegate(java.lang.Object, java.lang.Object, int, java.lang.Object)'> (0x0000000710d83878) 
thrown [s\open\src\hotspot\share\interpreter\linkResolver.cpp, line 773]
Event: 0.306 Thread 0x000001e18ffcd0a0 Exception <a 'java/lang/NoSuchMethodError'{0x0000000710d87538}: 'int java.lang.invoke.DirectMethodHandle$Holder.invokeSpecial(java.lang.Object, java.lang.Object, java.lang.Object)'> (0x0000000710d87538) 
thrown [s\open\src\hotspot\share\interpreter\linkResolver.cpp, line 773]
Event: 0.309 Thread 0x000001e18ffcd0a0 Exception <a 'java/lang/NoSuchMethodError'{0x0000000710da33c8}: 'void java.lang.System.loadLibrary(java.lang.String, java.lang.Class)'> (0x0000000710da33c8) 
thrown [s\open\src\hotspot\share\interpreter\linkResolver.cpp, line 773]
Event: 0.327 Thread 0x000001e18ffcd0a0 Exception <a 'sun/nio/fs/WindowsException'{0x0000000710a10c70}> (0x0000000710a10c70) 
thrown [s\open\src\hotspot\share\prims\jni.cpp, line 520]
Event: 0.327 Thread 0x000001e18ffcd0a0 Exception <a 'sun/nio/fs/WindowsException'{0x0000000710a122c0}> (0x0000000710a122c0) 
thrown [s\open\src\hotspot\share\prims\jni.cpp, line 520]
Event: 0.347 Thread 0x000001e18ffcd0a0 Exception <a 'sun/nio/fs/WindowsException'{0x0000000710b086c8}> (0x0000000710b086c8) 
thrown [s\open\src\hotspot\share\prims\jni.cpp, line 520]
Event: 0.347 Thread 0x000001e18ffcd0a0 Exception <a 'sun/nio/fs/WindowsException'{0x0000000710b08a58}> (0x0000000710b08a58) 
thrown [s\open\src\hotspot\share\prims\jni.cpp, line 520]
Event: 0.350 Thread 0x000001e18ffcd0a0 Exception <a 'java/lang/NoSuchMethodError'{0x0000000710b1e680}: 'int java.lang.invoke.Invokers$Holder.invokeExact_MT(java.lang.Object, java.lang.Object)'> (0x0000000710b1e680) 
thrown [s\open\src\hotspot\share\interpreter\linkResolver.cpp, line 773]
Event: 0.650 Thread 0x000001e18ffcd0a0 Exception <a 'java/lang/NoSuchMethodError'{0x0000000710b782b0}: 'void java.lang.invoke.DirectMethodHandle$Holder.invokeStaticInit(java.lang.Object, long, double, double)'> (0x0000000710b782b0) 
thrown [s\open\src\hotspot\share\interpreter\linkResolver.cpp, line 773]
Event: 0.653 Thread 0x000001e18ffcd0a0 Exception <a 'java/lang/NoSuchMethodError'{0x0000000710b86d20}: 'void java.lang.invoke.DirectMethodHandle$Holder.invokeStaticInit(java.lang.Object, long, int, int, int)'> (0x0000000710b86d20) 
thrown [s\open\src\hotspot\share\interpreter\linkResolver.cpp, line 773]
Event: 0.656 Thread 0x000001e18ffcd0a0 Exception <a 'java/lang/NoSuchMethodError'{0x0000000710b9e3c8}: 'void java.lang.invoke.DirectMethodHandle$Holder.invokeStaticInit(java.lang.Object, long, int, int, int, int)'> (0x0000000710b9e3c8) 
thrown [s\open\src\hotspot\share\interpreter\linkResolver.cpp, line 773]
Event: 0.689 Thread 0x000001e18ffcd0a0 Exception <a 'java/lang/NoSuchMethodError'{0x0000000710bc7640}: 'void java.lang.System.load(java.lang.String, java.lang.Class)'> (0x0000000710bc7640) 
thrown [s\open\src\hotspot\share\interpreter\linkResolver.cpp, line 773]
Event: 0.689 Thread 0x000001e18ffcd0a0 Exception <a 'java/lang/NoSuchMethodError'{0x0000000710bca178}: 'void java.lang.System.loadLibrary(java.lang.String, java.lang.Class)'> (0x0000000710bca178) 
thrown [s\open\src\hotspot\share\interpreter\linkResolver.cpp, line 773]
Event: 0.693 Thread 0x000001e18ffcd0a0 Exception <a 'sun/nio/fs/WindowsException'{0x0000000710bd9a50}> (0x0000000710bd9a50) 
thrown [s\open\src\hotspot\share\prims\jni.cpp, line 520]
Event: 0.693 Thread 0x000001e18ffcd0a0 Exception <a 'sun/nio/fs/WindowsException'{0x0000000710bd9e20}> (0x0000000710bd9e20) 
thrown [s\open\src\hotspot\share\prims\jni.cpp, line 520]
Event: 0.696 Thread 0x000001e18ffcd0a0 Exception <a 'sun/nio/fs/WindowsException'{0x0000000710be0ea0}> (0x0000000710be0ea0) 
thrown [s\open\src\hotspot\share\prims\jni.cpp, line 520]
Event: 0.696 Thread 0x000001e18ffcd0a0 Exception <a 'sun/nio/fs/WindowsException'{0x0000000710be11a8}> (0x0000000710be11a8) 
thrown [s\open\src\hotspot\share\prims\jni.cpp, line 520]
Event: 1.070 Thread 0x000001e18ffcd0a0 Exception <a 'java/lang/NoSuchMethodError'{0x000000070fe68ad8}: 'long java.lang.invoke.DelegatingMethodHandle$Holder.reinvoke_L(java.lang.Object, java.lang.Object)'> (0x000000070fe68ad8) 
thrown [s\open\src\hotspot\share\interpreter\linkResolver.cpp, line 773]
Event: 1.070 Thread 0x000001e18ffcd0a0 Exception <a 'java/lang/NoSuchMethodError'{0x000000070fe6eea0}: 'long java.lang.invoke.Invokers$Holder.invokeExact_MT(java.lang.Object, java.lang.Object, java.lang.Object)'> (0x000000070fe6eea0) 
thrown [s\open\src\hotspot\share\interpreter\linkResolver.cpp, line 773]

ZGC Phase Switch (0 events):
No events

VM Operations (12 events):
Event: 0.192 Executing VM operation: HandshakeAllThreads (Deoptimize)
Event: 0.192 Executing VM operation: HandshakeAllThreads (Deoptimize) done
Event: 0.210 Executing VM operation: ChangeBreakpoints
Event: 0.210 Executing VM operation: ChangeBreakpoints done
Event: 0.210 Executing VM operation: ChangeBreakpoints
Event: 0.210 Executing VM operation: ChangeBreakpoints done
Event: 0.227 Executing VM operation: RedefineClasses
Event: 0.229 Executing VM operation: RedefineClasses done
Event: 0.230 Executing VM operation: get/set locals
Event: 0.230 Executing VM operation: get/set locals done
Event: 1.095 Executing VM operation: G1CollectForAllocation (G1 Evacuation Pause)
Event: 1.097 Executing VM operation: G1CollectForAllocation (G1 Evacuation Pause) done

Events (20 events):
Event: 0.158 Thread 0x000001e1b1e69180 Thread added: 0x000001e1b1e69180
Event: 0.158 Thread 0x000001e1b1e6c230 Thread added: 0x000001e1b1e6c230
Event: 0.158 Thread 0x000001e1b1e69e30 Thread added: 0x000001e1b1e69e30
Event: 0.158 Thread 0x000001e1b1e77ba0 Thread added: 0x000001e1b1e77ba0
Event: 0.158 Thread 0x000001e1b1e7d200 Thread added: 0x000001e1b1e7d200
Event: 0.158 Thread 0x000001e1b1e7e0a0 Thread added: 0x000001e1b1e7e0a0
Event: 0.163 Thread 0x000001e1f71cf390 Thread added: 0x000001e1f71cf390
Event: 0.187 Thread 0x000001e1b1e75ad0 Thread added: 0x000001e1b1e75ad0
Event: 0.193 Thread 0x000001e1f7270fe0 Thread added: 0x000001e1f7270fe0
Event: 0.198 Thread 0x000001e1f729b290 Thread added: 0x000001e1f729b290
Event: 0.202 Thread 0x000001e1f72ec720 Thread added: 0x000001e1f72ec720
Event: 0.202 Thread 0x000001e1f72eee70 Thread added: 0x000001e1f72eee70
Event: 0.202 Thread 0x000001e1f72ef4f0 Thread added: 0x000001e1f72ef4f0
Event: 0.232 Thread 0x000001e1b1e767f0 Thread added: 0x000001e1b1e767f0
Event: 0.649 Thread 0x000001e1f729b290 Thread exited: 0x000001e1f729b290
Event: 0.826 Thread 0x000001e1fc007d30 Thread added: 0x000001e1fc007d30
Event: 0.946 Thread 0x000001e1fc007d30 Thread exited: 0x000001e1fc007d30
Event: 1.074 Thread 0x000001e1fc54db40 Thread added: 0x000001e1fc54db40
Event: 1.120 Thread 0x000001e1fc8d2d80 Thread added: 0x000001e1fc8d2d80
Event: 1.120 Thread 0x000001e1fc8d3420 Thread added: 0x000001e1fc8d3420


Dynamic libraries:
0x00007ff678e00000 - 0x00007ff678e10000 	C:\Program Files\Java\jdk-21\bin\java.exe
0x00007ff83b6d0000 - 0x00007ff83b8e7000 	C:\WINDOWS\SYSTEM32\ntdll.dll
0x00007ff8070c0000 - 0x00007ff8070da000 	C:\Program Files\Avast Software\Avast\aswhook.dll
0x00007ff839a50000 - 0x00007ff839b14000 	C:\WINDOWS\System32\KERNEL32.DLL
0x00007ff838bb0000 - 0x00007ff838f67000 	C:\WINDOWS\System32\KERNELBASE.dll
0x00007ff839030000 - 0x00007ff839141000 	C:\WINDOWS\System32\ucrtbase.dll
0x00007ff814f80000 - 0x00007ff814f99000 	C:\Program Files\Java\jdk-21\bin\jli.dll
0x00007ff800ed0000 - 0x00007ff800eeb000 	C:\Program Files\Java\jdk-21\bin\VCRUNTIME140.dll
0x00007ff83a400000 - 0x00007ff83a4b2000 	C:\WINDOWS\System32\ADVAPI32.dll
0x00007ff83a010000 - 0x00007ff83a0b7000 	C:\WINDOWS\System32\msvcrt.dll
0x00007ff83a590000 - 0x00007ff83a638000 	C:\WINDOWS\System32\sechost.dll
0x00007ff839150000 - 0x00007ff839178000 	C:\WINDOWS\System32\bcrypt.dll
0x00007ff83a0c0000 - 0x00007ff83a1d4000 	C:\WINDOWS\System32\RPCRT4.dll
0x00007ff83a240000 - 0x00007ff83a3ef000 	C:\WINDOWS\System32\USER32.dll
0x00007ff8389e0000 - 0x00007ff838a06000 	C:\WINDOWS\System32\win32u.dll
0x00007ff822b20000 - 0x00007ff822db3000 	C:\WINDOWS\WinSxS\amd64_microsoft.windows.common-controls_6595b64144ccf1df_6.0.22621.3672_none_2713b9d173822955\COMCTL32.dll
0x00007ff83b4a0000 - 0x00007ff83b4c9000 	C:\WINDOWS\System32\GDI32.dll
0x00007ff838a90000 - 0x00007ff838ba8000 	C:\WINDOWS\System32\gdi32full.dll
0x00007ff839360000 - 0x00007ff8393fa000 	C:\WINDOWS\System32\msvcp_win.dll
0x00007ff832cd0000 - 0x00007ff832cda000 	C:\WINDOWS\SYSTEM32\VERSION.dll
0x00007ff83a4c0000 - 0x00007ff83a4f1000 	C:\WINDOWS\System32\IMM32.DLL
0x00007ff81da40000 - 0x00007ff81da4c000 	C:\Program Files\Java\jdk-21\bin\vcruntime140_1.dll
0x00007fffbfa50000 - 0x00007fffbfade000 	C:\Program Files\Java\jdk-21\bin\msvcp140.dll
0x00007fffbe4e0000 - 0x00007fffbf1f8000 	C:\Program Files\Java\jdk-21\bin\server\jvm.dll
0x00007ff83aa60000 - 0x00007ff83aad1000 	C:\WINDOWS\System32\WS2_32.dll
0x00007ff838630000 - 0x00007ff83867d000 	C:\WINDOWS\SYSTEM32\POWRPROF.dll
0x00007ff82eb10000 - 0x00007ff82eb44000 	C:\WINDOWS\SYSTEM32\WINMM.dll
0x00007ff838430000 - 0x00007ff838443000 	C:\WINDOWS\SYSTEM32\UMPDC.dll
0x00007ff8379f0000 - 0x00007ff837a08000 	C:\WINDOWS\SYSTEM32\kernel.appcore.dll
0x00007ff818af0000 - 0x00007ff818afa000 	C:\Program Files\Java\jdk-21\bin\jimage.dll
0x00007ff831370000 - 0x00007ff8315a2000 	C:\WINDOWS\SYSTEM32\DBGHELP.DLL
0x00007ff83a6c0000 - 0x00007ff83aa4e000 	C:\WINDOWS\System32\combase.dll
0x00007ff83b350000 - 0x00007ff83b427000 	C:\WINDOWS\System32\OLEAUT32.dll
0x00007ff831330000 - 0x00007ff831362000 	C:\WINDOWS\SYSTEM32\dbgcore.DLL
0x00007ff838a10000 - 0x00007ff838a8b000 	C:\WINDOWS\System32\bcryptPrimitives.dll
0x00007ff831770000 - 0x00007ff8317ac000 	C:\Program Files\Java\jdk-21\bin\jdwp.dll
0x00007ff816040000 - 0x00007ff81604f000 	C:\Program Files\Java\jdk-21\bin\instrument.dll
0x00007fffe3e10000 - 0x00007fffe3e2f000 	C:\Program Files\Java\jdk-21\bin\java.dll
0x00007fffdf3d0000 - 0x00007fffdf3e8000 	C:\Program Files\Java\jdk-21\bin\zip.dll
0x00007ff83aae0000 - 0x00007ff83b349000 	C:\WINDOWS\System32\SHELL32.dll
0x00007ff836900000 - 0x00007ff8371ff000 	C:\WINDOWS\SYSTEM32\windows.storage.dll
0x00007ff8367c0000 - 0x00007ff8368ff000 	C:\WINDOWS\SYSTEM32\wintypes.dll
0x00007ff839740000 - 0x00007ff839839000 	C:\WINDOWS\System32\SHCORE.dll
0x00007ff83b440000 - 0x00007ff83b49e000 	C:\WINDOWS\System32\shlwapi.dll
0x00007ff838910000 - 0x00007ff838937000 	C:\WINDOWS\SYSTEM32\profapi.dll
0x00007fffbf970000 - 0x00007fffbfa47000 	C:\Program Files\Java\jdk-21\bin\jsvml.dll
0x00007ff835740000 - 0x00007ff83574c000 	C:\Program Files\Java\jdk-21\bin\dt_socket.dll
0x00007ff837460000 - 0x00007ff83748d000 	C:\WINDOWS\SYSTEM32\IPHLPAPI.DLL
0x00007ff837e50000 - 0x00007ff837eb9000 	C:\WINDOWS\system32\mswsock.dll
0x00007ff815620000 - 0x00007ff815630000 	C:\Program Files\Java\jdk-21\bin\net.dll
0x00007ff835490000 - 0x00007ff8355c6000 	C:\WINDOWS\SYSTEM32\WINHTTP.dll
0x00007fffd5190000 - 0x00007fffd51a6000 	C:\Program Files\Java\jdk-21\bin\nio.dll
0x00007ff82e900000 - 0x00007ff82e964000 	C:\Users\hamid\AppData\Local\Temp\lwjglhamid\3.2.3-build-13\lwjgl.dll
0x00007ff813cd0000 - 0x00007ff813d32000 	C:\Users\hamid\AppData\Local\Temp\lwjglhamid\3.2.3-build-13\glfw.dll
0x00007ff835ed0000 - 0x00007ff835f81000 	C:\WINDOWS\system32\uxtheme.dll
0x00007ff82e8b0000 - 0x00007ff82e8f6000 	C:\WINDOWS\SYSTEM32\dinput8.dll
0x00007fffe4500000 - 0x00007fffe4511000 	C:\WINDOWS\SYSTEM32\xinput1_4.dll
0x00007ff8386d0000 - 0x00007ff83871e000 	C:\WINDOWS\SYSTEM32\cfgmgr32.dll
0x00007ff8386a0000 - 0x00007ff8386cc000 	C:\WINDOWS\SYSTEM32\DEVOBJ.dll
0x00007ff836240000 - 0x00007ff83626b000 	C:\WINDOWS\SYSTEM32\dwmapi.dll
0x00007ff81dc80000 - 0x00007ff81de93000 	C:\WINDOWS\SYSTEM32\inputhost.dll
0x00007ff834b00000 - 0x00007ff834c33000 	C:\WINDOWS\SYSTEM32\CoreMessaging.dll
0x00007ff8395e0000 - 0x00007ff839740000 	C:\WINDOWS\System32\MSCTF.dll
0x00007ff838180000 - 0x00007ff83818c000 	C:\WINDOWS\SYSTEM32\CRYPTBASE.DLL
0x00007ff837200000 - 0x00007ff83720e000 	C:\WINDOWS\SYSTEM32\HID.DLL
0x00007ff839b90000 - 0x00007ff83a004000 	C:\WINDOWS\System32\SETUPAPI.DLL
0x00007ff8392f0000 - 0x00007ff83935c000 	C:\WINDOWS\System32\WINTRUST.dll
0x00007ff839180000 - 0x00007ff8392e6000 	C:\WINDOWS\System32\CRYPT32.dll
0x00007ff838680000 - 0x00007ff838692000 	C:\WINDOWS\SYSTEM32\MSASN1.dll
0x00007ff814940000 - 0x00007ff814a40000 	C:\WINDOWS\SYSTEM32\opengl32.dll
0x00007ff81f260000 - 0x00007ff81f28d000 	C:\WINDOWS\SYSTEM32\GLU32.dll
0x00007ff835ff0000 - 0x00007ff836027000 	C:\WINDOWS\SYSTEM32\dxcore.dll
0x00007ff839400000 - 0x00007ff8394b0000 	C:\WINDOWS\System32\clbcatq.dll
0x00007fffdfb40000 - 0x00007fffe2128000 	C:\WINDOWS\System32\DriverStore\FileRepository\nv_dispig.inf_amd64_0afec3f2050014a0\nvoglv64.dll
0x00007ff8398a0000 - 0x00007ff839a45000 	C:\WINDOWS\System32\ole32.dll
0x00007ff8377b0000 - 0x00007ff8377c4000 	C:\WINDOWS\SYSTEM32\WTSAPI32.dll
0x00007ff832c20000 - 0x00007ff832c52000 	C:\WINDOWS\SYSTEM32\cryptnet.dll
0x00007ff8380d0000 - 0x00007ff838119000 	C:\WINDOWS\SYSTEM32\wldp.dll
0x00007ff8327a0000 - 0x00007ff832902000 	C:\WINDOWS\SYSTEM32\drvstore.dll
0x00007ff837b00000 - 0x00007ff837b34000 	C:\WINDOWS\SYSTEM32\ntmarta.dll
0x00007ff839b70000 - 0x00007ff839b8f000 	C:\WINDOWS\System32\imagehlp.dll
0x00007ff8381a0000 - 0x00007ff8381bb000 	C:\WINDOWS\SYSTEM32\CRYPTSP.dll
0x00007ff837950000 - 0x00007ff837985000 	C:\WINDOWS\system32\rsaenh.dll
0x00007ff828300000 - 0x00007ff82a2ee000 	C:\WINDOWS\System32\DriverStore\FileRepository\nv_dispig.inf_amd64_0afec3f2050014a0\nvgpucomp64.dll
0x00007fffd3cc0000 - 0x00007fffd3f91000 	C:\WINDOWS\system32\nvspcap64.dll
0x00007ff8381e0000 - 0x00007ff838246000 	C:\WINDOWS\SYSTEM32\WINSTA.dll
0x00007ff81db00000 - 0x00007ff81dc43000 	C:\WINDOWS\SYSTEM32\textinputframework.dll
0x00007ff8309c0000 - 0x00007ff830d2d000 	C:\WINDOWS\SYSTEM32\CoreUIComponents.dll
0x00007ff813c70000 - 0x00007ff813cc9000 	C:\Users\hamid\AppData\Local\Temp\lwjglhamid\3.2.3-build-13\lwjgl_opengl.dll

dbghelp: loaded successfully - version: 4.0.5 - missing functions: none
symbol engine: initialized successfully - sym options: 0x614 - pdb path: .;C:\Program Files\Java\jdk-21\bin;C:\WINDOWS\SYSTEM32;C:\Program Files\Avast Software\Avast;C:\WINDOWS\WinSxS\amd64_microsoft.windows.common-controls_6595b64144ccf1df_6.0.22621.3672_none_2713b9d173822955;C:\Program Files\Java\jdk-21\bin\server;C:\Users\hamid\AppData\Local\Temp\lwjglhamid\3.2.3-build-13;C:\WINDOWS\System32\DriverStore\FileRepository\nv_dispig.inf_amd64_0afec3f2050014a0

VM Arguments:
jvm_args: -Ddebugger.agent.enable.coroutines=true -Dkotlinx.coroutines.debug.enable.creation.stack.trace=false -Dkotlinx.coroutines.debug.enable.flows.stack.trace=true -Dkotlinx.coroutines.debug.enable.mutable.state.flows.stack.trace=true -agentlib:jdwp=transport=dt_socket,server=n,suspend=y,address=127.0.0.1:54080 -javaagent:C:\Users\hamid\AppData\Local\JetBrains\IdeaIC2024.3\captureAgent\debugger-agent.jar -Dfile.encoding=UTF-8 -Duser.country=GB -Duser.language=en -Duser.variant 
java_command: Main -Xlint
java_class_path (initial): C:\Users\hamid\eclipse-workspace\Snake\build\classes\java\main;C:\Users\hamid\eclipse-workspace\Snake\build\resources\main;C:\Users\hamid\.gradle\caches\modules-2\files-2.1\com.google.code.gson\gson\2.8.9\8a432c1d6825781e21a02db2e2c33c5fde2833b9\gson-2.8.9.jar;C:\Users\hamid\.gradle\caches\modules-2\files-2.1\io.github.spair\imgui-java-app\1.81.0\37a0be053a63da53c3628b3d6186ccbd380f7106\imgui-java-app-1.81.0.jar;C:\Users\hamid\.gradle\caches\modules-2\files-2.1\io.github.spair\imgui-java-lwjgl3\1.81.0\6c92680fc6e9951532445ecc35b44f2d4cd82d76\imgui-java-lwjgl3-1.81.0.jar;C:\Users\hamid\.gradle\caches\modules-2\files-2.1\org.lwjgl\lwjgl-assimp\3.2.3\f62aa07a20afbdd3097efc296c4841e0d29700eb\lwjgl-assimp-3.2.3.jar;C:\Users\hamid\.gradle\caches\modules-2\files-2.1\org.lwjgl\lwjgl-assimp\3.2.3\4e60aeb75f0343c4a9ede4ef8b6b32ca702a00a3\lwjgl-assimp-3.2.3-natives-windows.jar;C:\Users\hamid\.gradle\caches\modules-2\files-2.1\org.lwjgl\lwjgl-glfw\3.2.3\5e520d5c290c8b012545a8d34fa5db5ab051ea53\lwjgl-glfw-3.2.3.jar;C:\Users\hamid\.gradle\caches\modules-2\files-2.1\org.lwjgl\lwjgl-glfw\3.2.3\b4d8a3477cdc2edcf7a5f1e822926be846223f54\lwjgl-glfw-3.2.3-natives-windows.jar;C:\Users\hamid\.gradle\caches\modules-2\files-2.1\org.lwjgl\lwjgl-glfw\3.2.3\62b044d9b0a057444bef2ab70b9afc288ec09dba\lwjgl-glfw-3.2.3-natives-linux.jar;C:\Users\hamid\.gradle\caches\modules-2\files-2.1\org.lwjgl\lwjgl-glfw\3.2.3\58661272eacb9116336c88b4aadccf1f17c09b\lwjgl-glfw-3.2.3-natives-macos.jar;C:\Users\hamid\.gradle\caches\modules-2\files-2.1\org.lwjgl\lwjgl-nfd\3.2.3\c44fee1043c022cf6614a28872d44cf114ca7737\lwjgl-nfd-3.2.3.jar;C:\Users\hamid\.gradle\caches\modules-2\files-2.1\org.lwjgl\lwjgl-nfd\3.2.3\32782f5f5c57769efb82af864e70b819c77bc891\lwjgl-nfd-3.2.3-natives-windows.jar;C:\Users\hamid\.gradle\caches\modules-2\files-2.1\org.lwjgl\lwjgl-openal\3.2.3\106742e805803ab9eab8e343f0fb31a3d263903c\lwjgl-openal-3.2.3.jar;C:\Users\hamid\.gradle\caches\modules-2\files-2.1\org.lwjgl\lwjgl-openal\3.2.3\ec898e8ce11b5886f4f532a1536283ef2817758d\lwjgl-openal-3.2.3-natives-windows.jar;C:\Users\hamid\.gradle\caches\modules-2\files-2.1\org.lwjgl\lwjgl-opengl\3.2.3\bdd534a323d0c8f54969b95e424b6ac8984f7d6e\lwjgl-opengl-3.2.3.jar;C:\Users\hamid\.gradle\caches\modules-2\files-2.1\org.lwjgl\lwjgl-opengl\3.2.3\e81cfc73ec8708e5e791ed770e4ec3edfc1bbab1\lwjgl-opengl-3.2.3-natives-windows.jar;C:\Users\hamid\.gradle\caches\modules-2\files-2.1\org.lwjgl\lwjgl-opengl\3.2.3\7f14db5da9aa7951efe88993f519d7d38ad6e46b\lwjgl-opengl-3.2.3-natives-linux.jar;C:\Users\hamid\.gradle\caches\modules-2\files-2.1\org.lwjgl\lwjgl-opengl\3.2.3\efa3326c11336d3e74c9c8aeceb2420328d28e6b\lwjgl-opengl-3.2.3-natives-macos.jar;C:\Users\hamid\.gradle\caches\modules-2\files-2.1\org.lwjgl\lwjgl-stb\3.2.3\40eccaa4fa86fc815f2e17946a392fb5fdcc286a\lwjgl-stb-3.2.3.jar;C:\Users\hamid\.gradle\caches\modules-2\files-2.1\org.lwjgl\lwjgl-stb\3.2.3\817b21ec286f0ba3dcedb56a3bd275e6a9345be9\lwjgl-stb-3.2.3-natives-windows.jar;C:\Users\hamid\.gradle\caches\modules-2\files-2.1\org.lwjgl\lwjgl\3.2.3\17a59ba0fe8d474ec9dbe0d5db40d2cfe59c4c08\lwjgl-3.2.3.jar;C:\Users\hamid\.gradle\caches\modules-2\files-2.1\org.lwjgl\lwjgl\3.2.3\27f32cd35349684745951e04388e8e00d681cdcd\lwjgl-3.2.3-natives-windows.jar;C:\Users\hamid\.gradle\caches\modules-2\files-2.1\org.lwjgl\lwjgl\3.2.3\3d9d36c93446c7a1c90bc7aec8fa89c7988bf82b\lwjgl-3.2.3-natives-linux.jar;C:\Users\hamid\.gradle\caches\modules-2\files-2.1\org.lwjgl\lwjgl\3.2.3\35f506c5d368017a3cc5590da3d6d3a0760fb606\lwjgl-3.2.3-natives-macos.jar;C:\Users\hamid\.gradle\caches\modules-2\files-2.1\org.joml\joml\1.9.23\2fe75c084b2c8b82dbf7106f46b9cdc444785acf\joml-1.9.23.jar;C:\Users\hamid\.gradle\caches\modules-2\files-2.1\io.github.spair\imgui-java-binding\1.81.0\aa24c1101600b47d2f562ad3c8987b14e79e5d0d\imgui-java-binding-1.81.0.jar
Launcher Type: SUN_STANDARD

[Global flags]
     intx CICompilerCount                          = 12                                        {product} {ergonomic}
     uint ConcGCThreads                            = 3                                         {product} {ergonomic}
     uint G1ConcRefinementThreads                  = 13                                        {product} {ergonomic}
   size_t G1HeapRegionSize                         = 2097152                                   {product} {ergonomic}
    uintx GCDrainStackTargetSize                   = 64                                        {product} {ergonomic}
   size_t InitialHeapSize                          = 268435456                                 {product} {ergonomic}
   size_t MarkStackSize                            = 4194304                                   {product} {ergonomic}
   size_t MaxHeapSize                              = 4273995776                                {product} {ergonomic}
   size_t MaxNewSize                               = 2562719744                                {product} {ergonomic}
   size_t MinHeapDeltaBytes                        = 2097152                                   {product} {ergonomic}
   size_t MinHeapSize                              = 8388608                                   {product} {ergonomic}
    uintx NonNMethodCodeHeapSize                   = 7602480                                {pd product} {ergonomic}
    uintx NonProfiledCodeHeapSize                  = 122027880                              {pd product} {ergonomic}
    uintx ProfiledCodeHeapSize                     = 122027880                              {pd product} {ergonomic}
    uintx ReservedCodeCacheSize                    = 251658240                              {pd product} {ergonomic}
     bool SegmentedCodeCache                       = true                                      {product} {ergonomic}
   size_t SoftMaxHeapSize                          = 4273995776                             {manageable} {ergonomic}
     bool UseCompressedOops                        = true                           {product lp64_product} {ergonomic}
     bool UseG1GC                                  = true                                      {product} {ergonomic}
     bool UseLargePagesIndividualAllocation        = false                                  {pd product} {ergonomic}

Logging:
Log output configuration:
 #0: stdout all=warning uptime,level,tags foldmultilines=false
 #1: stderr all=off uptime,level,tags foldmultilines=false

Environment Variables:
JAVA_HOME=C:\Users\hamid\Java\graalvm-jdk-21.0.5+9.1
PATH=C:\Users\hamid\Java\graalvm-jdk-21.0.5+9.1\bin;C:\Program Files\Common Files\Oracle\Java\javapath;C:\ProgramData\Oracle\Java\javapath;C:\Program Files (x86)\Common Files\Oracle\Java\java8path;C:\Program Files (x86)\Common Files\Intel\Shared Libraries\redist\intel64_win\compiler;C:\WINDOWS\system32;C:\WINDOWS;C:\WINDOWS\System32\Wbem;C:\WINDOWS\System32\WindowsPowerShell\v1.0\;C:\WINDOWS\System32\OpenSSH\;C:\Program Files (x86)\NVIDIA Corporation\PhysX\Common;C:\WINDOWS\system32;C:\WINDOWS;C:\WINDOWS\System32\Wbem;C:\WINDOWS\System32\WindowsPowerShell\v1.0\;C:\WINDOWS\System32\OpenSSH\;C:\Program Files\NVIDIA Corporation\NVIDIA NvDLISR;C:\Program Files\Microsoft SQL Server\150\Tools\Binn\;C:\Program Files\nodejs\;C:\Users\hamid\AppData\Local\Programs\Python\Python310\Scripts\;C:\ProgramData\chocolatey\bin;C:\Program Files\Java\jdk-1.21;C:\Users\hamid\AppData\Local\Microsoft\WindowsApps;C:\Users\hamid\AppData\Local\Microsoft\WindowsApps;C:\Users\hamid\AppData\Local\Programs\Microsoft VS Code\bin;C:\Users\hamid\;C:\Program Files\playit_gg\bin\;C:\Program Files\Git\cmd;C:\Program Files\dotnet\;C:\Program Files\CMake\bin;C:\Program Files (x86)\Windows Kits\10\Windows Performance Toolkit\;C:\GL\GLEWbin\bin\Release\Win32;C:\Users\hamid\.cargo\bin;C:\Users\hamid\AppData\Local\Microsoft\WindowsApps;C:\Users\hamid\AppData\Local\Microsoft\WindowsApps;C:\Users\hamid\AppData\Local\Programs\Microsoft VS Code\bin;C:\Users\hamid\AppData\Roaming\npm;C:\Users\hamid\AppData\Local\GitHubDesktop\bin;C:\MinGW\bin;C:\Users\hamid\OneDrive\Documents\Work\Java programs\jadnt158g;C:\Program Files\JetBrains\IntelliJ IDEA Community Edition 2024.3.1.1\bin;;C:\Program Files\JetBrains\CLion 2024.3.1.1\bin;;C:\Users\hamid\OneDrive\Documents\Work\premake5;C:\Users\hamid\Downloads\NoodleScript;C:\Users\hamid\.dotnet\tools;C:\Program Files (x86)\Jar2Exe Wizard\
USERNAME=hamid
OS=Windows_NT
PROCESSOR_IDENTIFIER=Intel64 Family 6 Model 165 Stepping 5, GenuineIntel
TMP=C:\Users\hamid\AppData\Local\Temp
TEMP=C:\Users\hamid\AppData\Local\Temp




Periodic native trim disabled

---------------  S Y S T E M  ---------------

OS:
 Windows 11 , 64 bit Build 22621 (10.0.22621.3958)
OS uptime: 3 days 15:26 hours
Hyper-V role detected

CPU: total 16 (initial active 16) (8 cores per cpu, 2 threads per core) family 6 model 165 stepping 5 microcode 0xe0, cx8, cmov, fxsr, ht, mmx, 3dnowpref, sse, sse2, sse3, ssse3, sse4.1, sse4.2, popcnt, lzcnt, tsc, tscinvbit, avx, avx2, aes, erms, clmul, bmi1, bmi2, adx, fma, vzeroupper, clflush, clflushopt, hv, rdtscp, f16c
Processor Information for all 16 processors :
  Max Mhz: 3801, Current Mhz: 3801, Mhz Limit: 3801

Memory: 4k page, system-wide physical 16303M (7033M free)
TotalPageFile size 18735M (AvailPageFile size 7158M)
current process WorkingSet (physical memory assigned to process): 138M, peak: 140M
current process commit charge ("private bytes"): 539M, peak: 540M

vm_info: Java HotSpot(TM) 64-Bit Server VM (21.0.5+9-LTS-239) for windows-amd64 JRE (21.0.5+9-LTS-239), built on 2024-09-30T05:17:38Z by "mach5one" with MS VC++ 17.6 (VS2022)

END.
