#
# A fatal error has been detected by the Java Runtime Environment:
#
#  EXCEPTION_ACCESS_VIOLATION (0xc0000005) at pc=0x00007fffc2fd6918, pid=22208, tid=3308
#
# JRE version: Java(TM) SE Runtime Environment (21.0.5+9) (build 21.0.5+9-LTS-239)
# Java VM: Java HotSpot(TM) 64-Bit Server VM (21.0.5+9-LTS-239, mixed mode, sharing, tiered, compressed oops, compressed class ptrs, g1 gc, windows-amd64)
# Problematic frame:
# C  [jdwp.dll+0x26918]
#
# No core dump will be written. Minidumps are not enabled by default on client versions of Windows
#
# If you would like to submit a bug report, please visit:
#   https://bugreport.java.com/bugreport/crash.jsp
# The crash happened outside the Java Virtual Machine in native code.
# See problematic frame for where to report the bug.
#

---------------  S U M M A R Y ------------

Command Line: -Ddebugger.agent.enable.coroutines=true -Dkotlinx.coroutines.debug.enable.creation.stack.trace=false -Dkotlinx.coroutines.debug.enable.flows.stack.trace=true -Dkotlinx.coroutines.debug.enable.mutable.state.flows.stack.trace=true -agentlib:jdwp=transport=dt_socket,server=n,suspend=y,address=127.0.0.1:53764 -javaagent:C:\Users\hamid\AppData\Local\JetBrains\IdeaIC2024.3\captureAgent\debugger-agent.jar -Dfile.encoding=UTF-8 -Duser.country=GB -Duser.language=en -Duser.variant Main

Host: Intel(R) Core(TM) i7-10700K CPU @ 3.80GHz, 16 cores, 15G,  Windows 11 , 64 bit Build 22621 (10.0.22621.3958)
Time: Mon Feb 17 09:14:19 2025 Arab Standard Time elapsed time: 1.175330 seconds (0d 0h 0m 1s)

---------------  T H R E A D  ---------------

Current thread (0x0000021b0699e0f0):  JavaThread "main"             [_thread_in_native, id=3308, stack(0x00000021fe900000,0x00000021fea00000) (1024K)]

Stack: [0x00000021fe900000,0x00000021fea00000],  sp=0x00000021fe9fe758,  free space=1017k
Native frames: (J=compiled Java code, j=interpreted, Vv=VM code, C=native code)
C  [jdwp.dll+0x26918]

Java frames: (J=compiled Java code, j=interpreted, Vv=VM code)
j  org.lwjgl.opengl.GL11.glGetIntegerv(I[I)V+2
j  jade.Window.init()V+168
j  jade.Window.run(Ljade/Scene;)V+15
j  Main.main([Ljava/lang/String;)V+10
v  ~StubRoutines::call_stub 0x0000021b17c1100d

siginfo: EXCEPTION_ACCESS_VIOLATION (0xc0000005), reading address 0xffffffffffffffff


Registers:
RAX=0x0000021b731cd710, RBX=0x0000021b2879db20, RCX=0x0000021b0699e4a8, RDX=0x0000021b2879db20
RSP=0x00000021fe9fe758, RBP=0x0000000000000002, RSI=0x00000021fe9fe800, RDI=0x0000021b0699e4a8
R8 =0x0000000000010002, R9 =0x0000000000000000, R10=0x00007ff800ed0000, R11=0x00000021fe9fe728
R12=0x0000000000000007, R13=0x0000021b2879db20, R14=0x00007fffc2fe0400, R15=0x0000000000000000
RIP=0x00007fffc2fd6918, EFLAGS=0x0000000000010206


Register to memory mapping:

RAX=0x0000021b731cd710 points into unknown readable memory: 0x0000000000000000 | 00 00 00 00 00 00 00 00
RBX=0x0000021b2879db20 points into unknown readable memory: 0x000000070fc11e70 | 70 1e c1 0f 07 00 00 00
RCX=0x0000021b0699e4a8 points into unknown readable memory: 0x0000021b731cd710 | 10 d7 1c 73 1b 02 00 00
RDX=0x0000021b2879db20 points into unknown readable memory: 0x000000070fc11e70 | 70 1e c1 0f 07 00 00 00
RSP=0x00000021fe9fe758 is pointing into the stack for thread: 0x0000021b0699e0f0
RBP=0x0000000000000002 is an unknown value
RSI=0x00000021fe9fe800 is pointing into the stack for thread: 0x0000021b0699e0f0
RDI=0x0000021b0699e4a8 points into unknown readable memory: 0x0000021b731cd710 | 10 d7 1c 73 1b 02 00 00
R8 =0x0000000000010002 is an unknown value
R9 =0x0 is null
R10=0x00007ff800ed0000 VCRUNTIME140.dll
R11=0x00000021fe9fe728 is pointing into the stack for thread: 0x0000021b0699e0f0
R12=0x0000000000000007 is an unknown value
R13=0x0000021b2879db20 points into unknown readable memory: 0x000000070fc11e70 | 70 1e c1 0f 07 00 00 00
R14=0x00007fffc2fe0400 jdwp.dll
R15=0x0 is null

Top of Stack: (sp=0x00000021fe9fe758)
0x00000021fe9fe758:   00007fffc2fc61bf 0000021b2879db20
0x00000021fe9fe768:   00000021fe9fe800 0000000000000000
0x00000021fe9fe778:   0000000000000000 0000021b6e066ec8
0x00000021fe9fe788:   0000000000000020 0000021b069861d0
0x00000021fe9fe798:   00007fffc2fe0428 0000021b0699e6c0
0x00000021fe9fe7a8:   00007fffc2fc283f 0000021b2879db20
0x00000021fe9fe7b8:   0000000000000002 0000021b0699e4a8
0x00000021fe9fe7c8:   0000021b2879db28 0000021b28910590
0x00000021fe9fe7d8:   00007fffbe7758e5 0000021b28975b68
0x00000021fe9fe7e8:   0000021b28910590 0000000000000000
0x00000021fe9fe7f8:   00007fffbec0e7e0 0000000000000007
0x00000021fe9fe808:   0000021b2879db20 0000000000000000
0x00000021fe9fe818:   0000021b2879db28 0000000000000000
0x00000021fe9fe828:   0000000000000000 0000000000000000
0x00000021fe9fe838:   0000000000000000 0000000000000000
0x00000021fe9fe848:   0000000000000000 0000000000000000
0x00000021fe9fe858:   0000021b0699e6c0 0000021b2a094ad0
0x00000021fe9fe868:   00007fffbea68cb7 0000021b2879db28
0x00000021fe9fe878:   0000021b28a4ccb0 0000021b0699e0f0
0x00000021fe9fe888:   00000000000003d8 0000000000000000
0x00000021fe9fe898:   0000021b06b19690 00000021fe9fea10
0x00000021fe9fe8a8:   0000000000000005 0000021b06b1ab88
0x00000021fe9fe8b8:   00007fffbe773982 0000fb6bb4edabd3
0x00000021fe9fe8c8:   0000021b29613ea0 0000021b06988e50
0x00000021fe9fe8d8:   0000021b06b1a7a0 0000021b06b1a7b0
0x00000021fe9fe8e8:   0000021b06b1ab88 00000000000003d8
0x00000021fe9fe8f8:   0000021b0699e0f0 0000021b0699e0f0
0x00000021fe9fe908:   0000021b06988f90 0000021b06b1b900
0x00000021fe9fe918:   0000021b06b1b928 0000021b06b1b9e8
0x00000021fe9fe928:   00000000000000d8 00000021fe9fe940
0x00000021fe9fe938:   00007fffbeb79ca3 0000021b0699e0f0
0x00000021fe9fe948:   0000021b06988f90 0000021b06b1b900 

Instructions: (pc=0x00007fffc2fd6918)
0x00007fffc2fd6818:   05 e3 08 01 00 48 8b 03 48 8b d7 4d 8b 40 30 48
0x00007fffc2fd6828:   8b cb 48 8b 5c 24 30 48 83 c4 20 5f 48 ff a0 00
0x00007fffc2fd6838:   01 00 00 cc 48 89 5c 24 08 57 48 83 ec 20 48 8b
0x00007fffc2fd6848:   f9 e8 f2 ea ff ff 4c 8b 05 ab 08 01 00 48 8b d8
0x00007fffc2fd6858:   41 f6 80 10 02 00 00 02 74 33 41 b8 20 06 00 00
0x00007fffc2fd6868:   48 8d 15 19 c4 00 00 48 8d 0d 8e 5b 00 00 e8 d9
0x00007fffc2fd6878:   48 ff ff 48 8d 15 56 9a 00 00 48 8d 0d 8f 5b 00
0x00007fffc2fd6888:   00 e8 6e 49 ff ff 4c 8b 05 6b 08 01 00 48 8b 03
0x00007fffc2fd6898:   48 8b d7 4d 8b 40 38 48 8b cb 48 8b 5c 24 30 48
0x00007fffc2fd68a8:   83 c4 20 5f 48 ff a0 00 01 00 00 cc 48 89 5c 24
0x00007fffc2fd68b8:   08 57 48 83 ec 20 48 8b f9 e8 7a ea ff ff 48 8b
0x00007fffc2fd68c8:   15 33 08 01 00 48 8b d8 f6 82 10 02 00 00 02 74
0x00007fffc2fd68d8:   2c 41 b8 12 06 00 00 48 8d 15 a2 c3 00 00 48 8d
0x00007fffc2fd68e8:   0d 17 5b 00 00 e8 62 48 ff ff 48 8d 15 f7 6b 00
0x00007fffc2fd68f8:   00 48 8d 0d 18 5b 00 00 e8 f7 48 ff ff 48 8b 03
0x00007fffc2fd6908:   48 8b d7 48 8b cb 48 8b 5c 24 30 48 83 c4 20 5f
0x00007fffc2fd6918:   48 ff a0 50 07 00 00 cc 48 89 5c 24 08 48 89 74
0x00007fffc2fd6928:   24 10 48 89 7c 24 18 41 56 48 83 ec 20 4c 63 f2
0x00007fffc2fd6938:   49 8b d8 48 8b d1 41 8b f9 48 8b cb 4d 8d 46 ff
0x00007fffc2fd6948:   ff 15 22 59 00 00 85 c0 75 3c 41 0f be 44 1e ff
0x00007fffc2fd6958:   3b c7 75 32 49 03 de eb 10 0f be c8 ff 15 f6 58
0x00007fffc2fd6968:   00 00 85 c0 74 09 48 ff c3 8a 03 84 c0 75 ea 80
0x00007fffc2fd6978:   3b 3b 74 12 8b d7 48 8b cb e8 2c 4b 00 00 48 85
0x00007fffc2fd6988:   c0 0f 94 c0 eb 02 32 c0 48 8b 5c 24 30 48 8b 74
0x00007fffc2fd6998:   24 38 48 8b 7c 24 40 48 83 c4 20 41 5e c3 cc cc
0x00007fffc2fd69a8:   0f b6 d1 83 fa 1e 0f 87 83 00 00 00 74 7b 83 fa
0x00007fffc2fd69b8:   07 77 41 74 39 83 ea 01 74 2e 83 ea 01 74 23 83
0x00007fffc2fd69c8:   ea 01 74 18 83 ea 01 74 0d 83 fa 02 0f 85 8a 00
0x00007fffc2fd69d8:   00 00 8d 42 03 c3 b8 04 00 00 00 c3 b8 03 00 00
0x00007fffc2fd69e8:   00 c3 b8 02 00 00 00 c3 b8 01 00 00 00 c3 b8 06
0x00007fffc2fd69f8:   00 00 00 c3 b8 08 00 00 00 2b d0 74 26 83 ea 01
0x00007fffc2fd6a08:   0f 84 88 00 00 00 83 ea 01 74 12 b8 0a 00 00 00 


Stack slot to memory mapping:

stack at sp + 0 slots: 0x00007fffc2fc61bf jdwp.dll
stack at sp + 1 slots: 0x0000021b2879db20 points into unknown readable memory: 0x000000070fc11e70 | 70 1e c1 0f 07 00 00 00
stack at sp + 2 slots: 0x00000021fe9fe800 is pointing into the stack for thread: 0x0000021b0699e0f0
stack at sp + 3 slots: 0x0 is null
stack at sp + 4 slots: 0x0 is null
stack at sp + 5 slots: 0x0000021b6e066ec8 points into unknown readable memory: 0x0000021b06986160 | 60 61 98 06 1b 02 00 00
stack at sp + 6 slots: 0x0000000000000020 is an unknown value
stack at sp + 7 slots: 0x0000021b069861d0 points into unknown readable memory: 0x8000001200000001 | 01 00 00 00 12 00 00 80


---------------  P R O C E S S  ---------------

Threads class SMR info:
_java_thread_list=0x0000021b7319f200, length=19, elements={
0x0000021b0699e0f0, 0x0000021b287b4e80, 0x0000021b287b5c90, 0x0000021b287b9f00,
0x0000021b287bcd10, 0x0000021b287bd890, 0x0000021b287c1ee0, 0x0000021b287cac80,
0x0000021b287cb710, 0x0000021b289d8220, 0x0000021b289fd270, 0x0000021b289fdd20,
0x0000021b28a8d130, 0x0000021b28a8aa50, 0x0000021b28ae81f0, 0x0000021b28b6ea70,
0x0000021b72d6a650, 0x0000021b72b7d8e0, 0x0000021b7319e960
}

Java Threads: ( => current thread )
=>0x0000021b0699e0f0 JavaThread "main"                              [_thread_in_native, id=3308, stack(0x00000021fe900000,0x00000021fea00000) (1024K)]
  0x0000021b287b4e80 JavaThread "Reference Handler"          daemon [_thread_blocked, id=15732, stack(0x00000021ff100000,0x00000021ff200000) (1024K)]
  0x0000021b287b5c90 JavaThread "Finalizer"                  daemon [_thread_blocked, id=7900, stack(0x00000021ff200000,0x00000021ff300000) (1024K)]
  0x0000021b287b9f00 JavaThread "Signal Dispatcher"          daemon [_thread_blocked, id=22392, stack(0x00000021ff300000,0x00000021ff400000) (1024K)]
  0x0000021b287bcd10 JavaThread "Attach Listener"            daemon [_thread_blocked, id=15092, stack(0x00000021ff400000,0x00000021ff500000) (1024K)]
  0x0000021b287bd890 JavaThread "Service Thread"             daemon [_thread_blocked, id=19100, stack(0x00000021ff500000,0x00000021ff600000) (1024K)]
  0x0000021b287c1ee0 JavaThread "Monitor Deflation Thread"   daemon [_thread_blocked, id=14176, stack(0x00000021ff600000,0x00000021ff700000) (1024K)]
  0x0000021b287cac80 JavaThread "C2 CompilerThread0"         daemon [_thread_blocked, id=14180, stack(0x00000021ff700000,0x00000021ff800000) (1024K)]
  0x0000021b287cb710 JavaThread "C1 CompilerThread0"         daemon [_thread_blocked, id=6480, stack(0x00000021ff800000,0x00000021ff900000) (1024K)]
  0x0000021b289d8220 JavaThread "Common-Cleaner"             daemon [_thread_blocked, id=10992, stack(0x00000021ff900000,0x00000021ffa00000) (1024K)]
  0x0000021b289fd270 JavaThread "C1 CompilerThread1"         daemon [_thread_blocked, id=548, stack(0x00000021ffa00000,0x00000021ffb00000) (1024K)]
  0x0000021b289fdd20 JavaThread "C1 CompilerThread2"         daemon [_thread_blocked, id=25224, stack(0x00000021ffb00000,0x00000021ffc00000) (1024K)]
  0x0000021b28a8d130 JavaThread "JDWP Transport Listener: dt_socket" daemon [_thread_blocked, id=6676, stack(0x00000021ffc00000,0x00000021ffd00000) (1024K)]
  0x0000021b28a8aa50 JavaThread "JDWP Event Helper Thread"   daemon [_thread_blocked, id=11572, stack(0x00000021ffd00000,0x00000021ffe00000) (1024K)]
  0x0000021b28ae81f0 JavaThread "JDWP Command Reader"        daemon [_thread_in_native, id=2404, stack(0x00000021ffe00000,0x00000021fff00000) (1024K)]
  0x0000021b28b6ea70 JavaThread "Notification Thread"        daemon [_thread_blocked, id=17200, stack(0x00000021fff00000,0x0000002200000000) (1024K)]
  0x0000021b72d6a650 JavaThread "C1 CompilerThread3"         daemon [_thread_blocked, id=5036, stack(0x0000002180000000,0x0000002180100000) (1024K)]
  0x0000021b72b7d8e0 JavaThread "C2 CompilerThread1"         daemon [_thread_blocked, id=24452, stack(0x0000002181400000,0x0000002181500000) (1024K)]
  0x0000021b7319e960 JavaThread "C2 CompilerThread2"         daemon [_thread_blocked, id=16180, stack(0x0000002181500000,0x0000002181600000) (1024K)]
Total: 19

Other Threads:
  0x0000021b2879d3f0 VMThread "VM Thread"                           [id=9736, stack(0x00000021ff000000,0x00000021ff100000) (1024K)]
  0x0000021b2878be70 WatcherThread "VM Periodic Task Thread"        [id=24372, stack(0x00000021fef00000,0x00000021ff000000) (1024K)]
  0x0000021b06b86fa0 WorkerThread "GC Thread#0"                     [id=23604, stack(0x00000021fea00000,0x00000021feb00000) (1024K)]
  0x0000021b72b94130 WorkerThread "GC Thread#1"                     [id=24444, stack(0x0000002180800000,0x0000002180900000) (1024K)]
  0x0000021b73191dd0 WorkerThread "GC Thread#2"                     [id=19908, stack(0x0000002180900000,0x0000002180a00000) (1024K)]
  0x0000021b73192170 WorkerThread "GC Thread#3"                     [id=20024, stack(0x0000002180a00000,0x0000002180b00000) (1024K)]
  0x0000021b73191690 WorkerThread "GC Thread#4"                     [id=4704, stack(0x0000002180b00000,0x0000002180c00000) (1024K)]
  0x0000021b73191a30 WorkerThread "GC Thread#5"                     [id=22836, stack(0x0000002180c00000,0x0000002180d00000) (1024K)]
  0x0000021b73192510 WorkerThread "GC Thread#6"                     [id=13024, stack(0x0000002180d00000,0x0000002180e00000) (1024K)]
  0x0000021b73192ff0 WorkerThread "GC Thread#7"                     [id=23932, stack(0x0000002180e00000,0x0000002180f00000) (1024K)]
  0x0000021b731928b0 WorkerThread "GC Thread#8"                     [id=24084, stack(0x0000002180f00000,0x0000002181000000) (1024K)]
  0x0000021b73192c50 WorkerThread "GC Thread#9"                     [id=20240, stack(0x0000002181000000,0x0000002181100000) (1024K)]
  0x0000021b731be580 WorkerThread "GC Thread#10"                    [id=4828, stack(0x0000002181100000,0x0000002181200000) (1024K)]
  0x0000021b731bf400 WorkerThread "GC Thread#11"                    [id=21856, stack(0x0000002181200000,0x0000002181300000) (1024K)]
  0x0000021b731bf060 WorkerThread "GC Thread#12"                    [id=9292, stack(0x0000002181300000,0x0000002181400000) (1024K)]
  0x0000021b06b97d50 ConcurrentGCThread "G1 Main Marker"            [id=19564, stack(0x00000021feb00000,0x00000021fec00000) (1024K)]
  0x0000021b06b99180 WorkerThread "G1 Conc#0"                       [id=11304, stack(0x00000021fec00000,0x00000021fed00000) (1024K)]
  0x0000021b2864a3a0 ConcurrentGCThread "G1 Refine#0"               [id=4792, stack(0x00000021fed00000,0x00000021fee00000) (1024K)]
  0x0000021b2864ae20 ConcurrentGCThread "G1 Service"                [id=18344, stack(0x00000021fee00000,0x00000021fef00000) (1024K)]
Total: 19

Threads with active compile tasks:
Total: 0

VM state: not at safepoint (normal execution)

VM Mutex/Monitor currently owned by a thread: None

Heap address: 0x0000000701400000, size: 4076 MB, Compressed Oops mode: Zero based, Oop shift amount: 3

CDS archive(s) mapped at: [0x0000021b29000000-0x0000021b29c90000-0x0000021b29c90000), size 13172736, SharedBaseAddress: 0x0000021b29000000, ArchiveRelocationMode: 1.
Compressed class space mapped at: 0x0000021b2a000000-0x0000021b6a000000, reserved size: 1073741824
Narrow klass base: 0x0000021b29000000, Narrow klass shift: 0, Narrow klass range: 0x100000000

GC Precious Log:
 CardTable entry size: 512
 Card Set container configuration: InlinePtr #cards 4 size 8 Array Of Cards #cards 16 size 48 Howl #buckets 8 coarsen threshold 3686 Howl Bitmap #cards 512 size 80 coarsen threshold 460 Card regions per heap region 1 cards per card region 4096
 CPUs: 16 total, 16 available
 Memory: 16303M
 Large Page Support: Disabled
 NUMA Support: Disabled
 Compressed Oops: Enabled (Zero based)
 Heap Region Size: 2M
 Heap Min Capacity: 8M
 Heap Initial Capacity: 256M
 Heap Max Capacity: 4076M
 Pre-touch: Disabled
 Parallel Workers: 13
 Concurrent Workers: 3
 Concurrent Refinement Workers: 13
 Periodic GC: Disabled

Heap:
 garbage-first heap   total 262144K, used 2949K [0x0000000701400000, 0x0000000800000000)
  region size 2048K, 3 young (6144K), 2 survivors (4096K)
 Metaspace       used 8759K, committed 8960K, reserved 1114112K
  class space    used 536K, committed 640K, reserved 1048576K

Heap Regions: E=young(eden), S=young(survivor), O=old, HS=humongous(starts), HC=humongous(continues), CS=collection set, F=free, TAMS=top-at-mark-start, PB=parsable bottom
|   0|0x0000000701400000, 0x0000000701400000, 0x0000000701600000|  0%| F|  |TAMS 0x0000000701400000| PB 0x0000000701400000| Untracked 
|   1|0x0000000701600000, 0x0000000701600000, 0x0000000701800000|  0%| F|  |TAMS 0x0000000701600000| PB 0x0000000701600000| Untracked 
|   2|0x0000000701800000, 0x0000000701800000, 0x0000000701a00000|  0%| F|  |TAMS 0x0000000701800000| PB 0x0000000701800000| Untracked 
|   3|0x0000000701a00000, 0x0000000701a00000, 0x0000000701c00000|  0%| F|  |TAMS 0x0000000701a00000| PB 0x0000000701a00000| Untracked 
|   4|0x0000000701c00000, 0x0000000701c00000, 0x0000000701e00000|  0%| F|  |TAMS 0x0000000701c00000| PB 0x0000000701c00000| Untracked 
|   5|0x0000000701e00000, 0x0000000701e00000, 0x0000000702000000|  0%| F|  |TAMS 0x0000000701e00000| PB 0x0000000701e00000| Untracked 
|   6|0x0000000702000000, 0x0000000702000000, 0x0000000702200000|  0%| F|  |TAMS 0x0000000702000000| PB 0x0000000702000000| Untracked 
|   7|0x0000000702200000, 0x0000000702200000, 0x0000000702400000|  0%| F|  |TAMS 0x0000000702200000| PB 0x0000000702200000| Untracked 
|   8|0x0000000702400000, 0x0000000702400000, 0x0000000702600000|  0%| F|  |TAMS 0x0000000702400000| PB 0x0000000702400000| Untracked 
|   9|0x0000000702600000, 0x0000000702600000, 0x0000000702800000|  0%| F|  |TAMS 0x0000000702600000| PB 0x0000000702600000| Untracked 
|  10|0x0000000702800000, 0x0000000702800000, 0x0000000702a00000|  0%| F|  |TAMS 0x0000000702800000| PB 0x0000000702800000| Untracked 
|  11|0x0000000702a00000, 0x0000000702a00000, 0x0000000702c00000|  0%| F|  |TAMS 0x0000000702a00000| PB 0x0000000702a00000| Untracked 
|  12|0x0000000702c00000, 0x0000000702c00000, 0x0000000702e00000|  0%| F|  |TAMS 0x0000000702c00000| PB 0x0000000702c00000| Untracked 
|  13|0x0000000702e00000, 0x0000000702e00000, 0x0000000703000000|  0%| F|  |TAMS 0x0000000702e00000| PB 0x0000000702e00000| Untracked 
|  14|0x0000000703000000, 0x0000000703000000, 0x0000000703200000|  0%| F|  |TAMS 0x0000000703000000| PB 0x0000000703000000| Untracked 
|  15|0x0000000703200000, 0x0000000703200000, 0x0000000703400000|  0%| F|  |TAMS 0x0000000703200000| PB 0x0000000703200000| Untracked 
|  16|0x0000000703400000, 0x0000000703400000, 0x0000000703600000|  0%| F|  |TAMS 0x0000000703400000| PB 0x0000000703400000| Untracked 
|  17|0x0000000703600000, 0x0000000703600000, 0x0000000703800000|  0%| F|  |TAMS 0x0000000703600000| PB 0x0000000703600000| Untracked 
|  18|0x0000000703800000, 0x0000000703800000, 0x0000000703a00000|  0%| F|  |TAMS 0x0000000703800000| PB 0x0000000703800000| Untracked 
|  19|0x0000000703a00000, 0x0000000703a00000, 0x0000000703c00000|  0%| F|  |TAMS 0x0000000703a00000| PB 0x0000000703a00000| Untracked 
|  20|0x0000000703c00000, 0x0000000703c00000, 0x0000000703e00000|  0%| F|  |TAMS 0x0000000703c00000| PB 0x0000000703c00000| Untracked 
|  21|0x0000000703e00000, 0x0000000703e00000, 0x0000000704000000|  0%| F|  |TAMS 0x0000000703e00000| PB 0x0000000703e00000| Untracked 
|  22|0x0000000704000000, 0x0000000704000000, 0x0000000704200000|  0%| F|  |TAMS 0x0000000704000000| PB 0x0000000704000000| Untracked 
|  23|0x0000000704200000, 0x0000000704200000, 0x0000000704400000|  0%| F|  |TAMS 0x0000000704200000| PB 0x0000000704200000| Untracked 
|  24|0x0000000704400000, 0x0000000704400000, 0x0000000704600000|  0%| F|  |TAMS 0x0000000704400000| PB 0x0000000704400000| Untracked 
|  25|0x0000000704600000, 0x0000000704600000, 0x0000000704800000|  0%| F|  |TAMS 0x0000000704600000| PB 0x0000000704600000| Untracked 
|  26|0x0000000704800000, 0x0000000704800000, 0x0000000704a00000|  0%| F|  |TAMS 0x0000000704800000| PB 0x0000000704800000| Untracked 
|  27|0x0000000704a00000, 0x0000000704a00000, 0x0000000704c00000|  0%| F|  |TAMS 0x0000000704a00000| PB 0x0000000704a00000| Untracked 
|  28|0x0000000704c00000, 0x0000000704c00000, 0x0000000704e00000|  0%| F|  |TAMS 0x0000000704c00000| PB 0x0000000704c00000| Untracked 
|  29|0x0000000704e00000, 0x0000000704e00000, 0x0000000705000000|  0%| F|  |TAMS 0x0000000704e00000| PB 0x0000000704e00000| Untracked 
|  30|0x0000000705000000, 0x0000000705000000, 0x0000000705200000|  0%| F|  |TAMS 0x0000000705000000| PB 0x0000000705000000| Untracked 
|  31|0x0000000705200000, 0x0000000705200000, 0x0000000705400000|  0%| F|  |TAMS 0x0000000705200000| PB 0x0000000705200000| Untracked 
|  32|0x0000000705400000, 0x0000000705400000, 0x0000000705600000|  0%| F|  |TAMS 0x0000000705400000| PB 0x0000000705400000| Untracked 
|  33|0x0000000705600000, 0x0000000705600000, 0x0000000705800000|  0%| F|  |TAMS 0x0000000705600000| PB 0x0000000705600000| Untracked 
|  34|0x0000000705800000, 0x0000000705800000, 0x0000000705a00000|  0%| F|  |TAMS 0x0000000705800000| PB 0x0000000705800000| Untracked 
|  35|0x0000000705a00000, 0x0000000705a00000, 0x0000000705c00000|  0%| F|  |TAMS 0x0000000705a00000| PB 0x0000000705a00000| Untracked 
|  36|0x0000000705c00000, 0x0000000705c00000, 0x0000000705e00000|  0%| F|  |TAMS 0x0000000705c00000| PB 0x0000000705c00000| Untracked 
|  37|0x0000000705e00000, 0x0000000705e00000, 0x0000000706000000|  0%| F|  |TAMS 0x0000000705e00000| PB 0x0000000705e00000| Untracked 
|  38|0x0000000706000000, 0x0000000706000000, 0x0000000706200000|  0%| F|  |TAMS 0x0000000706000000| PB 0x0000000706000000| Untracked 
|  39|0x0000000706200000, 0x0000000706200000, 0x0000000706400000|  0%| F|  |TAMS 0x0000000706200000| PB 0x0000000706200000| Untracked 
|  40|0x0000000706400000, 0x0000000706400000, 0x0000000706600000|  0%| F|  |TAMS 0x0000000706400000| PB 0x0000000706400000| Untracked 
|  41|0x0000000706600000, 0x0000000706600000, 0x0000000706800000|  0%| F|  |TAMS 0x0000000706600000| PB 0x0000000706600000| Untracked 
|  42|0x0000000706800000, 0x0000000706800000, 0x0000000706a00000|  0%| F|  |TAMS 0x0000000706800000| PB 0x0000000706800000| Untracked 
|  43|0x0000000706a00000, 0x0000000706a00000, 0x0000000706c00000|  0%| F|  |TAMS 0x0000000706a00000| PB 0x0000000706a00000| Untracked 
|  44|0x0000000706c00000, 0x0000000706c00000, 0x0000000706e00000|  0%| F|  |TAMS 0x0000000706c00000| PB 0x0000000706c00000| Untracked 
|  45|0x0000000706e00000, 0x0000000706e00000, 0x0000000707000000|  0%| F|  |TAMS 0x0000000706e00000| PB 0x0000000706e00000| Untracked 
|  46|0x0000000707000000, 0x0000000707000000, 0x0000000707200000|  0%| F|  |TAMS 0x0000000707000000| PB 0x0000000707000000| Untracked 
|  47|0x0000000707200000, 0x0000000707200000, 0x0000000707400000|  0%| F|  |TAMS 0x0000000707200000| PB 0x0000000707200000| Untracked 
|  48|0x0000000707400000, 0x0000000707400000, 0x0000000707600000|  0%| F|  |TAMS 0x0000000707400000| PB 0x0000000707400000| Untracked 
|  49|0x0000000707600000, 0x0000000707600000, 0x0000000707800000|  0%| F|  |TAMS 0x0000000707600000| PB 0x0000000707600000| Untracked 
|  50|0x0000000707800000, 0x0000000707800000, 0x0000000707a00000|  0%| F|  |TAMS 0x0000000707800000| PB 0x0000000707800000| Untracked 
|  51|0x0000000707a00000, 0x0000000707a00000, 0x0000000707c00000|  0%| F|  |TAMS 0x0000000707a00000| PB 0x0000000707a00000| Untracked 
|  52|0x0000000707c00000, 0x0000000707c00000, 0x0000000707e00000|  0%| F|  |TAMS 0x0000000707c00000| PB 0x0000000707c00000| Untracked 
|  53|0x0000000707e00000, 0x0000000707e00000, 0x0000000708000000|  0%| F|  |TAMS 0x0000000707e00000| PB 0x0000000707e00000| Untracked 
|  54|0x0000000708000000, 0x0000000708000000, 0x0000000708200000|  0%| F|  |TAMS 0x0000000708000000| PB 0x0000000708000000| Untracked 
|  55|0x0000000708200000, 0x0000000708200000, 0x0000000708400000|  0%| F|  |TAMS 0x0000000708200000| PB 0x0000000708200000| Untracked 
|  56|0x0000000708400000, 0x0000000708400000, 0x0000000708600000|  0%| F|  |TAMS 0x0000000708400000| PB 0x0000000708400000| Untracked 
|  57|0x0000000708600000, 0x0000000708600000, 0x0000000708800000|  0%| F|  |TAMS 0x0000000708600000| PB 0x0000000708600000| Untracked 
|  58|0x0000000708800000, 0x0000000708800000, 0x0000000708a00000|  0%| F|  |TAMS 0x0000000708800000| PB 0x0000000708800000| Untracked 
|  59|0x0000000708a00000, 0x0000000708a00000, 0x0000000708c00000|  0%| F|  |TAMS 0x0000000708a00000| PB 0x0000000708a00000| Untracked 
|  60|0x0000000708c00000, 0x0000000708c00000, 0x0000000708e00000|  0%| F|  |TAMS 0x0000000708c00000| PB 0x0000000708c00000| Untracked 
|  61|0x0000000708e00000, 0x0000000708e00000, 0x0000000709000000|  0%| F|  |TAMS 0x0000000708e00000| PB 0x0000000708e00000| Untracked 
|  62|0x0000000709000000, 0x0000000709000000, 0x0000000709200000|  0%| F|  |TAMS 0x0000000709000000| PB 0x0000000709000000| Untracked 
|  63|0x0000000709200000, 0x0000000709200000, 0x0000000709400000|  0%| F|  |TAMS 0x0000000709200000| PB 0x0000000709200000| Untracked 
|  64|0x0000000709400000, 0x0000000709400000, 0x0000000709600000|  0%| F|  |TAMS 0x0000000709400000| PB 0x0000000709400000| Untracked 
|  65|0x0000000709600000, 0x0000000709600000, 0x0000000709800000|  0%| F|  |TAMS 0x0000000709600000| PB 0x0000000709600000| Untracked 
|  66|0x0000000709800000, 0x0000000709800000, 0x0000000709a00000|  0%| F|  |TAMS 0x0000000709800000| PB 0x0000000709800000| Untracked 
|  67|0x0000000709a00000, 0x0000000709a00000, 0x0000000709c00000|  0%| F|  |TAMS 0x0000000709a00000| PB 0x0000000709a00000| Untracked 
|  68|0x0000000709c00000, 0x0000000709c00000, 0x0000000709e00000|  0%| F|  |TAMS 0x0000000709c00000| PB 0x0000000709c00000| Untracked 
|  69|0x0000000709e00000, 0x0000000709e00000, 0x000000070a000000|  0%| F|  |TAMS 0x0000000709e00000| PB 0x0000000709e00000| Untracked 
|  70|0x000000070a000000, 0x000000070a000000, 0x000000070a200000|  0%| F|  |TAMS 0x000000070a000000| PB 0x000000070a000000| Untracked 
|  71|0x000000070a200000, 0x000000070a200000, 0x000000070a400000|  0%| F|  |TAMS 0x000000070a200000| PB 0x000000070a200000| Untracked 
|  72|0x000000070a400000, 0x000000070a400000, 0x000000070a600000|  0%| F|  |TAMS 0x000000070a400000| PB 0x000000070a400000| Untracked 
|  73|0x000000070a600000, 0x000000070a600000, 0x000000070a800000|  0%| F|  |TAMS 0x000000070a600000| PB 0x000000070a600000| Untracked 
|  74|0x000000070a800000, 0x000000070a800000, 0x000000070aa00000|  0%| F|  |TAMS 0x000000070a800000| PB 0x000000070a800000| Untracked 
|  75|0x000000070aa00000, 0x000000070aa00000, 0x000000070ac00000|  0%| F|  |TAMS 0x000000070aa00000| PB 0x000000070aa00000| Untracked 
|  76|0x000000070ac00000, 0x000000070ac00000, 0x000000070ae00000|  0%| F|  |TAMS 0x000000070ac00000| PB 0x000000070ac00000| Untracked 
|  77|0x000000070ae00000, 0x000000070ae00000, 0x000000070b000000|  0%| F|  |TAMS 0x000000070ae00000| PB 0x000000070ae00000| Untracked 
|  78|0x000000070b000000, 0x000000070b000000, 0x000000070b200000|  0%| F|  |TAMS 0x000000070b000000| PB 0x000000070b000000| Untracked 
|  79|0x000000070b200000, 0x000000070b200000, 0x000000070b400000|  0%| F|  |TAMS 0x000000070b200000| PB 0x000000070b200000| Untracked 
|  80|0x000000070b400000, 0x000000070b400000, 0x000000070b600000|  0%| F|  |TAMS 0x000000070b400000| PB 0x000000070b400000| Untracked 
|  81|0x000000070b600000, 0x000000070b600000, 0x000000070b800000|  0%| F|  |TAMS 0x000000070b600000| PB 0x000000070b600000| Untracked 
|  82|0x000000070b800000, 0x000000070b800000, 0x000000070ba00000|  0%| F|  |TAMS 0x000000070b800000| PB 0x000000070b800000| Untracked 
|  83|0x000000070ba00000, 0x000000070ba00000, 0x000000070bc00000|  0%| F|  |TAMS 0x000000070ba00000| PB 0x000000070ba00000| Untracked 
|  84|0x000000070bc00000, 0x000000070bc00000, 0x000000070be00000|  0%| F|  |TAMS 0x000000070bc00000| PB 0x000000070bc00000| Untracked 
|  85|0x000000070be00000, 0x000000070be00000, 0x000000070c000000|  0%| F|  |TAMS 0x000000070be00000| PB 0x000000070be00000| Untracked 
|  86|0x000000070c000000, 0x000000070c000000, 0x000000070c200000|  0%| F|  |TAMS 0x000000070c000000| PB 0x000000070c000000| Untracked 
|  87|0x000000070c200000, 0x000000070c200000, 0x000000070c400000|  0%| F|  |TAMS 0x000000070c200000| PB 0x000000070c200000| Untracked 
|  88|0x000000070c400000, 0x000000070c400000, 0x000000070c600000|  0%| F|  |TAMS 0x000000070c400000| PB 0x000000070c400000| Untracked 
|  89|0x000000070c600000, 0x000000070c600000, 0x000000070c800000|  0%| F|  |TAMS 0x000000070c600000| PB 0x000000070c600000| Untracked 
|  90|0x000000070c800000, 0x000000070c800000, 0x000000070ca00000|  0%| F|  |TAMS 0x000000070c800000| PB 0x000000070c800000| Untracked 
|  91|0x000000070ca00000, 0x000000070ca00000, 0x000000070cc00000|  0%| F|  |TAMS 0x000000070ca00000| PB 0x000000070ca00000| Untracked 
|  92|0x000000070cc00000, 0x000000070cc00000, 0x000000070ce00000|  0%| F|  |TAMS 0x000000070cc00000| PB 0x000000070cc00000| Untracked 
|  93|0x000000070ce00000, 0x000000070ce00000, 0x000000070d000000|  0%| F|  |TAMS 0x000000070ce00000| PB 0x000000070ce00000| Untracked 
|  94|0x000000070d000000, 0x000000070d000000, 0x000000070d200000|  0%| F|  |TAMS 0x000000070d000000| PB 0x000000070d000000| Untracked 
|  95|0x000000070d200000, 0x000000070d200000, 0x000000070d400000|  0%| F|  |TAMS 0x000000070d200000| PB 0x000000070d200000| Untracked 
|  96|0x000000070d400000, 0x000000070d400000, 0x000000070d600000|  0%| F|  |TAMS 0x000000070d400000| PB 0x000000070d400000| Untracked 
|  97|0x000000070d600000, 0x000000070d600000, 0x000000070d800000|  0%| F|  |TAMS 0x000000070d600000| PB 0x000000070d600000| Untracked 
|  98|0x000000070d800000, 0x000000070d800000, 0x000000070da00000|  0%| F|  |TAMS 0x000000070d800000| PB 0x000000070d800000| Untracked 
|  99|0x000000070da00000, 0x000000070da00000, 0x000000070dc00000|  0%| F|  |TAMS 0x000000070da00000| PB 0x000000070da00000| Untracked 
| 100|0x000000070dc00000, 0x000000070dc00000, 0x000000070de00000|  0%| F|  |TAMS 0x000000070dc00000| PB 0x000000070dc00000| Untracked 
| 101|0x000000070de00000, 0x000000070de00000, 0x000000070e000000|  0%| F|  |TAMS 0x000000070de00000| PB 0x000000070de00000| Untracked 
| 102|0x000000070e000000, 0x000000070e000000, 0x000000070e200000|  0%| F|  |TAMS 0x000000070e000000| PB 0x000000070e000000| Untracked 
| 103|0x000000070e200000, 0x000000070e200000, 0x000000070e400000|  0%| F|  |TAMS 0x000000070e200000| PB 0x000000070e200000| Untracked 
| 104|0x000000070e400000, 0x000000070e400000, 0x000000070e600000|  0%| F|  |TAMS 0x000000070e400000| PB 0x000000070e400000| Untracked 
| 105|0x000000070e600000, 0x000000070e600000, 0x000000070e800000|  0%| F|  |TAMS 0x000000070e600000| PB 0x000000070e600000| Untracked 
| 106|0x000000070e800000, 0x000000070e800000, 0x000000070ea00000|  0%| F|  |TAMS 0x000000070e800000| PB 0x000000070e800000| Untracked 
| 107|0x000000070ea00000, 0x000000070ea00000, 0x000000070ec00000|  0%| F|  |TAMS 0x000000070ea00000| PB 0x000000070ea00000| Untracked 
| 108|0x000000070ec00000, 0x000000070ec00000, 0x000000070ee00000|  0%| F|  |TAMS 0x000000070ec00000| PB 0x000000070ec00000| Untracked 
| 109|0x000000070ee00000, 0x000000070ee00000, 0x000000070f000000|  0%| F|  |TAMS 0x000000070ee00000| PB 0x000000070ee00000| Untracked 
| 110|0x000000070f000000, 0x000000070f000000, 0x000000070f200000|  0%| F|  |TAMS 0x000000070f000000| PB 0x000000070f000000| Untracked 
| 111|0x000000070f200000, 0x000000070f200000, 0x000000070f400000|  0%| F|  |TAMS 0x000000070f200000| PB 0x000000070f200000| Untracked 
| 112|0x000000070f400000, 0x000000070f400000, 0x000000070f600000|  0%| F|  |TAMS 0x000000070f400000| PB 0x000000070f400000| Untracked 
| 113|0x000000070f600000, 0x000000070f600000, 0x000000070f800000|  0%| F|  |TAMS 0x000000070f600000| PB 0x000000070f600000| Untracked 
| 114|0x000000070f800000, 0x000000070f800000, 0x000000070fa00000|  0%| F|  |TAMS 0x000000070f800000| PB 0x000000070f800000| Untracked 
| 115|0x000000070fa00000, 0x000000070fae1510, 0x000000070fc00000| 44%| S|CS|TAMS 0x000000070fa00000| PB 0x000000070fa00000| Complete 
| 116|0x000000070fc00000, 0x000000070fe00000, 0x000000070fe00000|100%| S|CS|TAMS 0x000000070fc00000| PB 0x000000070fc00000| Complete 
| 117|0x000000070fe00000, 0x000000070fe00000, 0x0000000710000000|  0%| F|  |TAMS 0x000000070fe00000| PB 0x000000070fe00000| Untracked 
| 118|0x0000000710000000, 0x0000000710000000, 0x0000000710200000|  0%| F|  |TAMS 0x0000000710000000| PB 0x0000000710000000| Untracked 
| 119|0x0000000710200000, 0x0000000710200000, 0x0000000710400000|  0%| F|  |TAMS 0x0000000710200000| PB 0x0000000710200000| Untracked 
| 120|0x0000000710400000, 0x0000000710400000, 0x0000000710600000|  0%| F|  |TAMS 0x0000000710400000| PB 0x0000000710400000| Untracked 
| 121|0x0000000710600000, 0x0000000710600000, 0x0000000710800000|  0%| F|  |TAMS 0x0000000710600000| PB 0x0000000710600000| Untracked 
| 122|0x0000000710800000, 0x0000000710800000, 0x0000000710a00000|  0%| F|  |TAMS 0x0000000710800000| PB 0x0000000710800000| Untracked 
| 123|0x0000000710a00000, 0x0000000710a00000, 0x0000000710c00000|  0%| F|  |TAMS 0x0000000710a00000| PB 0x0000000710a00000| Untracked 
| 124|0x0000000710c00000, 0x0000000710c00000, 0x0000000710e00000|  0%| F|  |TAMS 0x0000000710c00000| PB 0x0000000710c00000| Untracked 
| 125|0x0000000710e00000, 0x0000000710e00000, 0x0000000711000000|  0%| F|  |TAMS 0x0000000710e00000| PB 0x0000000710e00000| Untracked 
| 126|0x0000000711000000, 0x0000000711000000, 0x0000000711200000|  0%| F|  |TAMS 0x0000000711000000| PB 0x0000000711000000| Untracked 
| 127|0x0000000711200000, 0x000000071135a598, 0x0000000711400000| 67%| E|  |TAMS 0x0000000711200000| PB 0x0000000711200000| Complete 

Card table byte_map: [0x0000021b20f70000,0x0000021b21770000] _byte_map_base: 0x0000021b1d766000

Marking Bits: (CMBitMap*) 0x0000021b06b875b0
 Bits: [0x0000021b21770000, 0x0000021b25720000)

Polling page: 0x0000021b06950000

Metaspace:

Usage:
  Non-class:      8.03 MB used.
      Class:    536.91 KB used.
       Both:      8.55 MB used.

Virtual space:
  Non-class space:       64.00 MB reserved,       8.12 MB ( 13%) committed,  1 nodes.
      Class space:        1.00 GB reserved,     640.00 KB ( <1%) committed,  1 nodes.
             Both:        1.06 GB reserved,       8.75 MB ( <1%) committed. 

Chunk freelists:
   Non-Class:  7.61 MB
       Class:  15.40 MB
        Both:  23.01 MB

MaxMetaspaceSize: unlimited
CompressedClassSpaceSize: 1.00 GB
Initial GC threshold: 21.00 MB
Current GC threshold: 21.00 MB
CDS: on
 - commit_granule_bytes: 65536.
 - commit_granule_words: 8192.
 - virtual_space_node_default_size: 8388608.
 - enlarge_chunks_in_place: 1.
 - use_allocation_guard: 0.


Internal statistics:

num_allocs_failed_limit: 0.
num_arena_births: 96.
num_arena_deaths: 0.
num_vsnodes_births: 2.
num_vsnodes_deaths: 0.
num_space_committed: 138.
num_space_uncommitted: 0.
num_chunks_returned_to_freelist: 0.
num_chunks_taken_from_freelist: 253.
num_chunk_merges: 0.
num_chunk_splits: 188.
num_chunks_enlarged: 150.
num_inconsistent_stats: 0.

CodeHeap 'non-profiled nmethods': size=119168Kb used=353Kb max_used=353Kb free=118814Kb
 bounds [0x0000021b18360000, 0x0000021b185d0000, 0x0000021b1f7c0000]
CodeHeap 'profiled nmethods': size=119104Kb used=2080Kb max_used=2080Kb free=117023Kb
 bounds [0x0000021b107c0000, 0x0000021b10a30000, 0x0000021b17c10000]
CodeHeap 'non-nmethods': size=7488Kb used=3791Kb max_used=3820Kb free=3696Kb
 bounds [0x0000021b17c10000, 0x0000021b17fe0000, 0x0000021b18360000]
 total_blobs=2183 nmethods=1160 adapters=925
 compilation: enabled
              stopped_count=0, restarted_count=0
 full_count=0

Compilation events (20 events):
Event: 1.140 Thread 0x0000021b287cac80 1145       4       java.lang.invoke.MethodHandle::<init> (37 bytes)
Event: 1.141 Thread 0x0000021b287cac80 nmethod 1145 0x0000021b183af490 code [0x0000021b183af640, 0x0000021b183afa40]
Event: 1.143 Thread 0x0000021b287cac80 1146       4       java.lang.invoke.MethodType::hashCode (53 bytes)
Event: 1.144 Thread 0x0000021b287cac80 nmethod 1146 0x0000021b183afc90 code [0x0000021b183afe40, 0x0000021b183b00a0]
Event: 1.144 Thread 0x0000021b287cac80 1147   !   4       java.lang.ref.NativeReferenceQueue::poll (28 bytes)
Event: 1.144 Thread 0x0000021b287cac80 nmethod 1147 0x0000021b183b0290 code [0x0000021b183b0400, 0x0000021b183b04b0]
Event: 1.145 Thread 0x0000021b287cac80 1148       4       java.lang.invoke.MethodType::makeImpl (109 bytes)
Event: 1.149 Thread 0x0000021b289fdd20 1150       1       java.util.concurrent.locks.AbstractOwnableSynchronizer::setExclusiveOwnerThread (6 bytes)
Event: 1.149 Thread 0x0000021b289fd270 1151       1       java.util.concurrent.locks.AbstractOwnableSynchronizer::getExclusiveOwnerThread (5 bytes)
Event: 1.149 Thread 0x0000021b289fdd20 nmethod 1150 0x0000021b183b0590 code [0x0000021b183b0720, 0x0000021b183b0838]
Event: 1.149 Thread 0x0000021b287cb710 1152       1       java.util.concurrent.locks.AbstractQueuedSynchronizer::getState (5 bytes)
Event: 1.149 Thread 0x0000021b289fd270 nmethod 1151 0x0000021b183b0890 code [0x0000021b183b0a20, 0x0000021b183b0af0]
Event: 1.149 Thread 0x0000021b289fd270 1153       1       java.util.concurrent.locks.AbstractQueuedSynchronizer::setState (6 bytes)
Event: 1.149 Thread 0x0000021b287cb710 nmethod 1152 0x0000021b183b0b90 code [0x0000021b183b0d20, 0x0000021b183b0de8]
Event: 1.149 Thread 0x0000021b289fd270 nmethod 1153 0x0000021b183b0e90 code [0x0000021b183b1020, 0x0000021b183b10f0]
Event: 1.150 Thread 0x0000021b289fd270 1154   !   3       java.lang.ref.NativeReferenceQueue::poll (28 bytes)
Event: 1.150 Thread 0x0000021b289fd270 nmethod 1154 0x0000021b109c6990 code [0x0000021b109c6b60, 0x0000021b109c6ed8]
Event: 1.150 Thread 0x0000021b289fd270 1155       3       java.util.concurrent.ConcurrentHashMap::get (162 bytes)
Event: 1.150 Thread 0x0000021b289fd270 nmethod 1155 0x0000021b109c7010 code [0x0000021b109c7260, 0x0000021b109c7d48]
Event: 1.171 Thread 0x0000021b287cac80 nmethod 1148 0x0000021b183b1190 code [0x0000021b183b1520, 0x0000021b183b3a08]

GC Heap History (2 events):
Event: 1.146 GC heap before
{Heap before GC invocations=0 (full 0):
 garbage-first heap   total 262144K, used 22528K [0x0000000701400000, 0x0000000800000000)
  region size 2048K, 11 young (22528K), 0 survivors (0K)
 Metaspace       used 8688K, committed 8896K, reserved 1114112K
  class space    used 535K, committed 640K, reserved 1048576K
}
Event: 1.149 GC heap after
{Heap after GC invocations=1 (full 0):
 garbage-first heap   total 262144K, used 2949K [0x0000000701400000, 0x0000000800000000)
  region size 2048K, 2 young (4096K), 2 survivors (4096K)
 Metaspace       used 8688K, committed 8896K, reserved 1114112K
  class space    used 535K, committed 640K, reserved 1048576K
}

Dll operation events (10 events):
Event: 0.143 Loaded shared library C:\Program Files\Java\jdk-21\bin\java.dll
Event: 0.144 Loaded shared library C:\Program Files\Java\jdk-21\bin\zip.dll
Event: 0.169 Loaded shared library C:\Program Files\Java\jdk-21\bin\jsvml.dll
Event: 0.225 Loaded shared library C:\Program Files\Java\jdk-21\bin\instrument.dll
Event: 0.264 Loaded shared library C:\Program Files\Java\jdk-21\bin\net.dll
Event: 0.265 Loaded shared library C:\Program Files\Java\jdk-21\bin\nio.dll
Event: 0.270 Loaded shared library C:\Program Files\Java\jdk-21\bin\zip.dll
Event: 0.290 Loaded shared library C:\Program Files\Java\jdk-21\bin\jimage.dll
Event: 0.340 Loaded shared library C:\Users\hamid\AppData\Local\Temp\lwjglhamid\3.2.3-build-13\lwjgl.dll
Event: 0.729 Loaded shared library C:\Users\hamid\AppData\Local\Temp\lwjglhamid\3.2.3-build-13\lwjgl_opengl.dll

Deoptimization events (20 events):
Event: 0.247 Thread 0x0000021b0699e0f0 Uncommon trap: trap_request=0xffffff45 fr.pc=0x0000021b18375e7c relative=0x000000000000053c
Event: 0.247 Thread 0x0000021b0699e0f0 Uncommon trap: reason=unstable_if action=reinterpret pc=0x0000021b18375e7c method=java.lang.StringLatin1.replace([BCC)Ljava/lang/String; @ 19 c2
Event: 0.247 Thread 0x0000021b0699e0f0 DEOPT PACKING pc=0x0000021b18375e7c sp=0x00000021fe9ff0e0
Event: 0.247 Thread 0x0000021b0699e0f0 DEOPT UNPACKING pc=0x0000021b17c646a2 sp=0x00000021fe9ff060 mode 2
Event: 0.280 Thread 0x0000021b0699e0f0 DEOPT PACKING pc=0x0000021b107f2873 sp=0x00000021fe9fd570
Event: 0.280 Thread 0x0000021b0699e0f0 DEOPT UNPACKING pc=0x0000021b17c64e42 sp=0x00000021fe9fc990 mode 0
Event: 0.295 Thread 0x0000021b0699e0f0 Uncommon trap: trap_request=0xffffff45 fr.pc=0x0000021b1837e67c relative=0x000000000000007c
Event: 0.295 Thread 0x0000021b0699e0f0 Uncommon trap: reason=unstable_if action=reinterpret pc=0x0000021b1837e67c method=java.io.WinNTFileSystem.isSlash(C)Z @ 9 c2
Event: 0.295 Thread 0x0000021b0699e0f0 DEOPT PACKING pc=0x0000021b1837e67c sp=0x00000021fe9fe070
Event: 0.295 Thread 0x0000021b0699e0f0 DEOPT UNPACKING pc=0x0000021b17c646a2 sp=0x00000021fe9fe008 mode 2
Event: 1.064 Thread 0x0000021b0699e0f0 DEOPT PACKING pc=0x0000021b10853be3 sp=0x00000021fe9fda70
Event: 1.064 Thread 0x0000021b0699e0f0 DEOPT UNPACKING pc=0x0000021b17c64e42 sp=0x00000021fe9fced0 mode 0
Event: 1.149 Thread 0x0000021b0699e0f0 Uncommon trap: trap_request=0xffffff45 fr.pc=0x0000021b183ae65c relative=0x000000000000031c
Event: 1.149 Thread 0x0000021b0699e0f0 Uncommon trap: reason=unstable_if action=reinterpret pc=0x0000021b183ae65c method=java.util.concurrent.ConcurrentHashMap.get(Ljava/lang/Object;)Ljava/lang/Object; @ 76 c2
Event: 1.149 Thread 0x0000021b0699e0f0 DEOPT PACKING pc=0x0000021b183ae65c sp=0x00000021fe9fe720
Event: 1.149 Thread 0x0000021b0699e0f0 DEOPT UNPACKING pc=0x0000021b17c646a2 sp=0x00000021fe9fe6a8 mode 2
Event: 1.149 Thread 0x0000021b0699e0f0 Uncommon trap: trap_request=0xffffff45 fr.pc=0x0000021b183b0470 relative=0x0000000000000070
Event: 1.149 Thread 0x0000021b0699e0f0 Uncommon trap: reason=unstable_if action=reinterpret pc=0x0000021b183b0470 method=java.lang.ref.ReferenceQueue.headIsNull()Z @ 4 c2
Event: 1.149 Thread 0x0000021b0699e0f0 DEOPT PACKING pc=0x0000021b183b0470 sp=0x00000021fe9fe750
Event: 1.149 Thread 0x0000021b0699e0f0 DEOPT UNPACKING pc=0x0000021b17c646a2 sp=0x00000021fe9fe678 mode 2

Classes loaded (20 events):
Event: 1.117 Loading class org/lwjgl/opengl/NVVertexBufferUnifiedMemory
Event: 1.117 Loading class org/lwjgl/opengl/NVVertexBufferUnifiedMemory done
Event: 1.118 Loading class org/lwjgl/opengl/NVViewportSwizzle
Event: 1.118 Loading class org/lwjgl/opengl/NVViewportSwizzle done
Event: 1.119 Loading class org/lwjgl/opengl/NVXConditionalRender
Event: 1.119 Loading class org/lwjgl/opengl/NVXConditionalRender done
Event: 1.119 Loading class org/lwjgl/opengl/NVXGpuMulticast2
Event: 1.119 Loading class org/lwjgl/opengl/NVXGpuMulticast2 done
Event: 1.120 Loading class org/lwjgl/opengl/NVXProgressFence
Event: 1.120 Loading class org/lwjgl/opengl/NVXProgressFence done
Event: 1.121 Loading class org/lwjgl/opengl/OVRMultiview
Event: 1.121 Loading class org/lwjgl/opengl/OVRMultiview done
Event: 1.121 Loading class jdk/internal/reflect/MethodHandleLongFieldAccessorImpl
Event: 1.122 Loading class jdk/internal/reflect/MethodHandleLongFieldAccessorImpl done
Event: 1.122 Loading class org/lwjgl/system/CheckIntrinsics
Event: 1.122 Loading class org/lwjgl/system/CheckIntrinsics done
Event: 1.170 Loading class org/lwjgl/system/MultiReleaseMemCopy
Event: 1.170 Loading class org/lwjgl/system/MultiReleaseMemCopy done
Event: 1.171 Loading class org/lwjgl/opengl/GL11C
Event: 1.171 Loading class org/lwjgl/opengl/GL11C done

Classes unloaded (0 events):
No events

Classes redefined (1 events):
Event: 0.241 Thread 0x0000021b2879d3f0 redefined class name=java.lang.Throwable, count=1

Internal exceptions (20 events):
Event: 0.320 Thread 0x0000021b0699e0f0 Exception <a 'java/lang/NoSuchMethodError'{0x0000000710d76820}: 'java.lang.Object java.lang.invoke.DirectMethodHandle$Holder.invokeStatic(java.lang.Object, java.lang.Object, int)'> (0x0000000710d76820) 
thrown [s\open\src\hotspot\share\interpreter\linkResolver.cpp, line 773]
Event: 0.322 Thread 0x0000021b0699e0f0 Exception <a 'java/lang/NoSuchMethodError'{0x0000000710d81cc0}: 'void java.lang.invoke.DelegatingMethodHandle$Holder.delegate(java.lang.Object, java.lang.Object, int, java.lang.Object)'> (0x0000000710d81cc0) 
thrown [s\open\src\hotspot\share\interpreter\linkResolver.cpp, line 773]
Event: 0.322 Thread 0x0000021b0699e0f0 Exception <a 'java/lang/NoSuchMethodError'{0x0000000710d85980}: 'int java.lang.invoke.DirectMethodHandle$Holder.invokeSpecial(java.lang.Object, java.lang.Object, java.lang.Object)'> (0x0000000710d85980) 
thrown [s\open\src\hotspot\share\interpreter\linkResolver.cpp, line 773]
Event: 0.326 Thread 0x0000021b0699e0f0 Exception <a 'java/lang/NoSuchMethodError'{0x0000000710da1810}: 'void java.lang.System.loadLibrary(java.lang.String, java.lang.Class)'> (0x0000000710da1810) 
thrown [s\open\src\hotspot\share\interpreter\linkResolver.cpp, line 773]
Event: 0.344 Thread 0x0000021b0699e0f0 Exception <a 'sun/nio/fs/WindowsException'{0x0000000710a0e7b0}> (0x0000000710a0e7b0) 
thrown [s\open\src\hotspot\share\prims\jni.cpp, line 520]
Event: 0.344 Thread 0x0000021b0699e0f0 Exception <a 'sun/nio/fs/WindowsException'{0x0000000710a0fe00}> (0x0000000710a0fe00) 
thrown [s\open\src\hotspot\share\prims\jni.cpp, line 520]
Event: 0.366 Thread 0x0000021b0699e0f0 Exception <a 'sun/nio/fs/WindowsException'{0x0000000710b06540}> (0x0000000710b06540) 
thrown [s\open\src\hotspot\share\prims\jni.cpp, line 520]
Event: 0.366 Thread 0x0000021b0699e0f0 Exception <a 'sun/nio/fs/WindowsException'{0x0000000710b068d0}> (0x0000000710b068d0) 
thrown [s\open\src\hotspot\share\prims\jni.cpp, line 520]
Event: 0.370 Thread 0x0000021b0699e0f0 Exception <a 'java/lang/NoSuchMethodError'{0x0000000710b1c230}: 'int java.lang.invoke.Invokers$Holder.invokeExact_MT(java.lang.Object, java.lang.Object)'> (0x0000000710b1c230) 
thrown [s\open\src\hotspot\share\interpreter\linkResolver.cpp, line 773]
Event: 0.685 Thread 0x0000021b0699e0f0 Exception <a 'java/lang/NoSuchMethodError'{0x0000000710b75cb0}: 'void java.lang.invoke.DirectMethodHandle$Holder.invokeStaticInit(java.lang.Object, long, double, double)'> (0x0000000710b75cb0) 
thrown [s\open\src\hotspot\share\interpreter\linkResolver.cpp, line 773]
Event: 0.687 Thread 0x0000021b0699e0f0 Exception <a 'java/lang/NoSuchMethodError'{0x0000000710b84720}: 'void java.lang.invoke.DirectMethodHandle$Holder.invokeStaticInit(java.lang.Object, long, int, int, int)'> (0x0000000710b84720) 
thrown [s\open\src\hotspot\share\interpreter\linkResolver.cpp, line 773]
Event: 0.691 Thread 0x0000021b0699e0f0 Exception <a 'java/lang/NoSuchMethodError'{0x0000000710b9bdc8}: 'void java.lang.invoke.DirectMethodHandle$Holder.invokeStaticInit(java.lang.Object, long, int, int, int, int)'> (0x0000000710b9bdc8) 
thrown [s\open\src\hotspot\share\interpreter\linkResolver.cpp, line 773]
Event: 0.724 Thread 0x0000021b0699e0f0 Exception <a 'java/lang/NoSuchMethodError'{0x0000000710bc5040}: 'void java.lang.System.load(java.lang.String, java.lang.Class)'> (0x0000000710bc5040) 
thrown [s\open\src\hotspot\share\interpreter\linkResolver.cpp, line 773]
Event: 0.725 Thread 0x0000021b0699e0f0 Exception <a 'java/lang/NoSuchMethodError'{0x0000000710bc7b78}: 'void java.lang.System.loadLibrary(java.lang.String, java.lang.Class)'> (0x0000000710bc7b78) 
thrown [s\open\src\hotspot\share\interpreter\linkResolver.cpp, line 773]
Event: 0.728 Thread 0x0000021b0699e0f0 Exception <a 'sun/nio/fs/WindowsException'{0x0000000710bd74b0}> (0x0000000710bd74b0) 
thrown [s\open\src\hotspot\share\prims\jni.cpp, line 520]
Event: 0.728 Thread 0x0000021b0699e0f0 Exception <a 'sun/nio/fs/WindowsException'{0x0000000710bd7880}> (0x0000000710bd7880) 
thrown [s\open\src\hotspot\share\prims\jni.cpp, line 520]
Event: 0.731 Thread 0x0000021b0699e0f0 Exception <a 'sun/nio/fs/WindowsException'{0x0000000710bdeb68}> (0x0000000710bdeb68) 
thrown [s\open\src\hotspot\share\prims\jni.cpp, line 520]
Event: 0.731 Thread 0x0000021b0699e0f0 Exception <a 'sun/nio/fs/WindowsException'{0x0000000710bdee70}> (0x0000000710bdee70) 
thrown [s\open\src\hotspot\share\prims\jni.cpp, line 520]
Event: 1.122 Thread 0x0000021b0699e0f0 Exception <a 'java/lang/NoSuchMethodError'{0x000000070fe65678}: 'long java.lang.invoke.DelegatingMethodHandle$Holder.reinvoke_L(java.lang.Object, java.lang.Object)'> (0x000000070fe65678) 
thrown [s\open\src\hotspot\share\interpreter\linkResolver.cpp, line 773]
Event: 1.122 Thread 0x0000021b0699e0f0 Exception <a 'java/lang/NoSuchMethodError'{0x000000070fe6ba40}: 'long java.lang.invoke.Invokers$Holder.invokeExact_MT(java.lang.Object, java.lang.Object, java.lang.Object)'> (0x000000070fe6ba40) 
thrown [s\open\src\hotspot\share\interpreter\linkResolver.cpp, line 773]

ZGC Phase Switch (0 events):
No events

VM Operations (12 events):
Event: 0.201 Executing VM operation: HandshakeAllThreads (Deoptimize)
Event: 0.201 Executing VM operation: HandshakeAllThreads (Deoptimize) done
Event: 0.222 Executing VM operation: ChangeBreakpoints
Event: 0.222 Executing VM operation: ChangeBreakpoints done
Event: 0.223 Executing VM operation: ChangeBreakpoints
Event: 0.223 Executing VM operation: ChangeBreakpoints done
Event: 0.241 Executing VM operation: RedefineClasses
Event: 0.242 Executing VM operation: RedefineClasses done
Event: 0.243 Executing VM operation: get/set locals
Event: 0.243 Executing VM operation: get/set locals done
Event: 1.146 Executing VM operation: G1CollectForAllocation (G1 Evacuation Pause)
Event: 1.149 Executing VM operation: G1CollectForAllocation (G1 Evacuation Pause) done

Events (20 events):
Event: 0.167 Thread 0x0000021b287b5c90 Thread added: 0x0000021b287b5c90
Event: 0.167 Thread 0x0000021b287b9f00 Thread added: 0x0000021b287b9f00
Event: 0.167 Thread 0x0000021b287bcd10 Thread added: 0x0000021b287bcd10
Event: 0.167 Thread 0x0000021b287bd890 Thread added: 0x0000021b287bd890
Event: 0.167 Thread 0x0000021b287c1ee0 Thread added: 0x0000021b287c1ee0
Event: 0.167 Thread 0x0000021b287cac80 Thread added: 0x0000021b287cac80
Event: 0.167 Thread 0x0000021b287cb710 Thread added: 0x0000021b287cb710
Event: 0.197 Thread 0x0000021b289d8220 Thread added: 0x0000021b289d8220
Event: 0.201 Thread 0x0000021b289fd270 Thread added: 0x0000021b289fd270
Event: 0.201 Thread 0x0000021b289fdd20 Thread added: 0x0000021b289fdd20
Event: 0.212 Thread 0x0000021b28a8d130 Thread added: 0x0000021b28a8d130
Event: 0.213 Thread 0x0000021b28a8aa50 Thread added: 0x0000021b28a8aa50
Event: 0.213 Thread 0x0000021b28ae81f0 Thread added: 0x0000021b28ae81f0
Event: 0.246 Thread 0x0000021b28b6ea70 Thread added: 0x0000021b28b6ea70
Event: 0.282 Thread 0x0000021b6e0875a0 Thread added: 0x0000021b6e0875a0
Event: 0.685 Thread 0x0000021b6e0875a0 Thread exited: 0x0000021b6e0875a0
Event: 0.869 Thread 0x0000021b7289dd20 Thread added: 0x0000021b7289dd20
Event: 0.984 Thread 0x0000021b7289dd20 Thread exited: 0x0000021b7289dd20
Event: 1.126 Thread 0x0000021b72d6a650 Thread added: 0x0000021b72d6a650
Event: 1.172 Thread 0x0000021b72b7d8e0 Thread added: 0x0000021b72b7d8e0


Dynamic libraries:
0x00007ff678e00000 - 0x00007ff678e10000 	C:\Program Files\Java\jdk-21\bin\java.exe
0x00007ff83b6d0000 - 0x00007ff83b8e7000 	C:\WINDOWS\SYSTEM32\ntdll.dll
0x00007ff8070c0000 - 0x00007ff8070da000 	C:\Program Files\Avast Software\Avast\aswhook.dll
0x00007ff839a50000 - 0x00007ff839b14000 	C:\WINDOWS\System32\KERNEL32.DLL
0x00007ff838bb0000 - 0x00007ff838f67000 	C:\WINDOWS\System32\KERNELBASE.dll
0x00007ff839030000 - 0x00007ff839141000 	C:\WINDOWS\System32\ucrtbase.dll
0x00007ff814f80000 - 0x00007ff814f99000 	C:\Program Files\Java\jdk-21\bin\jli.dll
0x00007ff800ed0000 - 0x00007ff800eeb000 	C:\Program Files\Java\jdk-21\bin\VCRUNTIME140.dll
0x00007ff83a400000 - 0x00007ff83a4b2000 	C:\WINDOWS\System32\ADVAPI32.dll
0x00007ff83a010000 - 0x00007ff83a0b7000 	C:\WINDOWS\System32\msvcrt.dll
0x00007ff83a590000 - 0x00007ff83a638000 	C:\WINDOWS\System32\sechost.dll
0x00007ff839150000 - 0x00007ff839178000 	C:\WINDOWS\System32\bcrypt.dll
0x00007ff83a0c0000 - 0x00007ff83a1d4000 	C:\WINDOWS\System32\RPCRT4.dll
0x00007ff83a240000 - 0x00007ff83a3ef000 	C:\WINDOWS\System32\USER32.dll
0x00007ff8389e0000 - 0x00007ff838a06000 	C:\WINDOWS\System32\win32u.dll
0x00007ff822b20000 - 0x00007ff822db3000 	C:\WINDOWS\WinSxS\amd64_microsoft.windows.common-controls_6595b64144ccf1df_6.0.22621.3672_none_2713b9d173822955\COMCTL32.dll
0x00007ff83b4a0000 - 0x00007ff83b4c9000 	C:\WINDOWS\System32\GDI32.dll
0x00007ff838a90000 - 0x00007ff838ba8000 	C:\WINDOWS\System32\gdi32full.dll
0x00007ff839360000 - 0x00007ff8393fa000 	C:\WINDOWS\System32\msvcp_win.dll
0x00007ff832cd0000 - 0x00007ff832cda000 	C:\WINDOWS\SYSTEM32\VERSION.dll
0x00007ff83a4c0000 - 0x00007ff83a4f1000 	C:\WINDOWS\System32\IMM32.DLL
0x00007ff81da40000 - 0x00007ff81da4c000 	C:\Program Files\Java\jdk-21\bin\vcruntime140_1.dll
0x00007fffbfa50000 - 0x00007fffbfade000 	C:\Program Files\Java\jdk-21\bin\msvcp140.dll
0x00007fffbe4e0000 - 0x00007fffbf1f8000 	C:\Program Files\Java\jdk-21\bin\server\jvm.dll
0x00007ff83aa60000 - 0x00007ff83aad1000 	C:\WINDOWS\System32\WS2_32.dll
0x00007ff838630000 - 0x00007ff83867d000 	C:\WINDOWS\SYSTEM32\POWRPROF.dll
0x00007ff82eb10000 - 0x00007ff82eb44000 	C:\WINDOWS\SYSTEM32\WINMM.dll
0x00007ff838430000 - 0x00007ff838443000 	C:\WINDOWS\SYSTEM32\UMPDC.dll
0x00007ff8379f0000 - 0x00007ff837a08000 	C:\WINDOWS\SYSTEM32\kernel.appcore.dll
0x00007ff818af0000 - 0x00007ff818afa000 	C:\Program Files\Java\jdk-21\bin\jimage.dll
0x00007ff831370000 - 0x00007ff8315a2000 	C:\WINDOWS\SYSTEM32\DBGHELP.DLL
0x00007ff83a6c0000 - 0x00007ff83aa4e000 	C:\WINDOWS\System32\combase.dll
0x00007ff83b350000 - 0x00007ff83b427000 	C:\WINDOWS\System32\OLEAUT32.dll
0x00007ff831330000 - 0x00007ff831362000 	C:\WINDOWS\SYSTEM32\dbgcore.DLL
0x00007ff838a10000 - 0x00007ff838a8b000 	C:\WINDOWS\System32\bcryptPrimitives.dll
0x00007fffc2fb0000 - 0x00007fffc2fec000 	C:\Program Files\Java\jdk-21\bin\jdwp.dll
0x00007ff816040000 - 0x00007ff81604f000 	C:\Program Files\Java\jdk-21\bin\instrument.dll
0x00007fffe3e10000 - 0x00007fffe3e2f000 	C:\Program Files\Java\jdk-21\bin\java.dll
0x00007fffdf3d0000 - 0x00007fffdf3e8000 	C:\Program Files\Java\jdk-21\bin\zip.dll
0x00007ff83aae0000 - 0x00007ff83b349000 	C:\WINDOWS\System32\SHELL32.dll
0x00007ff836900000 - 0x00007ff8371ff000 	C:\WINDOWS\SYSTEM32\windows.storage.dll
0x00007ff8367c0000 - 0x00007ff8368ff000 	C:\WINDOWS\SYSTEM32\wintypes.dll
0x00007ff839740000 - 0x00007ff839839000 	C:\WINDOWS\System32\SHCORE.dll
0x00007ff83b440000 - 0x00007ff83b49e000 	C:\WINDOWS\System32\shlwapi.dll
0x00007ff838910000 - 0x00007ff838937000 	C:\WINDOWS\SYSTEM32\profapi.dll
0x00007fffbf970000 - 0x00007fffbfa47000 	C:\Program Files\Java\jdk-21\bin\jsvml.dll
0x00007ff827ac0000 - 0x00007ff827acc000 	C:\Program Files\Java\jdk-21\bin\dt_socket.dll
0x00007ff837460000 - 0x00007ff83748d000 	C:\WINDOWS\SYSTEM32\IPHLPAPI.DLL
0x00007ff837e50000 - 0x00007ff837eb9000 	C:\WINDOWS\system32\mswsock.dll
0x00007ff815620000 - 0x00007ff815630000 	C:\Program Files\Java\jdk-21\bin\net.dll
0x00007ff835490000 - 0x00007ff8355c6000 	C:\WINDOWS\SYSTEM32\WINHTTP.dll
0x00007fffd5190000 - 0x00007fffd51a6000 	C:\Program Files\Java\jdk-21\bin\nio.dll
0x00007fffc2f40000 - 0x00007fffc2fa4000 	C:\Users\hamid\AppData\Local\Temp\lwjglhamid\3.2.3-build-13\lwjgl.dll
0x00007fffc0f00000 - 0x00007fffc0f62000 	C:\Users\hamid\AppData\Local\Temp\lwjglhamid\3.2.3-build-13\glfw.dll
0x00007ff835ed0000 - 0x00007ff835f81000 	C:\WINDOWS\system32\uxtheme.dll
0x00007fffbca50000 - 0x00007fffbca96000 	C:\WINDOWS\SYSTEM32\dinput8.dll
0x00007fffe4500000 - 0x00007fffe4511000 	C:\WINDOWS\SYSTEM32\xinput1_4.dll
0x00007ff8386d0000 - 0x00007ff83871e000 	C:\WINDOWS\SYSTEM32\cfgmgr32.dll
0x00007ff8386a0000 - 0x00007ff8386cc000 	C:\WINDOWS\SYSTEM32\DEVOBJ.dll
0x00007ff836240000 - 0x00007ff83626b000 	C:\WINDOWS\SYSTEM32\dwmapi.dll
0x00007ff81dc80000 - 0x00007ff81de93000 	C:\WINDOWS\SYSTEM32\inputhost.dll
0x00007ff834b00000 - 0x00007ff834c33000 	C:\WINDOWS\SYSTEM32\CoreMessaging.dll
0x00007ff838180000 - 0x00007ff83818c000 	C:\WINDOWS\SYSTEM32\CRYPTBASE.DLL
0x00007ff8395e0000 - 0x00007ff839740000 	C:\WINDOWS\System32\MSCTF.dll
0x00007ff837200000 - 0x00007ff83720e000 	C:\WINDOWS\SYSTEM32\HID.DLL
0x00007ff839b90000 - 0x00007ff83a004000 	C:\WINDOWS\System32\SETUPAPI.DLL
0x00007ff8392f0000 - 0x00007ff83935c000 	C:\WINDOWS\System32\WINTRUST.dll
0x00007ff839180000 - 0x00007ff8392e6000 	C:\WINDOWS\System32\CRYPT32.dll
0x00007ff838680000 - 0x00007ff838692000 	C:\WINDOWS\SYSTEM32\MSASN1.dll
0x00007ff814940000 - 0x00007ff814a40000 	C:\WINDOWS\SYSTEM32\opengl32.dll
0x00007ff81f260000 - 0x00007ff81f28d000 	C:\WINDOWS\SYSTEM32\GLU32.dll
0x00007ff835ff0000 - 0x00007ff836027000 	C:\WINDOWS\SYSTEM32\dxcore.dll
0x00007ff839400000 - 0x00007ff8394b0000 	C:\WINDOWS\System32\clbcatq.dll
0x00007fffdfb40000 - 0x00007fffe2128000 	C:\WINDOWS\System32\DriverStore\FileRepository\nv_dispig.inf_amd64_0afec3f2050014a0\nvoglv64.dll
0x00007ff8398a0000 - 0x00007ff839a45000 	C:\WINDOWS\System32\ole32.dll
0x00007ff8377b0000 - 0x00007ff8377c4000 	C:\WINDOWS\SYSTEM32\WTSAPI32.dll
0x00007ff832c20000 - 0x00007ff832c52000 	C:\WINDOWS\SYSTEM32\cryptnet.dll
0x00007ff8380d0000 - 0x00007ff838119000 	C:\WINDOWS\SYSTEM32\wldp.dll
0x00007ff8327a0000 - 0x00007ff832902000 	C:\WINDOWS\SYSTEM32\drvstore.dll
0x00007ff837b00000 - 0x00007ff837b34000 	C:\WINDOWS\SYSTEM32\ntmarta.dll
0x00007ff839b70000 - 0x00007ff839b8f000 	C:\WINDOWS\System32\imagehlp.dll
0x00007ff8381a0000 - 0x00007ff8381bb000 	C:\WINDOWS\SYSTEM32\CRYPTSP.dll
0x00007ff837950000 - 0x00007ff837985000 	C:\WINDOWS\system32\rsaenh.dll
0x00007ff828300000 - 0x00007ff82a2ee000 	C:\WINDOWS\System32\DriverStore\FileRepository\nv_dispig.inf_amd64_0afec3f2050014a0\nvgpucomp64.dll
0x00007fffd3cc0000 - 0x00007fffd3f91000 	C:\WINDOWS\system32\nvspcap64.dll
0x00007ff8381e0000 - 0x00007ff838246000 	C:\WINDOWS\SYSTEM32\WINSTA.dll
0x00007ff81db00000 - 0x00007ff81dc43000 	C:\WINDOWS\SYSTEM32\textinputframework.dll
0x00007ff8309c0000 - 0x00007ff830d2d000 	C:\WINDOWS\SYSTEM32\CoreUIComponents.dll
0x00007fffbc9f0000 - 0x00007fffbca49000 	C:\Users\hamid\AppData\Local\Temp\lwjglhamid\3.2.3-build-13\lwjgl_opengl.dll

dbghelp: loaded successfully - version: 4.0.5 - missing functions: none
symbol engine: initialized successfully - sym options: 0x614 - pdb path: .;C:\Program Files\Java\jdk-21\bin;C:\WINDOWS\SYSTEM32;C:\Program Files\Avast Software\Avast;C:\WINDOWS\WinSxS\amd64_microsoft.windows.common-controls_6595b64144ccf1df_6.0.22621.3672_none_2713b9d173822955;C:\Program Files\Java\jdk-21\bin\server;C:\Users\hamid\AppData\Local\Temp\lwjglhamid\3.2.3-build-13;C:\WINDOWS\System32\DriverStore\FileRepository\nv_dispig.inf_amd64_0afec3f2050014a0

VM Arguments:
jvm_args: -Ddebugger.agent.enable.coroutines=true -Dkotlinx.coroutines.debug.enable.creation.stack.trace=false -Dkotlinx.coroutines.debug.enable.flows.stack.trace=true -Dkotlinx.coroutines.debug.enable.mutable.state.flows.stack.trace=true -agentlib:jdwp=transport=dt_socket,server=n,suspend=y,address=127.0.0.1:53764 -javaagent:C:\Users\hamid\AppData\Local\JetBrains\IdeaIC2024.3\captureAgent\debugger-agent.jar -Dfile.encoding=UTF-8 -Duser.country=GB -Duser.language=en -Duser.variant 
java_command: Main
java_class_path (initial): C:\Users\hamid\eclipse-workspace\Snake\build\classes\java\main;C:\Users\hamid\eclipse-workspace\Snake\build\resources\main;C:\Users\hamid\.gradle\caches\modules-2\files-2.1\com.google.code.gson\gson\2.8.9\8a432c1d6825781e21a02db2e2c33c5fde2833b9\gson-2.8.9.jar;C:\Users\hamid\.gradle\caches\modules-2\files-2.1\io.github.spair\imgui-java-app\1.81.0\37a0be053a63da53c3628b3d6186ccbd380f7106\imgui-java-app-1.81.0.jar;C:\Users\hamid\.gradle\caches\modules-2\files-2.1\io.github.spair\imgui-java-lwjgl3\1.81.0\6c92680fc6e9951532445ecc35b44f2d4cd82d76\imgui-java-lwjgl3-1.81.0.jar;C:\Users\hamid\.gradle\caches\modules-2\files-2.1\org.lwjgl\lwjgl-assimp\3.2.3\f62aa07a20afbdd3097efc296c4841e0d29700eb\lwjgl-assimp-3.2.3.jar;C:\Users\hamid\.gradle\caches\modules-2\files-2.1\org.lwjgl\lwjgl-assimp\3.2.3\4e60aeb75f0343c4a9ede4ef8b6b32ca702a00a3\lwjgl-assimp-3.2.3-natives-windows.jar;C:\Users\hamid\.gradle\caches\modules-2\files-2.1\org.lwjgl\lwjgl-glfw\3.2.3\5e520d5c290c8b012545a8d34fa5db5ab051ea53\lwjgl-glfw-3.2.3.jar;C:\Users\hamid\.gradle\caches\modules-2\files-2.1\org.lwjgl\lwjgl-glfw\3.2.3\b4d8a3477cdc2edcf7a5f1e822926be846223f54\lwjgl-glfw-3.2.3-natives-windows.jar;C:\Users\hamid\.gradle\caches\modules-2\files-2.1\org.lwjgl\lwjgl-glfw\3.2.3\62b044d9b0a057444bef2ab70b9afc288ec09dba\lwjgl-glfw-3.2.3-natives-linux.jar;C:\Users\hamid\.gradle\caches\modules-2\files-2.1\org.lwjgl\lwjgl-glfw\3.2.3\58661272eacb9116336c88b4aadccf1f17c09b\lwjgl-glfw-3.2.3-natives-macos.jar;C:\Users\hamid\.gradle\caches\modules-2\files-2.1\org.lwjgl\lwjgl-nfd\3.2.3\c44fee1043c022cf6614a28872d44cf114ca7737\lwjgl-nfd-3.2.3.jar;C:\Users\hamid\.gradle\caches\modules-2\files-2.1\org.lwjgl\lwjgl-nfd\3.2.3\32782f5f5c57769efb82af864e70b819c77bc891\lwjgl-nfd-3.2.3-natives-windows.jar;C:\Users\hamid\.gradle\caches\modules-2\files-2.1\org.lwjgl\lwjgl-openal\3.2.3\106742e805803ab9eab8e343f0fb31a3d263903c\lwjgl-openal-3.2.3.jar;C:\Users\hamid\.gradle\caches\modules-2\files-2.1\org.lwjgl\lwjgl-openal\3.2.3\ec898e8ce11b5886f4f532a1536283ef2817758d\lwjgl-openal-3.2.3-natives-windows.jar;C:\Users\hamid\.gradle\caches\modules-2\files-2.1\org.lwjgl\lwjgl-opengl\3.2.3\bdd534a323d0c8f54969b95e424b6ac8984f7d6e\lwjgl-opengl-3.2.3.jar;C:\Users\hamid\.gradle\caches\modules-2\files-2.1\org.lwjgl\lwjgl-opengl\3.2.3\e81cfc73ec8708e5e791ed770e4ec3edfc1bbab1\lwjgl-opengl-3.2.3-natives-windows.jar;C:\Users\hamid\.gradle\caches\modules-2\files-2.1\org.lwjgl\lwjgl-opengl\3.2.3\7f14db5da9aa7951efe88993f519d7d38ad6e46b\lwjgl-opengl-3.2.3-natives-linux.jar;C:\Users\hamid\.gradle\caches\modules-2\files-2.1\org.lwjgl\lwjgl-opengl\3.2.3\efa3326c11336d3e74c9c8aeceb2420328d28e6b\lwjgl-opengl-3.2.3-natives-macos.jar;C:\Users\hamid\.gradle\caches\modules-2\files-2.1\org.lwjgl\lwjgl-stb\3.2.3\40eccaa4fa86fc815f2e17946a392fb5fdcc286a\lwjgl-stb-3.2.3.jar;C:\Users\hamid\.gradle\caches\modules-2\files-2.1\org.lwjgl\lwjgl-stb\3.2.3\817b21ec286f0ba3dcedb56a3bd275e6a9345be9\lwjgl-stb-3.2.3-natives-windows.jar;C:\Users\hamid\.gradle\caches\modules-2\files-2.1\org.lwjgl\lwjgl\3.2.3\17a59ba0fe8d474ec9dbe0d5db40d2cfe59c4c08\lwjgl-3.2.3.jar;C:\Users\hamid\.gradle\caches\modules-2\files-2.1\org.lwjgl\lwjgl\3.2.3\27f32cd35349684745951e04388e8e00d681cdcd\lwjgl-3.2.3-natives-windows.jar;C:\Users\hamid\.gradle\caches\modules-2\files-2.1\org.lwjgl\lwjgl\3.2.3\3d9d36c93446c7a1c90bc7aec8fa89c7988bf82b\lwjgl-3.2.3-natives-linux.jar;C:\Users\hamid\.gradle\caches\modules-2\files-2.1\org.lwjgl\lwjgl\3.2.3\35f506c5d368017a3cc5590da3d6d3a0760fb606\lwjgl-3.2.3-natives-macos.jar;C:\Users\hamid\.gradle\caches\modules-2\files-2.1\org.joml\joml\1.9.23\2fe75c084b2c8b82dbf7106f46b9cdc444785acf\joml-1.9.23.jar;C:\Users\hamid\.gradle\caches\modules-2\files-2.1\io.github.spair\imgui-java-binding\1.81.0\aa24c1101600b47d2f562ad3c8987b14e79e5d0d\imgui-java-binding-1.81.0.jar
Launcher Type: SUN_STANDARD

[Global flags]
     intx CICompilerCount                          = 12                                        {product} {ergonomic}
     uint ConcGCThreads                            = 3                                         {product} {ergonomic}
     uint G1ConcRefinementThreads                  = 13                                        {product} {ergonomic}
   size_t G1HeapRegionSize                         = 2097152                                   {product} {ergonomic}
    uintx GCDrainStackTargetSize                   = 64                                        {product} {ergonomic}
   size_t InitialHeapSize                          = 268435456                                 {product} {ergonomic}
   size_t MarkStackSize                            = 4194304                                   {product} {ergonomic}
   size_t MaxHeapSize                              = 4273995776                                {product} {ergonomic}
   size_t MaxNewSize                               = 2562719744                                {product} {ergonomic}
   size_t MinHeapDeltaBytes                        = 2097152                                   {product} {ergonomic}
   size_t MinHeapSize                              = 8388608                                   {product} {ergonomic}
    uintx NonNMethodCodeHeapSize                   = 7602480                                {pd product} {ergonomic}
    uintx NonProfiledCodeHeapSize                  = 122027880                              {pd product} {ergonomic}
    uintx ProfiledCodeHeapSize                     = 122027880                              {pd product} {ergonomic}
    uintx ReservedCodeCacheSize                    = 251658240                              {pd product} {ergonomic}
     bool SegmentedCodeCache                       = true                                      {product} {ergonomic}
   size_t SoftMaxHeapSize                          = 4273995776                             {manageable} {ergonomic}
     bool UseCompressedOops                        = true                           {product lp64_product} {ergonomic}
     bool UseG1GC                                  = true                                      {product} {ergonomic}
     bool UseLargePagesIndividualAllocation        = false                                  {pd product} {ergonomic}

Logging:
Log output configuration:
 #0: stdout all=warning uptime,level,tags foldmultilines=false
 #1: stderr all=off uptime,level,tags foldmultilines=false

Environment Variables:
JAVA_HOME=C:\Users\hamid\Java\graalvm-jdk-21.0.5+9.1
PATH=C:\Users\hamid\Java\graalvm-jdk-21.0.5+9.1\bin;C:\Program Files\Common Files\Oracle\Java\javapath;C:\ProgramData\Oracle\Java\javapath;C:\Program Files (x86)\Common Files\Oracle\Java\java8path;C:\Program Files (x86)\Common Files\Intel\Shared Libraries\redist\intel64_win\compiler;C:\WINDOWS\system32;C:\WINDOWS;C:\WINDOWS\System32\Wbem;C:\WINDOWS\System32\WindowsPowerShell\v1.0\;C:\WINDOWS\System32\OpenSSH\;C:\Program Files (x86)\NVIDIA Corporation\PhysX\Common;C:\WINDOWS\system32;C:\WINDOWS;C:\WINDOWS\System32\Wbem;C:\WINDOWS\System32\WindowsPowerShell\v1.0\;C:\WINDOWS\System32\OpenSSH\;C:\Program Files\NVIDIA Corporation\NVIDIA NvDLISR;C:\Program Files\Microsoft SQL Server\150\Tools\Binn\;C:\Program Files\nodejs\;C:\Users\hamid\AppData\Local\Programs\Python\Python310\Scripts\;C:\ProgramData\chocolatey\bin;C:\Program Files\Java\jdk-1.21;C:\Users\hamid\AppData\Local\Microsoft\WindowsApps;C:\Users\hamid\AppData\Local\Microsoft\WindowsApps;C:\Users\hamid\AppData\Local\Programs\Microsoft VS Code\bin;C:\Users\hamid\;C:\Program Files\playit_gg\bin\;C:\Program Files\Git\cmd;C:\Program Files\dotnet\;C:\Program Files\CMake\bin;C:\Program Files (x86)\Windows Kits\10\Windows Performance Toolkit\;C:\GL\GLEWbin\bin\Release\Win32;C:\Users\hamid\.cargo\bin;C:\Users\hamid\AppData\Local\Microsoft\WindowsApps;C:\Users\hamid\AppData\Local\Microsoft\WindowsApps;C:\Users\hamid\AppData\Local\Programs\Microsoft VS Code\bin;C:\Users\hamid\AppData\Roaming\npm;C:\Users\hamid\AppData\Local\GitHubDesktop\bin;C:\MinGW\bin;C:\Users\hamid\OneDrive\Documents\Work\Java programs\jadnt158g;C:\Program Files\JetBrains\IntelliJ IDEA Community Edition 2024.3.1.1\bin;;C:\Program Files\JetBrains\CLion 2024.3.1.1\bin;;C:\Users\hamid\OneDrive\Documents\Work\premake5;C:\Users\hamid\Downloads\NoodleScript;C:\Users\hamid\.dotnet\tools;C:\Program Files (x86)\Jar2Exe Wizard\
USERNAME=hamid
OS=Windows_NT
PROCESSOR_IDENTIFIER=Intel64 Family 6 Model 165 Stepping 5, GenuineIntel
TMP=C:\Users\hamid\AppData\Local\Temp
TEMP=C:\Users\hamid\AppData\Local\Temp




Periodic native trim disabled

---------------  S Y S T E M  ---------------

OS:
 Windows 11 , 64 bit Build 22621 (10.0.22621.3958)
OS uptime: 3 days 14:55 hours
Hyper-V role detected

CPU: total 16 (initial active 16) (8 cores per cpu, 2 threads per core) family 6 model 165 stepping 5 microcode 0xe0, cx8, cmov, fxsr, ht, mmx, 3dnowpref, sse, sse2, sse3, ssse3, sse4.1, sse4.2, popcnt, lzcnt, tsc, tscinvbit, avx, avx2, aes, erms, clmul, bmi1, bmi2, adx, fma, vzeroupper, clflush, clflushopt, hv, rdtscp, f16c
Processor Information for all 16 processors :
  Max Mhz: 3801, Current Mhz: 3801, Mhz Limit: 3801

Memory: 4k page, system-wide physical 16303M (5415M free)
TotalPageFile size 18735M (AvailPageFile size 6550M)
current process WorkingSet (physical memory assigned to process): 138M, peak: 140M
current process commit charge ("private bytes"): 538M, peak: 539M

vm_info: Java HotSpot(TM) 64-Bit Server VM (21.0.5+9-LTS-239) for windows-amd64 JRE (21.0.5+9-LTS-239), built on 2024-09-30T05:17:38Z by "mach5one" with MS VC++ 17.6 (VS2022)

END.
