#
# A fatal error has been detected by the Java Runtime Environment:
#
#  EXCEPTION_ACCESS_VIOLATION (0xc0000005) at pc=0x00007ffc913c4f81, pid=15560, tid=21692
#
# JRE version: Java(TM) SE Runtime Environment (21.0.5+9) (build 21.0.5+9-LTS-239)
# Java VM: Java HotSpot(TM) 64-Bit Server VM (21.0.5+9-LTS-239, mixed mode, sharing, tiered, compressed oops, compressed class ptrs, g1 gc, windows-amd64)
# Problematic frame:
# C  [freetype-jni-64.dll+0x4f81]
#
# No core dump will be written. Minidumps are not enabled by default on client versions of Windows
#
# If you would like to submit a bug report, please visit:
#   https://bugreport.java.com/bugreport/crash.jsp
# The crash happened outside the Java Virtual Machine in native code.
# See problematic frame for where to report the bug.
#

---------------  S U M M A R Y ------------

Command Line: -Djava.library.path=./libs/natives/windows -Dsun.java2d.d3d=false -Xmx10000m -Dfile.encoding=UTF-8 -Duser.country=GB -Duser.language=en -Duser.variant Main

Host: Intel(R) Core(TM) i7-10700K CPU @ 3.80GHz, 16 cores, 15G,  Windows 11 , 64 bit Build 22621 (10.0.22621.3958)
Time: Thu Apr 24 10:51:09 2025 Arab Standard Time elapsed time: 1.361560 seconds (0d 0h 0m 1s)

---------------  T H R E A D  ---------------

Current thread (0x000002ccfa7d47a0):  JavaThread "main"             [_thread_in_native, id=21692, stack(0x000000dbe2900000,0x000000dbe2a00000) (1024K)]

Stack: [0x000000dbe2900000,0x000000dbe2a00000],  sp=0x000000dbe29fe540,  free space=1017k
Native frames: (J=compiled Java code, j=interpreted, Vv=VM code, C=native code)
C  [freetype-jni-64.dll+0x4f81]

Java frames: (J=compiled Java code, j=interpreted, Vv=VM code)
j  com.mlomb.freetypejni.FreeType.FT_Done_Face(J)Z+0
j  font.MyFont.genBitmap(Ljava/lang/String;)I+204
j  font.MyFont.<init>(Ljava/lang/String;)V+93
j  util.AssetPool.getFont(Ljava/lang/String;)Lfont/MyFont;+45
j  jade.Constants.<clinit>()V+26
v  ~StubRoutines::call_stub 0x000002cc8f81100d
j  game.GameScene.init()V+44
j  jade.Window.changeScene(Ljade/Scene;)V+7
j  jade.Window.run(Ljade/Scene;)V+19
j  Main.main([Ljava/lang/String;)V+12
v  ~StubRoutines::call_stub 0x000002cc8f81100d

siginfo: EXCEPTION_ACCESS_VIOLATION (0xc0000005), reading address 0xffffffffffffffff


Registers:
RAX=0xdddddddddddddddd, RBX=0x000002cce5b026f0, RCX=0x000002ccf50e87d0, RDX=0x000000dbe29fe650
RSP=0x000000dbe29fe540, RBP=0x000000dbe29fe640, RSI=0x0000000000000001, RDI=0x000000dbe29fe580
R8 =0x000002ccf50e87d0, R9 =0x0000000000000007, R10=0x000002cc8f81ce1c, R11=0x000000059e6154a8
R12=0x0000000000000000, R13=0x000002cce5b026f0, R14=0x000000dbe29fe668, R15=0x000002ccfa7d47a0
RIP=0x00007ffc913c4f81, EFLAGS=0x0000000000010286


Register to memory mapping:

RAX=0xdddddddddddddddd is an unknown value
RBX={method} {0x000002cce5b026f8} 'FT_Done_Face' '(J)Z' in 'com/mlomb/freetypejni/FreeType'
RCX=0x000002ccf50e87d0 points into unknown readable memory: 0x585d0f76000a0000 | 00 00 0a 00 76 0f 5d 58
RDX=0x000000dbe29fe650 is pointing into the stack for thread: 0x000002ccfa7d47a0
RSP=0x000000dbe29fe540 is pointing into the stack for thread: 0x000002ccfa7d47a0
RBP=0x000000dbe29fe640 is pointing into the stack for thread: 0x000002ccfa7d47a0
RSI=0x0000000000000001 is an unknown value
RDI=0x000000dbe29fe580 is pointing into the stack for thread: 0x000002ccfa7d47a0
R8 =0x000002ccf50e87d0 points into unknown readable memory: 0x585d0f76000a0000 | 00 00 0a 00 76 0f 5d 58
R9 =0x0000000000000007 is an unknown value
R10=0x000002cc8f81ce1c is at code_begin+1020 in an Interpreter codelet
native method entry point (kind = native)  [0x000002cc8f81ca20, 0x000002cc8f81d548]  2856 bytes
R11=0x000000059e6154a8 is an oop: java.lang.Class 
{0x000000059e6154a8} - klass: 'java/lang/Class'
 - ---- fields (total size 14 words):
 - private volatile transient 'classRedefinedCount' 'I' @12  0 (0x00000000)
 - injected 'klass' 'J' @16  3077965655792 (0x000002cca50caef0)
 - injected 'array_klass' 'J' @24  0 (0x0000000000000000)
 - injected 'oop_size' 'I' @32  14 (0x0000000e)
 - injected 'static_oop_field_count' 'I' @36  0 (0x00000000)
 - private volatile transient 'cachedConstructor' 'Ljava/lang/reflect/Constructor;' @40  null (0x00000000)
 - private transient 'name' 'Ljava/lang/String;' @44  "com.mlomb.freetypejni.FreeType"{0x000000059e615528} (0xb3cc2aa5)
 - private transient 'module' 'Ljava/lang/Module;' @48  a 'java/lang/Module'{0x000000059d819d80} (0xb3b033b0)
 - private final 'classLoader' 'Ljava/lang/ClassLoader;' @52  a 'jdk/internal/loader/ClassLoaders$AppClassLoader'{0x000000059d834230} (0xb3b06846)
 - private transient 'classData' 'Ljava/lang/Object;' @56  null (0x00000000)
 - private transient 'packageName' 'Ljava/lang/String;' @60  "com.mlomb.freetypejni"{0x000000059e60f2c0} (0xb3cc1e58)
 - private final 'componentType' 'Ljava/lang/Class;' @64  null (0x00000000)
 - private volatile transient 'reflectionData' 'Ljava/lang/ref/SoftReference;' @68  null (0x00000000)
 - private volatile transient 'genericInfo' 'Lsun/reflect/generics/repository/ClassRepository;' @72  null (0x00000000)
 - private volatile transient 'enumConstants' '[Ljava/lang/Object;' @76  null (0x00000000)
 - private volatile transient 'enumConstantDirectory' 'Ljava/util/Map;' @80  null (0x00000000)
 - private volatile transient 'annotationData' 'Ljava/lang/Class$AnnotationData;' @84  null (0x00000000)
 - private volatile transient 'annotationType' 'Lsun/reflect/annotation/AnnotationType;' @88  null (0x00000000)
 - transient 'classValueMap' 'Ljava/lang/ClassValue$ClassValueMap;' @92  null (0x00000000)
 - injected 'protection_domain' 'Ljava/lang/Object;' @96  a 'java/security/ProtectionDomain'{0x000000059e6152e0} (0xb3cc2a5c)
 - injected 'signers_name' 'Ljava/lang/Object;' @100  null (0x00000000)
 - injected 'source_file' 'Ljava/lang/Object;' @104  null (0x00000000)
 - signature: Lcom/mlomb/freetypejni/FreeType;
 - ---- static fields (0):
R12=0x0 is null
R13={method} {0x000002cce5b026f8} 'FT_Done_Face' '(J)Z' in 'com/mlomb/freetypejni/FreeType'
R14=0x000000dbe29fe668 is pointing into the stack for thread: 0x000002ccfa7d47a0
R15=0x000002ccfa7d47a0 is a thread

Top of Stack: (sp=0x000000dbe29fe540)
0x000000dbe29fe540:   cccccccccccccccc cccccccccccccccc
0x000000dbe29fe550:   cccccccccccccccc cccccccccccccccc
0x000000dbe29fe560:   cccccccc00000023 cccccccccccccccc
0x000000dbe29fe570:   cccccccccccccccc cccccccccccccccc
0x000000dbe29fe580:   000000dbe29fe5b0 00007ffc913c2822
0x000000dbe29fe590:   000002ccf50e87d0 cccccccccccccccc
0x000000dbe29fe5a0:   cccccccccccccccc cccccccccccccccc
0x000000dbe29fe5b0:   000002cc8f818988 000002cc8f81ce4b
0x000000dbe29fe5c0:   000002ccfa7d4b58 000000dbe29fe650
0x000000dbe29fe5d0:   000002ccf50e87d0 0000000000000001
0x000000dbe29fe5e0:   0000000000000000 000000059e71abe0
0x000000dbe29fe5f0:   000002cc8f81cadf 000000dbe29fe5f8
0x000000dbe29fe600:   000002cce5b026f0 0000000000000005
0x000000dbe29fe610:   000002cce5b06ab0 0000000000000000
0x000000dbe29fe620:   000000059e6154a8 000002cce5b026f0
0x000000dbe29fe630:   0000000000000000 000000dbe29fe660
0x000000dbe29fe640:   000000dbe29fe6b8 000002cc8f818988
0x000000dbe29fe650:   000000059e6154a8 000002cc8f81a3c0
0x000000dbe29fe660:   000002ccf50e87d0 0000000000000000
0x000000dbe29fe670:   000000dbe29fe670 000002cce58738b4
0x000000dbe29fe680:   0000000000000009 000002cce5873b58
0x000000dbe29fe690:   0000000000000000 000000059eabf590
0x000000dbe29fe6a0:   000002cce5873940 000000dbe29fe660
0x000000dbe29fe6b0:   000000dbe29fe6f8 000000dbe29fe758
0x000000dbe29fe6c0:   000002cc8f818988 000000059e71a608
0x000000dbe29fe6d0:   000000059e71a5f0 000000000000004b
0x000000dbe29fe6e0:   000000059e61f278 000000059e618db0
0x000000dbe29fe6f0:   0000000000000040 000000059eabce70
0x000000dbe29fe700:   000000059eabf6c0 000000059eabf6c0
0x000000dbe29fe710:   000000dbe29fe710 000002cce587370d
0x000000dbe29fe720:   0000000000000003 000002cce5873b58
0x000000dbe29fe730:   0000000000000000 000000059eabf590 

Instructions: (pc=0x00007ffc913c4f81)
0x00007ffc913c4e81:   ff 90 88 00 00 00 89 44 24 34 48 8b 44 24 68 48
0x00007ffc913c4e91:   83 78 20 00 74 15 48 8b 44 24 68 8b 00 83 e0 02
0x00007ffc913c4ea1:   85 c0 74 07 c6 44 24 48 01 eb 05 c6 44 24 48 00
0x00007ffc913c4eb1:   0f b6 44 24 48 8b d0 48 8b 4c 24 28 e8 5a c8 ff
0x00007ffc913c4ec1:   ff 8b 44 24 34 48 8b f8 48 8b cc 48 8d 15 a5 c4
0x00007ffc913c4ed1:   0f 00 e8 f8 c3 ff ff 48 8b c7 48 83 c4 50 5f c3
0x00007ffc913c4ee1:   cc cc cc cc cc cc cc cc cc cc cc cc cc cc cc 48
0x00007ffc913c4ef1:   89 4c 24 08 57 48 83 7c 24 10 00 75 07 b8 23 00
0x00007ffc913c4f01:   00 00 eb 22 48 8b 44 24 10 48 8b 80 d0 00 00 00
0x00007ffc913c4f11:   8b 40 60 ff c0 48 8b 4c 24 10 48 8b 89 d0 00 00
0x00007ffc913c4f21:   00 89 41 60 33 c0 5f c3 cc cc cc cc cc cc cc 48
0x00007ffc913c4f31:   89 4c 24 08 57 48 83 ec 40 48 8b fc b9 10 00 00
0x00007ffc913c4f41:   00 b8 cc cc cc cc f3 ab 48 8b 4c 24 50 c7 44 24
0x00007ffc913c4f51:   20 23 00 00 00 48 83 7c 24 50 00 0f 84 e4 00 00
0x00007ffc913c4f61:   00 48 8b 44 24 50 48 83 b8 90 00 00 00 00 0f 84
0x00007ffc913c4f71:   d1 00 00 00 48 8b 44 24 50 48 8b 80 d0 00 00 00
0x00007ffc913c4f81:   8b 40 60 ff c8 48 8b 4c 24 50 48 8b 89 d0 00 00
0x00007ffc913c4f91:   00 89 41 60 48 8b 44 24 50 48 8b 80 d0 00 00 00
0x00007ffc913c4fa1:   83 78 60 00 7e 0d c7 44 24 20 00 00 00 00 e9 92
0x00007ffc913c4fb1:   00 00 00 48 8b 44 24 50 48 8b 80 90 00 00 00 48
0x00007ffc913c4fc1:   89 44 24 28 48 8b 44 24 28 48 8b 40 10 48 89 44
0x00007ffc913c4fd1:   24 30 48 8b 44 24 28 48 83 c0 20 48 8b 54 24 50
0x00007ffc913c4fe1:   48 8b c8 e8 c1 c0 ff ff 48 89 44 24 38 48 83 7c
0x00007ffc913c4ff1:   24 38 00 74 50 48 8b 44 24 28 48 83 c0 20 48 8b
0x00007ffc913c5001:   54 24 38 48 8b c8 e8 e5 c4 ff ff 48 8b 54 24 38
0x00007ffc913c5011:   48 8b 4c 24 30 e8 0b c2 ff ff 48 c7 44 24 38 00
0x00007ffc913c5021:   00 00 00 33 c0 85 c0 75 e2 4c 8b 44 24 28 48 8b
0x00007ffc913c5031:   54 24 50 48 8b 4c 24 30 e8 62 f8 00 00 c7 44 24
0x00007ffc913c5041:   20 00 00 00 00 8b 44 24 20 48 83 c4 40 5f c3 cc
0x00007ffc913c5051:   cc cc cc cc cc cc cc cc cc cc cc cc cc cc cc 89
0x00007ffc913c5061:   54 24 10 48 89 4c 24 08 57 48 83 ec 30 48 8b fc
0x00007ffc913c5071:   b9 0c 00 00 00 b8 cc cc cc cc f3 ab 48 8b 4c 24 


Stack slot to memory mapping:

stack at sp + 0 slots: 0xcccccccccccccccc is an unknown value
stack at sp + 1 slots: 0xcccccccccccccccc is an unknown value
stack at sp + 2 slots: 0xcccccccccccccccc is an unknown value
stack at sp + 3 slots: 0xcccccccccccccccc is an unknown value
stack at sp + 4 slots: 0xcccccccc00000023 is an unknown value
stack at sp + 5 slots: 0xcccccccccccccccc is an unknown value
stack at sp + 6 slots: 0xcccccccccccccccc is an unknown value
stack at sp + 7 slots: 0xcccccccccccccccc is an unknown value


---------------  P R O C E S S  ---------------

Threads class SMR info:
_java_thread_list=0x000002ccf4577c50, length=15, elements={
0x000002ccfa7d47a0, 0x000002cca31af980, 0x000002cca31b0960, 0x000002cca31b3a60,
0x000002cca31b6950, 0x000002cca31b7f10, 0x000002cca31b8a30, 0x000002cca31c4820,
0x000002cca31c5380, 0x000002cca31fdc40, 0x000002cca3d24a00, 0x000002cca3d2e0c0,
0x000002cca3d3d730, 0x000002ccf4500960, 0x000002cce98c88e0
}

Java Threads: ( => current thread )
=>0x000002ccfa7d47a0 JavaThread "main"                              [_thread_in_native, id=21692, stack(0x000000dbe2900000,0x000000dbe2a00000) (1024K)]
  0x000002cca31af980 JavaThread "Reference Handler"          daemon [_thread_blocked, id=24516, stack(0x000000dbe3100000,0x000000dbe3200000) (1024K)]
  0x000002cca31b0960 JavaThread "Finalizer"                  daemon [_thread_blocked, id=4892, stack(0x000000dbe3200000,0x000000dbe3300000) (1024K)]
  0x000002cca31b3a60 JavaThread "Signal Dispatcher"          daemon [_thread_blocked, id=4112, stack(0x000000dbe3300000,0x000000dbe3400000) (1024K)]
  0x000002cca31b6950 JavaThread "Attach Listener"            daemon [_thread_blocked, id=11612, stack(0x000000dbe3400000,0x000000dbe3500000) (1024K)]
  0x000002cca31b7f10 JavaThread "Service Thread"             daemon [_thread_blocked, id=11044, stack(0x000000dbe3500000,0x000000dbe3600000) (1024K)]
  0x000002cca31b8a30 JavaThread "Monitor Deflation Thread"   daemon [_thread_blocked, id=5760, stack(0x000000dbe3600000,0x000000dbe3700000) (1024K)]
  0x000002cca31c4820 JavaThread "C2 CompilerThread0"         daemon [_thread_blocked, id=4348, stack(0x000000dbe3700000,0x000000dbe3800000) (1024K)]
  0x000002cca31c5380 JavaThread "C1 CompilerThread0"         daemon [_thread_blocked, id=24752, stack(0x000000dbe3800000,0x000000dbe3900000) (1024K)]
  0x000002cca31fdc40 JavaThread "C1 CompilerThread1"         daemon [_thread_blocked, id=7652, stack(0x000000dbe3900000,0x000000dbe3a00000) (1024K)]
  0x000002cca3d24a00 JavaThread "C1 CompilerThread2"         daemon [_thread_blocked, id=5536, stack(0x000000dbe3a00000,0x000000dbe3b00000) (1024K)]
  0x000002cca3d2e0c0 JavaThread "Notification Thread"        daemon [_thread_blocked, id=16480, stack(0x000000dbe3b00000,0x000000dbe3c00000) (1024K)]
  0x000002cca3d3d730 JavaThread "Common-Cleaner"             daemon [_thread_blocked, id=22572, stack(0x000000dbe3c00000,0x000000dbe3d00000) (1024K)]
  0x000002ccf4500960 JavaThread "C2 CompilerThread1"         daemon [_thread_blocked, id=25624, stack(0x000000dbe4400000,0x000000dbe4500000) (1024K)]
  0x000002cce98c88e0 JavaThread "C1 CompilerThread3"         daemon [_thread_blocked, id=24072, stack(0x000000dbe4500000,0x000000dbe4600000) (1024K)]
Total: 15

Other Threads:
  0x000002cca3198a20 VMThread "VM Thread"                           [id=10824, stack(0x000000dbe3000000,0x000000dbe3100000) (1024K)]
  0x000002cca3184180 WatcherThread "VM Periodic Task Thread"        [id=14936, stack(0x000000dbe2f00000,0x000000dbe3000000) (1024K)]
  0x000002ccfcaaeaa0 WorkerThread "GC Thread#0"                     [id=20952, stack(0x000000dbe2a00000,0x000000dbe2b00000) (1024K)]
  0x000002ccf47a8d40 WorkerThread "GC Thread#1"                     [id=10028, stack(0x000000dbe4600000,0x000000dbe4700000) (1024K)]
  0x000002ccf47a94f0 WorkerThread "GC Thread#2"                     [id=7988, stack(0x000000dbe4700000,0x000000dbe4800000) (1024K)]
  0x000002ccf47a9890 WorkerThread "GC Thread#3"                     [id=4680, stack(0x000000dbe4800000,0x000000dbe4900000) (1024K)]
  0x000002ccf47aa440 WorkerThread "GC Thread#4"                     [id=8068, stack(0x000000dbe4900000,0x000000dbe4a00000) (1024K)]
  0x000002ccf47ad2a0 WorkerThread "GC Thread#5"                     [id=2716, stack(0x000000dbe4a00000,0x000000dbe4b00000) (1024K)]
  0x000002ccf4b33a20 WorkerThread "GC Thread#6"                     [id=23092, stack(0x000000dbe4b00000,0x000000dbe4c00000) (1024K)]
  0x000002ccf4b33dc0 WorkerThread "GC Thread#7"                     [id=24056, stack(0x000000dbe4c00000,0x000000dbe4d00000) (1024K)]
  0x000002ccf4b35b10 WorkerThread "GC Thread#8"                     [id=16576, stack(0x000000dbe4d00000,0x000000dbe4e00000) (1024K)]
  0x000002ccfcabb160 ConcurrentGCThread "G1 Main Marker"            [id=19732, stack(0x000000dbe2b00000,0x000000dbe2c00000) (1024K)]
  0x000002ccfcabc400 WorkerThread "G1 Conc#0"                       [id=22688, stack(0x000000dbe2c00000,0x000000dbe2d00000) (1024K)]
  0x000002cca3055550 ConcurrentGCThread "G1 Refine#0"               [id=22744, stack(0x000000dbe2d00000,0x000000dbe2e00000) (1024K)]
  0x000002cca30560c0 ConcurrentGCThread "G1 Service"                [id=4964, stack(0x000000dbe2e00000,0x000000dbe2f00000) (1024K)]
Total: 15

Threads with active compile tasks:
Total: 0

VM state: not at safepoint (normal execution)

VM Mutex/Monitor currently owned by a thread: None

Heap address: 0x000000058f000000, size: 10000 MB, Compressed Oops mode: Zero based, Oop shift amount: 3

CDS archive(s) mapped at: [0x000002cca4000000-0x000002cca4c90000-0x000002cca4c90000), size 13172736, SharedBaseAddress: 0x000002cca4000000, ArchiveRelocationMode: 1.
Compressed class space mapped at: 0x000002cca5000000-0x000002cce5000000, reserved size: 1073741824
Narrow klass base: 0x000002cca4000000, Narrow klass shift: 0, Narrow klass range: 0x100000000

GC Precious Log:
 CardTable entry size: 512
 Card Set container configuration: InlinePtr #cards 4 size 8 Array Of Cards #cards 64 size 144 Howl #buckets 8 coarsen threshold 14745 Howl Bitmap #cards 2048 size 272 coarsen threshold 1843 Card regions per heap region 1 cards per card region 16384
 CPUs: 16 total, 16 available
 Memory: 16303M
 Large Page Support: Disabled
 NUMA Support: Disabled
 Compressed Oops: Enabled (Zero based)
 Heap Region Size: 8M
 Heap Min Capacity: 8M
 Heap Initial Capacity: 256M
 Heap Max Capacity: 10000M
 Pre-touch: Disabled
 Parallel Workers: 13
 Concurrent Workers: 3
 Concurrent Refinement Workers: 13
 Periodic GC: Disabled

Heap:
 garbage-first heap   total 262144K, used 11099K [0x000000058f000000, 0x0000000800000000)
  region size 8192K, 3 young (24576K), 1 survivors (8192K)
 Metaspace       used 9661K, committed 9856K, reserved 1114112K
  class space    used 628K, committed 704K, reserved 1048576K

Heap Regions: E=young(eden), S=young(survivor), O=old, HS=humongous(starts), HC=humongous(continues), CS=collection set, F=free, TAMS=top-at-mark-start, PB=parsable bottom
|   0|0x000000058f000000, 0x000000058f000000, 0x000000058f800000|  0%| F|  |TAMS 0x000000058f000000| PB 0x000000058f000000| Untracked 
|   1|0x000000058f800000, 0x000000058f800000, 0x0000000590000000|  0%| F|  |TAMS 0x000000058f800000| PB 0x000000058f800000| Untracked 
|   2|0x0000000590000000, 0x0000000590000000, 0x0000000590800000|  0%| F|  |TAMS 0x0000000590000000| PB 0x0000000590000000| Untracked 
|   3|0x0000000590800000, 0x0000000590800000, 0x0000000591000000|  0%| F|  |TAMS 0x0000000590800000| PB 0x0000000590800000| Untracked 
|   4|0x0000000591000000, 0x0000000591000000, 0x0000000591800000|  0%| F|  |TAMS 0x0000000591000000| PB 0x0000000591000000| Untracked 
|   5|0x0000000591800000, 0x0000000591800000, 0x0000000592000000|  0%| F|  |TAMS 0x0000000591800000| PB 0x0000000591800000| Untracked 
|   6|0x0000000592000000, 0x0000000592000000, 0x0000000592800000|  0%| F|  |TAMS 0x0000000592000000| PB 0x0000000592000000| Untracked 
|   7|0x0000000592800000, 0x0000000592800000, 0x0000000593000000|  0%| F|  |TAMS 0x0000000592800000| PB 0x0000000592800000| Untracked 
|   8|0x0000000593000000, 0x0000000593000000, 0x0000000593800000|  0%| F|  |TAMS 0x0000000593000000| PB 0x0000000593000000| Untracked 
|   9|0x0000000593800000, 0x0000000593800000, 0x0000000594000000|  0%| F|  |TAMS 0x0000000593800000| PB 0x0000000593800000| Untracked 
|  10|0x0000000594000000, 0x0000000594000000, 0x0000000594800000|  0%| F|  |TAMS 0x0000000594000000| PB 0x0000000594000000| Untracked 
|  11|0x0000000594800000, 0x0000000594800000, 0x0000000595000000|  0%| F|  |TAMS 0x0000000594800000| PB 0x0000000594800000| Untracked 
|  12|0x0000000595000000, 0x0000000595000000, 0x0000000595800000|  0%| F|  |TAMS 0x0000000595000000| PB 0x0000000595000000| Untracked 
|  13|0x0000000595800000, 0x0000000595800000, 0x0000000596000000|  0%| F|  |TAMS 0x0000000595800000| PB 0x0000000595800000| Untracked 
|  14|0x0000000596000000, 0x0000000596000000, 0x0000000596800000|  0%| F|  |TAMS 0x0000000596000000| PB 0x0000000596000000| Untracked 
|  15|0x0000000596800000, 0x0000000596800000, 0x0000000597000000|  0%| F|  |TAMS 0x0000000596800000| PB 0x0000000596800000| Untracked 
|  16|0x0000000597000000, 0x0000000597000000, 0x0000000597800000|  0%| F|  |TAMS 0x0000000597000000| PB 0x0000000597000000| Untracked 
|  17|0x0000000597800000, 0x0000000597800000, 0x0000000598000000|  0%| F|  |TAMS 0x0000000597800000| PB 0x0000000597800000| Untracked 
|  18|0x0000000598000000, 0x0000000598000000, 0x0000000598800000|  0%| F|  |TAMS 0x0000000598000000| PB 0x0000000598000000| Untracked 
|  19|0x0000000598800000, 0x0000000598800000, 0x0000000599000000|  0%| F|  |TAMS 0x0000000598800000| PB 0x0000000598800000| Untracked 
|  20|0x0000000599000000, 0x0000000599000000, 0x0000000599800000|  0%| F|  |TAMS 0x0000000599000000| PB 0x0000000599000000| Untracked 
|  21|0x0000000599800000, 0x0000000599800000, 0x000000059a000000|  0%| F|  |TAMS 0x0000000599800000| PB 0x0000000599800000| Untracked 
|  22|0x000000059a000000, 0x000000059a000000, 0x000000059a800000|  0%| F|  |TAMS 0x000000059a000000| PB 0x000000059a000000| Untracked 
|  23|0x000000059a800000, 0x000000059a800000, 0x000000059b000000|  0%| F|  |TAMS 0x000000059a800000| PB 0x000000059a800000| Untracked 
|  24|0x000000059b000000, 0x000000059b000000, 0x000000059b800000|  0%| F|  |TAMS 0x000000059b000000| PB 0x000000059b000000| Untracked 
|  25|0x000000059b800000, 0x000000059b800000, 0x000000059c000000|  0%| F|  |TAMS 0x000000059b800000| PB 0x000000059b800000| Untracked 
|  26|0x000000059c000000, 0x000000059c000000, 0x000000059c800000|  0%| F|  |TAMS 0x000000059c000000| PB 0x000000059c000000| Untracked 
|  27|0x000000059c800000, 0x000000059c800000, 0x000000059d000000|  0%| F|  |TAMS 0x000000059c800000| PB 0x000000059c800000| Untracked 
|  28|0x000000059d000000, 0x000000059d000000, 0x000000059d800000|  0%| F|  |TAMS 0x000000059d000000| PB 0x000000059d000000| Untracked 
|  29|0x000000059d800000, 0x000000059dad6dd8, 0x000000059e000000| 35%| S|CS|TAMS 0x000000059d800000| PB 0x000000059d800000| Complete 
|  30|0x000000059e000000, 0x000000059e73f9f8, 0x000000059e800000| 90%| E|  |TAMS 0x000000059e000000| PB 0x000000059e000000| Complete 
|  31|0x000000059e800000, 0x000000059f000000, 0x000000059f000000|100%| E|CS|TAMS 0x000000059e800000| PB 0x000000059e800000| Complete 

Card table byte_map: [0x000002ccfe6e0000,0x000002ccffa70000] _byte_map_base: 0x000002ccfba68000

Marking Bits: (CMBitMap*) 0x000002ccfcaaf9b0
 Bits: [0x000002cc973c0000, 0x000002cca1000000)

Polling page: 0x000002ccfa970000

Metaspace:

Usage:
  Non-class:      8.82 MB used.
      Class:    628.18 KB used.
       Both:      9.44 MB used.

Virtual space:
  Non-class space:       64.00 MB reserved,       8.94 MB ( 14%) committed,  1 nodes.
      Class space:        1.00 GB reserved,     704.00 KB ( <1%) committed,  1 nodes.
             Both:        1.06 GB reserved,       9.62 MB ( <1%) committed. 

Chunk freelists:
   Non-Class:  4.95 MB
       Class:  15.20 MB
        Both:  20.16 MB

MaxMetaspaceSize: unlimited
CompressedClassSpaceSize: 1.00 GB
Initial GC threshold: 21.00 MB
Current GC threshold: 21.00 MB
CDS: on
 - commit_granule_bytes: 65536.
 - commit_granule_words: 8192.
 - virtual_space_node_default_size: 8388608.
 - enlarge_chunks_in_place: 1.
 - use_allocation_guard: 0.


Internal statistics:

num_allocs_failed_limit: 0.
num_arena_births: 136.
num_arena_deaths: 0.
num_vsnodes_births: 2.
num_vsnodes_deaths: 0.
num_space_committed: 152.
num_space_uncommitted: 0.
num_chunks_returned_to_freelist: 0.
num_chunks_taken_from_freelist: 436.
num_chunk_merges: 0.
num_chunk_splits: 330.
num_chunks_enlarged: 253.
num_inconsistent_stats: 0.

CodeHeap 'non-profiled nmethods': size=119168Kb used=433Kb max_used=433Kb free=118734Kb
 bounds [0x000002cc8ff60000, 0x000002cc901d0000, 0x000002cc973c0000]
CodeHeap 'profiled nmethods': size=119104Kb used=2376Kb max_used=2376Kb free=116727Kb
 bounds [0x000002cc883c0000, 0x000002cc88630000, 0x000002cc8f810000]
CodeHeap 'non-nmethods': size=7488Kb used=3811Kb max_used=3831Kb free=3677Kb
 bounds [0x000002cc8f810000, 0x000002cc8fbe0000, 0x000002cc8ff60000]
 total_blobs=2408 nmethods=1318 adapters=992
 compilation: enabled
              stopped_count=0, restarted_count=0
 full_count=0

Compilation events (20 events):
Event: 1.279 Thread 0x000002ccf4500960 1309   !   4       java.util.concurrent.ConcurrentHashMap::putVal (432 bytes)
Event: 1.280 Thread 0x000002cca31c5380 1311       3       java.util.zip.Checksum::update (11 bytes)
Event: 1.280 Thread 0x000002cce98c88e0 1310       3       java.util.zip.CRC32::<init> (5 bytes)
Event: 1.280 Thread 0x000002cca31c5380 nmethod 1311 0x000002cc8860d710 code [0x000002cc8860d8c0, 0x000002cc8860dac8]
Event: 1.280 Thread 0x000002cce98c88e0 nmethod 1310 0x000002cc8860dc10 code [0x000002cc8860dda0, 0x000002cc8860df08]
Event: 1.282 Thread 0x000002cca31fdc40 1312       3       jdk.internal.loader.URLClassPath$JarLoader$2::getBytes (48 bytes)
Event: 1.282 Thread 0x000002cca31fdc40 nmethod 1312 0x000002cc8860e010 code [0x000002cc8860e200, 0x000002cc8860e938]
Event: 1.289 Thread 0x000002ccf4500960 nmethod 1309 0x000002cc8ffc9590 code [0x000002cc8ffc9800, 0x000002cc8ffcab80]
Event: 1.291 Thread 0x000002cca31fdc40 1313       3       java.lang.Byte::toUnsignedInt (6 bytes)
Event: 1.291 Thread 0x000002cca31c5380 1314       3       java.util.zip.ZipUtils::get32S (17 bytes)
Event: 1.291 Thread 0x000002cce98c88e0 1315       3       java.util.zip.ZipUtils::unixTimeToFileTime (8 bytes)
Event: 1.291 Thread 0x000002cca31fdc40 nmethod 1313 0x000002cc8860eb90 code [0x000002cc8860ed20, 0x000002cc8860ee18]
Event: 1.291 Thread 0x000002cce98c88e0 nmethod 1315 0x000002cc8860ee90 code [0x000002cc8860f040, 0x000002cc8860f168]
Event: 1.291 Thread 0x000002cca31c5380 nmethod 1314 0x000002cc8860f210 code [0x000002cc8860f3c0, 0x000002cc8860f620]
Event: 1.291 Thread 0x000002cca31c5380 1316       3       java.util.zip.ZipEntry::setExtra0 (493 bytes)
Event: 1.292 Thread 0x000002cca31c5380 nmethod 1316 0x000002cc8860f790 code [0x000002cc8860fb40, 0x000002cc88611770]
Event: 1.302 Thread 0x000002ccf4500960 1317       4       java.io.WinNTFileSystem::normalize (143 bytes)
Event: 1.304 Thread 0x000002ccf4500960 nmethod 1317 0x000002cc8ffcb610 code [0x000002cc8ffcb7c0, 0x000002cc8ffcba98]
Event: 1.307 Thread 0x000002ccf4500960 1318       4       java.util.concurrent.ConcurrentHashMap::get (162 bytes)
Event: 1.309 Thread 0x000002ccf4500960 nmethod 1318 0x000002cc8ffcbd10 code [0x000002cc8ffcbec0, 0x000002cc8ffcc220]

GC Heap History (2 events):
Event: 1.130 GC heap before
{Heap before GC invocations=0 (full 0):
 garbage-first heap   total 262144K, used 16384K [0x000000058f000000, 0x0000000800000000)
  region size 8192K, 2 young (16384K), 0 survivors (0K)
 Metaspace       used 5638K, committed 5888K, reserved 1114112K
  class space    used 274K, committed 384K, reserved 1048576K
}
Event: 1.133 GC heap after
{Heap after GC invocations=1 (full 0):
 garbage-first heap   total 262144K, used 2907K [0x000000058f000000, 0x0000000800000000)
  region size 8192K, 1 young (8192K), 1 survivors (8192K)
 Metaspace       used 5638K, committed 5888K, reserved 1114112K
  class space    used 274K, committed 384K, reserved 1048576K
}

Dll operation events (10 events):
Event: 0.005 Loaded shared library C:\Program Files\Java\jdk-21\bin\java.dll
Event: 0.026 Loaded shared library C:\Program Files\Java\jdk-21\bin\jsvml.dll
Event: 0.059 Loaded shared library C:\Program Files\Java\jdk-21\bin\net.dll
Event: 0.060 Loaded shared library C:\Program Files\Java\jdk-21\bin\nio.dll
Event: 0.062 Loaded shared library C:\Program Files\Java\jdk-21\bin\zip.dll
Event: 0.088 Loaded shared library C:\Program Files\Java\jdk-21\bin\jimage.dll
Event: 0.148 Loaded shared library C:\Users\hamid\AppData\Local\Temp\lwjglhamid\3.2.3-build-13\lwjgl.dll
Event: 0.714 Loaded shared library C:\Users\hamid\AppData\Local\Temp\lwjglhamid\3.2.3-build-13\lwjgl_opengl.dll
Event: 1.161 Loaded shared library C:\Program Files\Java\jdk-21\bin\verify.dll
Event: 1.344 Loaded shared library C:\Users\hamid\eclipse-workspace\Snake\libs\natives\windows\freetype-jni-64.dll

Deoptimization events (20 events):
Event: 1.178 Thread 0x000002ccfa7d47a0 DEOPT PACKING pc=0x000002cc8ff96764 sp=0x000000dbe29fdfe0
Event: 1.178 Thread 0x000002ccfa7d47a0 DEOPT UNPACKING pc=0x000002cc8f8646a2 sp=0x000000dbe29fdf78 mode 2
Event: 1.200 Thread 0x000002ccfa7d47a0 Uncommon trap: trap_request=0xffffffde fr.pc=0x000002cc8ff96764 relative=0x0000000000000304
Event: 1.200 Thread 0x000002ccfa7d47a0 Uncommon trap: reason=class_check action=maybe_recompile pc=0x000002cc8ff96764 method=java.util.regex.Pattern$BmpCharPropertyGreedy.match(Ljava/util/regex/Matcher;ILjava/lang/CharSequence;)Z @ 26 c2
Event: 1.200 Thread 0x000002ccfa7d47a0 DEOPT PACKING pc=0x000002cc8ff96764 sp=0x000000dbe29fe000
Event: 1.200 Thread 0x000002ccfa7d47a0 DEOPT UNPACKING pc=0x000002cc8f8646a2 sp=0x000000dbe29fdf98 mode 2
Event: 1.200 Thread 0x000002ccfa7d47a0 Uncommon trap: trap_request=0xffffffde fr.pc=0x000002cc8ff96764 relative=0x0000000000000304
Event: 1.200 Thread 0x000002ccfa7d47a0 Uncommon trap: reason=class_check action=maybe_recompile pc=0x000002cc8ff96764 method=java.util.regex.Pattern$BmpCharPropertyGreedy.match(Ljava/util/regex/Matcher;ILjava/lang/CharSequence;)Z @ 26 c2
Event: 1.200 Thread 0x000002ccfa7d47a0 DEOPT PACKING pc=0x000002cc8ff96764 sp=0x000000dbe29fe000
Event: 1.200 Thread 0x000002ccfa7d47a0 DEOPT UNPACKING pc=0x000002cc8f8646a2 sp=0x000000dbe29fdf98 mode 2
Event: 1.245 Thread 0x000002ccfa7d47a0 DEOPT PACKING pc=0x000002cc88470305 sp=0x000000dbe29fc3d0
Event: 1.245 Thread 0x000002ccfa7d47a0 DEOPT UNPACKING pc=0x000002cc8f864e42 sp=0x000000dbe29fb840 mode 0
Event: 1.250 Thread 0x000002ccfa7d47a0 Uncommon trap: trap_request=0xffffff45 fr.pc=0x000002cc8ff6b920 relative=0x00000000000004c0
Event: 1.250 Thread 0x000002ccfa7d47a0 Uncommon trap: reason=unstable_if action=reinterpret pc=0x000002cc8ff6b920 method=java.lang.StringLatin1.canEncode(I)Z @ 4 c2
Event: 1.250 Thread 0x000002ccfa7d47a0 DEOPT PACKING pc=0x000002cc8ff6b920 sp=0x000000dbe29fd050
Event: 1.250 Thread 0x000002ccfa7d47a0 DEOPT UNPACKING pc=0x000002cc8f8646a2 sp=0x000000dbe29fcf88 mode 2
Event: 1.250 Thread 0x000002ccfa7d47a0 Uncommon trap: trap_request=0xffffff45 fr.pc=0x000002cc8ff6de98 relative=0x00000000000004b8
Event: 1.251 Thread 0x000002ccfa7d47a0 Uncommon trap: reason=unstable_if action=reinterpret pc=0x000002cc8ff6de98 method=java.lang.AbstractStringBuilder.isLatin1()Z @ 10 c2
Event: 1.251 Thread 0x000002ccfa7d47a0 DEOPT PACKING pc=0x000002cc8ff6de98 sp=0x000000dbe29fd060
Event: 1.251 Thread 0x000002ccfa7d47a0 DEOPT UNPACKING pc=0x000002cc8f8646a2 sp=0x000000dbe29fcff0 mode 2

Classes loaded (20 events):
Event: 1.239 Loading class sun/util/calendar/ZoneInfoFile$Checksum
Event: 1.239 Loading class sun/util/calendar/ZoneInfoFile$Checksum done
Event: 1.250 Loading class sun/text/resources/cldr/FormatData_en_US
Event: 1.250 Loading class sun/text/resources/cldr/FormatData_en_US done
Event: 1.257 Loading class java/io/Reader
Event: 1.257 Loading class java/io/Reader done
Event: 1.257 Loading class java/io/CharArrayReader
Event: 1.257 Loading class java/io/CharArrayReader done
Event: 1.257 Loading class java/io/StringReader
Event: 1.257 Loading class java/io/StringReader done
Event: 1.264 Loading class java/util/concurrent/atomic/AtomicReference
Event: 1.264 Loading class java/util/concurrent/atomic/AtomicReference done
Event: 1.305 Loading class java/math/BigDecimal
Event: 1.306 Loading class java/math/BigDecimal done
Event: 1.306 Loading class java/util/Currency
Event: 1.306 Loading class java/util/Currency done
Event: 1.306 Loading class java/util/UUID
Event: 1.306 Loading class java/util/UUID done
Event: 1.306 Loading class java/util/concurrent/atomic/AtomicBoolean
Event: 1.306 Loading class java/util/concurrent/atomic/AtomicBoolean done

Classes unloaded (0 events):
No events

Classes redefined (0 events):
No events

Internal exceptions (20 events):
Event: 0.113 Thread 0x000002ccfa7d47a0 Exception <a 'java/lang/NoSuchMethodError'{0x000000059ecc5c98}: 'void java.lang.invoke.DelegatingMethodHandle$Holder.delegate(java.lang.Object, java.lang.Object, int, java.lang.Object)'> (0x000000059ecc5c98) 
thrown [s\open\src\hotspot\share\interpreter\linkResolver.cpp, line 773]
Event: 0.113 Thread 0x000002ccfa7d47a0 Exception <a 'java/lang/NoSuchMethodError'{0x000000059ecc9b90}: 'int java.lang.invoke.DirectMethodHandle$Holder.invokeSpecial(java.lang.Object, java.lang.Object, java.lang.Object)'> (0x000000059ecc9b90) 
thrown [s\open\src\hotspot\share\interpreter\linkResolver.cpp, line 773]
Event: 0.115 Thread 0x000002ccfa7d47a0 Exception <a 'java/lang/NoSuchMethodError'{0x000000059ece3180}: 'void java.lang.System.loadLibrary(java.lang.String, java.lang.Class)'> (0x000000059ece3180) 
thrown [s\open\src\hotspot\share\interpreter\linkResolver.cpp, line 773]
Event: 0.151 Thread 0x000002ccfa7d47a0 Exception <a 'sun/nio/fs/WindowsException'{0x000000059ed12730}> (0x000000059ed12730) 
thrown [s\open\src\hotspot\share\prims\jni.cpp, line 520]
Event: 0.151 Thread 0x000002ccfa7d47a0 Exception <a 'sun/nio/fs/WindowsException'{0x000000059ed12c88}> (0x000000059ed12c88) 
thrown [s\open\src\hotspot\share\prims\jni.cpp, line 520]
Event: 0.172 Thread 0x000002ccfa7d47a0 Exception <a 'sun/nio/fs/WindowsException'{0x000000059edcb258}> (0x000000059edcb258) 
thrown [s\open\src\hotspot\share\prims\jni.cpp, line 520]
Event: 0.172 Thread 0x000002ccfa7d47a0 Exception <a 'sun/nio/fs/WindowsException'{0x000000059edcb5c8}> (0x000000059edcb5c8) 
thrown [s\open\src\hotspot\share\prims\jni.cpp, line 520]
Event: 0.184 Thread 0x000002ccfa7d47a0 Exception <a 'java/lang/NoSuchMethodError'{0x000000059edde548}: 'int java.lang.invoke.Invokers$Holder.invokeExact_MT(java.lang.Object, java.lang.Object)'> (0x000000059edde548) 
thrown [s\open\src\hotspot\share\interpreter\linkResolver.cpp, line 773]
Event: 0.657 Thread 0x000002ccfa7d47a0 Exception <a 'java/lang/NoSuchMethodError'{0x000000059ee2ca80}: 'void java.lang.invoke.DirectMethodHandle$Holder.invokeStaticInit(java.lang.Object, long, double, double)'> (0x000000059ee2ca80) 
thrown [s\open\src\hotspot\share\interpreter\linkResolver.cpp, line 773]
Event: 0.659 Thread 0x000002ccfa7d47a0 Exception <a 'java/lang/NoSuchMethodError'{0x000000059ee3aba8}: 'void java.lang.invoke.DirectMethodHandle$Holder.invokeStaticInit(java.lang.Object, long, int, int, int)'> (0x000000059ee3aba8) 
thrown [s\open\src\hotspot\share\interpreter\linkResolver.cpp, line 773]
Event: 0.661 Thread 0x000002ccfa7d47a0 Exception <a 'java/lang/NoSuchMethodError'{0x000000059ee51158}: 'void java.lang.invoke.DirectMethodHandle$Holder.invokeStaticInit(java.lang.Object, long, int, int, int, int)'> (0x000000059ee51158) 
thrown [s\open\src\hotspot\share\interpreter\linkResolver.cpp, line 773]
Event: 0.694 Thread 0x000002ccfa7d47a0 Exception <a 'java/lang/NoSuchMethodError'{0x000000059ee75318}: 'void java.lang.System.load(java.lang.String, java.lang.Class)'> (0x000000059ee75318) 
thrown [s\open\src\hotspot\share\interpreter\linkResolver.cpp, line 773]
Event: 0.694 Thread 0x000002ccfa7d47a0 Exception <a 'java/lang/NoSuchMethodError'{0x000000059ee77cd8}: 'void java.lang.System.loadLibrary(java.lang.String, java.lang.Class)'> (0x000000059ee77cd8) 
thrown [s\open\src\hotspot\share\interpreter\linkResolver.cpp, line 773]
Event: 0.701 Thread 0x000002ccfa7d47a0 Exception <a 'sun/nio/fs/WindowsException'{0x000000059ee87888}> (0x000000059ee87888) 
thrown [s\open\src\hotspot\share\prims\jni.cpp, line 520]
Event: 0.701 Thread 0x000002ccfa7d47a0 Exception <a 'sun/nio/fs/WindowsException'{0x000000059ee87c38}> (0x000000059ee87c38) 
thrown [s\open\src\hotspot\share\prims\jni.cpp, line 520]
Event: 0.716 Thread 0x000002ccfa7d47a0 Exception <a 'sun/nio/fs/WindowsException'{0x000000059ee8ef10}> (0x000000059ee8ef10) 
thrown [s\open\src\hotspot\share\prims\jni.cpp, line 520]
Event: 0.716 Thread 0x000002ccfa7d47a0 Exception <a 'sun/nio/fs/WindowsException'{0x000000059ee8f1f8}> (0x000000059ee8f1f8) 
thrown [s\open\src\hotspot\share\prims\jni.cpp, line 520]
Event: 1.102 Thread 0x000002ccfa7d47a0 Exception <a 'java/lang/NoSuchMethodError'{0x000000059e68a930}: 'long java.lang.invoke.DelegatingMethodHandle$Holder.reinvoke_L(java.lang.Object, java.lang.Object)'> (0x000000059e68a930) 
thrown [s\open\src\hotspot\share\interpreter\linkResolver.cpp, line 773]
Event: 1.103 Thread 0x000002ccfa7d47a0 Exception <a 'java/lang/NoSuchMethodError'{0x000000059e690cd8}: 'long java.lang.invoke.Invokers$Holder.invokeExact_MT(java.lang.Object, java.lang.Object, java.lang.Object)'> (0x000000059e690cd8) 
thrown [s\open\src\hotspot\share\interpreter\linkResolver.cpp, line 773]
Event: 1.308 Thread 0x000002ccfa7d47a0 Exception <a 'sun/nio/fs/WindowsException'{0x000000059e60e850}> (0x000000059e60e850) 
thrown [s\open\src\hotspot\share\prims\jni.cpp, line 520]

ZGC Phase Switch (0 events):
No events

VM Operations (10 events):
Event: 0.064 Executing VM operation: HandshakeAllThreads (Deoptimize)
Event: 0.064 Executing VM operation: HandshakeAllThreads (Deoptimize) done
Event: 0.091 Executing VM operation: HandshakeAllThreads (Deoptimize)
Event: 0.091 Executing VM operation: HandshakeAllThreads (Deoptimize) done
Event: 1.096 Executing VM operation: Cleanup
Event: 1.096 Executing VM operation: Cleanup done
Event: 1.130 Executing VM operation: G1CollectForAllocation (G1 Evacuation Pause)
Event: 1.133 Executing VM operation: G1CollectForAllocation (G1 Evacuation Pause) done
Event: 1.239 Executing VM operation: HandshakeAllThreads (Deoptimize)
Event: 1.239 Executing VM operation: HandshakeAllThreads (Deoptimize) done

Events (15 events):
Event: 0.016 Thread 0x000002ccfa7d47a0 Thread added: 0x000002ccfa7d47a0
Event: 0.024 Thread 0x000002cca31af980 Thread added: 0x000002cca31af980
Event: 0.024 Thread 0x000002cca31b0960 Thread added: 0x000002cca31b0960
Event: 0.024 Thread 0x000002cca31b3a60 Thread added: 0x000002cca31b3a60
Event: 0.024 Thread 0x000002cca31b6950 Thread added: 0x000002cca31b6950
Event: 0.025 Thread 0x000002cca31b7f10 Thread added: 0x000002cca31b7f10
Event: 0.025 Thread 0x000002cca31b8a30 Thread added: 0x000002cca31b8a30
Event: 0.025 Thread 0x000002cca31c4820 Thread added: 0x000002cca31c4820
Event: 0.025 Thread 0x000002cca31c5380 Thread added: 0x000002cca31c5380
Event: 0.029 Thread 0x000002cca31fdc40 Thread added: 0x000002cca31fdc40
Event: 0.051 Thread 0x000002cca3d24a00 Thread added: 0x000002cca3d24a00
Event: 0.052 Thread 0x000002cca3d2e0c0 Thread added: 0x000002cca3d2e0c0
Event: 0.055 Thread 0x000002cca3d3d730 Thread added: 0x000002cca3d3d730
Event: 0.855 Thread 0x000002ccf4500960 Thread added: 0x000002ccf4500960
Event: 1.107 Thread 0x000002cce98c88e0 Thread added: 0x000002cce98c88e0


Dynamic libraries:
0x00007ff7c2200000 - 0x00007ff7c2210000 	C:\Program Files\Java\jdk-21\bin\java.exe
0x00007ffd03bb0000 - 0x00007ffd03dc7000 	C:\WINDOWS\SYSTEM32\ntdll.dll
0x00007ffce6390000 - 0x00007ffce63aa000 	C:\Program Files\Avast Software\Avast\aswhook.dll
0x00007ffd02c00000 - 0x00007ffd02cc4000 	C:\WINDOWS\System32\KERNEL32.DLL
0x00007ffd01360000 - 0x00007ffd01717000 	C:\WINDOWS\System32\KERNELBASE.dll
0x00007ffd01190000 - 0x00007ffd012a1000 	C:\WINDOWS\System32\ucrtbase.dll
0x00007ffccee50000 - 0x00007ffccee69000 	C:\Program Files\Java\jdk-21\bin\jli.dll
0x00007ffcc9e60000 - 0x00007ffcc9e7b000 	C:\Program Files\Java\jdk-21\bin\VCRUNTIME140.dll
0x00007ffd01b90000 - 0x00007ffd01c42000 	C:\WINDOWS\System32\ADVAPI32.dll
0x00007ffd01940000 - 0x00007ffd019e7000 	C:\WINDOWS\System32\msvcrt.dll
0x00007ffd02970000 - 0x00007ffd02a18000 	C:\WINDOWS\System32\sechost.dll
0x00007ffd01840000 - 0x00007ffd01868000 	C:\WINDOWS\System32\bcrypt.dll
0x00007ffd02670000 - 0x00007ffd02784000 	C:\WINDOWS\System32\RPCRT4.dll
0x00007ffd02330000 - 0x00007ffd024df000 	C:\WINDOWS\System32\USER32.dll
0x00007ffd012b0000 - 0x00007ffd012d6000 	C:\WINDOWS\System32\win32u.dll
0x00007ffcef3b0000 - 0x00007ffcef643000 	C:\WINDOWS\WinSxS\amd64_microsoft.windows.common-controls_6595b64144ccf1df_6.0.22621.3672_none_2713b9d173822955\COMCTL32.dll
0x00007ffd01b50000 - 0x00007ffd01b79000 	C:\WINDOWS\System32\GDI32.dll
0x00007ffd01720000 - 0x00007ffd01838000 	C:\WINDOWS\System32\gdi32full.dll
0x00007ffd010f0000 - 0x00007ffd0118a000 	C:\WINDOWS\System32\msvcp_win.dll
0x00007ffcfdca0000 - 0x00007ffcfdcaa000 	C:\WINDOWS\SYSTEM32\VERSION.dll
0x00007ffd02a20000 - 0x00007ffd02a51000 	C:\WINDOWS\System32\IMM32.DLL
0x00007ffcf3290000 - 0x00007ffcf329c000 	C:\Program Files\Java\jdk-21\bin\vcruntime140_1.dll
0x00007ffcc3cf0000 - 0x00007ffcc3d7e000 	C:\Program Files\Java\jdk-21\bin\msvcp140.dll
0x00007ffc81bc0000 - 0x00007ffc828d8000 	C:\Program Files\Java\jdk-21\bin\server\jvm.dll
0x00007ffd01ad0000 - 0x00007ffd01b41000 	C:\WINDOWS\System32\WS2_32.dll
0x00007ffd00930000 - 0x00007ffd0097d000 	C:\WINDOWS\SYSTEM32\POWRPROF.dll
0x00007ffcf66d0000 - 0x00007ffcf6704000 	C:\WINDOWS\SYSTEM32\WINMM.dll
0x00007ffd007f0000 - 0x00007ffd00803000 	C:\WINDOWS\SYSTEM32\UMPDC.dll
0x00007ffcffed0000 - 0x00007ffcffee8000 	C:\WINDOWS\SYSTEM32\kernel.appcore.dll
0x00007ffce7b90000 - 0x00007ffce7b9a000 	C:\Program Files\Java\jdk-21\bin\jimage.dll
0x00007ffcf8b40000 - 0x00007ffcf8d72000 	C:\WINDOWS\SYSTEM32\DBGHELP.DLL
0x00007ffd01fa0000 - 0x00007ffd0232e000 	C:\WINDOWS\System32\combase.dll
0x00007ffd019f0000 - 0x00007ffd01ac7000 	C:\WINDOWS\System32\OLEAUT32.dll
0x00007ffcf8aa0000 - 0x00007ffcf8ad2000 	C:\WINDOWS\SYSTEM32\dbgcore.DLL
0x00007ffd012e0000 - 0x00007ffd0135b000 	C:\WINDOWS\System32\bcryptPrimitives.dll
0x00007ffcc9e40000 - 0x00007ffcc9e5f000 	C:\Program Files\Java\jdk-21\bin\java.dll
0x00007ffd03300000 - 0x00007ffd03b69000 	C:\WINDOWS\System32\SHELL32.dll
0x00007ffcfede0000 - 0x00007ffcff6df000 	C:\WINDOWS\SYSTEM32\windows.storage.dll
0x00007ffcfeca0000 - 0x00007ffcfeddf000 	C:\WINDOWS\SYSTEM32\wintypes.dll
0x00007ffd01e10000 - 0x00007ffd01f09000 	C:\WINDOWS\System32\SHCORE.dll
0x00007ffd01da0000 - 0x00007ffd01dfe000 	C:\WINDOWS\System32\shlwapi.dll
0x00007ffd00df0000 - 0x00007ffd00e17000 	C:\WINDOWS\SYSTEM32\profapi.dll
0x000002cce9000000 - 0x000002cce90d7000 	C:\Program Files\Java\jdk-21\bin\jsvml.dll
0x00007ffcd9ad0000 - 0x00007ffcd9ae0000 	C:\Program Files\Java\jdk-21\bin\net.dll
0x00007ffcfaf70000 - 0x00007ffcfb0a6000 	C:\WINDOWS\SYSTEM32\WINHTTP.dll
0x00007ffd00330000 - 0x00007ffd00399000 	C:\WINDOWS\system32\mswsock.dll
0x00007ffcc3da0000 - 0x00007ffcc3db6000 	C:\Program Files\Java\jdk-21\bin\nio.dll
0x00007ffcc3dc0000 - 0x00007ffcc3dd8000 	C:\Program Files\Java\jdk-21\bin\zip.dll
0x00007ffc91580000 - 0x00007ffc915e4000 	C:\Users\hamid\AppData\Local\Temp\lwjglhamid\3.2.3-build-13\lwjgl.dll
0x00007ffc91510000 - 0x00007ffc91572000 	C:\Users\hamid\AppData\Local\Temp\lwjglhamid\3.2.3-build-13\glfw.dll
0x00007ffcfe3c0000 - 0x00007ffcfe471000 	C:\WINDOWS\system32\uxtheme.dll
0x00007ffcd2c10000 - 0x00007ffcd2c56000 	C:\WINDOWS\SYSTEM32\dinput8.dll
0x00007ffce8af0000 - 0x00007ffce8b01000 	C:\WINDOWS\SYSTEM32\xinput1_4.dll
0x00007ffd00bb0000 - 0x00007ffd00bfe000 	C:\WINDOWS\SYSTEM32\cfgmgr32.dll
0x00007ffd00b80000 - 0x00007ffd00bac000 	C:\WINDOWS\SYSTEM32\DEVOBJ.dll
0x00007ffcfe720000 - 0x00007ffcfe74b000 	C:\WINDOWS\SYSTEM32\dwmapi.dll
0x00007ffcd4ce0000 - 0x00007ffcd4ef3000 	C:\WINDOWS\SYSTEM32\inputhost.dll
0x00007ffcfd870000 - 0x00007ffcfd9a3000 	C:\WINDOWS\SYSTEM32\CoreMessaging.dll
0x00007ffd024f0000 - 0x00007ffd02650000 	C:\WINDOWS\System32\MSCTF.dll
0x00007ffd00660000 - 0x00007ffd0066c000 	C:\WINDOWS\SYSTEM32\CRYPTBASE.DLL
0x00007ffcff6e0000 - 0x00007ffcff6ee000 	C:\WINDOWS\SYSTEM32\HID.DLL
0x00007ffd02cd0000 - 0x00007ffd03144000 	C:\WINDOWS\System32\SETUPAPI.DLL
0x00007ffd01870000 - 0x00007ffd018dc000 	C:\WINDOWS\System32\WINTRUST.dll
0x00007ffd00f80000 - 0x00007ffd010e6000 	C:\WINDOWS\System32\CRYPT32.dll
0x00007ffd00b60000 - 0x00007ffd00b72000 	C:\WINDOWS\SYSTEM32\MSASN1.dll
0x00007ffc55e80000 - 0x00007ffc55f80000 	C:\WINDOWS\SYSTEM32\opengl32.dll
0x00007ffcd7f90000 - 0x00007ffcd7fbd000 	C:\WINDOWS\SYSTEM32\GLU32.dll
0x00007ffcfe4d0000 - 0x00007ffcfe507000 	C:\WINDOWS\SYSTEM32\dxcore.dll
0x00007ffd02a60000 - 0x00007ffd02b10000 	C:\WINDOWS\System32\clbcatq.dll
0x00007ffc97400000 - 0x00007ffc99bee000 	C:\WINDOWS\System32\DriverStore\FileRepository\nv_dispui.inf_amd64_6016a2508c864b42\nvoglv64.dll
0x00007ffd03150000 - 0x00007ffd032f5000 	C:\WINDOWS\System32\ole32.dll
0x00007ffcffc90000 - 0x00007ffcffca4000 	C:\WINDOWS\SYSTEM32\WTSAPI32.dll
0x00007ffcf9740000 - 0x00007ffcf9772000 	C:\WINDOWS\SYSTEM32\cryptnet.dll
0x00007ffd005b0000 - 0x00007ffd005f9000 	C:\WINDOWS\SYSTEM32\wldp.dll
0x00007ffcf95c0000 - 0x00007ffcf9722000 	C:\WINDOWS\SYSTEM32\drvstore.dll
0x00007ffcfffe0000 - 0x00007ffd00014000 	C:\WINDOWS\SYSTEM32\ntmarta.dll
0x00007ffd02650000 - 0x00007ffd0266f000 	C:\WINDOWS\System32\imagehlp.dll
0x00007ffd006f0000 - 0x00007ffd0070b000 	C:\WINDOWS\SYSTEM32\CRYPTSP.dll
0x00007ffcffe30000 - 0x00007ffcffe65000 	C:\WINDOWS\system32\rsaenh.dll
0x00007ffcea610000 - 0x00007ffceddab000 	C:\WINDOWS\System32\DriverStore\FileRepository\nv_dispui.inf_amd64_6016a2508c864b42\nvgpucomp64.dll
0x00007ffc92850000 - 0x00007ffc92b56000 	C:\WINDOWS\system32\nvspcap64.dll
0x00007ffd00680000 - 0x00007ffd006e6000 	C:\WINDOWS\SYSTEM32\WINSTA.dll
0x00007ffcd82b0000 - 0x00007ffcd83f3000 	C:\WINDOWS\SYSTEM32\textinputframework.dll
0x00007ffcf7950000 - 0x00007ffcf7cbd000 	C:\WINDOWS\SYSTEM32\CoreUIComponents.dll
0x00007ffc9d4d0000 - 0x00007ffc9d529000 	C:\Users\hamid\AppData\Local\Temp\lwjglhamid\3.2.3-build-13\lwjgl_opengl.dll
0x00007ffcd8940000 - 0x00007ffcd8950000 	C:\Program Files\Java\jdk-21\bin\verify.dll
0x00007ffc913c0000 - 0x00007ffc9150e000 	C:\Users\hamid\eclipse-workspace\Snake\libs\natives\windows\freetype-jni-64.dll
0x00007ffcc3be0000 - 0x00007ffcc3c0e000 	C:\WINDOWS\SYSTEM32\VCRUNTIME140D.dll
0x00007ffc81990000 - 0x00007ffc81bb1000 	C:\WINDOWS\SYSTEM32\ucrtbased.dll

dbghelp: loaded successfully - version: 4.0.5 - missing functions: none
symbol engine: initialized successfully - sym options: 0x614 - pdb path: .;C:\Program Files\Java\jdk-21\bin;C:\WINDOWS\SYSTEM32;C:\Program Files\Avast Software\Avast;C:\WINDOWS\WinSxS\amd64_microsoft.windows.common-controls_6595b64144ccf1df_6.0.22621.3672_none_2713b9d173822955;C:\Program Files\Java\jdk-21\bin\server;C:\Users\hamid\AppData\Local\Temp\lwjglhamid\3.2.3-build-13;C:\WINDOWS\System32\DriverStore\FileRepository\nv_dispui.inf_amd64_6016a2508c864b42;C:\Users\hamid\eclipse-workspace\Snake\libs\natives\windows

VM Arguments:
jvm_args: -Djava.library.path=./libs/natives/windows -Dsun.java2d.d3d=false -Xmx10000m -Dfile.encoding=UTF-8 -Duser.country=GB -Duser.language=en -Duser.variant 
java_command: Main
java_class_path (initial): C:\Users\hamid\eclipse-workspace\Snake\build\classes\java\main;C:\Users\hamid\eclipse-workspace\Snake\build\resources\main;C:\Users\hamid\eclipse-workspace\Snake\libs\freetype-jni.jar;C:\Users\hamid\.gradle\caches\modules-2\files-2.1\com.fasterxml.jackson.core\jackson-annotations\2.13.4\858c6cc78e1f08a885b1613e1d817c829df70a6e\jackson-annotations-2.13.4.jar;C:\Users\hamid\.gradle\caches\modules-2\files-2.1\com.fasterxml.jackson.core\jackson-core\2.13.4\cf934c681294b97ef6d80082faeefbe1edadf56\jackson-core-2.13.4.jar;C:\Users\hamid\.gradle\caches\modules-2\files-2.1\com.fasterxml.jackson.core\jackson-databind\2.13.4.2\325c06bdfeb628cfb80ebaaf1a26cc1eb558a585\jackson-databind-2.13.4.2.jar;C:\Users\hamid\.gradle\caches\modules-2\files-2.1\io.github.spair\imgui-java-app\1.81.0\37a0be053a63da53c3628b3d6186ccbd380f7106\imgui-java-app-1.81.0.jar;C:\Users\hamid\.gradle\caches\modules-2\files-2.1\io.github.spair\imgui-java-lwjgl3\1.81.0\6c92680fc6e9951532445ecc35b44f2d4cd82d76\imgui-java-lwjgl3-1.81.0.jar;C:\Users\hamid\.gradle\caches\modules-2\files-2.1\org.lwjgl\lwjgl-assimp\3.2.3\f62aa07a20afbdd3097efc296c4841e0d29700eb\lwjgl-assimp-3.2.3.jar;C:\Users\hamid\.gradle\caches\modules-2\files-2.1\org.lwjgl\lwjgl-assimp\3.2.3\4e60aeb75f0343c4a9ede4ef8b6b32ca702a00a3\lwjgl-assimp-3.2.3-natives-windows.jar;C:\Users\hamid\.gradle\caches\modules-2\files-2.1\org.lwjgl\lwjgl-glfw\3.2.3\5e520d5c290c8b012545a8d34fa5db5ab051ea53\lwjgl-glfw-3.2.3.jar;C:\Users\hamid\.gradle\caches\modules-2\files-2.1\org.lwjgl\lwjgl-glfw\3.2.3\b4d8a3477cdc2edcf7a5f1e822926be846223f54\lwjgl-glfw-3.2.3-natives-windows.jar;C:\Users\hamid\.gradle\caches\modules-2\files-2.1\org.lwjgl\lwjgl-glfw\3.2.3\62b044d9b0a057444bef2ab70b9afc288ec09dba\lwjgl-glfw-3.2.3-natives-linux.jar;C:\Users\hamid\.gradle\caches\modules-2\files-2.1\org.lwjgl\lwjgl-glfw\3.2.3\58661272eacb9116336c88b4aadccf1f17c09b\lwjgl-glfw-3.2.3-natives-macos.jar;C:\Users\hamid\.gradle\caches\modules-2\files-2.1\org.lwjgl\lwjgl-nfd\3.2.3\c44fee1043c022cf6614a28872d44cf114ca7737\lwjgl-nfd-3.2.3.jar;C:\Users\hamid\.gradle\caches\modules-2\files-2.1\org.lwjgl\lwjgl-nfd\3.2.3\32782f5f5c57769efb82af864e70b819c77bc891\lwjgl-nfd-3.2.3-natives-windows.jar;C:\Users\hamid\.gradle\caches\modules-2\files-2.1\org.lwjgl\lwjgl-openal\3.2.3\106742e805803ab9eab8e343f0fb31a3d263903c\lwjgl-openal-3.2.3.jar;C:\Users\hamid\.gradle\caches\modules-2\files-2.1\org.lwjgl\lwjgl-openal\3.2.3\ec898e8ce11b5886f4f532a1536283ef2817758d\lwjgl-openal-3.2.3-natives-windows.jar;C:\Users\hamid\.gradle\caches\modules-2\files-2.1\org.lwjgl\lwjgl-opengl\3.2.3\bdd534a323d0c8f54969b95e424b6ac8984f7d6e\lwjgl-opengl-3.2.3.jar;C:\Users\hamid\.gradle\caches\modules-2\files-2.1\org.lwjgl\lwjgl-opengl\3.2.3\e81cfc73ec8708e5e791ed770e4ec3edfc1bbab1\lwjgl-opengl-3.2.3-natives-windows.jar;C:\Users\hamid\.gradle\caches\modules-2\files-2.1\org.lwjgl\lwjgl-opengl\3.2.3\7f14db5da9aa7951efe88993f519d7d38ad6e46b\lwjgl-opengl-3.2.3-natives-linux.jar;C:\Users\hamid\.gradle\caches\modules-2\files-2.1\org.lwjgl\lwjgl-opengl\3.2.3\efa3326c11336d3e74c9c8aeceb2420328d28e6b\lwjgl-opengl-3.2.3-natives-macos.jar;C:\Users\hamid\.gradle\caches\modules-2\files-2.1\org.lwjgl\lwjgl-stb\3.2.3\40eccaa4fa86fc815f2e17946a392fb5fdcc286a\lwjgl-stb-3.2.3.jar;C:\Users\hamid\.gradle\caches\modules-2\files-2.1\org.lwjgl\lwjgl-stb\3.2.3\817b21ec286f0ba3dcedb56a3bd275e6a9345be9\lwjgl-stb-3.2.3-natives-windows.jar;C:\Users\hamid\.gradle\caches\modules-2\files-2.1\org.lwjgl\lwjgl\3.2.3\17a59ba0fe8d474ec9dbe0d5db40d2cfe59c4c08\lwjgl-3.2.3.jar;C:\Users\hamid\.gradle\caches\modules-2\files-2.1\org.lwjgl\lwjgl\3.2.3\27f32cd35349684745951e04388e8e00d681cdcd\lwjgl-3.2.3-natives-windows.jar;C:\Users\hamid\.gradle\caches\modules-2\files-2.1\org.lwjgl\lwjgl\3.2.3\3d9d36c93446c7a1c90bc7aec8fa89c7988bf82b\lwjgl-3.2.3-natives-linux.jar;C:\Users\hamid\.gradle\caches\modules-2\files-2.1\org.lwjgl\lwjgl\3.2.3\35f506c5d368017a3cc5590da3d6d3a0760fb606\lwjgl-3.2.3-natives-macos.jar;C:\Users\hamid\.gradle\caches\modules-2\files-2.1\org.joml\joml\1.9.23\2fe75c084b2c8b82dbf7106f46b9cdc444785acf\joml-1.9.23.jar;C:\Users\hamid\.gradle\caches\modules-2\files-2.1\io.github.spair\imgui-java-binding\1.81.0\aa24c1101600b47d2f562ad3c8987b14e79e5d0d\imgui-java-binding-1.81.0.jar
Launcher Type: SUN_STANDARD

[Global flags]
     intx CICompilerCount                          = 12                                        {product} {ergonomic}
     uint ConcGCThreads                            = 3                                         {product} {ergonomic}
     uint G1ConcRefinementThreads                  = 13                                        {product} {ergonomic}
   size_t G1HeapRegionSize                         = 8388608                                   {product} {ergonomic}
    uintx GCDrainStackTargetSize                   = 64                                        {product} {ergonomic}
   size_t InitialHeapSize                          = 268435456                                 {product} {ergonomic}
   size_t MarkStackSize                            = 4194304                                   {product} {ergonomic}
   size_t MaxHeapSize                              = 10485760000                               {product} {command line}
   size_t MaxNewSize                               = 6291456000                                {product} {ergonomic}
   size_t MinHeapDeltaBytes                        = 8388608                                   {product} {ergonomic}
   size_t MinHeapSize                              = 8388608                                   {product} {ergonomic}
    uintx NonNMethodCodeHeapSize                   = 7602480                                {pd product} {ergonomic}
    uintx NonProfiledCodeHeapSize                  = 122027880                              {pd product} {ergonomic}
    uintx ProfiledCodeHeapSize                     = 122027880                              {pd product} {ergonomic}
    uintx ReservedCodeCacheSize                    = 251658240                              {pd product} {ergonomic}
     bool SegmentedCodeCache                       = true                                      {product} {ergonomic}
   size_t SoftMaxHeapSize                          = 10485760000                            {manageable} {ergonomic}
     bool UseCompressedOops                        = true                           {product lp64_product} {ergonomic}
     bool UseG1GC                                  = true                                      {product} {ergonomic}
     bool UseLargePagesIndividualAllocation        = false                                  {pd product} {ergonomic}

Logging:
Log output configuration:
 #0: stdout all=warning uptime,level,tags foldmultilines=false
 #1: stderr all=off uptime,level,tags foldmultilines=false

Environment Variables:
JAVA_HOME=C:\Users\hamid\Java\graalvm-jdk-21.0.5+9.1
PATH=C:\Program Files\NVIDIA GPU Computing Toolkit\CUDA\v12.8\bin;C:\Program Files\NVIDIA GPU Computing Toolkit\CUDA\v12.8\libnvvp;C:\Users\hamid\Java\graalvm-jdk-21.0.5+9.1\bin;C:\Program Files\Common Files\Oracle\Java\javapath;C:\ProgramData\Oracle\Java\javapath;C:\Program Files (x86)\Common Files\Oracle\Java\java8path;C:\Program Files (x86)\Common Files\Intel\Shared Libraries\redist\intel64_win\compiler;C:\WINDOWS\system32;C:\WINDOWS;C:\WINDOWS\System32\Wbem;C:\WINDOWS\System32\WindowsPowerShell\v1.0\;C:\WINDOWS\System32\OpenSSH\;C:\Program Files (x86)\NVIDIA Corporation\PhysX\Common;C:\WINDOWS\system32;C:\WINDOWS;C:\WINDOWS\System32\Wbem;C:\WINDOWS\System32\WindowsPowerShell\v1.0\;C:\WINDOWS\System32\OpenSSH\;C:\Program Files\Microsoft SQL Server\150\Tools\Binn\;C:\Program Files\nodejs\;C:\Users\hamid\AppData\Local\Programs\Python\Python310\Scripts\;C:\ProgramData\chocolatey\bin;C:\Program Files\Java\jdk-1.21;C:\Users\hamid\AppData\Local\Microsoft\WindowsApps;C:\Users\hamid\AppData\Local\Microsoft\WindowsApps;C:\Users\hamid\AppData\Local\Programs\Microsoft VS Code\bin;C:\Users\hamid\;C:\Program Files\playit_gg\bin\;C:\Program Files\Git\cmd;C:\Program Files\dotnet\;C:\Program Files\CMake\bin;C:\GL\GLEWbin\bin\Release\Win32;C:\Maven-3.9.9\bin;C:\Program Files (x86)\Microsoft SQL Server\90\Tools\binn\;C:\Program Files\anaconda\Scripts;C:\Program Files\NVIDIA Corporation\Nsight Compute 2025.1.1\;C:\Program Files\NVIDIA Corporation\NVIDIA App\NvDLISR;C:\Users\hamid\.cargo\bin;C:\Users\hamid\AppData\Local\Microsoft\WindowsApps;C:\Users\hamid\AppData\Local\Microsoft\WindowsApps;C:\Users\hamid\AppData\Local\Programs\Microsoft VS Code\bin;C:\Users\hamid\AppData\Roaming\npm;C:\Users\hamid\AppData\Local\GitHubDesktop\bin;C:\MinGW\bin;C:\Users\hamid\OneDrive\Documents\Work\Java programs\jadnt158g;C:\Program Files\JetBrains\IntelliJ IDEA Community Edition 2024.3.1.1\bin;;C:\Users\hamid\OneDrive\Documents\Work\premake5;C:\Users\hamid\.dotnet\tools;C:\Program Files (x86)\Jar2Exe Wizard\;C:\Users\hamid\Downloads\emsdk\upstream\emscripten;C:\Users\hamid\AppData\Local\Programs\Python\Python310;
USERNAME=hamid
OS=Windows_NT
PROCESSOR_IDENTIFIER=Intel64 Family 6 Model 165 Stepping 5, GenuineIntel
TMP=C:\Users\hamid\AppData\Local\Temp
TEMP=C:\Users\hamid\AppData\Local\Temp




Periodic native trim disabled

---------------  S Y S T E M  ---------------

OS:
 Windows 11 , 64 bit Build 22621 (10.0.22621.3958)
OS uptime: 3 days 0:35 hours
Hyper-V role detected

CPU: total 16 (initial active 16) (8 cores per cpu, 2 threads per core) family 6 model 165 stepping 5 microcode 0xe0, cx8, cmov, fxsr, ht, mmx, 3dnowpref, sse, sse2, sse3, ssse3, sse4.1, sse4.2, popcnt, lzcnt, tsc, tscinvbit, avx, avx2, aes, erms, clmul, bmi1, bmi2, adx, fma, vzeroupper, clflush, clflushopt, hv, rdtscp, f16c
Processor Information for all 16 processors :
  Max Mhz: 3801, Current Mhz: 3801, Mhz Limit: 3801

Memory: 4k page, system-wide physical 16303M (5759M free)
TotalPageFile size 18735M (AvailPageFile size 4487M)
current process WorkingSet (physical memory assigned to process): 138M, peak: 138M
current process commit charge ("private bytes"): 539M, peak: 539M

vm_info: Java HotSpot(TM) 64-Bit Server VM (21.0.5+9-LTS-239) for windows-amd64 JRE (21.0.5+9-LTS-239), built on 2024-09-30T05:17:38Z by "mach5one" with MS VC++ 17.6 (VS2022)

END.
